[rosmaster.main][INFO] 2019-01-14 14:43:57,708: initialization complete, waiting for shutdown
[rosmaster.main][INFO] 2019-01-14 14:43:57,708: Starting ROS Master Node
[xmlrpc][INFO] 2019-01-14 14:43:57,709: XML-RPC server binding to 0.0.0.0:11311
[xmlrpc][INFO] 2019-01-14 14:43:57,709: Started XML-RPC server [http://onboardpc:11311/]
[rosmaster.master][INFO] 2019-01-14 14:43:57,710: Master initialized: port[11311], uri[http://onboardpc:11311/]
[xmlrpc][INFO] 2019-01-14 14:43:57,710: xml rpc node: starting XML-RPC server
[rosmaster.master][INFO] 2019-01-14 14:43:57,793: +PARAM [/run_id] by /roslaunch
[rosmaster.master][INFO] 2019-01-14 14:43:57,795: +PARAM [/roslaunch/uris/host_onboardpc__46263] by /roslaunch
[rosmaster.master][INFO] 2019-01-14 14:43:57,961: +PARAM [/rosversion] by /roslaunch
[rosmaster.master][INFO] 2019-01-14 14:43:57,962: +PARAM [/rosdistro] by /roslaunch
[rosmaster.master][INFO] 2019-01-14 14:43:57,991: +SERVICE [/rosout/get_loggers] /rosout http://onboardpc:45807/
[rosmaster.master][INFO] 2019-01-14 14:43:57,993: +SERVICE [/rosout/set_logger_level] /rosout http://onboardpc:45807/
[rosmaster.master][INFO] 2019-01-14 14:43:57,996: +PUB [/rosout_agg] /rosout http://onboardpc:45807/
[rosmaster.master][INFO] 2019-01-14 14:43:58,003: +SUB [/rosout] /rosout http://onboardpc:45807/
[rosmaster.master][INFO] 2019-01-14 14:44:25,571: +PUB [/rosout] /lms1xx http://onboardpc:43109/
[rosmaster.master][INFO] 2019-01-14 14:44:25,572: +SERVICE [/lms1xx/get_loggers] /lms1xx http://onboardpc:43109/
[rosmaster.master][INFO] 2019-01-14 14:44:25,573: publisherUpdate[/rosout] -> http://onboardpc:45807/ ['http://onboardpc:43109/']
[rosmaster.master][INFO] 2019-01-14 14:44:25,575: +SERVICE [/lms1xx/set_logger_level] /lms1xx http://onboardpc:43109/
[rosmaster.master][INFO] 2019-01-14 14:44:25,575: publisherUpdate[/rosout] -> http://onboardpc:45807/ ['http://onboardpc:43109/']: sec=0.00, result=[1, '', 0]
[rosmaster.master][INFO] 2019-01-14 14:44:25,578: +PUB [/scan] /lms1xx http://onboardpc:43109/
[rosmaster.master][INFO] 2019-01-14 14:44:37,201: -PUB [/rosout] /lms1xx http://onboardpc:43109/
[rosmaster.master][INFO] 2019-01-14 14:44:37,204: -PUB [/scan] /lms1xx http://onboardpc:43109/
[rosmaster.master][INFO] 2019-01-14 14:44:37,206: -SERVICE [/lms1xx/get_loggers] /lms1xx rosrpc://onboardpc:48799
[rosmaster.master][INFO] 2019-01-14 14:44:37,207: -SERVICE [/lms1xx/set_logger_level] /lms1xx rosrpc://onboardpc:48799
[rosmaster.master][INFO] 2019-01-14 14:44:37,297: publisherUpdate[/rosout] -> http://onboardpc:45807/ []
[rosmaster.master][INFO] 2019-01-14 14:44:37,299: publisherUpdate[/rosout] -> http://onboardpc:45807/ []: sec=0.00, result=[1, '', 0]
[rosmaster.master][INFO] 2019-01-14 14:44:42,308: -PUB [/rosout_agg] /rosout http://onboardpc:45807/
[rosmaster.master][INFO] 2019-01-14 14:44:42,310: -SUB [/rosout] /rosout http://onboardpc:45807/
[rosmaster.master][INFO] 2019-01-14 14:44:42,311: -SERVICE [/rosout/get_loggers] /rosout rosrpc://onboardpc:37063
[rosmaster.master][INFO] 2019-01-14 14:44:42,312: -SERVICE [/rosout/set_logger_level] /rosout rosrpc://onboardpc:37063
[rosmaster.main][INFO] 2019-01-14 14:44:42,491: keyboard interrupt, will exit
[rosmaster.main][INFO] 2019-01-14 14:44:42,491: stopping master...
[rospy.core][INFO] 2019-01-14 14:44:42,492: signal_shutdown [atexit]
