

1544039682.543778290  Node Startup
1544039682.716108349 INFO [/tmp/binarydeb/ros-kinetic-roscpp-1.12.14/src/libros/service.cpp:80(service::exists) [topics: /rosout] waitForService: Service [/arm/controller_manager/load_controller] has not been advertised, waiting...
1544039683.190053808 INFO [/home/seekurjr/catkin_ws/src/ros_canopen-kinetic/canopen_motor_node/src/motor_chain.cpp:94(MotorChain::setup_chain) [topics: /rosout, /diagnostics] Using fixed control period: 0.010000000
1544039687.732005846 INFO [/tmp/binarydeb/ros-kinetic-roscpp-1.12.14/src/libros/service.cpp:80(service::exists) [topics: /rosout] waitForService: Service [/arm/controller_manager/load_controller] has not been advertised, waiting...
1544039689.318431537 INFO [/home/seekurjr/catkin_ws/src/ros_canopen-kinetic/canopen_chain_node/src/ros_chain.cpp:74(RosChain::handle_init) [topics: /rosout, /diagnostics] Initializing XXX
1544039689.339010770 INFO [/home/seekurjr/catkin_ws/src/ros_canopen-kinetic/canopen_chain_node/src/ros_chain.cpp:49(RosChain::logState) [topics: /rosout, /diagnostics] Current state: 1 device error: system:0 internal_error: 0 (OK)
1544039689.339546595 INFO [/home/seekurjr/catkin_ws/src/ros_canopen-kinetic/canopen_chain_node/src/ros_chain.cpp:49(RosChain::logState) [topics: /rosout, /diagnostics] Current state: 2 device error: system:0 internal_error: 0 (OK)
1544039689.340096946 INFO [/home/seekurjr/catkin_ws/src/ros_canopen-kinetic/canopen_chain_node/src/ros_chain.cpp:49(RosChain::logState) [topics: /rosout, /diagnostics] Current state: 2 device error: system:100 internal_error: 0 (OK)
1544039689.340140248 INFO [/home/seekurjr/catkin_ws/src/ros_canopen-kinetic/canopen_chain_node/src/ros_chain.cpp:49(RosChain::logState) [topics: /rosout, /diagnostics] Current state: 1 device error: system:100 internal_error: 0 (OK)
1544039689.360090348 ERROR [/home/seekurjr/catkin_ws/src/ros_canopen-kinetic/canopen_chain_node/src/ros_chain.cpp:60(RosChain::run) [topics: /rosout, /diagnostics] CAN not ready
1544039692.752732154 INFO [/tmp/binarydeb/ros-kinetic-roscpp-1.12.14/src/libros/service.cpp:80(service::exists) [topics: /rosout] waitForService: Service [/arm/controller_manager/load_controller] has not been advertised, waiting...
1544039697.764696357 INFO [/tmp/binarydeb/ros-kinetic-roscpp-1.12.14/src/libros/service.cpp:80(service::exists) [topics: /rosout] waitForService: Service [/arm/controller_manager/load_controller] has not been advertised, waiting...
1544039699.340999493 INFO [/home/seekurjr/catkin_ws/src/ros_canopen-kinetic/canopen_chain_node/src/ros_chain.cpp:74(RosChain::handle_init) [topics: /rosout, /diagnostics] Initializing XXX
1544039699.342767603 INFO [/home/seekurjr/catkin_ws/src/ros_canopen-kinetic/canopen_chain_node/src/ros_chain.cpp:49(RosChain::logState) [topics: /rosout, /diagnostics] Current state: 1 device error: system:125 internal_error: 0 (OK)
1544039699.342843590 INFO [/home/seekurjr/catkin_ws/src/ros_canopen-kinetic/canopen_chain_node/src/ros_chain.cpp:49(RosChain::logState) [topics: /rosout, /diagnostics] Current state: 0 device error: system:125 internal_error: 0 (OK)
1544039699.342978804 INFO [/home/seekurjr/catkin_ws/src/ros_canopen-kinetic/canopen_chain_node/src/ros_chain.cpp:49(RosChain::logState) [topics: /rosout, /diagnostics] Current state: 0 device error: system:0 internal_error: 0 (OK)
1544039699.343071274 INFO [/home/seekurjr/catkin_ws/src/ros_canopen-kinetic/canopen_chain_node/src/ros_chain.cpp:49(RosChain::logState) [topics: /rosout, /diagnostics] Current state: 0 device error: system:0 internal_error: 0 (OK)
1544039699.346639341 INFO [/home/seekurjr/catkin_ws/src/ros_canopen-kinetic/canopen_chain_node/src/ros_chain.cpp:49(RosChain::logState) [topics: /rosout, /diagnostics] Current state: 1 device error: system:0 internal_error: 0 (OK)
1544039699.346809755 INFO [/home/seekurjr/catkin_ws/src/ros_canopen-kinetic/canopen_chain_node/src/ros_chain.cpp:49(RosChain::logState) [topics: /rosout, /diagnostics] Current state: 2 device error: system:0 internal_error: 0 (OK)
1544039699.346941895 INFO [/home/seekurjr/catkin_ws/src/ros_canopen-kinetic/canopen_chain_node/src/ros_chain.cpp:49(RosChain::logState) [topics: /rosout, /diagnostics] Current state: 2 device error: system:100 internal_error: 0 (OK)
1544039699.346992740 INFO [/home/seekurjr/catkin_ws/src/ros_canopen-kinetic/canopen_chain_node/src/ros_chain.cpp:49(RosChain::logState) [topics: /rosout, /diagnostics] Current state: 1 device error: system:100 internal_error: 0 (OK)
1544039700.346963714 ERROR [/home/seekurjr/catkin_ws/src/ros_canopen-kinetic/canopen_chain_node/src/ros_chain.cpp:60(RosChain::run) [topics: /rosout, /diagnostics] CAN not ready
1544039700.347297557 INFO [/home/seekurjr/catkin_ws/src/ros_canopen-kinetic/canopen_chain_node/src/ros_chain.cpp:49(RosChain::logState) [topics: /rosout, /diagnostics] Current state: 1 device error: system:0 internal_error: 0 (OK)
1544039700.347358459 INFO [/home/seekurjr/catkin_ws/src/ros_canopen-kinetic/canopen_chain_node/src/ros_chain.cpp:49(RosChain::logState) [topics: /rosout, /diagnostics] Current state: 0 device error: system:0 internal_error: 0 (OK)
1544039700.347403157 INFO [/home/seekurjr/catkin_ws/src/ros_canopen-kinetic/canopen_chain_node/src/ros_chain.cpp:49(RosChain::logState) [topics: /rosout, /diagnostics] Current state: 0 device error: system:0 internal_error: 0 (OK)
1544039702.226069508 INFO [/home/seekurjr/catkin_ws/src/ros_canopen-kinetic/canopen_chain_node/src/ros_chain.cpp:74(RosChain::handle_init) [topics: /rosout, /diagnostics] Initializing XXX
1544039702.226230423 INFO [/home/seekurjr/catkin_ws/src/ros_canopen-kinetic/canopen_chain_node/src/ros_chain.cpp:49(RosChain::logState) [topics: /rosout, /diagnostics] Current state: 1 device error: system:0 internal_error: 0 (OK)
1544039702.226472075 INFO [/home/seekurjr/catkin_ws/src/ros_canopen-kinetic/canopen_chain_node/src/ros_chain.cpp:49(RosChain::logState) [topics: /rosout, /diagnostics] Current state: 2 device error: system:0 internal_error: 0 (OK)
1544039702.226701994 INFO [/home/seekurjr/catkin_ws/src/ros_canopen-kinetic/canopen_chain_node/src/ros_chain.cpp:49(RosChain::logState) [topics: /rosout, /diagnostics] Current state: 2 device error: system:100 internal_error: 0 (OK)
1544039702.226744178 INFO [/home/seekurjr/catkin_ws/src/ros_canopen-kinetic/canopen_chain_node/src/ros_chain.cpp:49(RosChain::logState) [topics: /rosout, /diagnostics] Current state: 1 device error: system:100 internal_error: 0 (OK)
1544039702.779097107 INFO [/tmp/binarydeb/ros-kinetic-roscpp-1.12.14/src/libros/service.cpp:80(service::exists) [topics: /rosout] waitForService: Service [/arm/controller_manager/load_controller] has not been advertised, waiting...
1544039707.790141713 INFO [/tmp/binarydeb/ros-kinetic-roscpp-1.12.14/src/libros/service.cpp:80(service::exists) [topics: /rosout] waitForService: Service [/arm/controller_manager/load_controller] has not been advertised, waiting...
1544039710.356925658 ERROR [/home/seekurjr/catkin_ws/src/ros_canopen-kinetic/canopen_chain_node/src/ros_chain.cpp:60(RosChain::run) [topics: /rosout, /diagnostics] CAN not ready; CAN not ready
1544039712.227462552 INFO [/home/seekurjr/catkin_ws/src/ros_canopen-kinetic/canopen_chain_node/src/ros_chain.cpp:49(RosChain::logState) [topics: /rosout, /diagnostics] Current state: 1 device error: system:125 internal_error: 0 (OK)
1544039712.227606705 INFO [/home/seekurjr/catkin_ws/src/ros_canopen-kinetic/canopen_chain_node/src/ros_chain.cpp:49(RosChain::logState) [topics: /rosout, /diagnostics] Current state: 0 device error: system:125 internal_error: 0 (OK)
1544039712.228037209 INFO [/home/seekurjr/catkin_ws/src/ros_canopen-kinetic/canopen_chain_node/src/ros_chain.cpp:49(RosChain::logState) [topics: /rosout, /diagnostics] Current state: 0 device error: system:0 internal_error: 0 (OK)
1544039712.228171025 INFO [/home/seekurjr/catkin_ws/src/ros_canopen-kinetic/canopen_chain_node/src/ros_chain.cpp:49(RosChain::logState) [topics: /rosout, /diagnostics] Current state: 0 device error: system:0 internal_error: 0 (OK)
1544039712.792310706 INFO [/tmp/binarydeb/ros-kinetic-roscpp-1.12.14/src/libros/service.cpp:80(service::exists) [topics: /rosout] waitForService: Service [/arm/controller_manager/load_controller] has not been advertised, waiting...
1544039717.802098696 INFO [/tmp/binarydeb/ros-kinetic-roscpp-1.12.14/src/libros/service.cpp:80(service::exists) [topics: /rosout] waitForService: Service [/arm/controller_manager/load_controller] has not been advertised, waiting...
1544039722.802297794 INFO [/tmp/binarydeb/ros-kinetic-roscpp-1.12.14/src/libros/service.cpp:80(service::exists) [topics: /rosout] waitForService: Service [/arm/controller_manager/load_controller] has not been advertised, waiting...
1544039727.816006573 INFO [/tmp/binarydeb/ros-kinetic-roscpp-1.12.14/src/libros/service.cpp:80(service::exists) [topics: /rosout] waitForService: Service [/arm/controller_manager/load_controller] has not been advertised, waiting...
1544039732.816873465 INFO [/tmp/binarydeb/ros-kinetic-roscpp-1.12.14/src/libros/service.cpp:80(service::exists) [topics: /rosout] waitForService: Service [/arm/controller_manager/load_controller] has not been advertised, waiting...
1544039737.824963126 INFO [/tmp/binarydeb/ros-kinetic-roscpp-1.12.14/src/libros/service.cpp:80(service::exists) [topics: /rosout] waitForService: Service [/arm/controller_manager/load_controller] has not been advertised, waiting...
1544039742.836103193 INFO [/tmp/binarydeb/ros-kinetic-roscpp-1.12.14/src/libros/service.cpp:80(service::exists) [topics: /rosout] waitForService: Service [/arm/controller_manager/load_controller] has not been advertised, waiting...
1544039747.850887582 INFO [/tmp/binarydeb/ros-kinetic-roscpp-1.12.14/src/libros/service.cpp:80(service::exists) [topics: /rosout] waitForService: Service [/arm/controller_manager/load_controller] has not been advertised, waiting...
1544039752.858965723 INFO [/tmp/binarydeb/ros-kinetic-roscpp-1.12.14/src/libros/service.cpp:80(service::exists) [topics: /rosout] waitForService: Service [/arm/controller_manager/load_controller] has not been advertised, waiting...
1544039757.872528055 INFO [/tmp/binarydeb/ros-kinetic-roscpp-1.12.14/src/libros/service.cpp:80(service::exists) [topics: /rosout] waitForService: Service [/arm/controller_manager/load_controller] has not been advertised, waiting...
1544039762.877415115 INFO [/tmp/binarydeb/ros-kinetic-roscpp-1.12.14/src/libros/service.cpp:80(service::exists) [topics: /rosout] waitForService: Service [/arm/controller_manager/load_controller] has not been advertised, waiting...
1544039767.896823020 INFO [/tmp/binarydeb/ros-kinetic-roscpp-1.12.14/src/libros/service.cpp:80(service::exists) [topics: /rosout] waitForService: Service [/arm/controller_manager/load_controller] has not been advertised, waiting...
1544039772.897920513 INFO [/tmp/binarydeb/ros-kinetic-roscpp-1.12.14/src/libros/service.cpp:80(service::exists) [topics: /rosout] waitForService: Service [/arm/controller_manager/load_controller] has not been advertised, waiting...
1544039777.904850771 INFO [/tmp/binarydeb/ros-kinetic-roscpp-1.12.14/src/libros/service.cpp:80(service::exists) [topics: /rosout] waitForService: Service [/arm/controller_manager/load_controller] has not been advertised, waiting...
1544039782.912770384 INFO [/tmp/binarydeb/ros-kinetic-roscpp-1.12.14/src/libros/service.cpp:80(service::exists) [topics: /rosout] waitForService: Service [/arm/controller_manager/load_controller] has not been advertised, waiting...
1544039787.915154708 INFO [/tmp/binarydeb/ros-kinetic-roscpp-1.12.14/src/libros/service.cpp:80(service::exists) [topics: /rosout] waitForService: Service [/arm/controller_manager/load_controller] has not been advertised, waiting...
1544039792.935752753 INFO [/tmp/binarydeb/ros-kinetic-roscpp-1.12.14/src/libros/service.cpp:80(service::exists) [topics: /rosout] waitForService: Service [/arm/controller_manager/load_controller] has not been advertised, waiting...
1544039797.942384165 INFO [/tmp/binarydeb/ros-kinetic-roscpp-1.12.14/src/libros/service.cpp:80(service::exists) [topics: /rosout] waitForService: Service [/arm/controller_manager/load_controller] has not been advertised, waiting...
1544039802.943741160 INFO [/tmp/binarydeb/ros-kinetic-roscpp-1.12.14/src/libros/service.cpp:80(service::exists) [topics: /rosout] waitForService: Service [/arm/controller_manager/load_controller] has not been advertised, waiting...
1544039807.953418306 INFO [/tmp/binarydeb/ros-kinetic-roscpp-1.12.14/src/libros/service.cpp:80(service::exists) [topics: /rosout] waitForService: Service [/arm/controller_manager/load_controller] has not been advertised, waiting...
1544039812.955617350 INFO [/tmp/binarydeb/ros-kinetic-roscpp-1.12.14/src/libros/service.cpp:80(service::exists) [topics: /rosout] waitForService: Service [/arm/controller_manager/load_controller] has not been advertised, waiting...
1544039817.964488246 INFO [/tmp/binarydeb/ros-kinetic-roscpp-1.12.14/src/libros/service.cpp:80(service::exists) [topics: /rosout] waitForService: Service [/arm/controller_manager/load_controller] has not been advertised, waiting...
1544039821.520793642 INFO [/home/seekurjr/catkin_ws/src/ros_canopen-kinetic/canopen_chain_node/src/ros_chain.cpp:74(RosChain::handle_init) [topics: /rosout, /diagnostics] Initializing XXX
1544039821.521077480 INFO [/home/seekurjr/catkin_ws/src/ros_canopen-kinetic/canopen_chain_node/src/ros_chain.cpp:49(RosChain::logState) [topics: /rosout, /diagnostics] Current state: 1 device error: system:0 internal_error: 0 (OK)
1544039821.521306561 INFO [/home/seekurjr/catkin_ws/src/ros_canopen-kinetic/canopen_chain_node/src/ros_chain.cpp:49(RosChain::logState) [topics: /rosout, /diagnostics] Current state: 2 device error: system:0 internal_error: 0 (OK)
1544039821.521481725 INFO [/home/seekurjr/catkin_ws/src/ros_canopen-kinetic/canopen_chain_node/src/ros_chain.cpp:49(RosChain::logState) [topics: /rosout, /diagnostics] Current state: 2 device error: system:100 internal_error: 0 (OK)
1544039821.521614425 INFO [/home/seekurjr/catkin_ws/src/ros_canopen-kinetic/canopen_chain_node/src/ros_chain.cpp:49(RosChain::logState) [topics: /rosout, /diagnostics] Current state: 1 device error: system:100 internal_error: 0 (OK)
1544039821.521763886 ERROR [/home/seekurjr/catkin_ws/src/ros_canopen-kinetic/canopen_chain_node/src/ros_chain.cpp:60(RosChain::run) [topics: /rosout, /diagnostics] CAN not ready
1544039821.522184055 INFO [/home/seekurjr/catkin_ws/src/ros_canopen-kinetic/canopen_chain_node/src/ros_chain.cpp:49(RosChain::logState) [topics: /rosout, /diagnostics] Current state: 1 device error: system:0 internal_error: 0 (OK)
1544039821.522236856 INFO [/home/seekurjr/catkin_ws/src/ros_canopen-kinetic/canopen_chain_node/src/ros_chain.cpp:49(RosChain::logState) [topics: /rosout, /diagnostics] Current state: 0 device error: system:0 internal_error: 0 (OK)
1544039821.522507843 INFO [/home/seekurjr/catkin_ws/src/ros_canopen-kinetic/canopen_chain_node/src/ros_chain.cpp:49(RosChain::logState) [topics: /rosout, /diagnostics] Current state: 0 device error: system:0 internal_error: 0 (OK)
1544039822.965598843 INFO [/tmp/binarydeb/ros-kinetic-roscpp-1.12.14/src/libros/service.cpp:80(service::exists) [topics: /rosout] waitForService: Service [/arm/controller_manager/load_controller] has not been advertised, waiting...
1544039823.973362256 INFO [/home/seekurjr/catkin_ws/src/ros_canopen-kinetic/canopen_chain_node/src/ros_chain.cpp:74(RosChain::handle_init) [topics: /rosout, /diagnostics] Initializing XXX
1544039823.973558372 INFO [/home/seekurjr/catkin_ws/src/ros_canopen-kinetic/canopen_chain_node/src/ros_chain.cpp:49(RosChain::logState) [topics: /rosout, /diagnostics] Current state: 1 device error: system:0 internal_error: 0 (OK)
1544039823.973875455 INFO [/home/seekurjr/catkin_ws/src/ros_canopen-kinetic/canopen_chain_node/src/ros_chain.cpp:49(RosChain::logState) [topics: /rosout, /diagnostics] Current state: 2 device error: system:0 internal_error: 0 (OK)
1544039823.974207064 INFO [/home/seekurjr/catkin_ws/src/ros_canopen-kinetic/canopen_chain_node/src/ros_chain.cpp:49(RosChain::logState) [topics: /rosout, /diagnostics] Current state: 2 device error: system:100 internal_error: 0 (OK)
1544039823.974262100 INFO [/home/seekurjr/catkin_ws/src/ros_canopen-kinetic/canopen_chain_node/src/ros_chain.cpp:49(RosChain::logState) [topics: /rosout, /diagnostics] Current state: 1 device error: system:100 internal_error: 0 (OK)
1544039827.966311299 INFO [/tmp/binarydeb/ros-kinetic-roscpp-1.12.14/src/libros/service.cpp:80(service::exists) [topics: /rosout] waitForService: Service [/arm/controller_manager/load_controller] has not been advertised, waiting...
