[rosmaster.main][INFO] 2018-12-05 20:35:09,254: initialization complete, waiting for shutdown
[rosmaster.main][INFO] 2018-12-05 20:35:09,254: Starting ROS Master Node
[xmlrpc][INFO] 2018-12-05 20:35:09,255: XML-RPC server binding to 0.0.0.0:11311
[xmlrpc][INFO] 2018-12-05 20:35:09,256: Started XML-RPC server [http://onboardpc:11311/]
[rosmaster.master][INFO] 2018-12-05 20:35:09,256: Master initialized: port[11311], uri[http://onboardpc:11311/]
[xmlrpc][INFO] 2018-12-05 20:35:09,256: xml rpc node: starting XML-RPC server
[rosmaster.master][INFO] 2018-12-05 20:35:09,342: +PARAM [/run_id] by /roslaunch
[rosmaster.master][INFO] 2018-12-05 20:35:09,344: +PARAM [/roslaunch/uris/host_onboardpc__38723] by /roslaunch
[rosmaster.master][INFO] 2018-12-05 20:35:09,508: +PARAM [/rosversion] by /roslaunch
[rosmaster.master][INFO] 2018-12-05 20:35:09,508: +PARAM [/rosdistro] by /roslaunch
[rosmaster.master][INFO] 2018-12-05 20:35:09,519: +SERVICE [/rosout/get_loggers] /rosout http://onboardpc:38603/
[rosmaster.master][INFO] 2018-12-05 20:35:09,520: +SERVICE [/rosout/set_logger_level] /rosout http://onboardpc:38603/
[rosmaster.master][INFO] 2018-12-05 20:35:09,522: +PUB [/rosout_agg] /rosout http://onboardpc:38603/
[rosmaster.master][INFO] 2018-12-05 20:35:09,532: +SUB [/rosout] /rosout http://onboardpc:38603/
[rosmaster.master][INFO] 2018-12-05 20:35:11,454: +PARAM [/lms1xx/host] by /lms1xx
[rosmaster.master][INFO] 2018-12-05 20:35:11,457: +PUB [/rosout] /lms1xx http://onboardpc:40155/
[rosmaster.master][INFO] 2018-12-05 20:35:11,459: +SERVICE [/lms1xx/get_loggers] /lms1xx http://onboardpc:40155/
[rosmaster.master][INFO] 2018-12-05 20:35:11,459: publisherUpdate[/rosout] -> http://onboardpc:38603/ ['http://onboardpc:40155/']
[rosmaster.master][INFO] 2018-12-05 20:35:11,461: publisherUpdate[/rosout] -> http://onboardpc:38603/ ['http://onboardpc:40155/']: sec=0.00, result=[1, '', 0]
[rosmaster.master][INFO] 2018-12-05 20:35:11,462: +SERVICE [/lms1xx/set_logger_level] /lms1xx http://onboardpc:40155/
[rosmaster.master][INFO] 2018-12-05 20:35:11,464: +PUB [/scan] /lms1xx http://onboardpc:40155/
[rosmaster.master][INFO] 2018-12-05 20:35:14,375: -PUB [/rosout] /lms1xx http://onboardpc:40155/
[rosmaster.master][INFO] 2018-12-05 20:35:14,378: -PUB [/scan] /lms1xx http://onboardpc:40155/
[rosmaster.master][INFO] 2018-12-05 20:35:14,379: -SERVICE [/lms1xx/get_loggers] /lms1xx rosrpc://onboardpc:46015
[rosmaster.master][INFO] 2018-12-05 20:35:14,381: -SERVICE [/lms1xx/set_logger_level] /lms1xx rosrpc://onboardpc:46015
[rosmaster.master][INFO] 2018-12-05 20:35:14,467: publisherUpdate[/rosout] -> http://onboardpc:38603/ []
[rosmaster.master][INFO] 2018-12-05 20:35:14,469: publisherUpdate[/rosout] -> http://onboardpc:38603/ []: sec=0.00, result=[1, '', 0]
[rosmaster.master][INFO] 2018-12-05 20:35:21,888: -PUB [/rosout_agg] /rosout http://onboardpc:38603/
[rosmaster.master][INFO] 2018-12-05 20:35:21,890: -SUB [/rosout] /rosout http://onboardpc:38603/
[rosmaster.master][INFO] 2018-12-05 20:35:21,891: -SERVICE [/rosout/get_loggers] /rosout rosrpc://onboardpc:54069
[rosmaster.master][INFO] 2018-12-05 20:35:21,892: -SERVICE [/rosout/set_logger_level] /rosout rosrpc://onboardpc:54069
[rosmaster.main][INFO] 2018-12-05 20:35:22,045: keyboard interrupt, will exit
[rosmaster.main][INFO] 2018-12-05 20:35:22,045: stopping master...
[rospy.core][INFO] 2018-12-05 20:35:22,046: signal_shutdown [atexit]
