

1544017377.820117718  Node Startup
1544017377.999989430 INFO [/tmp/binarydeb/ros-kinetic-roscpp-1.12.14/src/libros/service.cpp:80(service::exists) [topics: /rosout] waitForService: Service [/arm/controller_manager/load_controller] has not been advertised, waiting...
1544017378.513021581 INFO [/home/seekurjr/catkin_ws/src/ros_canopen-kinetic/canopen_motor_node/src/motor_chain.cpp:94(MotorChain::setup_chain) [topics: /rosout, /diagnostics] Using fixed control period: 0.010000000
1544017381.957756280 INFO [/home/seekurjr/catkin_ws/src/ros_canopen-kinetic/canopen_chain_node/src/ros_chain.cpp:74(RosChain::handle_init) [topics: /rosout, /diagnostics] Initializing XXX
1544017381.978021454 INFO [/home/seekurjr/catkin_ws/src/ros_canopen-kinetic/canopen_chain_node/src/ros_chain.cpp:49(RosChain::logState) [topics: /rosout, /diagnostics] Current state: 1 device error: system:0 internal_error: 0 (OK)
1544017381.978629049 INFO [/home/seekurjr/catkin_ws/src/ros_canopen-kinetic/canopen_chain_node/src/ros_chain.cpp:49(RosChain::logState) [topics: /rosout, /diagnostics] Current state: 2 device error: system:0 internal_error: 0 (OK)
1544017381.979178817 INFO [/home/seekurjr/catkin_ws/src/ros_canopen-kinetic/canopen_chain_node/src/ros_chain.cpp:49(RosChain::logState) [topics: /rosout, /diagnostics] Current state: 2 device error: system:100 internal_error: 0 (OK)
1544017381.979221558 INFO [/home/seekurjr/catkin_ws/src/ros_canopen-kinetic/canopen_chain_node/src/ros_chain.cpp:49(RosChain::logState) [topics: /rosout, /diagnostics] Current state: 1 device error: system:100 internal_error: 0 (OK)
1544017381.989210138 ERROR [/home/seekurjr/catkin_ws/src/ros_canopen-kinetic/canopen_chain_node/src/ros_chain.cpp:60(RosChain::run) [topics: /rosout, /diagnostics] CAN not ready
1544017383.014024005 INFO [/tmp/binarydeb/ros-kinetic-roscpp-1.12.14/src/libros/service.cpp:80(service::exists) [topics: /rosout] waitForService: Service [/arm/controller_manager/load_controller] has not been advertised, waiting...
1544017388.018956395 INFO [/tmp/binarydeb/ros-kinetic-roscpp-1.12.14/src/libros/service.cpp:80(service::exists) [topics: /rosout] waitForService: Service [/arm/controller_manager/load_controller] has not been advertised, waiting...
1544017391.982830939 INFO [/home/seekurjr/catkin_ws/src/ros_canopen-kinetic/canopen_chain_node/src/ros_chain.cpp:49(RosChain::logState) [topics: /rosout, /diagnostics] Current state: 1 device error: system:0 internal_error: 0 (OK)
1544017391.983503627 INFO [/home/seekurjr/catkin_ws/src/ros_canopen-kinetic/canopen_chain_node/src/ros_chain.cpp:49(RosChain::logState) [topics: /rosout, /diagnostics] Current state: 0 device error: system:0 internal_error: 0 (OK)
1544017391.984033285 INFO [/home/seekurjr/catkin_ws/src/ros_canopen-kinetic/canopen_chain_node/src/ros_chain.cpp:49(RosChain::logState) [topics: /rosout, /diagnostics] Current state: 0 device error: system:0 internal_error: 0 (OK)
1544017393.032270421 INFO [/tmp/binarydeb/ros-kinetic-roscpp-1.12.14/src/libros/service.cpp:80(service::exists) [topics: /rosout] waitForService: Service [/arm/controller_manager/load_controller] has not been advertised, waiting...
1544017394.845283877 INFO [/home/seekurjr/catkin_ws/src/ros_canopen-kinetic/canopen_chain_node/src/ros_chain.cpp:74(RosChain::handle_init) [topics: /rosout, /diagnostics] Initializing XXX
1544017394.845561278 INFO [/home/seekurjr/catkin_ws/src/ros_canopen-kinetic/canopen_chain_node/src/ros_chain.cpp:49(RosChain::logState) [topics: /rosout, /diagnostics] Current state: 1 device error: system:0 internal_error: 0 (OK)
1544017394.845869127 INFO [/home/seekurjr/catkin_ws/src/ros_canopen-kinetic/canopen_chain_node/src/ros_chain.cpp:49(RosChain::logState) [topics: /rosout, /diagnostics] Current state: 2 device error: system:0 internal_error: 0 (OK)
1544017394.846119710 INFO [/home/seekurjr/catkin_ws/src/ros_canopen-kinetic/canopen_chain_node/src/ros_chain.cpp:49(RosChain::logState) [topics: /rosout, /diagnostics] Current state: 2 device error: system:125 internal_error: 0 (OK)
1544017394.846221116 INFO [/home/seekurjr/catkin_ws/src/ros_canopen-kinetic/canopen_chain_node/src/ros_chain.cpp:49(RosChain::logState) [topics: /rosout, /diagnostics] Current state: 1 device error: system:125 internal_error: 0 (OK)
1544017394.846332858 INFO [/home/seekurjr/catkin_ws/src/ros_canopen-kinetic/canopen_chain_node/src/ros_chain.cpp:49(RosChain::logState) [topics: /rosout, /diagnostics] Current state: 1 device error: system:100 internal_error: 0 (OK)
1544017394.866396741 ERROR [/home/seekurjr/catkin_ws/src/ros_canopen-kinetic/canopen_chain_node/src/ros_chain.cpp:60(RosChain::run) [topics: /rosout, /diagnostics] CAN not ready; CAN not ready
1544017398.049442729 INFO [/tmp/binarydeb/ros-kinetic-roscpp-1.12.14/src/libros/service.cpp:80(service::exists) [topics: /rosout] waitForService: Service [/arm/controller_manager/load_controller] has not been advertised, waiting...
1544017403.063195274 INFO [/tmp/binarydeb/ros-kinetic-roscpp-1.12.14/src/libros/service.cpp:80(service::exists) [topics: /rosout] waitForService: Service [/arm/controller_manager/load_controller] has not been advertised, waiting...
1544017404.847085206 INFO [/home/seekurjr/catkin_ws/src/ros_canopen-kinetic/canopen_chain_node/src/ros_chain.cpp:49(RosChain::logState) [topics: /rosout, /diagnostics] Current state: 1 device error: system:0 internal_error: 0 (OK)
1544017404.847136887 INFO [/home/seekurjr/catkin_ws/src/ros_canopen-kinetic/canopen_chain_node/src/ros_chain.cpp:49(RosChain::logState) [topics: /rosout, /diagnostics] Current state: 0 device error: system:0 internal_error: 0 (OK)
1544017404.847182422 INFO [/home/seekurjr/catkin_ws/src/ros_canopen-kinetic/canopen_chain_node/src/ros_chain.cpp:49(RosChain::logState) [topics: /rosout, /diagnostics] Current state: 0 device error: system:0 internal_error: 0 (OK)
