[rosmaster.main][INFO] 2018-12-05 20:36:28,246: initialization complete, waiting for shutdown
[rosmaster.main][INFO] 2018-12-05 20:36:28,246: Starting ROS Master Node
[xmlrpc][INFO] 2018-12-05 20:36:28,247: XML-RPC server binding to 0.0.0.0:11311
[xmlrpc][INFO] 2018-12-05 20:36:28,248: Started XML-RPC server [http://onboardpc:11311/]
[rosmaster.master][INFO] 2018-12-05 20:36:28,248: Master initialized: port[11311], uri[http://onboardpc:11311/]
[xmlrpc][INFO] 2018-12-05 20:36:28,248: xml rpc node: starting XML-RPC server
[rosmaster.master][INFO] 2018-12-05 20:36:28,329: +PARAM [/run_id] by /roslaunch
[rosmaster.master][INFO] 2018-12-05 20:36:28,330: +PARAM [/roslaunch/uris/host_onboardpc__40089] by /roslaunch
[rosmaster.master][INFO] 2018-12-05 20:36:28,495: +PARAM [/rosversion] by /roslaunch
[rosmaster.master][INFO] 2018-12-05 20:36:28,495: +PARAM [/rosdistro] by /roslaunch
[rosmaster.master][INFO] 2018-12-05 20:36:28,503: +SERVICE [/rosout/get_loggers] /rosout http://onboardpc:35529/
[rosmaster.master][INFO] 2018-12-05 20:36:28,504: +SERVICE [/rosout/set_logger_level] /rosout http://onboardpc:35529/
[rosmaster.master][INFO] 2018-12-05 20:36:28,507: +PUB [/rosout_agg] /rosout http://onboardpc:35529/
[rosmaster.master][INFO] 2018-12-05 20:36:28,512: +SUB [/rosout] /rosout http://onboardpc:35529/
[rosmaster.master][INFO] 2018-12-05 20:36:30,423: +PARAM [/lms1xx/host] by /lms1xx
[rosmaster.master][INFO] 2018-12-05 20:36:30,427: +PUB [/rosout] /lms1xx http://onboardpc:33313/
[rosmaster.master][INFO] 2018-12-05 20:36:30,429: +SERVICE [/lms1xx/get_loggers] /lms1xx http://onboardpc:33313/
[rosmaster.master][INFO] 2018-12-05 20:36:30,430: +SERVICE [/lms1xx/set_logger_level] /lms1xx http://onboardpc:33313/
[rosmaster.master][INFO] 2018-12-05 20:36:30,432: +PUB [/scan] /lms1xx http://onboardpc:33313/
[rosmaster.master][INFO] 2018-12-05 20:36:30,452: publisherUpdate[/rosout] -> http://onboardpc:35529/ ['http://onboardpc:33313/']
[rosmaster.master][INFO] 2018-12-05 20:36:30,458: publisherUpdate[/rosout] -> http://onboardpc:35529/ ['http://onboardpc:33313/']: sec=0.01, result=[1, '', 0]
[rosmaster.master][INFO] 2018-12-05 20:36:32,466: -PUB [/rosout] /lms1xx http://onboardpc:33313/
[rosmaster.master][INFO] 2018-12-05 20:36:32,468: -PUB [/scan] /lms1xx http://onboardpc:33313/
[rosmaster.master][INFO] 2018-12-05 20:36:32,470: -SERVICE [/lms1xx/get_loggers] /lms1xx rosrpc://onboardpc:57919
[rosmaster.master][INFO] 2018-12-05 20:36:32,471: -SERVICE [/lms1xx/set_logger_level] /lms1xx rosrpc://onboardpc:57919
[rosmaster.master][INFO] 2018-12-05 20:36:32,557: publisherUpdate[/rosout] -> http://onboardpc:35529/ []
[rosmaster.master][INFO] 2018-12-05 20:36:32,559: publisherUpdate[/rosout] -> http://onboardpc:35529/ []: sec=0.00, result=[1, '', 0]
[rosmaster.master][INFO] 2018-12-05 20:36:33,261: -PUB [/rosout_agg] /rosout http://onboardpc:35529/
[rosmaster.master][INFO] 2018-12-05 20:36:33,262: -SUB [/rosout] /rosout http://onboardpc:35529/
[rosmaster.master][INFO] 2018-12-05 20:36:33,263: -SERVICE [/rosout/get_loggers] /rosout rosrpc://onboardpc:55365
[rosmaster.master][INFO] 2018-12-05 20:36:33,264: -SERVICE [/rosout/set_logger_level] /rosout rosrpc://onboardpc:55365
[rosmaster.main][INFO] 2018-12-05 20:36:33,307: keyboard interrupt, will exit
[rosmaster.main][INFO] 2018-12-05 20:36:33,308: stopping master...
[rospy.core][INFO] 2018-12-05 20:36:33,308: signal_shutdown [atexit]
