[rosmaster.main][INFO] 2019-01-11 09:22:18,555: initialization complete, waiting for shutdown
[rosmaster.main][INFO] 2019-01-11 09:22:18,555: Starting ROS Master Node
[xmlrpc][INFO] 2019-01-11 09:22:18,556: XML-RPC server binding to 0.0.0.0:11311
[xmlrpc][INFO] 2019-01-11 09:22:18,556: Started XML-RPC server [http://onboardpc:11311/]
[rosmaster.master][INFO] 2019-01-11 09:22:18,557: Master initialized: port[11311], uri[http://onboardpc:11311/]
[xmlrpc][INFO] 2019-01-11 09:22:18,557: xml rpc node: starting XML-RPC server
[rosmaster.master][INFO] 2019-01-11 09:22:18,646: +PARAM [/run_id] by /roslaunch
[rosmaster.master][INFO] 2019-01-11 09:22:18,648: +PARAM [/roslaunch/uris/host_onboardpc__38323] by /roslaunch
[rosmaster.master][INFO] 2019-01-11 09:22:18,813: +PARAM [/rosversion] by /roslaunch
[rosmaster.master][INFO] 2019-01-11 09:22:18,814: +PARAM [/rosdistro] by /roslaunch
[rosmaster.master][INFO] 2019-01-11 09:22:18,823: +SERVICE [/rosout/get_loggers] /rosout http://onboardpc:34177/
[rosmaster.master][INFO] 2019-01-11 09:22:18,824: +SERVICE [/rosout/set_logger_level] /rosout http://onboardpc:34177/
[rosmaster.master][INFO] 2019-01-11 09:22:18,826: +PUB [/rosout_agg] /rosout http://onboardpc:34177/
[rosmaster.master][INFO] 2019-01-11 09:22:18,835: +SUB [/rosout] /rosout http://onboardpc:34177/
[rosmaster.master][INFO] 2019-01-11 09:22:22,200: +PARAM [/RosAria/port] by /RosAria
[rosmaster.master][INFO] 2019-01-11 09:22:22,203: +PUB [/rosout] /RosAria http://onboardpc:38615/
[rosmaster.master][INFO] 2019-01-11 09:22:22,204: +SERVICE [/RosAria/get_loggers] /RosAria http://onboardpc:38615/
[rosmaster.master][INFO] 2019-01-11 09:22:22,205: +SERVICE [/RosAria/set_logger_level] /RosAria http://onboardpc:38615/
[rosmaster.master][INFO] 2019-01-11 09:22:22,208: +PUB [/tf] /RosAria http://onboardpc:38615/
[rosmaster.master][INFO] 2019-01-11 09:22:22,220: +PUB [/RosAria/pose] /RosAria http://onboardpc:38615/
[rosmaster.master][INFO] 2019-01-11 09:22:22,221: +PUB [/RosAria/bumper_state] /RosAria http://onboardpc:38615/
[rosmaster.master][INFO] 2019-01-11 09:22:22,223: +PUB [/RosAria/sonar] /RosAria http://onboardpc:38615/
[rosmaster.master][INFO] 2019-01-11 09:22:22,224: +PUB [/RosAria/sonar_pointcloud2] /RosAria http://onboardpc:38615/
[rosmaster.master][INFO] 2019-01-11 09:22:22,224: +PUB [/RosAria/battery_voltage] /RosAria http://onboardpc:38615/
[rosmaster.master][INFO] 2019-01-11 09:22:22,225: +PUB [/RosAria/battery_recharge_state] /RosAria http://onboardpc:38615/
[rosmaster.master][INFO] 2019-01-11 09:22:22,226: +PUB [/RosAria/battery_state_of_charge] /RosAria http://onboardpc:38615/
[rosmaster.master][INFO] 2019-01-11 09:22:22,227: +PUB [/RosAria/motors_state] /RosAria http://onboardpc:38615/
[rosmaster.master][INFO] 2019-01-11 09:22:22,229: +SERVICE [/RosAria/enable_motors] /RosAria http://onboardpc:38615/
[rosmaster.master][INFO] 2019-01-11 09:22:22,230: +SERVICE [/RosAria/disable_motors] /RosAria http://onboardpc:38615/
[rosmaster.master][INFO] 2019-01-11 09:22:22,266: publisherUpdate[/rosout] -> http://onboardpc:34177/ ['http://onboardpc:38615/']
[rosmaster.master][INFO] 2019-01-11 09:22:22,272: publisherUpdate[/rosout] -> http://onboardpc:34177/ ['http://onboardpc:38615/']: sec=0.01, result=[1, '', 0]
[rosmaster.master][INFO] 2019-01-11 09:22:23,008: +SERVICE [/RosAria/set_parameters] /RosAria http://onboardpc:38615/
[rosmaster.master][INFO] 2019-01-11 09:22:23,010: +PUB [/RosAria/parameter_descriptions] /RosAria http://onboardpc:38615/
[rosmaster.master][INFO] 2019-01-11 09:22:23,011: +PUB [/RosAria/parameter_updates] /RosAria http://onboardpc:38615/
[rosmaster.master][INFO] 2019-01-11 09:22:23,018: +PARAM [/RosAria/trans_accel] by /RosAria
[rosmaster.master][INFO] 2019-01-11 09:22:23,020: +PARAM [/RosAria/trans_decel] by /RosAria
[rosmaster.master][INFO] 2019-01-11 09:22:23,021: +PARAM [/RosAria/lat_accel] by /RosAria
[rosmaster.master][INFO] 2019-01-11 09:22:23,021: +PARAM [/RosAria/lat_decel] by /RosAria
[rosmaster.master][INFO] 2019-01-11 09:22:23,022: +PARAM [/RosAria/rot_accel] by /RosAria
[rosmaster.master][INFO] 2019-01-11 09:22:23,023: +PARAM [/RosAria/rot_decel] by /RosAria
[rosmaster.master][INFO] 2019-01-11 09:22:23,025: +PARAM [/RosAria/TicksMM] by /RosAria
[rosmaster.master][INFO] 2019-01-11 09:22:23,026: +PARAM [/RosAria/DriftFactor] by /RosAria
[rosmaster.master][INFO] 2019-01-11 09:22:23,027: +PARAM [/RosAria/RevCount] by /RosAria
[rosmaster.master][INFO] 2019-01-11 09:22:23,029: +PARAM [/RosAria/trans_accel] by /RosAria
[rosmaster.master][INFO] 2019-01-11 09:22:23,029: +PARAM [/RosAria/trans_decel] by /RosAria
[rosmaster.master][INFO] 2019-01-11 09:22:23,031: +PARAM [/RosAria/lat_accel] by /RosAria
[rosmaster.master][INFO] 2019-01-11 09:22:23,031: +PARAM [/RosAria/lat_decel] by /RosAria
[rosmaster.master][INFO] 2019-01-11 09:22:23,032: +PARAM [/RosAria/rot_accel] by /RosAria
[rosmaster.master][INFO] 2019-01-11 09:22:23,033: +PARAM [/RosAria/rot_decel] by /RosAria
[rosmaster.master][INFO] 2019-01-11 09:22:23,034: +PARAM [/RosAria/TicksMM] by /RosAria
[rosmaster.master][INFO] 2019-01-11 09:22:23,035: +PARAM [/RosAria/DriftFactor] by /RosAria
[rosmaster.master][INFO] 2019-01-11 09:22:23,036: +PARAM [/RosAria/RevCount] by /RosAria
[rosmaster.master][INFO] 2019-01-11 09:22:23,041: +SUB [/RosAria/cmd_vel] /RosAria http://onboardpc:38615/
[rosmaster.master][INFO] 2019-01-11 09:23:13,236: +PARAM [/lms1xx/host] by /lms1xx
[rosmaster.master][INFO] 2019-01-11 09:23:13,239: +PUB [/rosout] /lms1xx http://onboardpc:40033/
[rosmaster.master][INFO] 2019-01-11 09:23:13,241: +SERVICE [/lms1xx/get_loggers] /lms1xx http://onboardpc:40033/
[rosmaster.master][INFO] 2019-01-11 09:23:13,242: +SERVICE [/lms1xx/set_logger_level] /lms1xx http://onboardpc:40033/
[rosmaster.master][INFO] 2019-01-11 09:23:13,244: +PUB [/scan] /lms1xx http://onboardpc:40033/
[rosmaster.master][INFO] 2019-01-11 09:23:13,271: publisherUpdate[/rosout] -> http://onboardpc:34177/ ['http://onboardpc:38615/', 'http://onboardpc:40033/']
[rosmaster.master][INFO] 2019-01-11 09:23:13,273: publisherUpdate[/rosout] -> http://onboardpc:34177/ ['http://onboardpc:38615/', 'http://onboardpc:40033/']: sec=0.00, result=[1, '', 0]
[rosmaster.master][INFO] 2019-01-11 09:23:39,998: -PUB [/rosout] /lms1xx http://onboardpc:40033/
[rosmaster.master][INFO] 2019-01-11 09:23:40,002: -PUB [/scan] /lms1xx http://onboardpc:40033/
[rosmaster.master][INFO] 2019-01-11 09:23:40,004: -SERVICE [/lms1xx/get_loggers] /lms1xx rosrpc://onboardpc:60381
[rosmaster.master][INFO] 2019-01-11 09:23:40,006: -SERVICE [/lms1xx/set_logger_level] /lms1xx rosrpc://onboardpc:60381
[rosmaster.master][INFO] 2019-01-11 09:23:40,096: publisherUpdate[/rosout] -> http://onboardpc:34177/ ['http://onboardpc:38615/']
[rosmaster.master][INFO] 2019-01-11 09:23:40,098: publisherUpdate[/rosout] -> http://onboardpc:34177/ ['http://onboardpc:38615/']: sec=0.00, result=[1, '', 0]
[rosmaster.master][INFO] 2019-01-11 09:23:47,615: -PUB [/rosout] /RosAria http://onboardpc:38615/
[rosmaster.master][INFO] 2019-01-11 09:23:47,616: -PUB [/tf] /RosAria http://onboardpc:38615/
[rosmaster.master][INFO] 2019-01-11 09:23:47,617: -PUB [/RosAria/pose] /RosAria http://onboardpc:38615/
[rosmaster.master][INFO] 2019-01-11 09:23:47,618: -PUB [/RosAria/bumper_state] /RosAria http://onboardpc:38615/
[rosmaster.master][INFO] 2019-01-11 09:23:47,619: -PUB [/RosAria/sonar] /RosAria http://onboardpc:38615/
[rosmaster.master][INFO] 2019-01-11 09:23:47,620: -PUB [/RosAria/sonar_pointcloud2] /RosAria http://onboardpc:38615/
[rosmaster.master][INFO] 2019-01-11 09:23:47,621: -PUB [/RosAria/battery_voltage] /RosAria http://onboardpc:38615/
[rosmaster.master][INFO] 2019-01-11 09:23:47,622: -PUB [/RosAria/battery_recharge_state] /RosAria http://onboardpc:38615/
[rosmaster.master][INFO] 2019-01-11 09:23:47,623: -PUB [/RosAria/battery_state_of_charge] /RosAria http://onboardpc:38615/
[rosmaster.master][INFO] 2019-01-11 09:23:47,624: -PUB [/RosAria/motors_state] /RosAria http://onboardpc:38615/
[rosmaster.master][INFO] 2019-01-11 09:23:47,625: -PUB [/RosAria/parameter_descriptions] /RosAria http://onboardpc:38615/
[rosmaster.master][INFO] 2019-01-11 09:23:47,628: -PUB [/RosAria/parameter_updates] /RosAria http://onboardpc:38615/
[rosmaster.master][INFO] 2019-01-11 09:23:47,629: -SUB [/RosAria/cmd_vel] /RosAria http://onboardpc:38615/
[rosmaster.master][INFO] 2019-01-11 09:23:47,630: -SERVICE [/RosAria/get_loggers] /RosAria rosrpc://onboardpc:52031
[rosmaster.master][INFO] 2019-01-11 09:23:47,631: -SERVICE [/RosAria/set_logger_level] /RosAria rosrpc://onboardpc:52031
[rosmaster.master][INFO] 2019-01-11 09:23:47,632: -SERVICE [/RosAria/enable_motors] /RosAria rosrpc://onboardpc:52031
[rosmaster.master][INFO] 2019-01-11 09:23:47,633: -SERVICE [/RosAria/disable_motors] /RosAria rosrpc://onboardpc:52031
[rosmaster.master][INFO] 2019-01-11 09:23:47,634: -SERVICE [/RosAria/set_parameters] /RosAria rosrpc://onboardpc:52031
[rosmaster.master][INFO] 2019-01-11 09:23:47,710: publisherUpdate[/rosout] -> http://onboardpc:34177/ []
[rosmaster.master][INFO] 2019-01-11 09:23:47,711: publisherUpdate[/rosout] -> http://onboardpc:34177/ []: sec=0.00, result=[1, '', 0]
[rosmaster.master][INFO] 2019-01-11 09:25:24,082: +PUB [/rosout] /RosAria http://onboardpc:40847/
[rosmaster.master][INFO] 2019-01-11 09:25:24,083: +SERVICE [/RosAria/get_loggers] /RosAria http://onboardpc:40847/
[rosmaster.master][INFO] 2019-01-11 09:25:24,084: +SERVICE [/RosAria/set_logger_level] /RosAria http://onboardpc:40847/
[rosmaster.master][INFO] 2019-01-11 09:25:24,087: +PUB [/tf] /RosAria http://onboardpc:40847/
[rosmaster.master][INFO] 2019-01-11 09:25:24,096: +PUB [/RosAria/pose] /RosAria http://onboardpc:40847/
[rosmaster.master][INFO] 2019-01-11 09:25:24,097: +PUB [/RosAria/bumper_state] /RosAria http://onboardpc:40847/
[rosmaster.master][INFO] 2019-01-11 09:25:24,098: +PUB [/RosAria/sonar] /RosAria http://onboardpc:40847/
[rosmaster.master][INFO] 2019-01-11 09:25:24,099: +PUB [/RosAria/sonar_pointcloud2] /RosAria http://onboardpc:40847/
[rosmaster.master][INFO] 2019-01-11 09:25:24,099: publisherUpdate[/rosout] -> http://onboardpc:34177/ ['http://onboardpc:40847/']
[rosmaster.master][INFO] 2019-01-11 09:25:24,100: publisherUpdate[/rosout] -> http://onboardpc:34177/ ['http://onboardpc:40847/']: sec=0.00, result=[1, '', 0]
[rosmaster.master][INFO] 2019-01-11 09:25:24,101: +PUB [/RosAria/battery_voltage] /RosAria http://onboardpc:40847/
[rosmaster.master][INFO] 2019-01-11 09:25:24,102: +PUB [/RosAria/battery_recharge_state] /RosAria http://onboardpc:40847/
[rosmaster.master][INFO] 2019-01-11 09:25:24,103: +PUB [/RosAria/battery_state_of_charge] /RosAria http://onboardpc:40847/
[rosmaster.master][INFO] 2019-01-11 09:25:24,104: +PUB [/RosAria/motors_state] /RosAria http://onboardpc:40847/
[rosmaster.master][INFO] 2019-01-11 09:25:24,105: +SERVICE [/RosAria/enable_motors] /RosAria http://onboardpc:40847/
[rosmaster.master][INFO] 2019-01-11 09:25:24,106: +SERVICE [/RosAria/disable_motors] /RosAria http://onboardpc:40847/
[rosmaster.master][INFO] 2019-01-11 09:25:24,908: +SERVICE [/RosAria/set_parameters] /RosAria http://onboardpc:40847/
[rosmaster.master][INFO] 2019-01-11 09:25:24,909: +PUB [/RosAria/parameter_descriptions] /RosAria http://onboardpc:40847/
[rosmaster.master][INFO] 2019-01-11 09:25:24,911: +PUB [/RosAria/parameter_updates] /RosAria http://onboardpc:40847/
[rosmaster.master][INFO] 2019-01-11 09:25:24,920: +PARAM [/RosAria/trans_accel] by /RosAria
[rosmaster.master][INFO] 2019-01-11 09:25:24,920: +PARAM [/RosAria/trans_decel] by /RosAria
[rosmaster.master][INFO] 2019-01-11 09:25:24,921: +PARAM [/RosAria/lat_accel] by /RosAria
[rosmaster.master][INFO] 2019-01-11 09:25:24,922: +PARAM [/RosAria/lat_decel] by /RosAria
[rosmaster.master][INFO] 2019-01-11 09:25:24,923: +PARAM [/RosAria/rot_accel] by /RosAria
[rosmaster.master][INFO] 2019-01-11 09:25:24,924: +PARAM [/RosAria/rot_decel] by /RosAria
[rosmaster.master][INFO] 2019-01-11 09:25:24,925: +PARAM [/RosAria/TicksMM] by /RosAria
[rosmaster.master][INFO] 2019-01-11 09:25:24,926: +PARAM [/RosAria/DriftFactor] by /RosAria
[rosmaster.master][INFO] 2019-01-11 09:25:24,927: +PARAM [/RosAria/RevCount] by /RosAria
[rosmaster.master][INFO] 2019-01-11 09:25:24,928: +PARAM [/RosAria/trans_accel] by /RosAria
[rosmaster.master][INFO] 2019-01-11 09:25:24,929: +PARAM [/RosAria/trans_decel] by /RosAria
[rosmaster.master][INFO] 2019-01-11 09:25:24,930: +PARAM [/RosAria/lat_accel] by /RosAria
[rosmaster.master][INFO] 2019-01-11 09:25:24,930: +PARAM [/RosAria/lat_decel] by /RosAria
[rosmaster.master][INFO] 2019-01-11 09:25:24,931: +PARAM [/RosAria/rot_accel] by /RosAria
[rosmaster.master][INFO] 2019-01-11 09:25:24,932: +PARAM [/RosAria/rot_decel] by /RosAria
[rosmaster.master][INFO] 2019-01-11 09:25:24,933: +PARAM [/RosAria/TicksMM] by /RosAria
[rosmaster.master][INFO] 2019-01-11 09:25:24,934: +PARAM [/RosAria/DriftFactor] by /RosAria
[rosmaster.master][INFO] 2019-01-11 09:25:24,935: +PARAM [/RosAria/RevCount] by /RosAria
[rosmaster.master][INFO] 2019-01-11 09:25:24,940: +SUB [/RosAria/cmd_vel] /RosAria http://onboardpc:40847/
[rosmaster.master][INFO] 2019-01-11 09:26:34,952: +PARAM [/lms1xx/host] by /lms1xx
[rosmaster.master][INFO] 2019-01-11 09:26:34,955: +PUB [/rosout] /lms1xx http://onboardpc:37267/
[rosmaster.master][INFO] 2019-01-11 09:26:34,957: +SERVICE [/lms1xx/get_loggers] /lms1xx http://onboardpc:37267/
[rosmaster.master][INFO] 2019-01-11 09:26:34,958: +SERVICE [/lms1xx/set_logger_level] /lms1xx http://onboardpc:37267/
[rosmaster.master][INFO] 2019-01-11 09:26:34,960: +PUB [/scan] /lms1xx http://onboardpc:37267/
[rosmaster.master][INFO] 2019-01-11 09:26:34,980: publisherUpdate[/rosout] -> http://onboardpc:34177/ ['http://onboardpc:40847/', 'http://onboardpc:37267/']
[rosmaster.master][INFO] 2019-01-11 09:26:34,982: publisherUpdate[/rosout] -> http://onboardpc:34177/ ['http://onboardpc:40847/', 'http://onboardpc:37267/']: sec=0.00, result=[1, '', 0]
[rosmaster.master][INFO] 2019-01-11 09:27:04,510: +PUB [/rosout] /rviz_1547206024505658766 http://onboardpc:39843/
[rosmaster.master][INFO] 2019-01-11 09:27:04,512: +SERVICE [/rviz_1547206024505658766/get_loggers] /rviz_1547206024505658766 http://onboardpc:39843/
[rosmaster.master][INFO] 2019-01-11 09:27:04,513: +SERVICE [/rviz_1547206024505658766/set_logger_level] /rviz_1547206024505658766 http://onboardpc:39843/
[rosmaster.master][INFO] 2019-01-11 09:27:04,535: publisherUpdate[/rosout] -> http://onboardpc:34177/ ['http://onboardpc:40847/', 'http://onboardpc:37267/', 'http://onboardpc:39843/']
[rosmaster.master][INFO] 2019-01-11 09:27:04,536: publisherUpdate[/rosout] -> http://onboardpc:34177/ ['http://onboardpc:40847/', 'http://onboardpc:37267/', 'http://onboardpc:39843/']: sec=0.00, result=[1, '', 0]
[rosmaster.master][INFO] 2019-01-11 09:27:28,117: +PUB [/rosout] /rviz_1547206048112833811 http://onboardpc:36005/
[rosmaster.master][INFO] 2019-01-11 09:27:28,119: +SERVICE [/rviz_1547206048112833811/get_loggers] /rviz_1547206048112833811 http://onboardpc:36005/
[rosmaster.master][INFO] 2019-01-11 09:27:28,120: +SERVICE [/rviz_1547206048112833811/set_logger_level] /rviz_1547206048112833811 http://onboardpc:36005/
[rosmaster.master][INFO] 2019-01-11 09:27:28,131: publisherUpdate[/rosout] -> http://onboardpc:34177/ ['http://onboardpc:40847/', 'http://onboardpc:37267/', 'http://onboardpc:39843/', 'http://onboardpc:36005/']
[rosmaster.master][INFO] 2019-01-11 09:27:28,133: publisherUpdate[/rosout] -> http://onboardpc:34177/ ['http://onboardpc:40847/', 'http://onboardpc:37267/', 'http://onboardpc:39843/', 'http://onboardpc:36005/']: sec=0.00, result=[1, '', 0]
[rosmaster.master][INFO] 2019-01-11 09:29:47,762: +PUB [/rosout] /rviz_1547206187812434383 http://10.0.126.200:39673/
[rosmaster.master][INFO] 2019-01-11 09:29:47,771: +SERVICE [/rviz_1547206187812434383/get_loggers] /rviz_1547206187812434383 http://10.0.126.200:39673/
[rosmaster.master][INFO] 2019-01-11 09:29:47,790: +SERVICE [/rviz_1547206187812434383/set_logger_level] /rviz_1547206187812434383 http://10.0.126.200:39673/
[rosmaster.master][INFO] 2019-01-11 09:29:47,796: publisherUpdate[/rosout] -> http://onboardpc:34177/ ['http://onboardpc:40847/', 'http://onboardpc:37267/', 'http://onboardpc:39843/', 'http://onboardpc:36005/', 'http://10.0.126.200:39673/']
[rosmaster.master][INFO] 2019-01-11 09:29:47,798: publisherUpdate[/rosout] -> http://onboardpc:34177/ ['http://onboardpc:40847/', 'http://onboardpc:37267/', 'http://onboardpc:39843/', 'http://onboardpc:36005/', 'http://10.0.126.200:39673/']: sec=0.00, result=[1, '', 0]
[rosmaster.master][INFO] 2019-01-11 09:29:49,085: +SUB [/tf] /rviz_1547206187812434383 http://10.0.126.200:39673/
[rosmaster.master][INFO] 2019-01-11 09:29:49,220: +SUB [/tf_static] /rviz_1547206187812434383 http://10.0.126.200:39673/
[rosmaster.master][INFO] 2019-01-11 09:29:49,685: +PUB [/initialpose] /rviz_1547206187812434383 http://10.0.126.200:39673/
[rosmaster.master][INFO] 2019-01-11 09:29:49,694: +PUB [/goal] /rviz_1547206187812434383 http://10.0.126.200:39673/
[rosmaster.master][INFO] 2019-01-11 09:29:49,715: -PUB [/goal] /rviz_1547206187812434383 http://10.0.126.200:39673/
[rosmaster.master][INFO] 2019-01-11 09:29:49,722: -PUB [/initialpose] /rviz_1547206187812434383 http://10.0.126.200:39673/
[rosmaster.master][INFO] 2019-01-11 09:29:49,761: +PUB [/initialpose] /rviz_1547206187812434383 http://10.0.126.200:39673/
[rosmaster.master][INFO] 2019-01-11 09:29:49,768: +PUB [/goal] /rviz_1547206187812434383 http://10.0.126.200:39673/
[rosmaster.master][INFO] 2019-01-11 09:29:49,780: +PUB [/move_base_simple/goal] /rviz_1547206187812434383 http://10.0.126.200:39673/
[rosmaster.master][INFO] 2019-01-11 09:29:49,790: -PUB [/goal] /rviz_1547206187812434383 http://10.0.126.200:39673/
[rosmaster.master][INFO] 2019-01-11 09:29:49,804: +PUB [/clicked_point] /rviz_1547206187812434383 http://10.0.126.200:39673/
[rosmaster.master][INFO] 2019-01-11 09:29:50,056: +SERVICE [/rviz_1547206187812434383/reload_shaders] /rviz_1547206187812434383 http://10.0.126.200:39673/
[rosmaster.master][INFO] 2019-01-11 09:30:08,244: +SUB [/scan] /rviz_1547206187812434383 http://10.0.126.200:39673/
[rosmaster.master][INFO] 2019-01-11 09:31:36,465: +PUB [/rosout] /rviz_1547206296461272366 http://onboardpc:36157/
[rosmaster.master][INFO] 2019-01-11 09:31:36,466: +SERVICE [/rviz_1547206296461272366/get_loggers] /rviz_1547206296461272366 http://onboardpc:36157/
[rosmaster.master][INFO] 2019-01-11 09:31:36,468: +SERVICE [/rviz_1547206296461272366/set_logger_level] /rviz_1547206296461272366 http://onboardpc:36157/
[rosmaster.master][INFO] 2019-01-11 09:31:36,481: publisherUpdate[/rosout] -> http://onboardpc:34177/ ['http://onboardpc:40847/', 'http://onboardpc:37267/', 'http://onboardpc:39843/', 'http://onboardpc:36005/', 'http://10.0.126.200:39673/', 'http://onboardpc:36157/']
[rosmaster.master][INFO] 2019-01-11 09:31:36,483: publisherUpdate[/rosout] -> http://onboardpc:34177/ ['http://onboardpc:40847/', 'http://onboardpc:37267/', 'http://onboardpc:39843/', 'http://onboardpc:36005/', 'http://10.0.126.200:39673/', 'http://onboardpc:36157/']: sec=0.00, result=[1, '', 0]
[rosmaster.master][INFO] 2019-01-11 09:31:36,983: +SUB [/tf] /rviz_1547206296461272366 http://onboardpc:36157/
[rosmaster.master][INFO] 2019-01-11 09:31:36,991: +SUB [/tf_static] /rviz_1547206296461272366 http://onboardpc:36157/
[rosmaster.master][INFO] 2019-01-11 09:31:37,106: +PUB [/initialpose] /rviz_1547206296461272366 http://onboardpc:36157/
[rosmaster.master][INFO] 2019-01-11 09:31:37,109: +PUB [/goal] /rviz_1547206296461272366 http://onboardpc:36157/
[rosmaster.master][INFO] 2019-01-11 09:31:37,456: +PUB [/planning_scene] /rviz_1547206296461272366 http://onboardpc:36157/
[rosmaster.master][INFO] 2019-01-11 09:31:37,458: +PUB [/planning_scene_world] /rviz_1547206296461272366 http://onboardpc:36157/
[rosmaster.master][INFO] 2019-01-11 09:31:37,464: +SUB [/recognize_objects/status] /rviz_1547206296461272366 http://onboardpc:36157/
[rosmaster.master][INFO] 2019-01-11 09:31:37,469: +SUB [/recognize_objects/feedback] /rviz_1547206296461272366 http://onboardpc:36157/
[rosmaster.master][INFO] 2019-01-11 09:31:37,474: +SUB [/recognize_objects/result] /rviz_1547206296461272366 http://onboardpc:36157/
[rosmaster.master][INFO] 2019-01-11 09:31:37,475: +PUB [/recognize_objects/goal] /rviz_1547206296461272366 http://onboardpc:36157/
[rosmaster.master][INFO] 2019-01-11 09:31:37,476: +PUB [/recognize_objects/cancel] /rviz_1547206296461272366 http://onboardpc:36157/
[rosmaster.master][INFO] 2019-01-11 09:31:37,480: +SUB [/recognized_object_array] /rviz_1547206296461272366 http://onboardpc:36157/
[rosmaster.master][INFO] 2019-01-11 09:31:40,502: -SUB [/recognize_objects/status] /rviz_1547206296461272366 http://onboardpc:36157/
[rosmaster.master][INFO] 2019-01-11 09:31:40,504: -PUB [/recognize_objects/cancel] /rviz_1547206296461272366 http://onboardpc:36157/
[rosmaster.master][INFO] 2019-01-11 09:31:40,505: -PUB [/recognize_objects/goal] /rviz_1547206296461272366 http://onboardpc:36157/
[rosmaster.master][INFO] 2019-01-11 09:31:40,507: -SUB [/recognize_objects/feedback] /rviz_1547206296461272366 http://onboardpc:36157/
[rosmaster.master][INFO] 2019-01-11 09:31:40,508: -SUB [/recognize_objects/result] /rviz_1547206296461272366 http://onboardpc:36157/
[rosmaster.master][INFO] 2019-01-11 09:31:40,533: +SUB [/move_group/display_planned_path] /rviz_1547206296461272366 http://onboardpc:36157/
[rosmaster.master][INFO] 2019-01-11 09:31:40,535: +PUB [/feedback] /rviz_1547206296461272366 http://onboardpc:36157/
[rosmaster.master][INFO] 2019-01-11 09:31:40,536: -PUB [/feedback] /rviz_1547206296461272366 http://onboardpc:36157/
[rosmaster.master][INFO] 2019-01-11 09:31:40,538: +PUB [/feedback] /rviz_1547206296461272366 http://onboardpc:36157/
[rosmaster.master][INFO] 2019-01-11 09:31:40,541: -PUB [/goal] /rviz_1547206296461272366 http://onboardpc:36157/
[rosmaster.master][INFO] 2019-01-11 09:31:40,543: -PUB [/initialpose] /rviz_1547206296461272366 http://onboardpc:36157/
[rosmaster.master][INFO] 2019-01-11 09:31:40,550: +PUB [/initialpose] /rviz_1547206296461272366 http://onboardpc:36157/
[rosmaster.master][INFO] 2019-01-11 09:31:40,552: +PUB [/goal] /rviz_1547206296461272366 http://onboardpc:36157/
[rosmaster.master][INFO] 2019-01-11 09:31:40,554: +PUB [/move_base_simple/goal] /rviz_1547206296461272366 http://onboardpc:36157/
[rosmaster.master][INFO] 2019-01-11 09:31:40,556: -PUB [/goal] /rviz_1547206296461272366 http://onboardpc:36157/
[rosmaster.master][INFO] 2019-01-11 09:31:40,558: +PUB [/clicked_point] /rviz_1547206296461272366 http://onboardpc:36157/
[rosmaster.master][INFO] 2019-01-11 09:31:40,619: +SERVICE [/rviz_1547206296461272366/motionplanning_planning_scene_monitor/set_parameters] /rviz_1547206296461272366 http://onboardpc:36157/
[rosmaster.master][INFO] 2019-01-11 09:31:40,620: +PUB [/rviz_1547206296461272366/motionplanning_planning_scene_monitor/parameter_descriptions] /rviz_1547206296461272366 http://onboardpc:36157/
[rosmaster.master][INFO] 2019-01-11 09:31:40,621: +PUB [/rviz_1547206296461272366/motionplanning_planning_scene_monitor/parameter_updates] /rviz_1547206296461272366 http://onboardpc:36157/
[rosmaster.master][INFO] 2019-01-11 09:31:40,627: +PARAM [/rviz_1547206296461272366/motionplanning_planning_scene_monitor/publish_planning_scene] by /rviz_1547206296461272366
[rosmaster.master][INFO] 2019-01-11 09:31:40,629: +PARAM [/rviz_1547206296461272366/motionplanning_planning_scene_monitor/publish_planning_scene_hz] by /rviz_1547206296461272366
[rosmaster.master][INFO] 2019-01-11 09:31:40,631: +PARAM [/rviz_1547206296461272366/motionplanning_planning_scene_monitor/publish_geometry_updates] by /rviz_1547206296461272366
[rosmaster.master][INFO] 2019-01-11 09:31:40,632: +PARAM [/rviz_1547206296461272366/motionplanning_planning_scene_monitor/publish_state_updates] by /rviz_1547206296461272366
[rosmaster.master][INFO] 2019-01-11 09:31:40,634: +PARAM [/rviz_1547206296461272366/motionplanning_planning_scene_monitor/publish_transforms_updates] by /rviz_1547206296461272366
[rosmaster.master][INFO] 2019-01-11 09:31:40,635: +PARAM [/rviz_1547206296461272366/motionplanning_planning_scene_monitor/publish_planning_scene] by /rviz_1547206296461272366
[rosmaster.master][INFO] 2019-01-11 09:31:40,637: +PARAM [/rviz_1547206296461272366/motionplanning_planning_scene_monitor/publish_planning_scene_hz] by /rviz_1547206296461272366
[rosmaster.master][INFO] 2019-01-11 09:31:40,638: +SERVICE [/rviz_1547206296461272366/reload_shaders] /rviz_1547206296461272366 http://onboardpc:36157/
[rosmaster.master][INFO] 2019-01-11 09:31:40,642: +PARAM [/rviz_1547206296461272366/motionplanning_planning_scene_monitor/publish_geometry_updates] by /rviz_1547206296461272366
[rosmaster.master][INFO] 2019-01-11 09:31:40,644: +PARAM [/rviz_1547206296461272366/motionplanning_planning_scene_monitor/publish_state_updates] by /rviz_1547206296461272366
[rosmaster.master][INFO] 2019-01-11 09:31:40,647: +PARAM [/rviz_1547206296461272366/motionplanning_planning_scene_monitor/publish_transforms_updates] by /rviz_1547206296461272366
[rosmaster.master][INFO] 2019-01-11 09:31:40,718: -PUB [/rviz_1547206296461272366/motionplanning_planning_scene_monitor/parameter_descriptions] /rviz_1547206296461272366 http://onboardpc:36157/
[rosmaster.master][INFO] 2019-01-11 09:31:40,719: -PUB [/rviz_1547206296461272366/motionplanning_planning_scene_monitor/parameter_updates] /rviz_1547206296461272366 http://onboardpc:36157/
[rosmaster.master][INFO] 2019-01-11 09:31:40,720: -SERVICE [/rviz_1547206296461272366/motionplanning_planning_scene_monitor/set_parameters] /rviz_1547206296461272366 rosrpc://onboardpc:55195
[rosmaster.master][INFO] 2019-01-11 09:32:09,668: +SUB [/scan] /rviz_1547206296461272366 http://onboardpc:36157/
[rosmaster.master][INFO] 2019-01-11 09:32:40,599: +SUB [/display_robot_state] /rviz_1547206296461272366 http://onboardpc:36157/
[rosmaster.master][INFO] 2019-01-11 09:32:44,790: -SUB [/display_robot_state] /rviz_1547206296461272366 http://onboardpc:36157/
[rosmaster.master][INFO] 2019-01-11 09:32:47,157: -SUB [/scan] /rviz_1547206296461272366 http://onboardpc:36157/
[rosmaster.master][INFO] 2019-01-11 09:33:43,061: -PUB [/feedback] /rviz_1547206296461272366 http://onboardpc:36157/
[rosmaster.master][INFO] 2019-01-11 09:33:43,069: -PUB [/planning_scene_world] /rviz_1547206296461272366 http://onboardpc:36157/
[rosmaster.master][INFO] 2019-01-11 09:33:43,070: -SUB [/recognized_object_array] /rviz_1547206296461272366 http://onboardpc:36157/
[rosmaster.master][INFO] 2019-01-11 09:33:43,072: -PUB [/planning_scene] /rviz_1547206296461272366 http://onboardpc:36157/
[rosmaster.master][INFO] 2019-01-11 09:33:43,077: -SUB [/move_group/display_planned_path] /rviz_1547206296461272366 http://onboardpc:36157/
[rosmaster.master][INFO] 2019-01-11 09:33:43,079: -PUB [/clicked_point] /rviz_1547206296461272366 http://onboardpc:36157/
[rosmaster.master][INFO] 2019-01-11 09:33:43,082: -PUB [/move_base_simple/goal] /rviz_1547206296461272366 http://onboardpc:36157/
[rosmaster.master][INFO] 2019-01-11 09:33:43,085: -PUB [/initialpose] /rviz_1547206296461272366 http://onboardpc:36157/
[rosmaster.master][INFO] 2019-01-11 09:33:43,092: -SUB [/tf_static] /rviz_1547206296461272366 http://onboardpc:36157/
[rosmaster.master][INFO] 2019-01-11 09:33:43,094: -SUB [/tf] /rviz_1547206296461272366 http://onboardpc:36157/
[rosmaster.master][INFO] 2019-01-11 09:33:43,102: -SERVICE [/rviz_1547206296461272366/reload_shaders] /rviz_1547206296461272366 rosrpc://onboardpc:55195
[rosmaster.master][INFO] 2019-01-11 09:33:43,208: -PUB [/rosout] /rviz_1547206296461272366 http://onboardpc:36157/
[rosmaster.master][INFO] 2019-01-11 09:33:43,212: -SERVICE [/rviz_1547206296461272366/get_loggers] /rviz_1547206296461272366 rosrpc://onboardpc:55195
[rosmaster.master][INFO] 2019-01-11 09:33:43,215: -SERVICE [/rviz_1547206296461272366/set_logger_level] /rviz_1547206296461272366 rosrpc://onboardpc:55195
[rosmaster.master][INFO] 2019-01-11 09:33:43,243: publisherUpdate[/rosout] -> http://onboardpc:34177/ ['http://onboardpc:40847/', 'http://onboardpc:37267/', 'http://onboardpc:39843/', 'http://onboardpc:36005/', 'http://10.0.126.200:39673/']
[rosmaster.master][INFO] 2019-01-11 09:33:43,244: publisherUpdate[/rosout] -> http://onboardpc:34177/ ['http://onboardpc:40847/', 'http://onboardpc:37267/', 'http://onboardpc:39843/', 'http://onboardpc:36005/', 'http://10.0.126.200:39673/']: sec=0.00, result=[1, '', 0]
[rosmaster.master][INFO] 2019-01-11 09:34:02,537: -PUB [/rosout] /RosAria http://onboardpc:40847/
[rosmaster.master][INFO] 2019-01-11 09:34:02,539: -PUB [/tf] /RosAria http://onboardpc:40847/
[rosmaster.master][INFO] 2019-01-11 09:34:02,540: -PUB [/RosAria/pose] /RosAria http://onboardpc:40847/
[rosmaster.master][INFO] 2019-01-11 09:34:02,541: -PUB [/RosAria/bumper_state] /RosAria http://onboardpc:40847/
[rosmaster.master][INFO] 2019-01-11 09:34:02,542: -PUB [/RosAria/sonar] /RosAria http://onboardpc:40847/
[rosmaster.master][INFO] 2019-01-11 09:34:02,543: -PUB [/RosAria/sonar_pointcloud2] /RosAria http://onboardpc:40847/
[rosmaster.master][INFO] 2019-01-11 09:34:02,544: -PUB [/RosAria/battery_voltage] /RosAria http://onboardpc:40847/
[rosmaster.master][INFO] 2019-01-11 09:34:02,545: -PUB [/RosAria/battery_recharge_state] /RosAria http://onboardpc:40847/
[rosmaster.master][INFO] 2019-01-11 09:34:02,546: -PUB [/RosAria/battery_state_of_charge] /RosAria http://onboardpc:40847/
[rosmaster.master][INFO] 2019-01-11 09:34:02,546: -PUB [/RosAria/motors_state] /RosAria http://onboardpc:40847/
[rosmaster.master][INFO] 2019-01-11 09:34:02,547: -PUB [/RosAria/parameter_descriptions] /RosAria http://onboardpc:40847/
[rosmaster.master][INFO] 2019-01-11 09:34:02,548: -PUB [/RosAria/parameter_updates] /RosAria http://onboardpc:40847/
[rosmaster.master][INFO] 2019-01-11 09:34:02,549: -SUB [/RosAria/cmd_vel] /RosAria http://onboardpc:40847/
[rosmaster.master][INFO] 2019-01-11 09:34:02,550: -SERVICE [/RosAria/get_loggers] /RosAria rosrpc://onboardpc:45969
[rosmaster.master][INFO] 2019-01-11 09:34:02,551: -SERVICE [/RosAria/set_logger_level] /RosAria rosrpc://onboardpc:45969
[rosmaster.master][INFO] 2019-01-11 09:34:02,552: -SERVICE [/RosAria/enable_motors] /RosAria rosrpc://onboardpc:45969
[rosmaster.master][INFO] 2019-01-11 09:34:02,553: -SERVICE [/RosAria/disable_motors] /RosAria rosrpc://onboardpc:45969
[rosmaster.master][INFO] 2019-01-11 09:34:02,554: -SERVICE [/RosAria/set_parameters] /RosAria rosrpc://onboardpc:45969
[rosmaster.master][INFO] 2019-01-11 09:34:02,579: publisherUpdate[/rosout] -> http://onboardpc:34177/ ['http://onboardpc:37267/', 'http://onboardpc:39843/', 'http://onboardpc:36005/', 'http://10.0.126.200:39673/']
[rosmaster.master][INFO] 2019-01-11 09:34:02,580: publisherUpdate[/rosout] -> http://onboardpc:34177/ ['http://onboardpc:37267/', 'http://onboardpc:39843/', 'http://onboardpc:36005/', 'http://10.0.126.200:39673/']: sec=0.00, result=[1, '', 0]
[rosmaster.master][INFO] 2019-01-11 09:34:02,580: publisherUpdate[/tf] -> http://10.0.126.200:39673/ []
[rosmaster.master][INFO] 2019-01-11 09:34:03,748: publisherUpdate[/tf] -> http://10.0.126.200:39673/ []: sec=1.17, result=[1, '', 0]
[rosmaster.master][INFO] 2019-01-11 09:34:07,319: -SUB [/scan] /rviz_1547206187812434383 http://10.0.126.200:39673/
[rosmaster.master][INFO] 2019-01-11 09:34:07,331: -PUB [/clicked_point] /rviz_1547206187812434383 http://10.0.126.200:39673/
[rosmaster.master][INFO] 2019-01-11 09:34:07,341: -PUB [/move_base_simple/goal] /rviz_1547206187812434383 http://10.0.126.200:39673/
[rosmaster.master][INFO] 2019-01-11 09:34:07,350: -PUB [/initialpose] /rviz_1547206187812434383 http://10.0.126.200:39673/
[rosmaster.master][INFO] 2019-01-11 09:34:07,367: -SUB [/tf_static] /rviz_1547206187812434383 http://10.0.126.200:39673/
[rosmaster.master][INFO] 2019-01-11 09:34:07,390: -SUB [/tf] /rviz_1547206187812434383 http://10.0.126.200:39673/
[rosmaster.master][INFO] 2019-01-11 09:34:07,397: -SERVICE [/rviz_1547206187812434383/reload_shaders] /rviz_1547206187812434383 rosrpc://10.0.126.200:53051
[rosmaster.master][INFO] 2019-01-11 09:34:08,559: -PUB [/rosout] /rviz_1547206187812434383 http://10.0.126.200:39673/
[rosmaster.master][INFO] 2019-01-11 09:34:08,606: publisherUpdate[/rosout] -> http://onboardpc:34177/ ['http://onboardpc:37267/', 'http://onboardpc:39843/', 'http://onboardpc:36005/']
[rosmaster.master][INFO] 2019-01-11 09:34:08,608: publisherUpdate[/rosout] -> http://onboardpc:34177/ ['http://onboardpc:37267/', 'http://onboardpc:39843/', 'http://onboardpc:36005/']: sec=0.00, result=[1, '', 0]
[rosmaster.master][INFO] 2019-01-11 09:34:09,584: -SERVICE [/rviz_1547206187812434383/get_loggers] /rviz_1547206187812434383 rosrpc://10.0.126.200:53051
[rosmaster.master][INFO] 2019-01-11 09:34:09,599: -SERVICE [/rviz_1547206187812434383/set_logger_level] /rviz_1547206187812434383 rosrpc://10.0.126.200:53051
[rosmaster.master][INFO] 2019-01-11 09:34:13,862: -PUB [/rosout] /lms1xx http://onboardpc:37267/
[rosmaster.master][INFO] 2019-01-11 09:34:13,865: -PUB [/scan] /lms1xx http://onboardpc:37267/
[rosmaster.master][INFO] 2019-01-11 09:34:13,868: -SERVICE [/lms1xx/get_loggers] /lms1xx rosrpc://onboardpc:33927
[rosmaster.master][INFO] 2019-01-11 09:34:13,869: publisherUpdate[/rosout] -> http://onboardpc:34177/ ['http://onboardpc:39843/', 'http://onboardpc:36005/']
[rosmaster.master][INFO] 2019-01-11 09:34:13,871: -SERVICE [/lms1xx/set_logger_level] /lms1xx rosrpc://onboardpc:33927
[rosmaster.master][INFO] 2019-01-11 09:34:13,872: publisherUpdate[/rosout] -> http://onboardpc:34177/ ['http://onboardpc:39843/', 'http://onboardpc:36005/']: sec=0.00, result=[1, '', 0]
[rosmaster.master][INFO] 2019-01-11 09:34:37,962: +PUB [/rosout] /RosAria http://onboardpc:43051/
[rosmaster.master][INFO] 2019-01-11 09:34:37,963: +SERVICE [/RosAria/get_loggers] /RosAria http://onboardpc:43051/
[rosmaster.master][INFO] 2019-01-11 09:34:37,964: +SERVICE [/RosAria/set_logger_level] /RosAria http://onboardpc:43051/
[rosmaster.master][INFO] 2019-01-11 09:34:37,965: publisherUpdate[/rosout] -> http://onboardpc:34177/ ['http://onboardpc:39843/', 'http://onboardpc:36005/', 'http://onboardpc:43051/']
[rosmaster.master][INFO] 2019-01-11 09:34:37,966: publisherUpdate[/rosout] -> http://onboardpc:34177/ ['http://onboardpc:39843/', 'http://onboardpc:36005/', 'http://onboardpc:43051/']: sec=0.00, result=[1, '', 0]
[rosmaster.master][INFO] 2019-01-11 09:34:37,968: +PUB [/tf] /RosAria http://onboardpc:43051/
[rosmaster.master][INFO] 2019-01-11 09:34:37,979: +PUB [/RosAria/pose] /RosAria http://onboardpc:43051/
[rosmaster.master][INFO] 2019-01-11 09:34:37,980: +PUB [/RosAria/bumper_state] /RosAria http://onboardpc:43051/
[rosmaster.master][INFO] 2019-01-11 09:34:37,981: +PUB [/RosAria/sonar] /RosAria http://onboardpc:43051/
[rosmaster.master][INFO] 2019-01-11 09:34:37,982: +PUB [/RosAria/sonar_pointcloud2] /RosAria http://onboardpc:43051/
[rosmaster.master][INFO] 2019-01-11 09:34:37,984: +PUB [/RosAria/battery_voltage] /RosAria http://onboardpc:43051/
[rosmaster.master][INFO] 2019-01-11 09:34:37,985: +PUB [/RosAria/battery_recharge_state] /RosAria http://onboardpc:43051/
[rosmaster.master][INFO] 2019-01-11 09:34:37,986: +PUB [/RosAria/battery_state_of_charge] /RosAria http://onboardpc:43051/
[rosmaster.master][INFO] 2019-01-11 09:34:37,987: +PUB [/RosAria/motors_state] /RosAria http://onboardpc:43051/
[rosmaster.master][INFO] 2019-01-11 09:34:37,988: +SERVICE [/RosAria/enable_motors] /RosAria http://onboardpc:43051/
[rosmaster.master][INFO] 2019-01-11 09:34:37,989: +SERVICE [/RosAria/disable_motors] /RosAria http://onboardpc:43051/
[rosmaster.master][INFO] 2019-01-11 09:34:38,791: +SERVICE [/RosAria/set_parameters] /RosAria http://onboardpc:43051/
[rosmaster.master][INFO] 2019-01-11 09:34:38,792: +PUB [/RosAria/parameter_descriptions] /RosAria http://onboardpc:43051/
[rosmaster.master][INFO] 2019-01-11 09:34:38,794: +PUB [/RosAria/parameter_updates] /RosAria http://onboardpc:43051/
[rosmaster.master][INFO] 2019-01-11 09:34:38,805: +PARAM [/RosAria/trans_accel] by /RosAria
[rosmaster.master][INFO] 2019-01-11 09:34:38,806: +PARAM [/RosAria/trans_decel] by /RosAria
[rosmaster.master][INFO] 2019-01-11 09:34:38,807: +PARAM [/RosAria/lat_accel] by /RosAria
[rosmaster.master][INFO] 2019-01-11 09:34:38,809: +PARAM [/RosAria/lat_decel] by /RosAria
[rosmaster.master][INFO] 2019-01-11 09:34:38,810: +PARAM [/RosAria/rot_accel] by /RosAria
[rosmaster.master][INFO] 2019-01-11 09:34:38,811: +PARAM [/RosAria/rot_decel] by /RosAria
[rosmaster.master][INFO] 2019-01-11 09:34:38,812: +PARAM [/RosAria/TicksMM] by /RosAria
[rosmaster.master][INFO] 2019-01-11 09:34:38,813: +PARAM [/RosAria/DriftFactor] by /RosAria
[rosmaster.master][INFO] 2019-01-11 09:34:38,815: +PARAM [/RosAria/RevCount] by /RosAria
[rosmaster.master][INFO] 2019-01-11 09:34:38,817: +PARAM [/RosAria/trans_accel] by /RosAria
[rosmaster.master][INFO] 2019-01-11 09:34:38,818: +PARAM [/RosAria/trans_decel] by /RosAria
[rosmaster.master][INFO] 2019-01-11 09:34:38,820: +PARAM [/RosAria/lat_accel] by /RosAria
[rosmaster.master][INFO] 2019-01-11 09:34:38,821: +PARAM [/RosAria/lat_decel] by /RosAria
[rosmaster.master][INFO] 2019-01-11 09:34:38,822: +PARAM [/RosAria/rot_accel] by /RosAria
[rosmaster.master][INFO] 2019-01-11 09:34:38,824: +PARAM [/RosAria/rot_decel] by /RosAria
[rosmaster.master][INFO] 2019-01-11 09:34:38,825: +PARAM [/RosAria/TicksMM] by /RosAria
[rosmaster.master][INFO] 2019-01-11 09:34:38,826: +PARAM [/RosAria/DriftFactor] by /RosAria
[rosmaster.master][INFO] 2019-01-11 09:34:38,827: +PARAM [/RosAria/RevCount] by /RosAria
[rosmaster.master][INFO] 2019-01-11 09:34:38,834: +SUB [/RosAria/cmd_vel] /RosAria http://onboardpc:43051/
[rosmaster.master][INFO] 2019-01-11 09:34:46,219: +PARAM [/lms1xx/host] by /lms1xx
[rosmaster.master][INFO] 2019-01-11 09:34:46,222: +PUB [/rosout] /lms1xx http://onboardpc:34789/
[rosmaster.master][INFO] 2019-01-11 09:34:46,223: +SERVICE [/lms1xx/get_loggers] /lms1xx http://onboardpc:34789/
[rosmaster.master][INFO] 2019-01-11 09:34:46,224: +SERVICE [/lms1xx/set_logger_level] /lms1xx http://onboardpc:34789/
[rosmaster.master][INFO] 2019-01-11 09:34:46,226: +PUB [/scan] /lms1xx http://onboardpc:34789/
[rosmaster.master][INFO] 2019-01-11 09:34:46,237: publisherUpdate[/rosout] -> http://onboardpc:34177/ ['http://onboardpc:39843/', 'http://onboardpc:36005/', 'http://onboardpc:43051/', 'http://onboardpc:34789/']
[rosmaster.master][INFO] 2019-01-11 09:34:46,238: publisherUpdate[/rosout] -> http://onboardpc:34177/ ['http://onboardpc:39843/', 'http://onboardpc:36005/', 'http://onboardpc:43051/', 'http://onboardpc:34789/']: sec=0.00, result=[1, '', 0]
[rosmaster.master][INFO] 2019-01-11 09:38:04,345: -PUB [/rosout] /RosAria http://onboardpc:43051/
[rosmaster.master][INFO] 2019-01-11 09:38:04,346: -PUB [/tf] /RosAria http://onboardpc:43051/
[rosmaster.master][INFO] 2019-01-11 09:38:04,347: -PUB [/RosAria/pose] /RosAria http://onboardpc:43051/
[rosmaster.master][INFO] 2019-01-11 09:38:04,348: -PUB [/RosAria/bumper_state] /RosAria http://onboardpc:43051/
[rosmaster.master][INFO] 2019-01-11 09:38:04,349: -PUB [/RosAria/sonar] /RosAria http://onboardpc:43051/
[rosmaster.master][INFO] 2019-01-11 09:38:04,350: -PUB [/RosAria/sonar_pointcloud2] /RosAria http://onboardpc:43051/
[rosmaster.master][INFO] 2019-01-11 09:38:04,351: -PUB [/RosAria/battery_voltage] /RosAria http://onboardpc:43051/
[rosmaster.master][INFO] 2019-01-11 09:38:04,352: -PUB [/RosAria/battery_recharge_state] /RosAria http://onboardpc:43051/
[rosmaster.master][INFO] 2019-01-11 09:38:04,353: -PUB [/RosAria/battery_state_of_charge] /RosAria http://onboardpc:43051/
[rosmaster.master][INFO] 2019-01-11 09:38:04,354: -PUB [/RosAria/motors_state] /RosAria http://onboardpc:43051/
[rosmaster.master][INFO] 2019-01-11 09:38:04,355: publisherUpdate[/rosout] -> http://onboardpc:34177/ ['http://onboardpc:39843/', 'http://onboardpc:36005/', 'http://onboardpc:34789/']
[rosmaster.master][INFO] 2019-01-11 09:38:04,355: publisherUpdate[/rosout] -> http://onboardpc:34177/ ['http://onboardpc:39843/', 'http://onboardpc:36005/', 'http://onboardpc:34789/']: sec=0.00, result=[1, '', 0]
[rosmaster.master][INFO] 2019-01-11 09:38:04,356: -PUB [/RosAria/parameter_descriptions] /RosAria http://onboardpc:43051/
[rosmaster.master][INFO] 2019-01-11 09:38:04,357: -PUB [/RosAria/parameter_updates] /RosAria http://onboardpc:43051/
[rosmaster.master][INFO] 2019-01-11 09:38:04,357: -SUB [/RosAria/cmd_vel] /RosAria http://onboardpc:43051/
[rosmaster.master][INFO] 2019-01-11 09:38:04,359: -SERVICE [/RosAria/get_loggers] /RosAria rosrpc://onboardpc:56857
[rosmaster.master][INFO] 2019-01-11 09:38:04,359: -SERVICE [/RosAria/set_logger_level] /RosAria rosrpc://onboardpc:56857
[rosmaster.master][INFO] 2019-01-11 09:38:04,361: -SERVICE [/RosAria/enable_motors] /RosAria rosrpc://onboardpc:56857
[rosmaster.master][INFO] 2019-01-11 09:38:04,361: -SERVICE [/RosAria/disable_motors] /RosAria rosrpc://onboardpc:56857
[rosmaster.master][INFO] 2019-01-11 09:38:04,362: -SERVICE [/RosAria/set_parameters] /RosAria rosrpc://onboardpc:56857
[rosmaster.master][INFO] 2019-01-11 09:39:07,482: +PUB [/rosout] /rosarnl_node http://onboardpc:45179/
[rosmaster.master][INFO] 2019-01-11 09:39:07,484: +SERVICE [/rosarnl_node/get_loggers] /rosarnl_node http://onboardpc:45179/
[rosmaster.master][INFO] 2019-01-11 09:39:07,485: +SERVICE [/rosarnl_node/set_logger_level] /rosarnl_node http://onboardpc:45179/
[rosmaster.master][INFO] 2019-01-11 09:39:07,488: +PUB [/tf] /rosarnl_node http://onboardpc:45179/
[rosmaster.master][INFO] 2019-01-11 09:39:07,491: +PUB [/rosarnl_node/motors_state] /rosarnl_node http://onboardpc:45179/
[rosmaster.master][INFO] 2019-01-11 09:39:07,492: +PUB [/rosarnl_node/amcl_pose] /rosarnl_node http://onboardpc:45179/
[rosmaster.master][INFO] 2019-01-11 09:39:07,493: +SERVICE [/rosarnl_node/enable_motors] /rosarnl_node http://onboardpc:45179/
[rosmaster.master][INFO] 2019-01-11 09:39:07,494: +SERVICE [/rosarnl_node/disable_motors] /rosarnl_node http://onboardpc:45179/
[rosmaster.master][INFO] 2019-01-11 09:39:07,495: +SERVICE [/rosarnl_node/wander] /rosarnl_node http://onboardpc:45179/
[rosmaster.master][INFO] 2019-01-11 09:39:07,496: +SERVICE [/rosarnl_node/stop] /rosarnl_node http://onboardpc:45179/
[rosmaster.master][INFO] 2019-01-11 09:39:07,497: +SERVICE [/rosarnl_node/dock] /rosarnl_node http://onboardpc:45179/
[rosmaster.master][INFO] 2019-01-11 09:39:07,498: +SERVICE [/rosarnl_node/make_plan] /rosarnl_node http://onboardpc:45179/
[rosmaster.master][INFO] 2019-01-11 09:39:07,499: +SERVICE [/rosarnl_node/global_localization] /rosarnl_node http://onboardpc:45179/
[rosmaster.master][INFO] 2019-01-11 09:39:07,500: +SERVICE [/rosarnl_node/load_map_file] /rosarnl_node http://onboardpc:45179/
[rosmaster.master][INFO] 2019-01-11 09:39:07,505: +SUB [/rosarnl_node/initialpose] /rosarnl_node http://onboardpc:45179/
[rosmaster.master][INFO] 2019-01-11 09:39:07,506: +PUB [/rosarnl_node/arnl_server_mode] /rosarnl_node http://onboardpc:45179/
[rosmaster.master][INFO] 2019-01-11 09:39:07,507: +PUB [/rosarnl_node/arnl_server_status] /rosarnl_node http://onboardpc:45179/
[rosmaster.master][INFO] 2019-01-11 09:39:07,508: +PUB [/rosarnl_node/arnl_path_state] /rosarnl_node http://onboardpc:45179/
[rosmaster.master][INFO] 2019-01-11 09:39:07,509: +PUB [/rosarnl_node/bumper_state] /rosarnl_node http://onboardpc:45179/
[rosmaster.master][INFO] 2019-01-11 09:39:07,510: +PUB [/rosarnl_node/battery_status] /rosarnl_node http://onboardpc:45179/
[rosmaster.master][INFO] 2019-01-11 09:39:07,514: +SUB [/rosarnl_node/move_base_simple/goal] /rosarnl_node http://onboardpc:45179/
[rosmaster.master][INFO] 2019-01-11 09:39:07,519: +SUB [/rosarnl_node/goalname] /rosarnl_node http://onboardpc:45179/
[rosmaster.master][INFO] 2019-01-11 09:39:07,521: +PUB [/rosarnl_node/current_goal] /rosarnl_node http://onboardpc:45179/
[rosmaster.master][INFO] 2019-01-11 09:39:07,525: publisherUpdate[/rosout] -> http://onboardpc:34177/ ['http://onboardpc:39843/', 'http://onboardpc:36005/', 'http://onboardpc:34789/', 'http://onboardpc:45179/']
[rosmaster.master][INFO] 2019-01-11 09:39:07,525: +SUB [/rosarnl_node/jog_position_simple/goal] /rosarnl_node http://onboardpc:45179/
[rosmaster.master][INFO] 2019-01-11 09:39:07,526: publisherUpdate[/rosout] -> http://onboardpc:34177/ ['http://onboardpc:39843/', 'http://onboardpc:36005/', 'http://onboardpc:34789/', 'http://onboardpc:45179/']: sec=0.00, result=[1, '', 0]
[rosmaster.master][INFO] 2019-01-11 09:39:07,529: +PUB [/rosarnl_node/move_base/result] /rosarnl_node http://onboardpc:45179/
[rosmaster.master][INFO] 2019-01-11 09:39:07,530: +PUB [/rosarnl_node/move_base/feedback] /rosarnl_node http://onboardpc:45179/
[rosmaster.master][INFO] 2019-01-11 09:39:07,531: +PUB [/rosarnl_node/move_base/status] /rosarnl_node http://onboardpc:45179/
[rosmaster.master][INFO] 2019-01-11 09:39:07,538: +SUB [/rosarnl_node/move_base/goal] /rosarnl_node http://onboardpc:45179/
[rosmaster.master][INFO] 2019-01-11 09:39:07,544: +SUB [/rosarnl_node/move_base/cancel] /rosarnl_node http://onboardpc:45179/
[rosmaster.master][INFO] 2019-01-11 09:39:07,547: +PUB [/rosarnl_node/jog_position/result] /rosarnl_node http://onboardpc:45179/
[rosmaster.master][INFO] 2019-01-11 09:39:07,548: +PUB [/rosarnl_node/jog_position/feedback] /rosarnl_node http://onboardpc:45179/
[rosmaster.master][INFO] 2019-01-11 09:39:07,549: +PUB [/rosarnl_node/jog_position/status] /rosarnl_node http://onboardpc:45179/
[rosmaster.master][INFO] 2019-01-11 09:39:07,555: +SUB [/rosarnl_node/jog_position/goal] /rosarnl_node http://onboardpc:45179/
[rosmaster.master][INFO] 2019-01-11 09:39:07,560: +SUB [/rosarnl_node/jog_position/cancel] /rosarnl_node http://onboardpc:45179/
[rosmaster.master][INFO] 2019-01-11 09:39:07,562: +PUB [/rosarnl_node/lms1xx_1_laserscan] /rosarnl_node http://onboardpc:45179/
[rosmaster.master][INFO] 2019-01-11 09:39:07,563: +PUB [/rosarnl_node/lms1xx_1_pointcloud] /rosarnl_node http://onboardpc:45179/
[rosmaster.master][INFO] 2019-01-11 09:39:08,730: -PUB [/rosout] /lms1xx http://onboardpc:34789/
[rosmaster.master][INFO] 2019-01-11 09:39:08,730: publisherUpdate[/rosout] -> http://onboardpc:34177/ ['http://onboardpc:39843/', 'http://onboardpc:36005/', 'http://onboardpc:45179/']
[rosmaster.master][INFO] 2019-01-11 09:39:08,733: -PUB [/scan] /lms1xx http://onboardpc:34789/
[rosmaster.master][INFO] 2019-01-11 09:39:08,734: publisherUpdate[/rosout] -> http://onboardpc:34177/ ['http://onboardpc:39843/', 'http://onboardpc:36005/', 'http://onboardpc:45179/']: sec=0.00, result=[1, '', 0]
[rosmaster.master][INFO] 2019-01-11 09:39:08,736: -SERVICE [/lms1xx/get_loggers] /lms1xx rosrpc://onboardpc:48133
[rosmaster.master][INFO] 2019-01-11 09:39:08,737: -SERVICE [/lms1xx/set_logger_level] /lms1xx rosrpc://onboardpc:48133
[rosmaster.master][INFO] 2019-01-11 09:41:54,105: +PUB [/rosout] /rostopic_3884_1547206913926 http://onboardpc:33821/
[rosmaster.master][INFO] 2019-01-11 09:41:54,109: +SERVICE [/rostopic_3884_1547206913926/get_loggers] /rostopic_3884_1547206913926 http://onboardpc:33821/
[rosmaster.master][INFO] 2019-01-11 09:41:54,111: +SERVICE [/rostopic_3884_1547206913926/set_logger_level] /rostopic_3884_1547206913926 http://onboardpc:33821/
[rosmaster.master][INFO] 2019-01-11 09:41:54,126: publisherUpdate[/rosout] -> http://onboardpc:34177/ ['http://onboardpc:39843/', 'http://onboardpc:36005/', 'http://onboardpc:45179/', 'http://onboardpc:33821/']
[rosmaster.master][INFO] 2019-01-11 09:41:54,127: publisherUpdate[/rosout] -> http://onboardpc:34177/ ['http://onboardpc:39843/', 'http://onboardpc:36005/', 'http://onboardpc:45179/', 'http://onboardpc:33821/']: sec=0.00, result=[1, '', 0]
[rosmaster.master][INFO] 2019-01-11 09:41:54,138: +SUB [/rosarnl_node/amcl_pose] /rostopic_3884_1547206913926 http://onboardpc:33821/
[rosmaster.master][INFO] 2019-01-11 09:41:59,637: -SUB [/rosarnl_node/amcl_pose] /rostopic_3884_1547206913926 http://onboardpc:33821/
[rosmaster.master][INFO] 2019-01-11 09:41:59,637: -PUB [/rosout] /rostopic_3884_1547206913926 http://onboardpc:33821/
[rosmaster.master][INFO] 2019-01-11 09:41:59,638: -SERVICE [/rostopic_3884_1547206913926/get_loggers] /rostopic_3884_1547206913926 rosrpc://onboardpc:35925
[rosmaster.master][INFO] 2019-01-11 09:41:59,638: -SERVICE [/rostopic_3884_1547206913926/set_logger_level] /rostopic_3884_1547206913926 rosrpc://onboardpc:35925
[rosmaster.master][INFO] 2019-01-11 09:41:59,640: publisherUpdate[/rosout] -> http://onboardpc:34177/ ['http://onboardpc:39843/', 'http://onboardpc:36005/', 'http://onboardpc:45179/']
[rosmaster.master][INFO] 2019-01-11 09:41:59,644: publisherUpdate[/rosout] -> http://onboardpc:34177/ ['http://onboardpc:39843/', 'http://onboardpc:36005/', 'http://onboardpc:45179/']: sec=0.00, result=[1, '', 0]
[rosmaster.master][INFO] 2019-01-11 09:42:43,703: +PUB [/rosout] /rviz_1547206963699483957 http://onboardpc:35553/
[rosmaster.master][INFO] 2019-01-11 09:42:43,704: +SERVICE [/rviz_1547206963699483957/get_loggers] /rviz_1547206963699483957 http://onboardpc:35553/
[rosmaster.master][INFO] 2019-01-11 09:42:43,705: +SERVICE [/rviz_1547206963699483957/set_logger_level] /rviz_1547206963699483957 http://onboardpc:35553/
[rosmaster.master][INFO] 2019-01-11 09:42:43,720: publisherUpdate[/rosout] -> http://onboardpc:34177/ ['http://onboardpc:39843/', 'http://onboardpc:36005/', 'http://onboardpc:45179/', 'http://onboardpc:35553/']
[rosmaster.master][INFO] 2019-01-11 09:42:43,722: publisherUpdate[/rosout] -> http://onboardpc:34177/ ['http://onboardpc:39843/', 'http://onboardpc:36005/', 'http://onboardpc:45179/', 'http://onboardpc:35553/']: sec=0.00, result=[1, '', 0]
[rosmaster.master][INFO] 2019-01-11 09:42:44,117: +SUB [/tf] /rviz_1547206963699483957 http://onboardpc:35553/
[rosmaster.master][INFO] 2019-01-11 09:42:44,124: +SUB [/tf_static] /rviz_1547206963699483957 http://onboardpc:35553/
[rosmaster.master][INFO] 2019-01-11 09:42:44,205: +PUB [/initialpose] /rviz_1547206963699483957 http://onboardpc:35553/
[rosmaster.master][INFO] 2019-01-11 09:42:44,208: +PUB [/goal] /rviz_1547206963699483957 http://onboardpc:35553/
[rosmaster.master][INFO] 2019-01-11 09:42:44,409: +PUB [/planning_scene] /rviz_1547206963699483957 http://onboardpc:35553/
[rosmaster.master][INFO] 2019-01-11 09:42:44,410: +PUB [/planning_scene_world] /rviz_1547206963699483957 http://onboardpc:35553/
[rosmaster.master][INFO] 2019-01-11 09:42:44,417: +SUB [/recognize_objects/status] /rviz_1547206963699483957 http://onboardpc:35553/
[rosmaster.master][INFO] 2019-01-11 09:42:44,422: +SUB [/recognize_objects/feedback] /rviz_1547206963699483957 http://onboardpc:35553/
[rosmaster.master][INFO] 2019-01-11 09:42:44,427: +SUB [/recognize_objects/result] /rviz_1547206963699483957 http://onboardpc:35553/
[rosmaster.master][INFO] 2019-01-11 09:42:44,428: +PUB [/recognize_objects/goal] /rviz_1547206963699483957 http://onboardpc:35553/
[rosmaster.master][INFO] 2019-01-11 09:42:44,429: +PUB [/recognize_objects/cancel] /rviz_1547206963699483957 http://onboardpc:35553/
[rosmaster.master][INFO] 2019-01-11 09:42:44,434: +SUB [/recognized_object_array] /rviz_1547206963699483957 http://onboardpc:35553/
[rosmaster.master][INFO] 2019-01-11 09:42:47,451: -SUB [/recognize_objects/status] /rviz_1547206963699483957 http://onboardpc:35553/
[rosmaster.master][INFO] 2019-01-11 09:42:47,453: -PUB [/recognize_objects/cancel] /rviz_1547206963699483957 http://onboardpc:35553/
[rosmaster.master][INFO] 2019-01-11 09:42:47,454: -PUB [/recognize_objects/goal] /rviz_1547206963699483957 http://onboardpc:35553/
[rosmaster.master][INFO] 2019-01-11 09:42:47,455: -SUB [/recognize_objects/feedback] /rviz_1547206963699483957 http://onboardpc:35553/
[rosmaster.master][INFO] 2019-01-11 09:42:47,457: -SUB [/recognize_objects/result] /rviz_1547206963699483957 http://onboardpc:35553/
[rosmaster.master][INFO] 2019-01-11 09:42:47,479: +SUB [/move_group/display_planned_path] /rviz_1547206963699483957 http://onboardpc:35553/
[rosmaster.master][INFO] 2019-01-11 09:42:47,480: +PUB [/feedback] /rviz_1547206963699483957 http://onboardpc:35553/
[rosmaster.master][INFO] 2019-01-11 09:42:47,482: -PUB [/feedback] /rviz_1547206963699483957 http://onboardpc:35553/
[rosmaster.master][INFO] 2019-01-11 09:42:47,483: +PUB [/feedback] /rviz_1547206963699483957 http://onboardpc:35553/
[rosmaster.master][INFO] 2019-01-11 09:42:47,488: -PUB [/goal] /rviz_1547206963699483957 http://onboardpc:35553/
[rosmaster.master][INFO] 2019-01-11 09:42:47,489: -PUB [/initialpose] /rviz_1547206963699483957 http://onboardpc:35553/
[rosmaster.master][INFO] 2019-01-11 09:42:47,496: +PUB [/initialpose] /rviz_1547206963699483957 http://onboardpc:35553/
[rosmaster.master][INFO] 2019-01-11 09:42:47,497: +PUB [/goal] /rviz_1547206963699483957 http://onboardpc:35553/
[rosmaster.master][INFO] 2019-01-11 09:42:47,499: +PUB [/move_base_simple/goal] /rviz_1547206963699483957 http://onboardpc:35553/
[rosmaster.master][INFO] 2019-01-11 09:42:47,500: -PUB [/goal] /rviz_1547206963699483957 http://onboardpc:35553/
[rosmaster.master][INFO] 2019-01-11 09:42:47,501: +PUB [/clicked_point] /rviz_1547206963699483957 http://onboardpc:35553/
[rosmaster.master][INFO] 2019-01-11 09:42:47,554: +SERVICE [/rviz_1547206963699483957/reload_shaders] /rviz_1547206963699483957 http://onboardpc:35553/
[rosmaster.master][INFO] 2019-01-11 09:42:47,834: +SERVICE [/rviz_1547206963699483957/motionplanning_planning_scene_monitor/set_parameters] /rviz_1547206963699483957 http://onboardpc:35553/
[rosmaster.master][INFO] 2019-01-11 09:42:47,836: +PUB [/rviz_1547206963699483957/motionplanning_planning_scene_monitor/parameter_descriptions] /rviz_1547206963699483957 http://onboardpc:35553/
[rosmaster.master][INFO] 2019-01-11 09:42:47,837: +PUB [/rviz_1547206963699483957/motionplanning_planning_scene_monitor/parameter_updates] /rviz_1547206963699483957 http://onboardpc:35553/
[rosmaster.master][INFO] 2019-01-11 09:42:47,845: +PARAM [/rviz_1547206963699483957/motionplanning_planning_scene_monitor/publish_planning_scene] by /rviz_1547206963699483957
[rosmaster.master][INFO] 2019-01-11 09:42:47,847: +PARAM [/rviz_1547206963699483957/motionplanning_planning_scene_monitor/publish_planning_scene_hz] by /rviz_1547206963699483957
[rosmaster.master][INFO] 2019-01-11 09:42:47,849: +PARAM [/rviz_1547206963699483957/motionplanning_planning_scene_monitor/publish_geometry_updates] by /rviz_1547206963699483957
[rosmaster.master][INFO] 2019-01-11 09:42:47,850: +PARAM [/rviz_1547206963699483957/motionplanning_planning_scene_monitor/publish_state_updates] by /rviz_1547206963699483957
[rosmaster.master][INFO] 2019-01-11 09:42:47,851: +PARAM [/rviz_1547206963699483957/motionplanning_planning_scene_monitor/publish_transforms_updates] by /rviz_1547206963699483957
[rosmaster.master][INFO] 2019-01-11 09:42:47,853: +PARAM [/rviz_1547206963699483957/motionplanning_planning_scene_monitor/publish_planning_scene] by /rviz_1547206963699483957
[rosmaster.master][INFO] 2019-01-11 09:42:47,855: +PARAM [/rviz_1547206963699483957/motionplanning_planning_scene_monitor/publish_planning_scene_hz] by /rviz_1547206963699483957
[rosmaster.master][INFO] 2019-01-11 09:42:47,859: +PARAM [/rviz_1547206963699483957/motionplanning_planning_scene_monitor/publish_geometry_updates] by /rviz_1547206963699483957
[rosmaster.master][INFO] 2019-01-11 09:42:47,868: +PARAM [/rviz_1547206963699483957/motionplanning_planning_scene_monitor/publish_state_updates] by /rviz_1547206963699483957
[rosmaster.master][INFO] 2019-01-11 09:42:47,869: +PARAM [/rviz_1547206963699483957/motionplanning_planning_scene_monitor/publish_transforms_updates] by /rviz_1547206963699483957
[rosmaster.master][INFO] 2019-01-11 09:42:47,933: -PUB [/rviz_1547206963699483957/motionplanning_planning_scene_monitor/parameter_descriptions] /rviz_1547206963699483957 http://onboardpc:35553/
[rosmaster.master][INFO] 2019-01-11 09:42:47,935: -PUB [/rviz_1547206963699483957/motionplanning_planning_scene_monitor/parameter_updates] /rviz_1547206963699483957 http://onboardpc:35553/
[rosmaster.master][INFO] 2019-01-11 09:42:47,936: -SERVICE [/rviz_1547206963699483957/motionplanning_planning_scene_monitor/set_parameters] /rviz_1547206963699483957 rosrpc://onboardpc:35781
[rosmaster.master][INFO] 2019-01-11 09:43:52,887: +SUB [/initialpose] /rviz_1547206963699483957 http://onboardpc:35553/
[rosmaster.master][INFO] 2019-01-11 09:44:06,961: +SUB [/rosarnl_node/amcl_pose] /rviz_1547206963699483957 http://onboardpc:35553/
[rosmaster.master][INFO] 2019-01-11 09:44:27,833: -SUB [/initialpose] /rviz_1547206963699483957 http://onboardpc:35553/
[rosmaster.master][INFO] 2019-01-11 09:44:30,268: +SUB [/display_robot_state] /rviz_1547206963699483957 http://onboardpc:35553/
[rosmaster.master][INFO] 2019-01-11 09:44:31,226: -SUB [/display_robot_state] /rviz_1547206963699483957 http://onboardpc:35553/
[rosmaster.master][INFO] 2019-01-11 09:44:44,773: +SUB [/rosarnl_node/lms1xx_1_laserscan] /rviz_1547206963699483957 http://onboardpc:35553/
[rosmaster.master][INFO] 2019-01-11 09:45:03,711: +SUB [/rosarnl_node/lms1xx_1_pointcloud] /rviz_1547206963699483957 http://onboardpc:35553/
[rosmaster.master][INFO] 2019-01-11 09:45:22,897: -PUB [/move_base_simple/goal] /rviz_1547206963699483957 http://onboardpc:35553/
[rosmaster.master][INFO] 2019-01-11 09:45:40,208: +PUB [/goal] /rviz_1547206963699483957 http://onboardpc:35553/
