[rosmaster.main][INFO] 2018-12-04 14:51:59,781: initialization complete, waiting for shutdown
[rosmaster.main][INFO] 2018-12-04 14:51:59,781: Starting ROS Master Node
[xmlrpc][INFO] 2018-12-04 14:51:59,782: XML-RPC server binding to 0.0.0.0:11311
[xmlrpc][INFO] 2018-12-04 14:51:59,782: Started XML-RPC server [http://onboardpc:11311/]
[rosmaster.master][INFO] 2018-12-04 14:51:59,783: Master initialized: port[11311], uri[http://onboardpc:11311/]
[xmlrpc][INFO] 2018-12-04 14:51:59,783: xml rpc node: starting XML-RPC server
[rosmaster.master][INFO] 2018-12-04 14:51:59,873: +PARAM [/run_id] by /roslaunch
[rosmaster.master][INFO] 2018-12-04 14:51:59,876: +PARAM [/roslaunch/uris/host_onboardpc__38631] by /roslaunch
[rosmaster.master][INFO] 2018-12-04 14:51:59,977: +PARAM [/rosversion] by /roslaunch
[rosmaster.master][INFO] 2018-12-04 14:51:59,977: +PARAM [/rosdistro] by /roslaunch
[rosmaster.master][INFO] 2018-12-04 14:51:59,987: +SERVICE [/rosout/get_loggers] /rosout http://onboardpc:45067/
[rosmaster.master][INFO] 2018-12-04 14:51:59,988: +SERVICE [/rosout/set_logger_level] /rosout http://onboardpc:45067/
[rosmaster.master][INFO] 2018-12-04 14:51:59,990: +PUB [/rosout_agg] /rosout http://onboardpc:45067/
[rosmaster.master][INFO] 2018-12-04 14:51:59,998: +SUB [/rosout] /rosout http://onboardpc:45067/
[rosmaster.master][INFO] 2018-12-04 14:52:54,760: +PARAM [/roslaunch/uris/host_onboardpc__33923] by /roslaunch
[rosmaster.master][INFO] 2018-12-04 14:52:54,774: +PARAM [/rosdistro] by /roslaunch
[rosmaster.master][INFO] 2018-12-04 14:52:54,774: +PARAM [/schunk_canopen_node/can_device_name] by /roslaunch
[rosmaster.master][INFO] 2018-12-04 14:52:54,774: +PARAM [/schunk_canopen_node/frequency] by /roslaunch
[rosmaster.master][INFO] 2018-12-04 14:52:54,774: +PARAM [/schunk_canopen_node/node_mapping_4] by /roslaunch
[rosmaster.master][INFO] 2018-12-04 14:52:54,774: +PARAM [/schunk_canopen_node/node_mapping_7] by /roslaunch
[rosmaster.master][INFO] 2018-12-04 14:52:54,774: +PARAM [/schunk_canopen_node/node_mapping_6] by /roslaunch
[rosmaster.master][INFO] 2018-12-04 14:52:54,775: +PARAM [/schunk_canopen_node/node_mapping_8] by /roslaunch
[rosmaster.master][INFO] 2018-12-04 14:52:54,775: +PARAM [/schunk_canopen_node/chain_arm] by /roslaunch
[rosmaster.master][INFO] 2018-12-04 14:52:54,775: +PARAM [/schunk_canopen_node/ppm_profile_velocity] by /roslaunch
[rosmaster.master][INFO] 2018-12-04 14:52:54,775: +PARAM [/schunk_canopen_node/ppm_profile_acceleration] by /roslaunch
[rosmaster.master][INFO] 2018-12-04 14:52:54,775: +PARAM [/rosversion] by /roslaunch
[rosmaster.master][INFO] 2018-12-04 14:52:54,775: +PARAM [/schunk_canopen_node/node_mapping_3] by /roslaunch
[rosmaster.master][INFO] 2018-12-04 14:52:54,776: +PARAM [/schunk_canopen_node/ppm_use_relative_targets] by /roslaunch
[rosmaster.master][INFO] 2018-12-04 14:52:54,776: +PARAM [/schunk_canopen_node/node_mapping_5] by /roslaunch
[rosmaster.master][INFO] 2018-12-04 14:52:54,776: +PARAM [/schunk_canopen_node/chain_names] by /roslaunch
[rosmaster.master][INFO] 2018-12-04 14:52:54,877: +PUB [/rosout] /schunk_canopen_node http://onboardpc:44903/
[rosmaster.master][INFO] 2018-12-04 14:52:54,878: +SERVICE [/schunk_canopen_node/get_loggers] /schunk_canopen_node http://onboardpc:44903/
[rosmaster.master][INFO] 2018-12-04 14:52:54,879: +SERVICE [/schunk_canopen_node/set_logger_level] /schunk_canopen_node http://onboardpc:44903/
[rosmaster.master][INFO] 2018-12-04 14:52:54,895: publisherUpdate[/rosout] -> http://onboardpc:45067/ ['http://onboardpc:44903/']
[rosmaster.master][INFO] 2018-12-04 14:52:54,897: publisherUpdate[/rosout] -> http://onboardpc:45067/ ['http://onboardpc:44903/']: sec=0.00, result=[1, '', 0]
[rosmaster.master][INFO] 2018-12-04 14:52:56,003: -PUB [/rosout] /schunk_canopen_node http://onboardpc:44903/
[rosmaster.master][INFO] 2018-12-04 14:52:56,007: -SERVICE [/schunk_canopen_node/get_loggers] /schunk_canopen_node rosrpc://onboardpc:44075
[rosmaster.master][INFO] 2018-12-04 14:52:56,009: -SERVICE [/schunk_canopen_node/set_logger_level] /schunk_canopen_node rosrpc://onboardpc:44075
[rosmaster.master][INFO] 2018-12-04 14:52:56,098: publisherUpdate[/rosout] -> http://onboardpc:45067/ []
[rosmaster.master][INFO] 2018-12-04 14:52:56,100: publisherUpdate[/rosout] -> http://onboardpc:45067/ []: sec=0.00, result=[1, '', 0]
[rosmaster.master][INFO] 2018-12-04 14:53:19,695: +PARAM [/roslaunch/uris/host_onboardpc__38893] by /roslaunch
[rosmaster.master][INFO] 2018-12-04 14:53:19,714: +PARAM [/rosdistro] by /roslaunch
[rosmaster.master][INFO] 2018-12-04 14:53:19,714: +PARAM [/schunk_canopen_node/can_device_name] by /roslaunch
[rosmaster.master][INFO] 2018-12-04 14:53:19,714: +PARAM [/schunk_canopen_node/frequency] by /roslaunch
[rosmaster.master][INFO] 2018-12-04 14:53:19,715: +PARAM [/schunk_canopen_node/node_mapping_4] by /roslaunch
[rosmaster.master][INFO] 2018-12-04 14:53:19,715: +PARAM [/schunk_canopen_node/node_mapping_7] by /roslaunch
[rosmaster.master][INFO] 2018-12-04 14:53:19,715: +PARAM [/schunk_canopen_node/node_mapping_6] by /roslaunch
[rosmaster.master][INFO] 2018-12-04 14:53:19,715: +PARAM [/schunk_canopen_node/node_mapping_8] by /roslaunch
[rosmaster.master][INFO] 2018-12-04 14:53:19,715: +PARAM [/schunk_canopen_node/chain_arm] by /roslaunch
[rosmaster.master][INFO] 2018-12-04 14:53:19,715: +PARAM [/schunk_canopen_node/ppm_profile_velocity] by /roslaunch
[rosmaster.master][INFO] 2018-12-04 14:53:19,716: +PARAM [/schunk_canopen_node/ppm_profile_acceleration] by /roslaunch
[rosmaster.master][INFO] 2018-12-04 14:53:19,716: +PARAM [/rosversion] by /roslaunch
[rosmaster.master][INFO] 2018-12-04 14:53:19,716: +PARAM [/schunk_canopen_node/node_mapping_3] by /roslaunch
[rosmaster.master][INFO] 2018-12-04 14:53:19,716: +PARAM [/schunk_canopen_node/ppm_use_relative_targets] by /roslaunch
[rosmaster.master][INFO] 2018-12-04 14:53:19,716: +PARAM [/schunk_canopen_node/node_mapping_5] by /roslaunch
[rosmaster.master][INFO] 2018-12-04 14:53:19,716: +PARAM [/schunk_canopen_node/chain_names] by /roslaunch
[rosmaster.master][INFO] 2018-12-04 14:53:19,817: +PUB [/rosout] /schunk_canopen_node http://onboardpc:36351/
[rosmaster.master][INFO] 2018-12-04 14:53:19,818: +SERVICE [/schunk_canopen_node/get_loggers] /schunk_canopen_node http://onboardpc:36351/
[rosmaster.master][INFO] 2018-12-04 14:53:19,819: +SERVICE [/schunk_canopen_node/set_logger_level] /schunk_canopen_node http://onboardpc:36351/
[rosmaster.master][INFO] 2018-12-04 14:53:19,849: publisherUpdate[/rosout] -> http://onboardpc:45067/ ['http://onboardpc:36351/']
[rosmaster.master][INFO] 2018-12-04 14:53:19,852: publisherUpdate[/rosout] -> http://onboardpc:45067/ ['http://onboardpc:36351/']: sec=0.00, result=[1, '', 0]
[rosmaster.master][INFO] 2018-12-04 14:53:20,957: -PUB [/rosout] /schunk_canopen_node http://onboardpc:36351/
[rosmaster.master][INFO] 2018-12-04 14:53:20,961: -SERVICE [/schunk_canopen_node/get_loggers] /schunk_canopen_node rosrpc://onboardpc:44291
[rosmaster.master][INFO] 2018-12-04 14:53:20,964: -SERVICE [/schunk_canopen_node/set_logger_level] /schunk_canopen_node rosrpc://onboardpc:44291
[rosmaster.master][INFO] 2018-12-04 14:53:21,052: publisherUpdate[/rosout] -> http://onboardpc:45067/ []
[rosmaster.master][INFO] 2018-12-04 14:53:21,053: publisherUpdate[/rosout] -> http://onboardpc:45067/ []: sec=0.00, result=[1, '', 0]
[rosmaster.master][INFO] 2018-12-04 14:55:06,190: +PUB [/rosout] /rqt_gui_py_node_2139 http://onboardpc:44883/
[rosmaster.master][INFO] 2018-12-04 14:55:06,198: +SERVICE [/rqt_gui_py_node_2139/get_loggers] /rqt_gui_py_node_2139 http://onboardpc:44883/
[rosmaster.master][INFO] 2018-12-04 14:55:06,201: +SERVICE [/rqt_gui_py_node_2139/set_logger_level] /rqt_gui_py_node_2139 http://onboardpc:44883/
[rosmaster.master][INFO] 2018-12-04 14:55:06,276: publisherUpdate[/rosout] -> http://onboardpc:45067/ ['http://onboardpc:44883/']
[rosmaster.master][INFO] 2018-12-04 14:55:06,277: publisherUpdate[/rosout] -> http://onboardpc:45067/ ['http://onboardpc:44883/']: sec=0.00, result=[1, '', 0]
[rosmaster.master][INFO] 2018-12-04 14:55:13,248: +PARAM [/roslaunch/uris/host_onboardpc__43911] by /roslaunch
[rosmaster.master][INFO] 2018-12-04 14:55:13,267: +PARAM [/rosdistro] by /roslaunch
[rosmaster.master][INFO] 2018-12-04 14:55:13,267: +PARAM [/schunk_canopen_node/can_device_name] by /roslaunch
[rosmaster.master][INFO] 2018-12-04 14:55:13,268: +PARAM [/schunk_canopen_node/frequency] by /roslaunch
[rosmaster.master][INFO] 2018-12-04 14:55:13,268: +PARAM [/schunk_canopen_node/node_mapping_4] by /roslaunch
[rosmaster.master][INFO] 2018-12-04 14:55:13,268: +PARAM [/schunk_canopen_node/node_mapping_7] by /roslaunch
[rosmaster.master][INFO] 2018-12-04 14:55:13,268: +PARAM [/schunk_canopen_node/node_mapping_6] by /roslaunch
[rosmaster.master][INFO] 2018-12-04 14:55:13,268: +PARAM [/schunk_canopen_node/node_mapping_8] by /roslaunch
[rosmaster.master][INFO] 2018-12-04 14:55:13,268: +PARAM [/schunk_canopen_node/chain_arm] by /roslaunch
[rosmaster.master][INFO] 2018-12-04 14:55:13,269: +PARAM [/schunk_canopen_node/ppm_profile_velocity] by /roslaunch
[rosmaster.master][INFO] 2018-12-04 14:55:13,269: +PARAM [/schunk_canopen_node/ppm_profile_acceleration] by /roslaunch
[rosmaster.master][INFO] 2018-12-04 14:55:13,269: +PARAM [/rosversion] by /roslaunch
[rosmaster.master][INFO] 2018-12-04 14:55:13,269: +PARAM [/schunk_canopen_node/node_mapping_3] by /roslaunch
[rosmaster.master][INFO] 2018-12-04 14:55:13,269: +PARAM [/schunk_canopen_node/ppm_use_relative_targets] by /roslaunch
[rosmaster.master][INFO] 2018-12-04 14:55:13,270: +PARAM [/schunk_canopen_node/node_mapping_5] by /roslaunch
[rosmaster.master][INFO] 2018-12-04 14:55:13,270: +PARAM [/schunk_canopen_node/chain_names] by /roslaunch
[rosmaster.master][INFO] 2018-12-04 14:55:13,372: +PUB [/rosout] /schunk_canopen_node http://onboardpc:35977/
[rosmaster.master][INFO] 2018-12-04 14:55:13,373: +SERVICE [/schunk_canopen_node/get_loggers] /schunk_canopen_node http://onboardpc:35977/
[rosmaster.master][INFO] 2018-12-04 14:55:13,374: +SERVICE [/schunk_canopen_node/set_logger_level] /schunk_canopen_node http://onboardpc:35977/
[rosmaster.master][INFO] 2018-12-04 14:55:13,389: publisherUpdate[/rosout] -> http://onboardpc:45067/ ['http://onboardpc:44883/', 'http://onboardpc:35977/']
[rosmaster.master][INFO] 2018-12-04 14:55:13,391: publisherUpdate[/rosout] -> http://onboardpc:45067/ ['http://onboardpc:44883/', 'http://onboardpc:35977/']: sec=0.00, result=[1, '', 0]
[rosmaster.master][INFO] 2018-12-04 14:55:14,497: -PUB [/rosout] /schunk_canopen_node http://onboardpc:35977/
[rosmaster.master][INFO] 2018-12-04 14:55:14,500: -SERVICE [/schunk_canopen_node/get_loggers] /schunk_canopen_node rosrpc://onboardpc:46737
[rosmaster.master][INFO] 2018-12-04 14:55:14,501: -SERVICE [/schunk_canopen_node/set_logger_level] /schunk_canopen_node rosrpc://onboardpc:46737
[rosmaster.master][INFO] 2018-12-04 14:55:14,592: publisherUpdate[/rosout] -> http://onboardpc:45067/ ['http://onboardpc:44883/']
[rosmaster.master][INFO] 2018-12-04 14:55:14,595: publisherUpdate[/rosout] -> http://onboardpc:45067/ ['http://onboardpc:44883/']: sec=0.00, result=[1, '', 0]
[rosmaster.master][INFO] 2018-12-04 14:55:46,568: +PARAM [/roslaunch/uris/host_onboardpc__39235] by /roslaunch
[rosmaster.master][INFO] 2018-12-04 14:55:46,583: +PARAM [/rosdistro] by /roslaunch
[rosmaster.master][INFO] 2018-12-04 14:55:46,584: +PARAM [/schunk_canopen_node/can_device_name] by /roslaunch
[rosmaster.master][INFO] 2018-12-04 14:55:46,584: +PARAM [/schunk_canopen_node/frequency] by /roslaunch
[rosmaster.master][INFO] 2018-12-04 14:55:46,584: +PARAM [/schunk_canopen_node/node_mapping_4] by /roslaunch
[rosmaster.master][INFO] 2018-12-04 14:55:46,584: +PARAM [/schunk_canopen_node/node_mapping_7] by /roslaunch
[rosmaster.master][INFO] 2018-12-04 14:55:46,584: +PARAM [/schunk_canopen_node/node_mapping_6] by /roslaunch
[rosmaster.master][INFO] 2018-12-04 14:55:46,584: +PARAM [/schunk_canopen_node/node_mapping_8] by /roslaunch
[rosmaster.master][INFO] 2018-12-04 14:55:46,585: +PARAM [/schunk_canopen_node/chain_arm] by /roslaunch
[rosmaster.master][INFO] 2018-12-04 14:55:46,585: +PARAM [/schunk_canopen_node/ppm_profile_velocity] by /roslaunch
[rosmaster.master][INFO] 2018-12-04 14:55:46,585: +PARAM [/schunk_canopen_node/ppm_profile_acceleration] by /roslaunch
[rosmaster.master][INFO] 2018-12-04 14:55:46,585: +PARAM [/rosversion] by /roslaunch
[rosmaster.master][INFO] 2018-12-04 14:55:46,585: +PARAM [/schunk_canopen_node/node_mapping_3] by /roslaunch
[rosmaster.master][INFO] 2018-12-04 14:55:46,585: +PARAM [/schunk_canopen_node/ppm_use_relative_targets] by /roslaunch
[rosmaster.master][INFO] 2018-12-04 14:55:46,586: +PARAM [/schunk_canopen_node/node_mapping_5] by /roslaunch
[rosmaster.master][INFO] 2018-12-04 14:55:46,586: +PARAM [/schunk_canopen_node/chain_names] by /roslaunch
[rosmaster.master][INFO] 2018-12-04 14:55:46,685: +PUB [/rosout] /schunk_canopen_node http://onboardpc:35175/
[rosmaster.master][INFO] 2018-12-04 14:55:46,686: +SERVICE [/schunk_canopen_node/get_loggers] /schunk_canopen_node http://onboardpc:35175/
[rosmaster.master][INFO] 2018-12-04 14:55:46,687: +SERVICE [/schunk_canopen_node/set_logger_level] /schunk_canopen_node http://onboardpc:35175/
[rosmaster.master][INFO] 2018-12-04 14:55:46,761: publisherUpdate[/rosout] -> http://onboardpc:45067/ ['http://onboardpc:44883/', 'http://onboardpc:35175/']
[rosmaster.master][INFO] 2018-12-04 14:55:46,766: publisherUpdate[/rosout] -> http://onboardpc:45067/ ['http://onboardpc:44883/', 'http://onboardpc:35175/']: sec=0.00, result=[1, '', 0]
[rosmaster.master][INFO] 2018-12-04 14:55:47,871: -PUB [/rosout] /schunk_canopen_node http://onboardpc:35175/
[rosmaster.master][INFO] 2018-12-04 14:55:47,875: -SERVICE [/schunk_canopen_node/get_loggers] /schunk_canopen_node rosrpc://onboardpc:51169
[rosmaster.master][INFO] 2018-12-04 14:55:47,877: -SERVICE [/schunk_canopen_node/set_logger_level] /schunk_canopen_node rosrpc://onboardpc:51169
[rosmaster.master][INFO] 2018-12-04 14:55:47,967: publisherUpdate[/rosout] -> http://onboardpc:45067/ ['http://onboardpc:44883/']
[rosmaster.master][INFO] 2018-12-04 14:55:47,970: publisherUpdate[/rosout] -> http://onboardpc:45067/ ['http://onboardpc:44883/']: sec=0.00, result=[1, '', 0]
[rosmaster.master][INFO] 2018-12-04 14:56:42,267: +PARAM [/roslaunch/uris/host_onboardpc__32975] by /roslaunch
[rosmaster.master][INFO] 2018-12-04 14:56:42,277: +PARAM [/rosdistro] by /roslaunch
[rosmaster.master][INFO] 2018-12-04 14:56:42,278: +PARAM [/schunk_canopen_node/can_device_name] by /roslaunch
[rosmaster.master][INFO] 2018-12-04 14:56:42,278: +PARAM [/schunk_canopen_node/frequency] by /roslaunch
[rosmaster.master][INFO] 2018-12-04 14:56:42,278: +PARAM [/schunk_canopen_node/node_mapping_4] by /roslaunch
[rosmaster.master][INFO] 2018-12-04 14:56:42,278: +PARAM [/schunk_canopen_node/node_mapping_7] by /roslaunch
[rosmaster.master][INFO] 2018-12-04 14:56:42,278: +PARAM [/schunk_canopen_node/node_mapping_6] by /roslaunch
[rosmaster.master][INFO] 2018-12-04 14:56:42,278: +PARAM [/schunk_canopen_node/node_mapping_8] by /roslaunch
[rosmaster.master][INFO] 2018-12-04 14:56:42,279: +PARAM [/schunk_canopen_node/chain_arm] by /roslaunch
[rosmaster.master][INFO] 2018-12-04 14:56:42,279: +PARAM [/schunk_canopen_node/ppm_profile_velocity] by /roslaunch
[rosmaster.master][INFO] 2018-12-04 14:56:42,279: +PARAM [/schunk_canopen_node/ppm_profile_acceleration] by /roslaunch
[rosmaster.master][INFO] 2018-12-04 14:56:42,279: +PARAM [/rosversion] by /roslaunch
[rosmaster.master][INFO] 2018-12-04 14:56:42,279: +PARAM [/schunk_canopen_node/node_mapping_3] by /roslaunch
[rosmaster.master][INFO] 2018-12-04 14:56:42,279: +PARAM [/schunk_canopen_node/ppm_use_relative_targets] by /roslaunch
[rosmaster.master][INFO] 2018-12-04 14:56:42,280: +PARAM [/schunk_canopen_node/node_mapping_5] by /roslaunch
[rosmaster.master][INFO] 2018-12-04 14:56:42,280: +PARAM [/schunk_canopen_node/chain_names] by /roslaunch
[rosmaster.master][INFO] 2018-12-04 14:56:42,396: +PUB [/rosout] /schunk_canopen_node http://onboardpc:45879/
[rosmaster.master][INFO] 2018-12-04 14:56:42,397: +SERVICE [/schunk_canopen_node/get_loggers] /schunk_canopen_node http://onboardpc:45879/
[rosmaster.master][INFO] 2018-12-04 14:56:42,398: +SERVICE [/schunk_canopen_node/set_logger_level] /schunk_canopen_node http://onboardpc:45879/
[rosmaster.master][INFO] 2018-12-04 14:56:42,486: publisherUpdate[/rosout] -> http://onboardpc:45067/ ['http://onboardpc:44883/', 'http://onboardpc:45879/']
[rosmaster.master][INFO] 2018-12-04 14:56:42,489: publisherUpdate[/rosout] -> http://onboardpc:45067/ ['http://onboardpc:44883/', 'http://onboardpc:45879/']: sec=0.00, result=[1, '', 0]
[rosmaster.master][INFO] 2018-12-04 14:56:43,595: -PUB [/rosout] /schunk_canopen_node http://onboardpc:45879/
[rosmaster.master][INFO] 2018-12-04 14:56:43,598: -SERVICE [/schunk_canopen_node/get_loggers] /schunk_canopen_node rosrpc://onboardpc:47937
[rosmaster.master][INFO] 2018-12-04 14:56:43,600: -SERVICE [/schunk_canopen_node/set_logger_level] /schunk_canopen_node rosrpc://onboardpc:47937
[rosmaster.master][INFO] 2018-12-04 14:56:43,689: publisherUpdate[/rosout] -> http://onboardpc:45067/ ['http://onboardpc:44883/']
[rosmaster.master][INFO] 2018-12-04 14:56:43,691: publisherUpdate[/rosout] -> http://onboardpc:45067/ ['http://onboardpc:44883/']: sec=0.00, result=[1, '', 0]
[rosmaster.master][INFO] 2018-12-04 14:56:44,172: -PUB [/rosout] /rqt_gui_py_node_2139 http://onboardpc:44883/
[rosmaster.master][INFO] 2018-12-04 14:56:44,172: -SERVICE [/rqt_gui_py_node_2139/get_loggers] /rqt_gui_py_node_2139 rosrpc://onboardpc:41503
[rosmaster.master][INFO] 2018-12-04 14:56:44,172: -SERVICE [/rqt_gui_py_node_2139/set_logger_level] /rqt_gui_py_node_2139 rosrpc://onboardpc:41503
[rosmaster.master][INFO] 2018-12-04 14:56:44,190: publisherUpdate[/rosout] -> http://onboardpc:45067/ []
[rosmaster.master][INFO] 2018-12-04 14:56:44,191: publisherUpdate[/rosout] -> http://onboardpc:45067/ []: sec=0.00, result=[1, '', 0]
[rosmaster.master][INFO] 2018-12-04 15:00:06,333: +PUB [/rosout] /rqt_gui_py_node_2468 http://onboardpc:46857/
[rosmaster.master][INFO] 2018-12-04 15:00:06,342: +SERVICE [/rqt_gui_py_node_2468/get_loggers] /rqt_gui_py_node_2468 http://onboardpc:46857/
[rosmaster.master][INFO] 2018-12-04 15:00:06,344: +SERVICE [/rqt_gui_py_node_2468/set_logger_level] /rqt_gui_py_node_2468 http://onboardpc:46857/
[rosmaster.master][INFO] 2018-12-04 15:00:06,417: publisherUpdate[/rosout] -> http://onboardpc:45067/ ['http://onboardpc:46857/']
[rosmaster.master][INFO] 2018-12-04 15:00:06,418: publisherUpdate[/rosout] -> http://onboardpc:45067/ ['http://onboardpc:46857/']: sec=0.00, result=[1, '', 0]
[rosmaster.master][INFO] 2018-12-04 15:00:06,543: +SUB [/rosout_agg] /rqt_gui_py_node_2468 http://onboardpc:46857/
[rosmaster.master][INFO] 2018-12-04 15:00:11,442: +PARAM [/roslaunch/uris/host_onboardpc__46821] by /roslaunch
[rosmaster.master][INFO] 2018-12-04 15:00:11,461: +PARAM [/rosdistro] by /roslaunch
[rosmaster.master][INFO] 2018-12-04 15:00:11,462: +PARAM [/schunk_canopen_node/can_device_name] by /roslaunch
[rosmaster.master][INFO] 2018-12-04 15:00:11,462: +PARAM [/schunk_canopen_node/frequency] by /roslaunch
[rosmaster.master][INFO] 2018-12-04 15:00:11,462: +PARAM [/schunk_canopen_node/node_mapping_4] by /roslaunch
[rosmaster.master][INFO] 2018-12-04 15:00:11,462: +PARAM [/schunk_canopen_node/node_mapping_7] by /roslaunch
[rosmaster.master][INFO] 2018-12-04 15:00:11,462: +PARAM [/schunk_canopen_node/node_mapping_6] by /roslaunch
[rosmaster.master][INFO] 2018-12-04 15:00:11,462: +PARAM [/schunk_canopen_node/node_mapping_8] by /roslaunch
[rosmaster.master][INFO] 2018-12-04 15:00:11,462: +PARAM [/schunk_canopen_node/chain_arm] by /roslaunch
[rosmaster.master][INFO] 2018-12-04 15:00:11,463: +PARAM [/schunk_canopen_node/ppm_profile_velocity] by /roslaunch
[rosmaster.master][INFO] 2018-12-04 15:00:11,463: +PARAM [/schunk_canopen_node/ppm_profile_acceleration] by /roslaunch
[rosmaster.master][INFO] 2018-12-04 15:00:11,463: +PARAM [/rosversion] by /roslaunch
[rosmaster.master][INFO] 2018-12-04 15:00:11,463: +PARAM [/schunk_canopen_node/node_mapping_3] by /roslaunch
[rosmaster.master][INFO] 2018-12-04 15:00:11,463: +PARAM [/schunk_canopen_node/ppm_use_relative_targets] by /roslaunch
[rosmaster.master][INFO] 2018-12-04 15:00:11,463: +PARAM [/schunk_canopen_node/node_mapping_5] by /roslaunch
[rosmaster.master][INFO] 2018-12-04 15:00:11,464: +PARAM [/schunk_canopen_node/chain_names] by /roslaunch
[rosmaster.master][INFO] 2018-12-04 15:00:11,568: +PUB [/rosout] /schunk_canopen_node http://onboardpc:35509/
[rosmaster.master][INFO] 2018-12-04 15:00:11,569: +SERVICE [/schunk_canopen_node/get_loggers] /schunk_canopen_node http://onboardpc:35509/
[rosmaster.master][INFO] 2018-12-04 15:00:11,570: +SERVICE [/schunk_canopen_node/set_logger_level] /schunk_canopen_node http://onboardpc:35509/
[rosmaster.master][INFO] 2018-12-04 15:00:11,628: publisherUpdate[/rosout] -> http://onboardpc:45067/ ['http://onboardpc:46857/', 'http://onboardpc:35509/']
[rosmaster.master][INFO] 2018-12-04 15:00:11,631: publisherUpdate[/rosout] -> http://onboardpc:45067/ ['http://onboardpc:46857/', 'http://onboardpc:35509/']: sec=0.00, result=[1, '', 0]
[rosmaster.master][INFO] 2018-12-04 15:00:12,737: -PUB [/rosout] /schunk_canopen_node http://onboardpc:35509/
[rosmaster.master][INFO] 2018-12-04 15:00:12,740: -SERVICE [/schunk_canopen_node/get_loggers] /schunk_canopen_node rosrpc://onboardpc:36883
[rosmaster.master][INFO] 2018-12-04 15:00:12,743: -SERVICE [/schunk_canopen_node/set_logger_level] /schunk_canopen_node rosrpc://onboardpc:36883
[rosmaster.master][INFO] 2018-12-04 15:00:12,831: publisherUpdate[/rosout] -> http://onboardpc:45067/ ['http://onboardpc:46857/']
[rosmaster.master][INFO] 2018-12-04 15:00:12,833: publisherUpdate[/rosout] -> http://onboardpc:45067/ ['http://onboardpc:46857/']: sec=0.00, result=[1, '', 0]
[rosmaster.master][INFO] 2018-12-04 17:02:53,934: -SUB [/rosout_agg] /rqt_gui_py_node_2468 http://onboardpc:46857/
[rosmaster.master][INFO] 2018-12-04 17:02:54,297: -PUB [/rosout] /rqt_gui_py_node_2468 http://onboardpc:46857/
[rosmaster.master][INFO] 2018-12-04 17:02:54,298: -SERVICE [/rqt_gui_py_node_2468/set_logger_level] /rqt_gui_py_node_2468 rosrpc://onboardpc:41641
[rosmaster.master][INFO] 2018-12-04 17:02:54,298: -SERVICE [/rqt_gui_py_node_2468/get_loggers] /rqt_gui_py_node_2468 rosrpc://onboardpc:41641
[rosmaster.master][INFO] 2018-12-04 17:02:54,349: publisherUpdate[/rosout] -> http://onboardpc:45067/ []
[rosmaster.master][INFO] 2018-12-04 17:02:54,369: publisherUpdate[/rosout] -> http://onboardpc:45067/ []: sec=0.02, result=[1, '', 0]
[rosmaster.master][INFO] 2018-12-04 18:23:29,454: -PUB [/rosout_agg] /rosout http://onboardpc:45067/
[rosmaster.master][INFO] 2018-12-04 18:23:29,459: -SUB [/rosout] /rosout http://onboardpc:45067/
[rosmaster.master][INFO] 2018-12-04 18:23:29,462: -SERVICE [/rosout/get_loggers] /rosout rosrpc://onboardpc:33391
[rosmaster.master][INFO] 2018-12-04 18:23:29,466: -SERVICE [/rosout/set_logger_level] /rosout rosrpc://onboardpc:33391
[rosmaster.main][INFO] 2018-12-04 18:23:29,626: keyboard interrupt, will exit
[rosmaster.main][INFO] 2018-12-04 18:23:29,629: stopping master...
[rospy.core][INFO] 2018-12-04 18:23:29,640: signal_shutdown [atexit]
