logging to /home/seekurjr/.ros/log/ea1d2f98-f7e4-11e8-b47d-0004bfb0e857/rosout.log
re-publishing aggregated messages to /rosout_agg
subscribed to /rosout
[32m[DEBUG] [1543942509.256351967]: Connection::drop(2)[0m
[32m[DEBUG] [1543942509.256438848]: TCP socket [12] closed[0m
[32m[DEBUG] [1543942509.256465946]: Connection::drop(0)[0m
[32m[DEBUG] [1543942509.256493603]: Connection::drop(2)[0m
[32m[DEBUG] [1543942509.256518186]: Connection::drop(2)[0m
[32m[DEBUG] [1543942513.390425985]: Received update for topic [/rosout] (2 publishers)[0m
[32m[DEBUG] [1543942513.390459788]: Publisher update for [/rosout]: http://onboardpc:44883/, http://onboardpc:35977/,  already have these connections: http://onboardpc:44883/, [0m
[32m[DEBUG] [1543942513.390632153]: Began asynchronous xmlrpc connection to [onboardpc:35977][0m
[32m[DEBUG] [1543942513.591605461]: Connecting via tcpros to topic [/rosout] at host [onboardpc:46737][0m
[32m[DEBUG] [1543942513.592258045]: Resolved publisher host [onboardpc] to [127.0.1.1] for socket [14][0m
[32m[DEBUG] [1543942513.592494383]: Adding tcp socket [14] to pollset[0m
[32m[DEBUG] [1543942513.592591600]: Async connect() in progress to [onboardpc:46737] on socket [14][0m
[32m[DEBUG] [1543942513.592763127]: Connected to publisher of topic [/rosout] at [onboardpc:46737][0m
[32m[DEBUG] [1543942514.499156777]: Socket [14] received 0/4 bytes, closing[0m
[32m[DEBUG] [1543942514.499325511]: TCP socket [14] closed[0m
[32m[DEBUG] [1543942514.499377472]: Connection::drop(0)[0m
[32m[DEBUG] [1543942514.499454575]: Connection to publisher [TCPROS connection on port 34814 to [onboardpc:46737 on socket 14]] to topic [/rosout] dropped[0m
[32m[DEBUG] [1543942514.594161976]: Received update for topic [/rosout] (1 publishers)[0m
[32m[DEBUG] [1543942514.594242152]: Publisher update for [/rosout]: http://onboardpc:44883/,  already have these connections: http://onboardpc:44883/, http://onboardpc:35977/, [0m
[32m[DEBUG] [1543942514.594317300]: Disconnecting from publisher [/schunk_canopen_node] of topic [/rosout] at [http://onboardpc:35977/][0m
[32m[DEBUG] [1543942514.594366746]: Connection::drop(2)[0m
[32m[DEBUG] [1543942514.594432116]: Connection::drop(2)[0m
[32m[DEBUG] [1543942514.594478769]: Connection::drop(2)[0m
[32m[DEBUG] [1543942546.764785162]: Received update for topic [/rosout] (2 publishers)[0m
[32m[DEBUG] [1543942546.764867852]: Publisher update for [/rosout]: http://onboardpc:44883/, http://onboardpc:35175/,  already have these connections: http://onboardpc:44883/, [0m
[32m[DEBUG] [1543942546.765309241]: Began asynchronous xmlrpc connection to [onboardpc:35175][0m
[32m[DEBUG] [1543942546.966513584]: Connecting via tcpros to topic [/rosout] at host [onboardpc:51169][0m
[32m[DEBUG] [1543942546.967143261]: Resolved publisher host [onboardpc] to [127.0.1.1] for socket [14][0m
[32m[DEBUG] [1543942546.967376526]: Adding tcp socket [14] to pollset[0m
[32m[DEBUG] [1543942546.967474861]: Async connect() in progress to [onboardpc:51169] on socket [14][0m
[32m[DEBUG] [1543942546.967638566]: Connected to publisher of topic [/rosout] at [onboardpc:51169][0m
[32m[DEBUG] [1543942547.873172649]: Socket [14] received 0/4 bytes, closing[0m
[32m[DEBUG] [1543942547.873406473]: TCP socket [14] closed[0m
[32m[DEBUG] [1543942547.873462345]: Connection::drop(0)[0m
[32m[DEBUG] [1543942547.873538889]: Connection to publisher [TCPROS connection on port 39054 to [onboardpc:51169 on socket 14]] to topic [/rosout] dropped[0m
[32m[DEBUG] [1543942547.968933517]: Received update for topic [/rosout] (1 publishers)[0m
[32m[DEBUG] [1543942547.969012855]: Publisher update for [/rosout]: http://onboardpc:44883/,  already have these connections: http://onboardpc:44883/, http://onboardpc:35175/, [0m
[32m[DEBUG] [1543942547.969088282]: Disconnecting from publisher [/schunk_canopen_node] of topic [/rosout] at [http://onboardpc:35175/][0m
[32m[DEBUG] [1543942547.969136891]: Connection::drop(2)[0m
[32m[DEBUG] [1543942547.969201702]: Connection::drop(2)[0m
[32m[DEBUG] [1543942547.969246400]: Connection::drop(2)[0m
[32m[DEBUG] [1543942589.692646282]: Accepted connection on socket [7], new socket [12][0m
[32m[DEBUG] [1543942589.693167009]: Adding tcp socket [12] to pollset[0m
[32m[DEBUG] [1543942589.693682986]: TCPROS received a connection from [127.0.0.1:33800][0m
[32m[DEBUG] [1543942589.693855630]: Connection: Creating ServiceClientLink for service [/rosout/get_loggers] connected to [callerid=[/rosservice] address=[TCPROS connection on port 33391 to [127.0.0.1:33800 on socket 12]]][0m
[32m[DEBUG] [1543942589.693922677]: Service client [/rosservice] wants service [/rosout/get_loggers] with md5sum [*][0m
[32m[DEBUG] [1543942589.694288079]: Socket [12] received 0/4 bytes, closing[0m
[32m[DEBUG] [1543942589.694435861]: TCP socket [12] closed[0m
[32m[DEBUG] [1543942589.694489218]: Connection::drop(0)[0m
[32m[DEBUG] [1543942589.694543973]: Connection::drop(2)[0m
[32m[DEBUG] [1543942589.694601800]: Connection::drop(2)[0m
[32m[DEBUG] [1543942589.697157941]: Accepted connection on socket [7], new socket [12][0m
[32m[DEBUG] [1543942589.697494011]: Adding tcp socket [12] to pollset[0m
[32m[DEBUG] [1543942589.697544855]: TCPROS received a connection from [127.0.0.1:33804][0m
[32m[DEBUG] [1543942589.697620840]: Connection: Creating ServiceClientLink for service [/rosout/get_loggers] connected to [callerid=[/rqt_gui_py_node_2139] address=[TCPROS connection on port 33391 to [127.0.0.1:33804 on socket 12]]][0m
[32m[DEBUG] [1543942589.697656319]: Service client [/rqt_gui_py_node_2139] wants service [/rosout/get_loggers] with md5sum [32e97e85527d4678a8f9279894bb64b0][0m
[32m[DEBUG] [1543942589.697990433]: Connection::drop(2)[0m
[32m[DEBUG] [1543942589.698055803]: TCP socket [12] closed[0m
[32m[DEBUG] [1543942589.698082343]: Connection::drop(0)[0m
[32m[DEBUG] [1543942589.698112234]: Connection::drop(2)[0m
[32m[DEBUG] [1543942589.698136259]: Connection::drop(2)[0m
[32m[DEBUG] [1543942594.393838597]: Accepted connection on socket [7], new socket [12][0m
[32m[DEBUG] [1543942594.394143658]: Adding tcp socket [12] to pollset[0m
[32m[DEBUG] [1543942594.394196178]: TCPROS received a connection from [127.0.0.1:33814][0m
[32m[DEBUG] [1543942594.394279427]: Connection: Creating ServiceClientLink for service [/rosout/get_loggers] connected to [callerid=[/rosservice] address=[TCPROS connection on port 33391 to [127.0.0.1:33814 on socket 12]]][0m
[32m[DEBUG] [1543942594.394314067]: Service client [/rosservice] wants service [/rosout/get_loggers] with md5sum [*][0m
[32m[DEBUG] [1543942594.394500121]: Socket [12] received 0/4 bytes, closing[0m
[32m[DEBUG] [1543942594.394573872]: TCP socket [12] closed[0m
[32m[DEBUG] [1543942594.394601249]: Connection::drop(0)[0m
[32m[DEBUG] [1543942594.394630303]: Connection::drop(2)[0m
[32m[DEBUG] [1543942594.394661032]: Connection::drop(2)[0m
[32m[DEBUG] [1543942594.396697285]: Accepted connection on socket [7], new socket [12][0m
[32m[DEBUG] [1543942594.396986702]: Adding tcp socket [12] to pollset[0m
[32m[DEBUG] [1543942594.397036428]: TCPROS received a connection from [127.0.0.1:33818][0m
[32m[DEBUG] [1543942594.397112693]: Connection: Creating ServiceClientLink for service [/rosout/get_loggers] connected to [callerid=[/rqt_gui_py_node_2139] address=[TCPROS connection on port 33391 to [127.0.0.1:33818 on socket 12]]][0m
[32m[DEBUG] [1543942594.397147054]: Service client [/rqt_gui_py_node_2139] wants service [/rosout/get_loggers] with md5sum [32e97e85527d4678a8f9279894bb64b0][0m
[32m[DEBUG] [1543942594.397486197]: Connection::drop(2)[0m
[32m[DEBUG] [1543942594.397553243]: TCP socket [12] closed[0m
[32m[DEBUG] [1543942594.397580062]: Connection::drop(0)[0m
[32m[DEBUG] [1543942594.397608556]: Connection::drop(2)[0m
[32m[DEBUG] [1543942594.397632302]: Connection::drop(2)[0m
[32m[DEBUG] [1543942602.487417788]: Received update for topic [/rosout] (2 publishers)[0m
[32m[DEBUG] [1543942602.487496846]: Publisher update for [/rosout]: http://onboardpc:44883/, http://onboardpc:45879/,  already have these connections: http://onboardpc:44883/, [0m
[32m[DEBUG] [1543942602.488736365]: Began asynchronous xmlrpc connection to [onboardpc:45879][0m
[32m[DEBUG] [1543942602.689600177]: Connecting via tcpros to topic [/rosout] at host [onboardpc:47937][0m
[32m[DEBUG] [1543942602.690274831]: Resolved publisher host [onboardpc] to [127.0.1.1] for socket [14][0m
[32m[DEBUG] [1543942602.690494407]: Adding tcp socket [14] to pollset[0m
[32m[DEBUG] [1543942602.690592463]: Async connect() in progress to [onboardpc:47937] on socket [14][0m
[32m[DEBUG] [1543942602.690762313]: Connected to publisher of topic [/rosout] at [onboardpc:47937][0m
[32m[DEBUG] [1543942603.596738099]: Socket [14] received 0/4 bytes, closing[0m
[32m[DEBUG] [1543942603.597437057]: TCP socket [14] closed[0m
[32m[DEBUG] [1543942603.597492928]: Connection::drop(0)[0m
[32m[DEBUG] [1543942603.597570870]: Connection to publisher [TCPROS connection on port 37888 to [onboardpc:47937 on socket 14]] to topic [/rosout] dropped[0m
[32m[DEBUG] [1543942603.690583681]: Received update for topic [/rosout] (1 publishers)[0m
[32m[DEBUG] [1543942603.690664416]: Publisher update for [/rosout]: http://onboardpc:44883/,  already have these connections: http://onboardpc:44883/, http://onboardpc:45879/, [0m
[32m[DEBUG] [1543942603.690739563]: Disconnecting from publisher [/schunk_canopen_node] of topic [/rosout] at [http://onboardpc:45879/][0m
[32m[DEBUG] [1543942603.690788172]: Connection::drop(2)[0m
[32m[DEBUG] [1543942603.690852425]: Connection::drop(2)[0m
[32m[DEBUG] [1543942603.690896843]: Connection::drop(2)[0m
[32m[DEBUG] [1543942604.174241078]: Socket [13] received 0/4 bytes, closing[0m
[32m[DEBUG] [1543942604.174336060]: TCP socket [13] closed[0m
[32m[DEBUG] [1543942604.174363158]: Connection::drop(0)[0m
[32m[DEBUG] [1543942604.174406459]: Connection to publisher [TCPROS connection on port 52562 to [onboardpc:41503 on socket 13]] to topic [/rosout] dropped[0m
[32m[DEBUG] [1543942604.191239277]: Received update for topic [/rosout] (0 publishers)[0m
[32m[DEBUG] [1543942604.191281181]: Publisher update for [/rosout]:  already have these connections: http://onboardpc:44883/, [0m
[32m[DEBUG] [1543942604.191311073]: Disconnecting from publisher [/rqt_gui_py_node_2139] of topic [/rosout] at [http://onboardpc:44883/][0m
[32m[DEBUG] [1543942604.191336774]: Connection::drop(2)[0m
[32m[DEBUG] [1543942604.191369179]: Connection::drop(2)[0m
[32m[DEBUG] [1543942604.191392646]: Connection::drop(2)[0m
[32m[DEBUG] [1543942806.418172622]: Received update for topic [/rosout] (1 publishers)[0m
[32m[DEBUG] [1543942806.418205027]: Publisher update for [/rosout]: http://onboardpc:46857/,  already have these connections: [0m
[32m[DEBUG] [1543942806.418379064]: Began asynchronous xmlrpc connection to [onboardpc:46857][0m
[32m[DEBUG] [1543942806.571642666]: Accepted connection on socket [7], new socket [13][0m
[32m[DEBUG] [1543942806.571950234]: Adding tcp socket [13] to pollset[0m
[32m[DEBUG] [1543942806.572003590]: TCPROS received a connection from [127.0.0.1:33986][0m
[32m[DEBUG] [1543942806.572333506]: Connection: Creating TransportSubscriberLink for topic [/rosout_agg] connected to [callerid=[/rqt_gui_py_node_2468] address=[TCPROS connection on port 33391 to [127.0.0.1:33986 on socket 13]]][0m
[32m[DEBUG] [1543942806.660503698]: Connecting via tcpros to topic [/rosout] at host [onboardpc:41641][0m
[32m[DEBUG] [1543942806.660801767]: Resolved publisher host [onboardpc] to [127.0.1.1] for socket [14][0m
[32m[DEBUG] [1543942806.660916861]: Adding tcp socket [14] to pollset[0m
[32m[DEBUG] [1543942806.660962675]: Async connect() in progress to [onboardpc:41641] on socket [14][0m
[32m[DEBUG] [1543942806.661030837]: Connected to publisher of topic [/rosout] at [onboardpc:41641][0m
[32m[DEBUG] [1543942811.630442450]: Received update for topic [/rosout] (2 publishers)[0m
[32m[DEBUG] [1543942811.630487705]: Publisher update for [/rosout]: http://onboardpc:46857/, http://onboardpc:35509/,  already have these connections: http://onboardpc:46857/, [0m
[32m[DEBUG] [1543942811.630727111]: Began asynchronous xmlrpc connection to [onboardpc:35509][0m
[32m[DEBUG] [1543942811.831558403]: Connecting via tcpros to topic [/rosout] at host [onboardpc:36883][0m
[32m[DEBUG] [1543942811.832656539]: Resolved publisher host [onboardpc] to [127.0.1.1] for socket [15][0m
[32m[DEBUG] [1543942811.832912985]: Adding tcp socket [15] to pollset[0m
[32m[DEBUG] [1543942811.833011876]: Async connect() in progress to [onboardpc:36883] on socket [15][0m
[32m[DEBUG] [1543942811.833195411]: Connected to publisher of topic [/rosout] at [onboardpc:36883][0m
[32m[DEBUG] [1543942812.738923853]: Socket [15] received 0/4 bytes, closing[0m
[32m[DEBUG] [1543942812.739093699]: TCP socket [15] closed[0m
[32m[DEBUG] [1543942812.739146497]: Connection::drop(0)[0m
[32m[DEBUG] [1543942812.739223599]: Connection to publisher [TCPROS connection on port 41058 to [onboardpc:36883 on socket 15]] to topic [/rosout] dropped[0m
[32m[DEBUG] [1543942812.832467979]: Received update for topic [/rosout] (1 publishers)[0m
[32m[DEBUG] [1543942812.832514352]: Publisher update for [/rosout]: http://onboardpc:46857/,  already have these connections: http://onboardpc:46857/, http://onboardpc:35509/, [0m
[32m[DEBUG] [1543942812.832555138]: Disconnecting from publisher [/schunk_canopen_node] of topic [/rosout] at [http://onboardpc:35509/][0m
[32m[DEBUG] [1543942812.832580279]: Connection::drop(2)[0m
[32m[DEBUG] [1543942812.832615757]: Connection::drop(2)[0m
[32m[DEBUG] [1543942812.832638664]: Connection::drop(2)[0m
[32m[DEBUG] [1543950174.326674749]: Socket [14] received 0/4 bytes, closing[0m
[32m[DEBUG] [1543950174.328276590]: TCP socket [14] closed[0m
[32m[DEBUG] [1543950174.328298659]: Connection::drop(0)[0m
[32m[DEBUG] [1543950174.328441970]: Connection to publisher [TCPROS connection on port 47964 to [onboardpc:41641 on socket 14]] to topic [/rosout] dropped[0m
[32m[DEBUG] [1543950174.365154416]: Received update for topic [/rosout] (0 publishers)[0m
[32m[DEBUG] [1543950174.366103956]: Publisher update for [/rosout]:  already have these connections: http://onboardpc:46857/, [0m
[32m[DEBUG] [1543950174.366132171]: Disconnecting from publisher [/rqt_gui_py_node_2468] of topic [/rosout] at [http://onboardpc:46857/][0m
[32m[DEBUG] [1543950174.366150609]: Connection::drop(2)[0m
[32m[DEBUG] [1543950174.366172957]: Connection::drop(2)[0m
[32m[DEBUG] [1543950174.366189998]: Connection::drop(2)[0m
[32m[DEBUG] [1543950235.501981233]: Socket 13 closed with (ERR|HUP|NVAL) events 24: Broken pipe[0m
[32m[DEBUG] [1543950235.502123427]: TCP socket [13] closed[0m
[32m[DEBUG] [1543950235.502175946]: Connection::drop(0)[0m
[32m[DEBUG] [1543950235.502292439]: Connection to subscriber [callerid=[/rqt_gui_py_node_2468] address=[TCPROS connection on port 33391 to [127.0.0.1:33986 on socket 13]]] to topic [/rosout_agg] dropped[0m
[32m[DEBUG] [1543950235.502801150]: Connection::drop(2)[0m
[32m[DEBUG] [1543950235.502868755]: Connection::drop(2)[0m
