[rosmaster.main][INFO] 2019-01-10 11:23:47,467: initialization complete, waiting for shutdown
[rosmaster.main][INFO] 2019-01-10 11:23:47,467: Starting ROS Master Node
[xmlrpc][INFO] 2019-01-10 11:23:47,468: XML-RPC server binding to 0.0.0.0:11311
[xmlrpc][INFO] 2019-01-10 11:23:47,469: Started XML-RPC server [http://onboardpc:11311/]
[xmlrpc][INFO] 2019-01-10 11:23:47,469: xml rpc node: starting XML-RPC server
[rosmaster.master][INFO] 2019-01-10 11:23:47,469: Master initialized: port[11311], uri[http://onboardpc:11311/]
[rosmaster.master][INFO] 2019-01-10 11:23:47,539: +PARAM [/run_id] by /roslaunch
[rosmaster.master][INFO] 2019-01-10 11:23:47,541: +PARAM [/roslaunch/uris/host_onboardpc__41245] by /roslaunch
[rosmaster.master][INFO] 2019-01-10 11:23:47,702: +PARAM [/rosversion] by /roslaunch
[rosmaster.master][INFO] 2019-01-10 11:23:47,702: +PARAM [/rosdistro] by /roslaunch
[rosmaster.master][INFO] 2019-01-10 11:23:47,748: +SERVICE [/rosout/get_loggers] /rosout http://onboardpc:43453/
[rosmaster.master][INFO] 2019-01-10 11:23:47,750: +SERVICE [/rosout/set_logger_level] /rosout http://onboardpc:43453/
[rosmaster.master][INFO] 2019-01-10 11:23:47,753: +PUB [/rosout_agg] /rosout http://onboardpc:43453/
[rosmaster.master][INFO] 2019-01-10 11:23:47,762: +SUB [/rosout] /rosout http://onboardpc:43453/
[rosmaster.master][INFO] 2019-01-10 11:24:19,187: +PUB [/rosout] /RosAria http://onboardpc:35349/
[rosmaster.master][INFO] 2019-01-10 11:24:19,188: +SERVICE [/RosAria/get_loggers] /RosAria http://onboardpc:35349/
[rosmaster.master][INFO] 2019-01-10 11:24:19,190: +SERVICE [/RosAria/set_logger_level] /RosAria http://onboardpc:35349/
[rosmaster.master][INFO] 2019-01-10 11:24:19,194: +PUB [/tf] /RosAria http://onboardpc:35349/
[rosmaster.master][INFO] 2019-01-10 11:24:19,202: +PUB [/RosAria/pose] /RosAria http://onboardpc:35349/
[rosmaster.master][INFO] 2019-01-10 11:24:19,204: +PUB [/RosAria/bumper_state] /RosAria http://onboardpc:35349/
[rosmaster.master][INFO] 2019-01-10 11:24:19,205: +PUB [/RosAria/sonar] /RosAria http://onboardpc:35349/
[rosmaster.master][INFO] 2019-01-10 11:24:19,206: +PUB [/RosAria/sonar_pointcloud2] /RosAria http://onboardpc:35349/
[rosmaster.master][INFO] 2019-01-10 11:24:19,207: +PUB [/RosAria/battery_voltage] /RosAria http://onboardpc:35349/
[rosmaster.master][INFO] 2019-01-10 11:24:19,208: +PUB [/RosAria/battery_recharge_state] /RosAria http://onboardpc:35349/
[rosmaster.master][INFO] 2019-01-10 11:24:19,209: +PUB [/RosAria/battery_state_of_charge] /RosAria http://onboardpc:35349/
[rosmaster.master][INFO] 2019-01-10 11:24:19,210: +PUB [/RosAria/motors_state] /RosAria http://onboardpc:35349/
[rosmaster.master][INFO] 2019-01-10 11:24:19,211: +SERVICE [/RosAria/enable_motors] /RosAria http://onboardpc:35349/
[rosmaster.master][INFO] 2019-01-10 11:24:19,212: +SERVICE [/RosAria/disable_motors] /RosAria http://onboardpc:35349/
[rosmaster.master][INFO] 2019-01-10 11:24:19,224: -SERVICE [/RosAria/get_loggers] /RosAria rosrpc://onboardpc:49111
[rosmaster.master][INFO] 2019-01-10 11:24:19,225: -SERVICE [/RosAria/set_logger_level] /RosAria rosrpc://onboardpc:49111
[rosmaster.master][INFO] 2019-01-10 11:24:19,226: -SERVICE [/RosAria/enable_motors] /RosAria rosrpc://onboardpc:49111
[rosmaster.master][INFO] 2019-01-10 11:24:19,227: -SERVICE [/RosAria/disable_motors] /RosAria rosrpc://onboardpc:49111
[rosmaster.master][INFO] 2019-01-10 11:24:19,241: publisherUpdate[/rosout] -> http://onboardpc:43453/ ['http://onboardpc:35349/']
[rosmaster.master][INFO] 2019-01-10 11:24:19,244: publisherUpdate[/rosout] -> http://onboardpc:43453/ ['http://onboardpc:35349/']: sec=0.00, result=[1, '', 0]
[rosmaster.master][INFO] 2019-01-10 11:24:19,346: -PUB [/rosout] /RosAria http://onboardpc:35349/
[rosmaster.master][INFO] 2019-01-10 11:24:19,348: -PUB [/tf] /RosAria http://onboardpc:35349/
[rosmaster.master][INFO] 2019-01-10 11:24:19,349: -PUB [/RosAria/pose] /RosAria http://onboardpc:35349/
[rosmaster.master][INFO] 2019-01-10 11:24:19,350: -PUB [/RosAria/bumper_state] /RosAria http://onboardpc:35349/
[rosmaster.master][INFO] 2019-01-10 11:24:19,351: -PUB [/RosAria/sonar] /RosAria http://onboardpc:35349/
[rosmaster.master][INFO] 2019-01-10 11:24:19,353: -PUB [/RosAria/sonar_pointcloud2] /RosAria http://onboardpc:35349/
[rosmaster.master][INFO] 2019-01-10 11:24:19,354: -PUB [/RosAria/battery_voltage] /RosAria http://onboardpc:35349/
[rosmaster.master][INFO] 2019-01-10 11:24:19,355: -PUB [/RosAria/battery_recharge_state] /RosAria http://onboardpc:35349/
[rosmaster.master][INFO] 2019-01-10 11:24:19,356: -PUB [/RosAria/battery_state_of_charge] /RosAria http://onboardpc:35349/
[rosmaster.master][INFO] 2019-01-10 11:24:19,358: -PUB [/RosAria/motors_state] /RosAria http://onboardpc:35349/
[rosmaster.master][INFO] 2019-01-10 11:24:19,441: publisherUpdate[/rosout] -> http://onboardpc:43453/ []
[rosmaster.master][INFO] 2019-01-10 11:24:19,443: publisherUpdate[/rosout] -> http://onboardpc:43453/ []: sec=0.00, result=[1, '', 0]
[rosmaster.master][INFO] 2019-01-10 11:24:40,558: +PARAM [/RosAria/port] by /RosAria
[rosmaster.master][INFO] 2019-01-10 11:24:40,561: +PUB [/rosout] /RosAria http://onboardpc:44899/
[rosmaster.master][INFO] 2019-01-10 11:24:40,562: +SERVICE [/RosAria/get_loggers] /RosAria http://onboardpc:44899/
[rosmaster.master][INFO] 2019-01-10 11:24:40,563: +SERVICE [/RosAria/set_logger_level] /RosAria http://onboardpc:44899/
[rosmaster.master][INFO] 2019-01-10 11:24:40,566: +PUB [/tf] /RosAria http://onboardpc:44899/
[rosmaster.master][INFO] 2019-01-10 11:24:40,577: +PUB [/RosAria/pose] /RosAria http://onboardpc:44899/
[rosmaster.master][INFO] 2019-01-10 11:24:40,579: +PUB [/RosAria/bumper_state] /RosAria http://onboardpc:44899/
[rosmaster.master][INFO] 2019-01-10 11:24:40,580: +PUB [/RosAria/sonar] /RosAria http://onboardpc:44899/
[rosmaster.master][INFO] 2019-01-10 11:24:40,581: +PUB [/RosAria/sonar_pointcloud2] /RosAria http://onboardpc:44899/
[rosmaster.master][INFO] 2019-01-10 11:24:40,582: +PUB [/RosAria/battery_voltage] /RosAria http://onboardpc:44899/
[rosmaster.master][INFO] 2019-01-10 11:24:40,583: +PUB [/RosAria/battery_recharge_state] /RosAria http://onboardpc:44899/
[rosmaster.master][INFO] 2019-01-10 11:24:40,583: +PUB [/RosAria/battery_state_of_charge] /RosAria http://onboardpc:44899/
[rosmaster.master][INFO] 2019-01-10 11:24:40,584: +PUB [/RosAria/motors_state] /RosAria http://onboardpc:44899/
[rosmaster.master][INFO] 2019-01-10 11:24:40,585: +SERVICE [/RosAria/enable_motors] /RosAria http://onboardpc:44899/
[rosmaster.master][INFO] 2019-01-10 11:24:40,586: +SERVICE [/RosAria/disable_motors] /RosAria http://onboardpc:44899/
[rosmaster.master][INFO] 2019-01-10 11:24:40,587: publisherUpdate[/rosout] -> http://onboardpc:43453/ ['http://onboardpc:44899/']
[rosmaster.master][INFO] 2019-01-10 11:24:40,588: publisherUpdate[/rosout] -> http://onboardpc:43453/ ['http://onboardpc:44899/']: sec=0.00, result=[1, '', 0]
[rosmaster.master][INFO] 2019-01-10 11:24:41,187: +SERVICE [/RosAria/set_parameters] /RosAria http://onboardpc:44899/
[rosmaster.master][INFO] 2019-01-10 11:24:41,188: +PUB [/RosAria/parameter_descriptions] /RosAria http://onboardpc:44899/
[rosmaster.master][INFO] 2019-01-10 11:24:41,190: +PUB [/RosAria/parameter_updates] /RosAria http://onboardpc:44899/
[rosmaster.master][INFO] 2019-01-10 11:24:41,199: +PARAM [/RosAria/trans_accel] by /RosAria
[rosmaster.master][INFO] 2019-01-10 11:24:41,200: +PARAM [/RosAria/trans_decel] by /RosAria
[rosmaster.master][INFO] 2019-01-10 11:24:41,201: +PARAM [/RosAria/lat_accel] by /RosAria
[rosmaster.master][INFO] 2019-01-10 11:24:41,202: +PARAM [/RosAria/lat_decel] by /RosAria
[rosmaster.master][INFO] 2019-01-10 11:24:41,203: +PARAM [/RosAria/rot_accel] by /RosAria
[rosmaster.master][INFO] 2019-01-10 11:24:41,204: +PARAM [/RosAria/rot_decel] by /RosAria
[rosmaster.master][INFO] 2019-01-10 11:24:41,205: +PARAM [/RosAria/TicksMM] by /RosAria
[rosmaster.master][INFO] 2019-01-10 11:24:41,206: +PARAM [/RosAria/DriftFactor] by /RosAria
[rosmaster.master][INFO] 2019-01-10 11:24:41,207: +PARAM [/RosAria/RevCount] by /RosAria
[rosmaster.master][INFO] 2019-01-10 11:24:41,209: +PARAM [/RosAria/trans_accel] by /RosAria
[rosmaster.master][INFO] 2019-01-10 11:24:41,210: +PARAM [/RosAria/trans_decel] by /RosAria
[rosmaster.master][INFO] 2019-01-10 11:24:41,211: +PARAM [/RosAria/lat_accel] by /RosAria
[rosmaster.master][INFO] 2019-01-10 11:24:41,213: +PARAM [/RosAria/lat_decel] by /RosAria
[rosmaster.master][INFO] 2019-01-10 11:24:41,214: +PARAM [/RosAria/rot_accel] by /RosAria
[rosmaster.master][INFO] 2019-01-10 11:24:41,215: +PARAM [/RosAria/rot_decel] by /RosAria
[rosmaster.master][INFO] 2019-01-10 11:24:41,216: +PARAM [/RosAria/TicksMM] by /RosAria
[rosmaster.master][INFO] 2019-01-10 11:24:41,217: +PARAM [/RosAria/DriftFactor] by /RosAria
[rosmaster.master][INFO] 2019-01-10 11:24:41,218: +PARAM [/RosAria/RevCount] by /RosAria
[rosmaster.master][INFO] 2019-01-10 11:24:41,223: +SUB [/RosAria/cmd_vel] /RosAria http://onboardpc:44899/
[rosmaster.master][INFO] 2019-01-10 11:25:41,227: +PUB [/rosout] /lms1xx http://onboardpc:41797/
[rosmaster.master][INFO] 2019-01-10 11:25:41,228: +SERVICE [/lms1xx/get_loggers] /lms1xx http://onboardpc:41797/
[rosmaster.master][INFO] 2019-01-10 11:25:41,229: +SERVICE [/lms1xx/set_logger_level] /lms1xx http://onboardpc:41797/
[rosmaster.master][INFO] 2019-01-10 11:25:41,230: +PUB [/scan] /lms1xx http://onboardpc:41797/
[rosmaster.master][INFO] 2019-01-10 11:25:41,303: publisherUpdate[/rosout] -> http://onboardpc:43453/ ['http://onboardpc:44899/', 'http://onboardpc:41797/']
[rosmaster.master][INFO] 2019-01-10 11:25:41,306: publisherUpdate[/rosout] -> http://onboardpc:43453/ ['http://onboardpc:44899/', 'http://onboardpc:41797/']: sec=0.00, result=[1, '', 0]
[rosmaster.master][INFO] 2019-01-10 11:26:26,792: -PUB [/rosout] /lms1xx http://onboardpc:41797/
[rosmaster.master][INFO] 2019-01-10 11:26:26,795: -PUB [/scan] /lms1xx http://onboardpc:41797/
[rosmaster.master][INFO] 2019-01-10 11:26:26,797: -SERVICE [/lms1xx/get_loggers] /lms1xx rosrpc://onboardpc:41409
[rosmaster.master][INFO] 2019-01-10 11:26:26,799: -SERVICE [/lms1xx/set_logger_level] /lms1xx rosrpc://onboardpc:41409
[rosmaster.master][INFO] 2019-01-10 11:26:26,890: publisherUpdate[/rosout] -> http://onboardpc:43453/ ['http://onboardpc:44899/']
[rosmaster.master][INFO] 2019-01-10 11:26:26,892: publisherUpdate[/rosout] -> http://onboardpc:43453/ ['http://onboardpc:44899/']: sec=0.00, result=[1, '', 0]
[rosmaster.master][INFO] 2019-01-10 11:27:25,378: +PARAM [/lms1xx/host] by /lms1xx
[rosmaster.master][INFO] 2019-01-10 11:27:25,381: +PUB [/rosout] /lms1xx http://onboardpc:37929/
[rosmaster.master][INFO] 2019-01-10 11:27:25,382: +SERVICE [/lms1xx/get_loggers] /lms1xx http://onboardpc:37929/
[rosmaster.master][INFO] 2019-01-10 11:27:25,383: +SERVICE [/lms1xx/set_logger_level] /lms1xx http://onboardpc:37929/
[rosmaster.master][INFO] 2019-01-10 11:27:25,385: +PUB [/scan] /lms1xx http://onboardpc:37929/
[rosmaster.master][INFO] 2019-01-10 11:27:25,394: publisherUpdate[/rosout] -> http://onboardpc:43453/ ['http://onboardpc:44899/', 'http://onboardpc:37929/']
[rosmaster.master][INFO] 2019-01-10 11:27:25,396: publisherUpdate[/rosout] -> http://onboardpc:43453/ ['http://onboardpc:44899/', 'http://onboardpc:37929/']: sec=0.00, result=[1, '', 0]
[rosmaster.master][INFO] 2019-01-10 11:27:32,712: -PUB [/rosout] /lms1xx http://onboardpc:37929/
[rosmaster.master][INFO] 2019-01-10 11:27:32,714: -PUB [/scan] /lms1xx http://onboardpc:37929/
[rosmaster.master][INFO] 2019-01-10 11:27:32,717: -SERVICE [/lms1xx/get_loggers] /lms1xx rosrpc://onboardpc:49013
[rosmaster.master][INFO] 2019-01-10 11:27:32,718: publisherUpdate[/rosout] -> http://onboardpc:43453/ ['http://onboardpc:44899/']
[rosmaster.master][INFO] 2019-01-10 11:27:32,722: -SERVICE [/lms1xx/set_logger_level] /lms1xx rosrpc://onboardpc:49013
[rosmaster.master][INFO] 2019-01-10 11:27:32,722: publisherUpdate[/rosout] -> http://onboardpc:43453/ ['http://onboardpc:44899/']: sec=0.00, result=[1, '', 0]
[rosmaster.master][INFO] 2019-01-10 11:38:36,509: +PARAM [/lms1xx/host] by /lms1xx
[rosmaster.master][INFO] 2019-01-10 11:38:36,512: +PUB [/rosout] /lms1xx http://onboardpc:33823/
[rosmaster.master][INFO] 2019-01-10 11:38:36,513: +SERVICE [/lms1xx/get_loggers] /lms1xx http://onboardpc:33823/
[rosmaster.master][INFO] 2019-01-10 11:38:36,514: +SERVICE [/lms1xx/set_logger_level] /lms1xx http://onboardpc:33823/
[rosmaster.master][INFO] 2019-01-10 11:38:36,516: +PUB [/scan] /lms1xx http://onboardpc:33823/
[rosmaster.master][INFO] 2019-01-10 11:38:36,525: publisherUpdate[/rosout] -> http://onboardpc:43453/ ['http://onboardpc:44899/', 'http://onboardpc:33823/']
[rosmaster.master][INFO] 2019-01-10 11:38:36,527: publisherUpdate[/rosout] -> http://onboardpc:43453/ ['http://onboardpc:44899/', 'http://onboardpc:33823/']: sec=0.00, result=[1, '', 0]
[rosmaster.master][INFO] 2019-01-10 11:38:43,643: -PUB [/rosout] /lms1xx http://onboardpc:33823/
[rosmaster.master][INFO] 2019-01-10 11:38:43,646: -PUB [/scan] /lms1xx http://onboardpc:33823/
[rosmaster.master][INFO] 2019-01-10 11:38:43,647: -SERVICE [/lms1xx/get_loggers] /lms1xx rosrpc://onboardpc:44045
[rosmaster.master][INFO] 2019-01-10 11:38:43,648: -SERVICE [/lms1xx/set_logger_level] /lms1xx rosrpc://onboardpc:44045
[rosmaster.master][INFO] 2019-01-10 11:38:43,697: publisherUpdate[/rosout] -> http://onboardpc:43453/ ['http://onboardpc:44899/']
[rosmaster.master][INFO] 2019-01-10 11:38:43,699: publisherUpdate[/rosout] -> http://onboardpc:43453/ ['http://onboardpc:44899/']: sec=0.00, result=[1, '', 0]
[rosmaster.master][INFO] 2019-01-10 11:38:52,821: +PARAM [/lms1xx/host] by /lms1xx
[rosmaster.master][INFO] 2019-01-10 11:38:52,824: +PUB [/rosout] /lms1xx http://onboardpc:37203/
[rosmaster.master][INFO] 2019-01-10 11:38:52,825: +SERVICE [/lms1xx/get_loggers] /lms1xx http://onboardpc:37203/
[rosmaster.master][INFO] 2019-01-10 11:38:52,826: +SERVICE [/lms1xx/set_logger_level] /lms1xx http://onboardpc:37203/
[rosmaster.master][INFO] 2019-01-10 11:38:52,828: +PUB [/scan] /lms1xx http://onboardpc:37203/
[rosmaster.master][INFO] 2019-01-10 11:38:52,858: publisherUpdate[/rosout] -> http://onboardpc:43453/ ['http://onboardpc:44899/', 'http://onboardpc:37203/']
[rosmaster.master][INFO] 2019-01-10 11:38:52,860: publisherUpdate[/rosout] -> http://onboardpc:43453/ ['http://onboardpc:44899/', 'http://onboardpc:37203/']: sec=0.00, result=[1, '', 0]
[rosmaster.master][INFO] 2019-01-10 11:39:00,577: -PUB [/rosout] /lms1xx http://onboardpc:37203/
[rosmaster.master][INFO] 2019-01-10 11:39:00,579: -PUB [/scan] /lms1xx http://onboardpc:37203/
[rosmaster.master][INFO] 2019-01-10 11:39:00,580: -SERVICE [/lms1xx/get_loggers] /lms1xx rosrpc://onboardpc:56669
[rosmaster.master][INFO] 2019-01-10 11:39:00,582: -SERVICE [/lms1xx/set_logger_level] /lms1xx rosrpc://onboardpc:56669
[rosmaster.master][INFO] 2019-01-10 11:39:00,631: publisherUpdate[/rosout] -> http://onboardpc:43453/ ['http://onboardpc:44899/']
[rosmaster.master][INFO] 2019-01-10 11:39:00,633: publisherUpdate[/rosout] -> http://onboardpc:43453/ ['http://onboardpc:44899/']: sec=0.00, result=[1, '', 0]
[rosmaster.master][INFO] 2019-01-10 11:39:40,323: +PUB [/rosout] /lms1xx http://onboardpc:41995/
[rosmaster.master][INFO] 2019-01-10 11:39:40,324: +SERVICE [/lms1xx/get_loggers] /lms1xx http://onboardpc:41995/
[rosmaster.master][INFO] 2019-01-10 11:39:40,325: +SERVICE [/lms1xx/set_logger_level] /lms1xx http://onboardpc:41995/
[rosmaster.master][INFO] 2019-01-10 11:39:40,327: +PUB [/scan] /lms1xx http://onboardpc:41995/
[rosmaster.master][INFO] 2019-01-10 11:39:40,348: publisherUpdate[/rosout] -> http://onboardpc:43453/ ['http://onboardpc:44899/', 'http://onboardpc:41995/']
[rosmaster.master][INFO] 2019-01-10 11:39:40,350: publisherUpdate[/rosout] -> http://onboardpc:43453/ ['http://onboardpc:44899/', 'http://onboardpc:41995/']: sec=0.00, result=[1, '', 0]
[rosmaster.master][INFO] 2019-01-10 11:39:46,365: -PUB [/rosout] /lms1xx http://onboardpc:41995/
[rosmaster.master][INFO] 2019-01-10 11:39:46,365: publisherUpdate[/rosout] -> http://onboardpc:43453/ ['http://onboardpc:44899/']
[rosmaster.master][INFO] 2019-01-10 11:39:46,368: publisherUpdate[/rosout] -> http://onboardpc:43453/ ['http://onboardpc:44899/']: sec=0.00, result=[1, '', 0]
[rosmaster.master][INFO] 2019-01-10 11:39:46,369: -PUB [/scan] /lms1xx http://onboardpc:41995/
[rosmaster.master][INFO] 2019-01-10 11:39:46,371: -SERVICE [/lms1xx/get_loggers] /lms1xx rosrpc://onboardpc:44499
[rosmaster.master][INFO] 2019-01-10 11:39:46,372: -SERVICE [/lms1xx/set_logger_level] /lms1xx rosrpc://onboardpc:44499
