[rosmaster.main][INFO] 2019-01-10 10:47:47,392: initialization complete, waiting for shutdown
[rosmaster.main][INFO] 2019-01-10 10:47:47,392: Starting ROS Master Node
[xmlrpc][INFO] 2019-01-10 10:47:47,393: XML-RPC server binding to 0.0.0.0:11311
[xmlrpc][INFO] 2019-01-10 10:47:47,393: Started XML-RPC server [http://onboardpc:11311/]
[rosmaster.master][INFO] 2019-01-10 10:47:47,394: Master initialized: port[11311], uri[http://onboardpc:11311/]
[xmlrpc][INFO] 2019-01-10 10:47:47,394: xml rpc node: starting XML-RPC server
[rosmaster.master][INFO] 2019-01-10 10:47:47,486: +PARAM [/run_id] by /roslaunch
[rosmaster.master][INFO] 2019-01-10 10:47:47,487: +PARAM [/roslaunch/uris/host_onboardpc__40323] by /roslaunch
[rosmaster.master][INFO] 2019-01-10 10:47:47,650: +PARAM [/rosversion] by /roslaunch
[rosmaster.master][INFO] 2019-01-10 10:47:47,650: +PARAM [/rosdistro] by /roslaunch
[rosmaster.master][INFO] 2019-01-10 10:47:47,695: +SERVICE [/rosout/get_loggers] /rosout http://onboardpc:42839/
[rosmaster.master][INFO] 2019-01-10 10:47:47,696: +SERVICE [/rosout/set_logger_level] /rosout http://onboardpc:42839/
[rosmaster.master][INFO] 2019-01-10 10:47:47,701: +PUB [/rosout_agg] /rosout http://onboardpc:42839/
[rosmaster.master][INFO] 2019-01-10 10:47:47,707: +SUB [/rosout] /rosout http://onboardpc:42839/
[rosmaster.master][INFO] 2019-01-10 10:47:58,726: +PARAM [/RosAria/port] by /RosAria
[rosmaster.master][INFO] 2019-01-10 10:47:58,729: +PUB [/rosout] /RosAria http://onboardpc:46129/
[rosmaster.master][INFO] 2019-01-10 10:47:58,731: +SERVICE [/RosAria/get_loggers] /RosAria http://onboardpc:46129/
[rosmaster.master][INFO] 2019-01-10 10:47:58,732: +SERVICE [/RosAria/set_logger_level] /RosAria http://onboardpc:46129/
[rosmaster.master][INFO] 2019-01-10 10:47:58,735: +PUB [/tf] /RosAria http://onboardpc:46129/
[rosmaster.master][INFO] 2019-01-10 10:47:58,746: +PUB [/RosAria/pose] /RosAria http://onboardpc:46129/
[rosmaster.master][INFO] 2019-01-10 10:47:58,747: +PUB [/RosAria/bumper_state] /RosAria http://onboardpc:46129/
[rosmaster.master][INFO] 2019-01-10 10:47:58,748: +PUB [/RosAria/sonar] /RosAria http://onboardpc:46129/
[rosmaster.master][INFO] 2019-01-10 10:47:58,749: +PUB [/RosAria/sonar_pointcloud2] /RosAria http://onboardpc:46129/
[rosmaster.master][INFO] 2019-01-10 10:47:58,750: +PUB [/RosAria/battery_voltage] /RosAria http://onboardpc:46129/
[rosmaster.master][INFO] 2019-01-10 10:47:58,751: +PUB [/RosAria/battery_recharge_state] /RosAria http://onboardpc:46129/
[rosmaster.master][INFO] 2019-01-10 10:47:58,752: +PUB [/RosAria/battery_state_of_charge] /RosAria http://onboardpc:46129/
[rosmaster.master][INFO] 2019-01-10 10:47:58,753: +PUB [/RosAria/motors_state] /RosAria http://onboardpc:46129/
[rosmaster.master][INFO] 2019-01-10 10:47:58,754: +SERVICE [/RosAria/enable_motors] /RosAria http://onboardpc:46129/
[rosmaster.master][INFO] 2019-01-10 10:47:58,755: +SERVICE [/RosAria/disable_motors] /RosAria http://onboardpc:46129/
[rosmaster.master][INFO] 2019-01-10 10:47:58,815: publisherUpdate[/rosout] -> http://onboardpc:42839/ ['http://onboardpc:46129/']
[rosmaster.master][INFO] 2019-01-10 10:47:58,820: publisherUpdate[/rosout] -> http://onboardpc:42839/ ['http://onboardpc:46129/']: sec=0.00, result=[1, '', 0]
[rosmaster.master][INFO] 2019-01-10 10:47:59,361: +SERVICE [/RosAria/set_parameters] /RosAria http://onboardpc:46129/
[rosmaster.master][INFO] 2019-01-10 10:47:59,363: +PUB [/RosAria/parameter_descriptions] /RosAria http://onboardpc:46129/
[rosmaster.master][INFO] 2019-01-10 10:47:59,364: +PUB [/RosAria/parameter_updates] /RosAria http://onboardpc:46129/
[rosmaster.master][INFO] 2019-01-10 10:47:59,372: +PARAM [/RosAria/trans_accel] by /RosAria
[rosmaster.master][INFO] 2019-01-10 10:47:59,373: +PARAM [/RosAria/trans_decel] by /RosAria
[rosmaster.master][INFO] 2019-01-10 10:47:59,374: +PARAM [/RosAria/lat_accel] by /RosAria
[rosmaster.master][INFO] 2019-01-10 10:47:59,375: +PARAM [/RosAria/lat_decel] by /RosAria
[rosmaster.master][INFO] 2019-01-10 10:47:59,377: +PARAM [/RosAria/rot_accel] by /RosAria
[rosmaster.master][INFO] 2019-01-10 10:47:59,378: +PARAM [/RosAria/rot_decel] by /RosAria
[rosmaster.master][INFO] 2019-01-10 10:47:59,379: +PARAM [/RosAria/TicksMM] by /RosAria
[rosmaster.master][INFO] 2019-01-10 10:47:59,380: +PARAM [/RosAria/DriftFactor] by /RosAria
[rosmaster.master][INFO] 2019-01-10 10:47:59,381: +PARAM [/RosAria/RevCount] by /RosAria
[rosmaster.master][INFO] 2019-01-10 10:47:59,383: +PARAM [/RosAria/trans_accel] by /RosAria
[rosmaster.master][INFO] 2019-01-10 10:47:59,384: +PARAM [/RosAria/trans_decel] by /RosAria
[rosmaster.master][INFO] 2019-01-10 10:47:59,386: +PARAM [/RosAria/lat_accel] by /RosAria
[rosmaster.master][INFO] 2019-01-10 10:47:59,387: +PARAM [/RosAria/lat_decel] by /RosAria
[rosmaster.master][INFO] 2019-01-10 10:47:59,388: +PARAM [/RosAria/rot_accel] by /RosAria
[rosmaster.master][INFO] 2019-01-10 10:47:59,389: +PARAM [/RosAria/rot_decel] by /RosAria
[rosmaster.master][INFO] 2019-01-10 10:47:59,391: +PARAM [/RosAria/TicksMM] by /RosAria
[rosmaster.master][INFO] 2019-01-10 10:47:59,392: +PARAM [/RosAria/DriftFactor] by /RosAria
[rosmaster.master][INFO] 2019-01-10 10:47:59,393: +PARAM [/RosAria/RevCount] by /RosAria
[rosmaster.master][INFO] 2019-01-10 10:47:59,398: +SUB [/RosAria/cmd_vel] /RosAria http://onboardpc:46129/
[rosmaster.master][INFO] 2019-01-10 10:48:44,395: +PUB [/RosAria/cmd_vel] /teleop_twist_keyboard http://andre-Inspiron-15-7000-Gaming:45263/
[rosmaster.master][INFO] 2019-01-10 10:48:44,406: publisherUpdate[/RosAria/cmd_vel] -> http://onboardpc:46129/ ['http://andre-Inspiron-15-7000-Gaming:45263/']
[rosmaster.master][INFO] 2019-01-10 10:48:44,466: publisherUpdate[/RosAria/cmd_vel] -> http://onboardpc:46129/ ['http://andre-Inspiron-15-7000-Gaming:45263/']: sec=0.06, result=[0, 'Unknown Error', 0]
[rosmaster.master][INFO] 2019-01-10 10:48:44,470: +PUB [/rosout] /teleop_twist_keyboard http://andre-Inspiron-15-7000-Gaming:45263/
[rosmaster.master][INFO] 2019-01-10 10:48:44,492: +SERVICE [/teleop_twist_keyboard/get_loggers] /teleop_twist_keyboard http://andre-Inspiron-15-7000-Gaming:45263/
[rosmaster.master][INFO] 2019-01-10 10:48:44,498: +SERVICE [/teleop_twist_keyboard/set_logger_level] /teleop_twist_keyboard http://andre-Inspiron-15-7000-Gaming:45263/
[rosmaster.master][INFO] 2019-01-10 10:48:44,506: publisherUpdate[/rosout] -> http://onboardpc:42839/ ['http://onboardpc:46129/', 'http://andre-Inspiron-15-7000-Gaming:45263/']
[rosmaster.master][INFO] 2019-01-10 10:48:44,520: publisherUpdate[/rosout] -> http://onboardpc:42839/ ['http://onboardpc:46129/', 'http://andre-Inspiron-15-7000-Gaming:45263/']: sec=0.01, result=[0, 'Unknown Error', 0]
[rosmaster.master][INFO] 2019-01-10 10:50:38,936: +PUB [/rosout] /rqt_gui_py_node_21741 http://andre-Inspiron-15-7000-Gaming:45517/
[rosmaster.master][INFO] 2019-01-10 10:50:38,948: publisherUpdate[/rosout] -> http://onboardpc:42839/ ['http://onboardpc:46129/', 'http://andre-Inspiron-15-7000-Gaming:45263/', 'http://andre-Inspiron-15-7000-Gaming:45517/']
[rosmaster.master][INFO] 2019-01-10 10:50:38,973: publisherUpdate[/rosout] -> http://onboardpc:42839/ ['http://onboardpc:46129/', 'http://andre-Inspiron-15-7000-Gaming:45263/', 'http://andre-Inspiron-15-7000-Gaming:45517/']: sec=0.02, result=[0, 'Unknown Error', 0]
[rosmaster.master][INFO] 2019-01-10 10:50:39,091: +SERVICE [/rqt_gui_py_node_21741/get_loggers] /rqt_gui_py_node_21741 http://andre-Inspiron-15-7000-Gaming:45517/
[rosmaster.master][INFO] 2019-01-10 10:50:39,097: +SERVICE [/rqt_gui_py_node_21741/set_logger_level] /rqt_gui_py_node_21741 http://andre-Inspiron-15-7000-Gaming:45517/
[rosmaster.master][INFO] 2019-01-10 10:50:39,247: +SUB [/statistics] /rqt_gui_py_node_21741 http://andre-Inspiron-15-7000-Gaming:45517/
[rosmaster.master][INFO] 2019-01-10 10:50:56,952: -SUB [/statistics] /rqt_gui_py_node_21741 http://andre-Inspiron-15-7000-Gaming:45517/
[rosmaster.master][INFO] 2019-01-10 10:50:56,953: -PUB [/rosout] /rqt_gui_py_node_21741 http://andre-Inspiron-15-7000-Gaming:45517/
[rosmaster.master][INFO] 2019-01-10 10:50:56,953: -SERVICE [/rqt_gui_py_node_21741/set_logger_level] /rqt_gui_py_node_21741 rosrpc://andre-Inspiron-15-7000-Gaming:35901
[rosmaster.master][INFO] 2019-01-10 10:50:56,954: -SERVICE [/rqt_gui_py_node_21741/get_loggers] /rqt_gui_py_node_21741 rosrpc://andre-Inspiron-15-7000-Gaming:35901
[rosmaster.master][INFO] 2019-01-10 10:50:56,967: publisherUpdate[/rosout] -> http://onboardpc:42839/ ['http://onboardpc:46129/', 'http://andre-Inspiron-15-7000-Gaming:45263/']
[rosmaster.master][INFO] 2019-01-10 10:50:56,980: publisherUpdate[/rosout] -> http://onboardpc:42839/ ['http://onboardpc:46129/', 'http://andre-Inspiron-15-7000-Gaming:45263/']: sec=0.01, result=[0, 'Unknown Error', 0]
[rosmaster.master][INFO] 2019-01-10 10:51:26,693: +PUB [/rosout] /rqt_gui_py_node_2522 http://onboardpc:39595/
[rosmaster.master][INFO] 2019-01-10 10:51:26,702: +SERVICE [/rqt_gui_py_node_2522/get_loggers] /rqt_gui_py_node_2522 http://onboardpc:39595/
[rosmaster.master][INFO] 2019-01-10 10:51:26,704: +SERVICE [/rqt_gui_py_node_2522/set_logger_level] /rqt_gui_py_node_2522 http://onboardpc:39595/
[rosmaster.master][INFO] 2019-01-10 10:51:26,737: publisherUpdate[/rosout] -> http://onboardpc:42839/ ['http://onboardpc:46129/', 'http://andre-Inspiron-15-7000-Gaming:45263/', 'http://onboardpc:39595/']
[rosmaster.master][INFO] 2019-01-10 10:51:26,750: publisherUpdate[/rosout] -> http://onboardpc:42839/ ['http://onboardpc:46129/', 'http://andre-Inspiron-15-7000-Gaming:45263/', 'http://onboardpc:39595/']: sec=0.01, result=[0, 'Unknown Error', 0]
[rosmaster.master][INFO] 2019-01-10 10:51:26,752: +SUB [/statistics] /rqt_gui_py_node_2522 http://onboardpc:39595/
[rosmaster.master][INFO] 2019-01-10 10:52:12,044: +PUB [/RosAria/cmd_vel] /teleop_twist_keyboard http://andre-Inspiron-15-7000-Gaming:40075/
[rosmaster.master][INFO] 2019-01-10 10:52:12,056: publisherUpdate[/RosAria/cmd_vel] -> http://onboardpc:46129/ ['http://andre-Inspiron-15-7000-Gaming:40075/']
[rosmaster.master][INFO] 2019-01-10 10:52:12,070: publisherUpdate[/RosAria/cmd_vel] -> http://onboardpc:46129/ ['http://andre-Inspiron-15-7000-Gaming:40075/']: sec=0.01, result=[0, 'Unknown Error', 0]
[rosmaster.master][INFO] 2019-01-10 10:52:12,141: +PUB [/rosout] /teleop_twist_keyboard http://andre-Inspiron-15-7000-Gaming:40075/
[rosmaster.master][INFO] 2019-01-10 10:52:12,152: +SERVICE [/teleop_twist_keyboard/get_loggers] /teleop_twist_keyboard http://andre-Inspiron-15-7000-Gaming:40075/
[rosmaster.master][INFO] 2019-01-10 10:52:12,160: publisherUpdate[/rosout] -> http://onboardpc:42839/ ['http://onboardpc:46129/', 'http://onboardpc:39595/', 'http://andre-Inspiron-15-7000-Gaming:40075/']
[rosmaster.master][INFO] 2019-01-10 10:52:12,162: +SERVICE [/teleop_twist_keyboard/set_logger_level] /teleop_twist_keyboard http://andre-Inspiron-15-7000-Gaming:40075/
[rosmaster.master][INFO] 2019-01-10 10:52:12,173: publisherUpdate[/rosout] -> http://onboardpc:42839/ ['http://onboardpc:46129/', 'http://onboardpc:39595/', 'http://andre-Inspiron-15-7000-Gaming:40075/']: sec=0.01, result=[0, 'Unknown Error', 0]
[rosmaster.master][INFO] 2019-01-10 10:58:37,385: +PUB [/rosout] /rqt_gui_py_node_21911 http://andre-Inspiron-15-7000-Gaming:41801/
[rosmaster.master][INFO] 2019-01-10 10:58:37,400: +SERVICE [/rqt_gui_py_node_21911/get_loggers] /rqt_gui_py_node_21911 http://andre-Inspiron-15-7000-Gaming:41801/
[rosmaster.master][INFO] 2019-01-10 10:58:37,405: +SERVICE [/rqt_gui_py_node_21911/set_logger_level] /rqt_gui_py_node_21911 http://andre-Inspiron-15-7000-Gaming:41801/
[rosmaster.master][INFO] 2019-01-10 10:58:37,408: publisherUpdate[/rosout] -> http://onboardpc:42839/ ['http://onboardpc:46129/', 'http://onboardpc:39595/', 'http://andre-Inspiron-15-7000-Gaming:40075/', 'http://andre-Inspiron-15-7000-Gaming:41801/']
[rosmaster.master][INFO] 2019-01-10 10:58:37,434: publisherUpdate[/rosout] -> http://onboardpc:42839/ ['http://onboardpc:46129/', 'http://onboardpc:39595/', 'http://andre-Inspiron-15-7000-Gaming:40075/', 'http://andre-Inspiron-15-7000-Gaming:41801/']: sec=0.03, result=[0, 'Unknown Error', 0]
[rosmaster.master][INFO] 2019-01-10 10:58:37,442: +SUB [/statistics] /rqt_gui_py_node_21911 http://andre-Inspiron-15-7000-Gaming:41801/
[rosmaster.master][INFO] 2019-01-10 10:59:13,740: -SUB [/statistics] /rqt_gui_py_node_21911 http://andre-Inspiron-15-7000-Gaming:41801/
[rosmaster.master][INFO] 2019-01-10 10:59:13,741: -PUB [/rosout] /rqt_gui_py_node_21911 http://andre-Inspiron-15-7000-Gaming:41801/
[rosmaster.master][INFO] 2019-01-10 10:59:13,741: -SERVICE [/rqt_gui_py_node_21911/set_logger_level] /rqt_gui_py_node_21911 rosrpc://andre-Inspiron-15-7000-Gaming:37061
[rosmaster.master][INFO] 2019-01-10 10:59:13,741: -SERVICE [/rqt_gui_py_node_21911/get_loggers] /rqt_gui_py_node_21911 rosrpc://andre-Inspiron-15-7000-Gaming:37061
[rosmaster.master][INFO] 2019-01-10 10:59:13,781: publisherUpdate[/rosout] -> http://onboardpc:42839/ ['http://onboardpc:46129/', 'http://onboardpc:39595/', 'http://andre-Inspiron-15-7000-Gaming:40075/']
[rosmaster.master][INFO] 2019-01-10 10:59:13,794: publisherUpdate[/rosout] -> http://onboardpc:42839/ ['http://onboardpc:46129/', 'http://onboardpc:39595/', 'http://andre-Inspiron-15-7000-Gaming:40075/']: sec=0.01, result=[0, 'Unknown Error', 0]
[rosmaster.master][INFO] 2019-01-10 10:59:21,950: +PUB [/rosout] /rqt_gui_py_node_21958 http://andre-Inspiron-15-7000-Gaming:34087/
[rosmaster.master][INFO] 2019-01-10 10:59:21,954: publisherUpdate[/rosout] -> http://onboardpc:42839/ ['http://onboardpc:46129/', 'http://onboardpc:39595/', 'http://andre-Inspiron-15-7000-Gaming:40075/', 'http://andre-Inspiron-15-7000-Gaming:34087/']
[rosmaster.master][INFO] 2019-01-10 10:59:21,963: +SERVICE [/rqt_gui_py_node_21958/get_loggers] /rqt_gui_py_node_21958 http://andre-Inspiron-15-7000-Gaming:34087/
[rosmaster.master][INFO] 2019-01-10 10:59:21,975: +SERVICE [/rqt_gui_py_node_21958/set_logger_level] /rqt_gui_py_node_21958 http://andre-Inspiron-15-7000-Gaming:34087/
[rosmaster.master][INFO] 2019-01-10 10:59:22,010: +SUB [/statistics] /rqt_gui_py_node_21958 http://andre-Inspiron-15-7000-Gaming:34087/
[rosmaster.master][INFO] 2019-01-10 10:59:22,024: publisherUpdate[/rosout] -> http://onboardpc:42839/ ['http://onboardpc:46129/', 'http://onboardpc:39595/', 'http://andre-Inspiron-15-7000-Gaming:40075/', 'http://andre-Inspiron-15-7000-Gaming:34087/']: sec=0.07, result=[0, 'Unknown Error', 0]
[rosmaster.master][INFO] 2019-01-10 10:59:36,649: -SUB [/statistics] /rqt_gui_py_node_21958 http://andre-Inspiron-15-7000-Gaming:34087/
[rosmaster.master][INFO] 2019-01-10 10:59:36,649: -PUB [/rosout] /rqt_gui_py_node_21958 http://andre-Inspiron-15-7000-Gaming:34087/
[rosmaster.master][INFO] 2019-01-10 10:59:36,650: publisherUpdate[/rosout] -> http://onboardpc:42839/ ['http://onboardpc:46129/', 'http://onboardpc:39595/', 'http://andre-Inspiron-15-7000-Gaming:40075/']
[rosmaster.master][INFO] 2019-01-10 10:59:36,650: -SERVICE [/rqt_gui_py_node_21958/get_loggers] /rqt_gui_py_node_21958 rosrpc://andre-Inspiron-15-7000-Gaming:45067
[rosmaster.master][INFO] 2019-01-10 10:59:36,653: -SERVICE [/rqt_gui_py_node_21958/set_logger_level] /rqt_gui_py_node_21958 rosrpc://andre-Inspiron-15-7000-Gaming:45067
[rosmaster.master][INFO] 2019-01-10 10:59:36,664: publisherUpdate[/rosout] -> http://onboardpc:42839/ ['http://onboardpc:46129/', 'http://onboardpc:39595/', 'http://andre-Inspiron-15-7000-Gaming:40075/']: sec=0.01, result=[0, 'Unknown Error', 0]
[rosmaster.master][INFO] 2019-01-10 10:59:44,189: -PUB [/rosout] /teleop_twist_keyboard http://andre-Inspiron-15-7000-Gaming:40075/
[rosmaster.master][INFO] 2019-01-10 10:59:44,189: -PUB [/RosAria/cmd_vel] /teleop_twist_keyboard http://andre-Inspiron-15-7000-Gaming:40075/
[rosmaster.master][INFO] 2019-01-10 10:59:44,190: -SERVICE [/teleop_twist_keyboard/set_logger_level] /teleop_twist_keyboard rosrpc://andre-Inspiron-15-7000-Gaming:34281
[rosmaster.master][INFO] 2019-01-10 10:59:44,190: -SERVICE [/teleop_twist_keyboard/get_loggers] /teleop_twist_keyboard rosrpc://andre-Inspiron-15-7000-Gaming:34281
[rosmaster.master][INFO] 2019-01-10 10:59:44,254: publisherUpdate[/rosout] -> http://onboardpc:42839/ ['http://onboardpc:46129/', 'http://onboardpc:39595/']
[rosmaster.master][INFO] 2019-01-10 10:59:44,256: publisherUpdate[/rosout] -> http://onboardpc:42839/ ['http://onboardpc:46129/', 'http://onboardpc:39595/']: sec=0.00, result=[1, '', 0]
[rosmaster.master][INFO] 2019-01-10 10:59:44,257: publisherUpdate[/RosAria/cmd_vel] -> http://onboardpc:46129/ []
[rosmaster.master][INFO] 2019-01-10 10:59:44,258: publisherUpdate[/RosAria/cmd_vel] -> http://onboardpc:46129/ []: sec=0.00, result=[1, '', 0]
[rosmaster.master][INFO] 2019-01-10 10:59:54,597: +PUB [/RosAria/cmd_vel] /teleop_twist_keyboard http://andre-Inspiron-15-7000-Gaming:35347/
[rosmaster.master][INFO] 2019-01-10 10:59:54,598: publisherUpdate[/RosAria/cmd_vel] -> http://onboardpc:46129/ ['http://andre-Inspiron-15-7000-Gaming:35347/']
[rosmaster.master][INFO] 2019-01-10 10:59:54,612: publisherUpdate[/RosAria/cmd_vel] -> http://onboardpc:46129/ ['http://andre-Inspiron-15-7000-Gaming:35347/']: sec=0.01, result=[0, 'Unknown Error', 0]
[rosmaster.master][INFO] 2019-01-10 10:59:54,697: +PUB [/rosout] /teleop_twist_keyboard http://andre-Inspiron-15-7000-Gaming:35347/
[rosmaster.master][INFO] 2019-01-10 10:59:54,713: publisherUpdate[/rosout] -> http://onboardpc:42839/ ['http://onboardpc:46129/', 'http://onboardpc:39595/', 'http://andre-Inspiron-15-7000-Gaming:35347/']
[rosmaster.master][INFO] 2019-01-10 10:59:54,726: publisherUpdate[/rosout] -> http://onboardpc:42839/ ['http://onboardpc:46129/', 'http://onboardpc:39595/', 'http://andre-Inspiron-15-7000-Gaming:35347/']: sec=0.01, result=[0, 'Unknown Error', 0]
[rosmaster.master][INFO] 2019-01-10 10:59:54,733: +SERVICE [/teleop_twist_keyboard/get_loggers] /teleop_twist_keyboard http://andre-Inspiron-15-7000-Gaming:35347/
[rosmaster.master][INFO] 2019-01-10 10:59:54,740: +SERVICE [/teleop_twist_keyboard/set_logger_level] /teleop_twist_keyboard http://andre-Inspiron-15-7000-Gaming:35347/
[rosmaster.master][INFO] 2019-01-10 11:00:42,007: -PUB [/rosout] /teleop_twist_keyboard http://andre-Inspiron-15-7000-Gaming:35347/
[rosmaster.master][INFO] 2019-01-10 11:00:42,008: -PUB [/RosAria/cmd_vel] /teleop_twist_keyboard http://andre-Inspiron-15-7000-Gaming:35347/
[rosmaster.master][INFO] 2019-01-10 11:00:42,009: -SERVICE [/teleop_twist_keyboard/set_logger_level] /teleop_twist_keyboard rosrpc://andre-Inspiron-15-7000-Gaming:38333
[rosmaster.master][INFO] 2019-01-10 11:00:42,009: -SERVICE [/teleop_twist_keyboard/get_loggers] /teleop_twist_keyboard rosrpc://andre-Inspiron-15-7000-Gaming:38333
[rosmaster.master][INFO] 2019-01-10 11:00:42,020: publisherUpdate[/rosout] -> http://onboardpc:42839/ ['http://onboardpc:46129/', 'http://onboardpc:39595/']
[rosmaster.master][INFO] 2019-01-10 11:00:42,021: publisherUpdate[/rosout] -> http://onboardpc:42839/ ['http://onboardpc:46129/', 'http://onboardpc:39595/']: sec=0.00, result=[1, '', 0]
[rosmaster.master][INFO] 2019-01-10 11:00:42,021: publisherUpdate[/RosAria/cmd_vel] -> http://onboardpc:46129/ []
[rosmaster.master][INFO] 2019-01-10 11:00:42,022: publisherUpdate[/RosAria/cmd_vel] -> http://onboardpc:46129/ []: sec=0.00, result=[1, '', 0]
[rosmaster.master][INFO] 2019-01-10 11:05:26,552: +PUB [/RosAria/cmd_vel] /teleop_twist_keyboard http://andre-Inspiron-15-7000-Gaming:43159/
[rosmaster.master][INFO] 2019-01-10 11:05:26,552: publisherUpdate[/RosAria/cmd_vel] -> http://onboardpc:46129/ ['http://andre-Inspiron-15-7000-Gaming:43159/']
[rosmaster.master][INFO] 2019-01-10 11:05:26,567: publisherUpdate[/RosAria/cmd_vel] -> http://onboardpc:46129/ ['http://andre-Inspiron-15-7000-Gaming:43159/']: sec=0.01, result=[0, 'Unknown Error', 0]
[rosmaster.master][INFO] 2019-01-10 11:05:26,646: +PUB [/rosout] /teleop_twist_keyboard http://andre-Inspiron-15-7000-Gaming:43159/
[rosmaster.master][INFO] 2019-01-10 11:05:26,653: publisherUpdate[/rosout] -> http://onboardpc:42839/ ['http://onboardpc:46129/', 'http://onboardpc:39595/', 'http://andre-Inspiron-15-7000-Gaming:43159/']
[rosmaster.master][INFO] 2019-01-10 11:05:26,658: +SERVICE [/teleop_twist_keyboard/get_loggers] /teleop_twist_keyboard http://andre-Inspiron-15-7000-Gaming:43159/
[rosmaster.master][INFO] 2019-01-10 11:05:26,667: publisherUpdate[/rosout] -> http://onboardpc:42839/ ['http://onboardpc:46129/', 'http://onboardpc:39595/', 'http://andre-Inspiron-15-7000-Gaming:43159/']: sec=0.01, result=[0, 'Unknown Error', 0]
[rosmaster.master][INFO] 2019-01-10 11:05:26,882: +SERVICE [/teleop_twist_keyboard/set_logger_level] /teleop_twist_keyboard http://andre-Inspiron-15-7000-Gaming:43159/
[rosmaster.master][INFO] 2019-01-10 11:07:03,293: -SUB [/statistics] /rqt_gui_py_node_2522 http://onboardpc:39595/
[rosmaster.master][INFO] 2019-01-10 11:07:03,293: -PUB [/rosout] /rqt_gui_py_node_2522 http://onboardpc:39595/
[rosmaster.master][INFO] 2019-01-10 11:07:03,293: -SERVICE [/rqt_gui_py_node_2522/get_loggers] /rqt_gui_py_node_2522 rosrpc://onboardpc:43175
[rosmaster.master][INFO] 2019-01-10 11:07:03,293: -SERVICE [/rqt_gui_py_node_2522/set_logger_level] /rqt_gui_py_node_2522 rosrpc://onboardpc:43175
[rosmaster.master][INFO] 2019-01-10 11:07:03,352: publisherUpdate[/rosout] -> http://onboardpc:42839/ ['http://onboardpc:46129/', 'http://andre-Inspiron-15-7000-Gaming:43159/']
[rosmaster.master][INFO] 2019-01-10 11:07:03,367: publisherUpdate[/rosout] -> http://onboardpc:42839/ ['http://onboardpc:46129/', 'http://andre-Inspiron-15-7000-Gaming:43159/']: sec=0.01, result=[0, 'Unknown Error', 0]
[rosmaster.master][INFO] 2019-01-10 11:07:12,533: +PUB [/rosout] /rqt_gui_py_node_2877 http://onboardpc:33915/
[rosmaster.master][INFO] 2019-01-10 11:07:12,541: +SERVICE [/rqt_gui_py_node_2877/get_loggers] /rqt_gui_py_node_2877 http://onboardpc:33915/
[rosmaster.master][INFO] 2019-01-10 11:07:12,543: +SERVICE [/rqt_gui_py_node_2877/set_logger_level] /rqt_gui_py_node_2877 http://onboardpc:33915/
[rosmaster.master][INFO] 2019-01-10 11:07:12,577: publisherUpdate[/rosout] -> http://onboardpc:42839/ ['http://onboardpc:46129/', 'http://andre-Inspiron-15-7000-Gaming:43159/', 'http://onboardpc:33915/']
[rosmaster.master][INFO] 2019-01-10 11:07:12,590: publisherUpdate[/rosout] -> http://onboardpc:42839/ ['http://onboardpc:46129/', 'http://andre-Inspiron-15-7000-Gaming:43159/', 'http://onboardpc:33915/']: sec=0.01, result=[0, 'Unknown Error', 0]
[rosmaster.master][INFO] 2019-01-10 11:08:31,767: -PUB [/rosout] /rqt_gui_py_node_2877 http://onboardpc:33915/
[rosmaster.master][INFO] 2019-01-10 11:08:31,767: -SERVICE [/rqt_gui_py_node_2877/set_logger_level] /rqt_gui_py_node_2877 rosrpc://onboardpc:37057
[rosmaster.master][INFO] 2019-01-10 11:08:31,767: -SERVICE [/rqt_gui_py_node_2877/get_loggers] /rqt_gui_py_node_2877 rosrpc://onboardpc:37057
[rosmaster.master][INFO] 2019-01-10 11:08:31,838: publisherUpdate[/rosout] -> http://onboardpc:42839/ ['http://onboardpc:46129/', 'http://andre-Inspiron-15-7000-Gaming:43159/']
[rosmaster.master][INFO] 2019-01-10 11:08:31,853: publisherUpdate[/rosout] -> http://onboardpc:42839/ ['http://onboardpc:46129/', 'http://andre-Inspiron-15-7000-Gaming:43159/']: sec=0.01, result=[0, 'Unknown Error', 0]
[rosmaster.master][INFO] 2019-01-10 11:08:33,786: -PUB [/rosout] /RosAria http://onboardpc:46129/
[rosmaster.master][INFO] 2019-01-10 11:08:33,788: -PUB [/tf] /RosAria http://onboardpc:46129/
[rosmaster.master][INFO] 2019-01-10 11:08:33,789: -PUB [/RosAria/pose] /RosAria http://onboardpc:46129/
[rosmaster.master][INFO] 2019-01-10 11:08:33,790: -PUB [/RosAria/bumper_state] /RosAria http://onboardpc:46129/
[rosmaster.master][INFO] 2019-01-10 11:08:33,791: -PUB [/RosAria/sonar] /RosAria http://onboardpc:46129/
[rosmaster.master][INFO] 2019-01-10 11:08:33,791: -PUB [/RosAria/sonar_pointcloud2] /RosAria http://onboardpc:46129/
[rosmaster.master][INFO] 2019-01-10 11:08:33,792: -PUB [/RosAria/battery_voltage] /RosAria http://onboardpc:46129/
[rosmaster.master][INFO] 2019-01-10 11:08:33,793: -PUB [/RosAria/battery_recharge_state] /RosAria http://onboardpc:46129/
[rosmaster.master][INFO] 2019-01-10 11:08:33,794: -PUB [/RosAria/battery_state_of_charge] /RosAria http://onboardpc:46129/
[rosmaster.master][INFO] 2019-01-10 11:08:33,795: -PUB [/RosAria/motors_state] /RosAria http://onboardpc:46129/
[rosmaster.master][INFO] 2019-01-10 11:08:33,796: -PUB [/RosAria/parameter_descriptions] /RosAria http://onboardpc:46129/
[rosmaster.master][INFO] 2019-01-10 11:08:33,797: -PUB [/RosAria/parameter_updates] /RosAria http://onboardpc:46129/
[rosmaster.master][INFO] 2019-01-10 11:08:33,798: -SUB [/RosAria/cmd_vel] /RosAria http://onboardpc:46129/
[rosmaster.master][INFO] 2019-01-10 11:08:33,799: -SERVICE [/RosAria/get_loggers] /RosAria rosrpc://onboardpc:34319
[rosmaster.master][INFO] 2019-01-10 11:08:33,800: -SERVICE [/RosAria/set_logger_level] /RosAria rosrpc://onboardpc:34319
[rosmaster.master][INFO] 2019-01-10 11:08:33,801: -SERVICE [/RosAria/enable_motors] /RosAria rosrpc://onboardpc:34319
[rosmaster.master][INFO] 2019-01-10 11:08:33,801: -SERVICE [/RosAria/disable_motors] /RosAria rosrpc://onboardpc:34319
[rosmaster.master][INFO] 2019-01-10 11:08:33,802: -SERVICE [/RosAria/set_parameters] /RosAria rosrpc://onboardpc:34319
[rosmaster.master][INFO] 2019-01-10 11:08:33,844: publisherUpdate[/rosout] -> http://onboardpc:42839/ ['http://andre-Inspiron-15-7000-Gaming:43159/']
[rosmaster.master][INFO] 2019-01-10 11:08:33,857: publisherUpdate[/rosout] -> http://onboardpc:42839/ ['http://andre-Inspiron-15-7000-Gaming:43159/']: sec=0.01, result=[0, 'Unknown Error', 0]
[rosmaster.master][INFO] 2019-01-10 11:10:24,727: -PUB [/rosout] /teleop_twist_keyboard http://andre-Inspiron-15-7000-Gaming:43159/
[rosmaster.master][INFO] 2019-01-10 11:10:24,727: -PUB [/RosAria/cmd_vel] /teleop_twist_keyboard http://andre-Inspiron-15-7000-Gaming:43159/
[rosmaster.master][INFO] 2019-01-10 11:10:24,728: -SERVICE [/teleop_twist_keyboard/set_logger_level] /teleop_twist_keyboard rosrpc://andre-Inspiron-15-7000-Gaming:46091
[rosmaster.master][INFO] 2019-01-10 11:10:24,728: -SERVICE [/teleop_twist_keyboard/get_loggers] /teleop_twist_keyboard rosrpc://andre-Inspiron-15-7000-Gaming:46091
[rosmaster.master][INFO] 2019-01-10 11:10:24,792: publisherUpdate[/rosout] -> http://onboardpc:42839/ []
[rosmaster.master][INFO] 2019-01-10 11:10:24,794: publisherUpdate[/rosout] -> http://onboardpc:42839/ []: sec=0.00, result=[1, '', 0]
[rosmaster.master][INFO] 2019-01-10 11:10:42,843: +PARAM [/RosAria/port] by /RosAria
[rosmaster.master][INFO] 2019-01-10 11:10:42,846: +PUB [/rosout] /RosAria http://onboardpc:44687/
[rosmaster.master][INFO] 2019-01-10 11:10:42,847: +SERVICE [/RosAria/get_loggers] /RosAria http://onboardpc:44687/
[rosmaster.master][INFO] 2019-01-10 11:10:42,848: +SERVICE [/RosAria/set_logger_level] /RosAria http://onboardpc:44687/
[rosmaster.master][INFO] 2019-01-10 11:10:42,851: +PUB [/tf] /RosAria http://onboardpc:44687/
[rosmaster.master][INFO] 2019-01-10 11:10:42,855: publisherUpdate[/rosout] -> http://onboardpc:42839/ ['http://onboardpc:44687/']
[rosmaster.master][INFO] 2019-01-10 11:10:42,856: publisherUpdate[/rosout] -> http://onboardpc:42839/ ['http://onboardpc:44687/']: sec=0.00, result=[1, '', 0]
[rosmaster.master][INFO] 2019-01-10 11:10:42,861: +PUB [/RosAria/pose] /RosAria http://onboardpc:44687/
[rosmaster.master][INFO] 2019-01-10 11:10:42,862: +PUB [/RosAria/bumper_state] /RosAria http://onboardpc:44687/
[rosmaster.master][INFO] 2019-01-10 11:10:42,863: +PUB [/RosAria/sonar] /RosAria http://onboardpc:44687/
[rosmaster.master][INFO] 2019-01-10 11:10:42,864: +PUB [/RosAria/sonar_pointcloud2] /RosAria http://onboardpc:44687/
[rosmaster.master][INFO] 2019-01-10 11:10:42,865: +PUB [/RosAria/battery_voltage] /RosAria http://onboardpc:44687/
[rosmaster.master][INFO] 2019-01-10 11:10:42,866: +PUB [/RosAria/battery_recharge_state] /RosAria http://onboardpc:44687/
[rosmaster.master][INFO] 2019-01-10 11:10:42,867: +PUB [/RosAria/battery_state_of_charge] /RosAria http://onboardpc:44687/
[rosmaster.master][INFO] 2019-01-10 11:10:42,868: +PUB [/RosAria/motors_state] /RosAria http://onboardpc:44687/
[rosmaster.master][INFO] 2019-01-10 11:10:42,869: +SERVICE [/RosAria/enable_motors] /RosAria http://onboardpc:44687/
[rosmaster.master][INFO] 2019-01-10 11:10:42,870: +SERVICE [/RosAria/disable_motors] /RosAria http://onboardpc:44687/
[rosmaster.master][INFO] 2019-01-10 11:10:43,672: +SERVICE [/RosAria/set_parameters] /RosAria http://onboardpc:44687/
[rosmaster.master][INFO] 2019-01-10 11:10:43,673: +PUB [/RosAria/parameter_descriptions] /RosAria http://onboardpc:44687/
[rosmaster.master][INFO] 2019-01-10 11:10:43,675: +PUB [/RosAria/parameter_updates] /RosAria http://onboardpc:44687/
[rosmaster.master][INFO] 2019-01-10 11:10:43,683: +PARAM [/RosAria/trans_accel] by /RosAria
[rosmaster.master][INFO] 2019-01-10 11:10:43,684: +PARAM [/RosAria/trans_decel] by /RosAria
[rosmaster.master][INFO] 2019-01-10 11:10:43,684: +PARAM [/RosAria/lat_accel] by /RosAria
[rosmaster.master][INFO] 2019-01-10 11:10:43,685: +PARAM [/RosAria/lat_decel] by /RosAria
[rosmaster.master][INFO] 2019-01-10 11:10:43,686: +PARAM [/RosAria/rot_accel] by /RosAria
[rosmaster.master][INFO] 2019-01-10 11:10:43,687: +PARAM [/RosAria/rot_decel] by /RosAria
[rosmaster.master][INFO] 2019-01-10 11:10:43,688: +PARAM [/RosAria/TicksMM] by /RosAria
[rosmaster.master][INFO] 2019-01-10 11:10:43,689: +PARAM [/RosAria/DriftFactor] by /RosAria
[rosmaster.master][INFO] 2019-01-10 11:10:43,690: +PARAM [/RosAria/RevCount] by /RosAria
[rosmaster.master][INFO] 2019-01-10 11:10:43,691: +PARAM [/RosAria/trans_accel] by /RosAria
[rosmaster.master][INFO] 2019-01-10 11:10:43,692: +PARAM [/RosAria/trans_decel] by /RosAria
[rosmaster.master][INFO] 2019-01-10 11:10:43,693: +PARAM [/RosAria/lat_accel] by /RosAria
[rosmaster.master][INFO] 2019-01-10 11:10:43,694: +PARAM [/RosAria/lat_decel] by /RosAria
[rosmaster.master][INFO] 2019-01-10 11:10:43,695: +PARAM [/RosAria/rot_accel] by /RosAria
[rosmaster.master][INFO] 2019-01-10 11:10:43,696: +PARAM [/RosAria/rot_decel] by /RosAria
[rosmaster.master][INFO] 2019-01-10 11:10:43,697: +PARAM [/RosAria/TicksMM] by /RosAria
[rosmaster.master][INFO] 2019-01-10 11:10:43,698: +PARAM [/RosAria/DriftFactor] by /RosAria
[rosmaster.master][INFO] 2019-01-10 11:10:43,699: +PARAM [/RosAria/RevCount] by /RosAria
[rosmaster.master][INFO] 2019-01-10 11:10:43,704: +SUB [/RosAria/cmd_vel] /RosAria http://onboardpc:44687/
[rosmaster.master][INFO] 2019-01-10 11:11:50,004: +PARAM [/lms1xx/host] by /lms1xx
[rosmaster.master][INFO] 2019-01-10 11:11:50,007: +PUB [/rosout] /lms1xx http://onboardpc:37325/
[rosmaster.master][INFO] 2019-01-10 11:11:50,008: +SERVICE [/lms1xx/get_loggers] /lms1xx http://onboardpc:37325/
[rosmaster.master][INFO] 2019-01-10 11:11:50,009: +SERVICE [/lms1xx/set_logger_level] /lms1xx http://onboardpc:37325/
[rosmaster.master][INFO] 2019-01-10 11:11:50,011: +PUB [/scan] /lms1xx http://onboardpc:37325/
[rosmaster.master][INFO] 2019-01-10 11:11:50,063: publisherUpdate[/rosout] -> http://onboardpc:42839/ ['http://onboardpc:44687/', 'http://onboardpc:37325/']
[rosmaster.master][INFO] 2019-01-10 11:11:50,065: publisherUpdate[/rosout] -> http://onboardpc:42839/ ['http://onboardpc:44687/', 'http://onboardpc:37325/']: sec=0.00, result=[1, '', 0]
[rosmaster.master][INFO] 2019-01-10 11:12:12,610: -PUB [/rosout] /lms1xx http://onboardpc:37325/
[rosmaster.master][INFO] 2019-01-10 11:12:12,613: -PUB [/scan] /lms1xx http://onboardpc:37325/
[rosmaster.master][INFO] 2019-01-10 11:12:12,616: -SERVICE [/lms1xx/get_loggers] /lms1xx rosrpc://onboardpc:48333
[rosmaster.master][INFO] 2019-01-10 11:12:12,618: -SERVICE [/lms1xx/set_logger_level] /lms1xx rosrpc://onboardpc:48333
[rosmaster.master][INFO] 2019-01-10 11:12:12,622: publisherUpdate[/rosout] -> http://onboardpc:42839/ ['http://onboardpc:44687/']
[rosmaster.master][INFO] 2019-01-10 11:12:12,622: publisherUpdate[/rosout] -> http://onboardpc:42839/ ['http://onboardpc:44687/']: sec=0.00, result=[1, '', 0]
[rosmaster.master][INFO] 2019-01-10 11:12:48,664: +PARAM [/lms1xx/host] by /lms1xx
[rosmaster.master][INFO] 2019-01-10 11:12:48,667: +PUB [/rosout] /lms1xx http://onboardpc:33389/
[rosmaster.master][INFO] 2019-01-10 11:12:48,668: +SERVICE [/lms1xx/get_loggers] /lms1xx http://onboardpc:33389/
[rosmaster.master][INFO] 2019-01-10 11:12:48,669: +SERVICE [/lms1xx/set_logger_level] /lms1xx http://onboardpc:33389/
[rosmaster.master][INFO] 2019-01-10 11:12:48,671: +PUB [/scan] /lms1xx http://onboardpc:33389/
[rosmaster.master][INFO] 2019-01-10 11:12:48,681: publisherUpdate[/rosout] -> http://onboardpc:42839/ ['http://onboardpc:44687/', 'http://onboardpc:33389/']
[rosmaster.master][INFO] 2019-01-10 11:12:48,682: publisherUpdate[/rosout] -> http://onboardpc:42839/ ['http://onboardpc:44687/', 'http://onboardpc:33389/']: sec=0.00, result=[1, '', 0]
[rosmaster.master][INFO] 2019-01-10 11:12:53,394: -PUB [/rosout] /lms1xx http://onboardpc:33389/
[rosmaster.master][INFO] 2019-01-10 11:12:53,397: -PUB [/scan] /lms1xx http://onboardpc:33389/
[rosmaster.master][INFO] 2019-01-10 11:12:53,400: -SERVICE [/lms1xx/get_loggers] /lms1xx rosrpc://onboardpc:52505
[rosmaster.master][INFO] 2019-01-10 11:12:53,403: -SERVICE [/lms1xx/set_logger_level] /lms1xx rosrpc://onboardpc:52505
[rosmaster.master][INFO] 2019-01-10 11:12:53,403: publisherUpdate[/rosout] -> http://onboardpc:42839/ ['http://onboardpc:44687/']
[rosmaster.master][INFO] 2019-01-10 11:12:53,404: publisherUpdate[/rosout] -> http://onboardpc:42839/ ['http://onboardpc:44687/']: sec=0.00, result=[1, '', 0]
[rosmaster.master][INFO] 2019-01-10 11:13:22,828: +PARAM [/lms1xx/host] by /lms1xx
[rosmaster.master][INFO] 2019-01-10 11:13:22,831: +PUB [/rosout] /lms1xx http://onboardpc:43571/
[rosmaster.master][INFO] 2019-01-10 11:13:22,832: +SERVICE [/lms1xx/get_loggers] /lms1xx http://onboardpc:43571/
[rosmaster.master][INFO] 2019-01-10 11:13:22,833: +SERVICE [/lms1xx/set_logger_level] /lms1xx http://onboardpc:43571/
[rosmaster.master][INFO] 2019-01-10 11:13:22,835: +PUB [/scan] /lms1xx http://onboardpc:43571/
[rosmaster.master][INFO] 2019-01-10 11:13:22,850: publisherUpdate[/rosout] -> http://onboardpc:42839/ ['http://onboardpc:44687/', 'http://onboardpc:43571/']
[rosmaster.master][INFO] 2019-01-10 11:13:22,851: publisherUpdate[/rosout] -> http://onboardpc:42839/ ['http://onboardpc:44687/', 'http://onboardpc:43571/']: sec=0.00, result=[1, '', 0]
[rosmaster.master][INFO] 2019-01-10 11:13:27,864: -PUB [/rosout] /lms1xx http://onboardpc:43571/
[rosmaster.master][INFO] 2019-01-10 11:13:27,866: -PUB [/scan] /lms1xx http://onboardpc:43571/
[rosmaster.master][INFO] 2019-01-10 11:13:27,868: -SERVICE [/lms1xx/get_loggers] /lms1xx rosrpc://onboardpc:54937
[rosmaster.master][INFO] 2019-01-10 11:13:27,869: -SERVICE [/lms1xx/set_logger_level] /lms1xx rosrpc://onboardpc:54937
[rosmaster.master][INFO] 2019-01-10 11:13:27,872: publisherUpdate[/rosout] -> http://onboardpc:42839/ ['http://onboardpc:44687/']
[rosmaster.master][INFO] 2019-01-10 11:13:27,873: publisherUpdate[/rosout] -> http://onboardpc:42839/ ['http://onboardpc:44687/']: sec=0.00, result=[1, '', 0]
[rosmaster.master][INFO] 2019-01-10 11:13:31,875: -PUB [/rosout] /RosAria http://onboardpc:44687/
[rosmaster.master][INFO] 2019-01-10 11:13:31,877: -PUB [/tf] /RosAria http://onboardpc:44687/
[rosmaster.master][INFO] 2019-01-10 11:13:31,877: -PUB [/RosAria/pose] /RosAria http://onboardpc:44687/
[rosmaster.master][INFO] 2019-01-10 11:13:31,878: -PUB [/RosAria/bumper_state] /RosAria http://onboardpc:44687/
[rosmaster.master][INFO] 2019-01-10 11:13:31,879: -PUB [/RosAria/sonar] /RosAria http://onboardpc:44687/
[rosmaster.master][INFO] 2019-01-10 11:13:31,880: publisherUpdate[/rosout] -> http://onboardpc:42839/ []
[rosmaster.master][INFO] 2019-01-10 11:13:31,880: -PUB [/RosAria/sonar_pointcloud2] /RosAria http://onboardpc:44687/
[rosmaster.master][INFO] 2019-01-10 11:13:31,882: publisherUpdate[/rosout] -> http://onboardpc:42839/ []: sec=0.00, result=[1, '', 0]
[rosmaster.master][INFO] 2019-01-10 11:13:31,882: -PUB [/RosAria/battery_voltage] /RosAria http://onboardpc:44687/
[rosmaster.master][INFO] 2019-01-10 11:13:31,883: -PUB [/RosAria/battery_recharge_state] /RosAria http://onboardpc:44687/
[rosmaster.master][INFO] 2019-01-10 11:13:31,884: -PUB [/RosAria/battery_state_of_charge] /RosAria http://onboardpc:44687/
[rosmaster.master][INFO] 2019-01-10 11:13:31,885: -PUB [/RosAria/motors_state] /RosAria http://onboardpc:44687/
[rosmaster.master][INFO] 2019-01-10 11:13:31,886: -PUB [/RosAria/parameter_descriptions] /RosAria http://onboardpc:44687/
[rosmaster.master][INFO] 2019-01-10 11:13:31,887: -PUB [/RosAria/parameter_updates] /RosAria http://onboardpc:44687/
[rosmaster.master][INFO] 2019-01-10 11:13:31,888: -SUB [/RosAria/cmd_vel] /RosAria http://onboardpc:44687/
[rosmaster.master][INFO] 2019-01-10 11:13:31,889: -SERVICE [/RosAria/get_loggers] /RosAria rosrpc://onboardpc:38515
[rosmaster.master][INFO] 2019-01-10 11:13:31,890: -SERVICE [/RosAria/set_logger_level] /RosAria rosrpc://onboardpc:38515
[rosmaster.master][INFO] 2019-01-10 11:13:31,890: -SERVICE [/RosAria/enable_motors] /RosAria rosrpc://onboardpc:38515
[rosmaster.master][INFO] 2019-01-10 11:13:31,891: -SERVICE [/RosAria/disable_motors] /RosAria rosrpc://onboardpc:38515
[rosmaster.master][INFO] 2019-01-10 11:13:31,892: -SERVICE [/RosAria/set_parameters] /RosAria rosrpc://onboardpc:38515
[rosmaster.master][INFO] 2019-01-10 11:13:40,448: +PUB [/rosout] /RosAria http://onboardpc:45533/
[rosmaster.master][INFO] 2019-01-10 11:13:40,450: +SERVICE [/RosAria/get_loggers] /RosAria http://onboardpc:45533/
[rosmaster.master][INFO] 2019-01-10 11:13:40,450: +SERVICE [/RosAria/set_logger_level] /RosAria http://onboardpc:45533/
[rosmaster.master][INFO] 2019-01-10 11:13:40,453: +PUB [/tf] /RosAria http://onboardpc:45533/
[rosmaster.master][INFO] 2019-01-10 11:13:40,465: +PUB [/RosAria/pose] /RosAria http://onboardpc:45533/
[rosmaster.master][INFO] 2019-01-10 11:13:40,466: +PUB [/RosAria/bumper_state] /RosAria http://onboardpc:45533/
[rosmaster.master][INFO] 2019-01-10 11:13:40,467: +PUB [/RosAria/sonar] /RosAria http://onboardpc:45533/
[rosmaster.master][INFO] 2019-01-10 11:13:40,468: +PUB [/RosAria/sonar_pointcloud2] /RosAria http://onboardpc:45533/
[rosmaster.master][INFO] 2019-01-10 11:13:40,469: +PUB [/RosAria/battery_voltage] /RosAria http://onboardpc:45533/
[rosmaster.master][INFO] 2019-01-10 11:13:40,470: +PUB [/RosAria/battery_recharge_state] /RosAria http://onboardpc:45533/
[rosmaster.master][INFO] 2019-01-10 11:13:40,471: +PUB [/RosAria/battery_state_of_charge] /RosAria http://onboardpc:45533/
[rosmaster.master][INFO] 2019-01-10 11:13:40,472: +PUB [/RosAria/motors_state] /RosAria http://onboardpc:45533/
[rosmaster.master][INFO] 2019-01-10 11:13:40,473: +SERVICE [/RosAria/enable_motors] /RosAria http://onboardpc:45533/
[rosmaster.master][INFO] 2019-01-10 11:13:40,474: +SERVICE [/RosAria/disable_motors] /RosAria http://onboardpc:45533/
[rosmaster.master][INFO] 2019-01-10 11:13:40,489: publisherUpdate[/rosout] -> http://onboardpc:42839/ ['http://onboardpc:45533/']
[rosmaster.master][INFO] 2019-01-10 11:13:40,490: publisherUpdate[/rosout] -> http://onboardpc:42839/ ['http://onboardpc:45533/']: sec=0.00, result=[1, '', 0]
[rosmaster.master][INFO] 2019-01-10 11:13:42,234: +SERVICE [/RosAria/set_parameters] /RosAria http://onboardpc:45533/
[rosmaster.master][INFO] 2019-01-10 11:13:42,236: +PUB [/RosAria/parameter_descriptions] /RosAria http://onboardpc:45533/
[rosmaster.master][INFO] 2019-01-10 11:13:42,237: +PUB [/RosAria/parameter_updates] /RosAria http://onboardpc:45533/
[rosmaster.master][INFO] 2019-01-10 11:13:42,247: +PARAM [/RosAria/trans_accel] by /RosAria
[rosmaster.master][INFO] 2019-01-10 11:13:42,248: +PARAM [/RosAria/trans_decel] by /RosAria
[rosmaster.master][INFO] 2019-01-10 11:13:42,249: +PARAM [/RosAria/lat_accel] by /RosAria
[rosmaster.master][INFO] 2019-01-10 11:13:42,250: +PARAM [/RosAria/lat_decel] by /RosAria
[rosmaster.master][INFO] 2019-01-10 11:13:42,251: +PARAM [/RosAria/rot_accel] by /RosAria
[rosmaster.master][INFO] 2019-01-10 11:13:42,252: +PARAM [/RosAria/rot_decel] by /RosAria
[rosmaster.master][INFO] 2019-01-10 11:13:42,253: +PARAM [/RosAria/TicksMM] by /RosAria
[rosmaster.master][INFO] 2019-01-10 11:13:42,254: +PARAM [/RosAria/DriftFactor] by /RosAria
[rosmaster.master][INFO] 2019-01-10 11:13:42,255: +PARAM [/RosAria/RevCount] by /RosAria
[rosmaster.master][INFO] 2019-01-10 11:13:42,256: +PARAM [/RosAria/trans_accel] by /RosAria
[rosmaster.master][INFO] 2019-01-10 11:13:42,257: +PARAM [/RosAria/trans_decel] by /RosAria
[rosmaster.master][INFO] 2019-01-10 11:13:42,259: +PARAM [/RosAria/lat_accel] by /RosAria
[rosmaster.master][INFO] 2019-01-10 11:13:42,260: +PARAM [/RosAria/lat_decel] by /RosAria
[rosmaster.master][INFO] 2019-01-10 11:13:42,261: +PARAM [/RosAria/rot_accel] by /RosAria
[rosmaster.master][INFO] 2019-01-10 11:13:42,262: +PARAM [/RosAria/rot_decel] by /RosAria
[rosmaster.master][INFO] 2019-01-10 11:13:42,263: +PARAM [/RosAria/TicksMM] by /RosAria
[rosmaster.master][INFO] 2019-01-10 11:13:42,264: +PARAM [/RosAria/DriftFactor] by /RosAria
[rosmaster.master][INFO] 2019-01-10 11:13:42,265: +PARAM [/RosAria/RevCount] by /RosAria
[rosmaster.master][INFO] 2019-01-10 11:13:42,271: +SUB [/RosAria/cmd_vel] /RosAria http://onboardpc:45533/
[rosmaster.master][INFO] 2019-01-10 11:13:51,328: +PARAM [/lms1xx/host] by /lms1xx
[rosmaster.master][INFO] 2019-01-10 11:13:51,331: +PUB [/rosout] /lms1xx http://onboardpc:39911/
[rosmaster.master][INFO] 2019-01-10 11:13:51,332: +SERVICE [/lms1xx/get_loggers] /lms1xx http://onboardpc:39911/
[rosmaster.master][INFO] 2019-01-10 11:13:51,333: +SERVICE [/lms1xx/set_logger_level] /lms1xx http://onboardpc:39911/
[rosmaster.master][INFO] 2019-01-10 11:13:51,335: +PUB [/scan] /lms1xx http://onboardpc:39911/
[rosmaster.master][INFO] 2019-01-10 11:13:51,411: publisherUpdate[/rosout] -> http://onboardpc:42839/ ['http://onboardpc:45533/', 'http://onboardpc:39911/']
[rosmaster.master][INFO] 2019-01-10 11:13:51,413: publisherUpdate[/rosout] -> http://onboardpc:42839/ ['http://onboardpc:45533/', 'http://onboardpc:39911/']: sec=0.00, result=[1, '', 0]
[rosmaster.master][INFO] 2019-01-10 11:13:54,822: -PUB [/rosout] /lms1xx http://onboardpc:39911/
[rosmaster.master][INFO] 2019-01-10 11:13:54,824: -PUB [/scan] /lms1xx http://onboardpc:39911/
[rosmaster.master][INFO] 2019-01-10 11:13:54,826: -SERVICE [/lms1xx/get_loggers] /lms1xx rosrpc://onboardpc:58529
[rosmaster.master][INFO] 2019-01-10 11:13:54,827: -SERVICE [/lms1xx/set_logger_level] /lms1xx rosrpc://onboardpc:58529
[rosmaster.master][INFO] 2019-01-10 11:13:54,830: publisherUpdate[/rosout] -> http://onboardpc:42839/ ['http://onboardpc:45533/']
[rosmaster.master][INFO] 2019-01-10 11:13:54,831: publisherUpdate[/rosout] -> http://onboardpc:42839/ ['http://onboardpc:45533/']: sec=0.00, result=[1, '', 0]
[rosmaster.master][INFO] 2019-01-10 11:19:37,969: -PUB [/rosout] /RosAria http://onboardpc:45533/
[rosmaster.master][INFO] 2019-01-10 11:19:37,970: -PUB [/tf] /RosAria http://onboardpc:45533/
[rosmaster.master][INFO] 2019-01-10 11:19:37,971: -PUB [/RosAria/pose] /RosAria http://onboardpc:45533/
[rosmaster.master][INFO] 2019-01-10 11:19:37,972: -PUB [/RosAria/bumper_state] /RosAria http://onboardpc:45533/
[rosmaster.master][INFO] 2019-01-10 11:19:37,973: -PUB [/RosAria/sonar] /RosAria http://onboardpc:45533/
[rosmaster.master][INFO] 2019-01-10 11:19:37,974: -PUB [/RosAria/sonar_pointcloud2] /RosAria http://onboardpc:45533/
[rosmaster.master][INFO] 2019-01-10 11:19:37,975: -PUB [/RosAria/battery_voltage] /RosAria http://onboardpc:45533/
[rosmaster.master][INFO] 2019-01-10 11:19:37,976: -PUB [/RosAria/battery_recharge_state] /RosAria http://onboardpc:45533/
[rosmaster.master][INFO] 2019-01-10 11:19:37,977: -PUB [/RosAria/battery_state_of_charge] /RosAria http://onboardpc:45533/
[rosmaster.master][INFO] 2019-01-10 11:19:37,978: -PUB [/RosAria/motors_state] /RosAria http://onboardpc:45533/
[rosmaster.master][INFO] 2019-01-10 11:19:37,979: -PUB [/RosAria/parameter_descriptions] /RosAria http://onboardpc:45533/
[rosmaster.master][INFO] 2019-01-10 11:19:37,979: -PUB [/RosAria/parameter_updates] /RosAria http://onboardpc:45533/
[rosmaster.master][INFO] 2019-01-10 11:19:37,981: -SUB [/RosAria/cmd_vel] /RosAria http://onboardpc:45533/
[rosmaster.master][INFO] 2019-01-10 11:19:37,982: -SERVICE [/RosAria/get_loggers] /RosAria rosrpc://onboardpc:57563
[rosmaster.master][INFO] 2019-01-10 11:19:37,982: -SERVICE [/RosAria/set_logger_level] /RosAria rosrpc://onboardpc:57563
[rosmaster.master][INFO] 2019-01-10 11:19:37,983: publisherUpdate[/rosout] -> http://onboardpc:42839/ []
[rosmaster.master][INFO] 2019-01-10 11:19:37,984: publisherUpdate[/rosout] -> http://onboardpc:42839/ []: sec=0.00, result=[1, '', 0]
[rosmaster.master][INFO] 2019-01-10 11:19:37,984: -SERVICE [/RosAria/enable_motors] /RosAria rosrpc://onboardpc:57563
[rosmaster.master][INFO] 2019-01-10 11:19:37,985: -SERVICE [/RosAria/disable_motors] /RosAria rosrpc://onboardpc:57563
[rosmaster.master][INFO] 2019-01-10 11:19:37,986: -SERVICE [/RosAria/set_parameters] /RosAria rosrpc://onboardpc:57563
[rosmaster.master][INFO] 2019-01-10 11:19:48,881: +PUB [/rosout] /RosAria http://onboardpc:42183/
[rosmaster.master][INFO] 2019-01-10 11:19:48,882: +SERVICE [/RosAria/get_loggers] /RosAria http://onboardpc:42183/
[rosmaster.master][INFO] 2019-01-10 11:19:48,883: +SERVICE [/RosAria/set_logger_level] /RosAria http://onboardpc:42183/
[rosmaster.master][INFO] 2019-01-10 11:19:48,886: +PUB [/tf] /RosAria http://onboardpc:42183/
[rosmaster.master][INFO] 2019-01-10 11:19:48,898: +PUB [/RosAria/pose] /RosAria http://onboardpc:42183/
[rosmaster.master][INFO] 2019-01-10 11:19:48,899: +PUB [/RosAria/bumper_state] /RosAria http://onboardpc:42183/
[rosmaster.master][INFO] 2019-01-10 11:19:48,900: +PUB [/RosAria/sonar] /RosAria http://onboardpc:42183/
[rosmaster.master][INFO] 2019-01-10 11:19:48,901: +PUB [/RosAria/sonar_pointcloud2] /RosAria http://onboardpc:42183/
[rosmaster.master][INFO] 2019-01-10 11:19:48,902: +PUB [/RosAria/battery_voltage] /RosAria http://onboardpc:42183/
[rosmaster.master][INFO] 2019-01-10 11:19:48,903: +PUB [/RosAria/battery_recharge_state] /RosAria http://onboardpc:42183/
[rosmaster.master][INFO] 2019-01-10 11:19:48,904: +PUB [/RosAria/battery_state_of_charge] /RosAria http://onboardpc:42183/
[rosmaster.master][INFO] 2019-01-10 11:19:48,905: +PUB [/RosAria/motors_state] /RosAria http://onboardpc:42183/
[rosmaster.master][INFO] 2019-01-10 11:19:48,905: +SERVICE [/RosAria/enable_motors] /RosAria http://onboardpc:42183/
[rosmaster.master][INFO] 2019-01-10 11:19:48,906: +SERVICE [/RosAria/disable_motors] /RosAria http://onboardpc:42183/
[rosmaster.master][INFO] 2019-01-10 11:19:48,907: publisherUpdate[/rosout] -> http://onboardpc:42839/ ['http://onboardpc:42183/']
[rosmaster.master][INFO] 2019-01-10 11:19:48,908: publisherUpdate[/rosout] -> http://onboardpc:42839/ ['http://onboardpc:42183/']: sec=0.00, result=[1, '', 0]
[rosmaster.master][INFO] 2019-01-10 11:19:49,507: +SERVICE [/RosAria/set_parameters] /RosAria http://onboardpc:42183/
[rosmaster.master][INFO] 2019-01-10 11:19:49,508: +PUB [/RosAria/parameter_descriptions] /RosAria http://onboardpc:42183/
[rosmaster.master][INFO] 2019-01-10 11:19:49,510: +PUB [/RosAria/parameter_updates] /RosAria http://onboardpc:42183/
[rosmaster.master][INFO] 2019-01-10 11:19:49,519: +PARAM [/RosAria/trans_accel] by /RosAria
[rosmaster.master][INFO] 2019-01-10 11:19:49,519: +PARAM [/RosAria/trans_decel] by /RosAria
[rosmaster.master][INFO] 2019-01-10 11:19:49,520: +PARAM [/RosAria/lat_accel] by /RosAria
[rosmaster.master][INFO] 2019-01-10 11:19:49,521: +PARAM [/RosAria/lat_decel] by /RosAria
[rosmaster.master][INFO] 2019-01-10 11:19:49,522: +PARAM [/RosAria/rot_accel] by /RosAria
[rosmaster.master][INFO] 2019-01-10 11:19:49,523: +PARAM [/RosAria/rot_decel] by /RosAria
[rosmaster.master][INFO] 2019-01-10 11:19:49,525: +PARAM [/RosAria/TicksMM] by /RosAria
[rosmaster.master][INFO] 2019-01-10 11:19:49,526: +PARAM [/RosAria/DriftFactor] by /RosAria
[rosmaster.master][INFO] 2019-01-10 11:19:49,527: +PARAM [/RosAria/RevCount] by /RosAria
[rosmaster.master][INFO] 2019-01-10 11:19:49,529: +PARAM [/RosAria/trans_accel] by /RosAria
[rosmaster.master][INFO] 2019-01-10 11:19:49,530: +PARAM [/RosAria/trans_decel] by /RosAria
[rosmaster.master][INFO] 2019-01-10 11:19:49,531: +PARAM [/RosAria/lat_accel] by /RosAria
[rosmaster.master][INFO] 2019-01-10 11:19:49,533: +PARAM [/RosAria/lat_decel] by /RosAria
[rosmaster.master][INFO] 2019-01-10 11:19:49,534: +PARAM [/RosAria/rot_accel] by /RosAria
[rosmaster.master][INFO] 2019-01-10 11:19:49,535: +PARAM [/RosAria/rot_decel] by /RosAria
[rosmaster.master][INFO] 2019-01-10 11:19:49,536: +PARAM [/RosAria/TicksMM] by /RosAria
[rosmaster.master][INFO] 2019-01-10 11:19:49,537: +PARAM [/RosAria/DriftFactor] by /RosAria
[rosmaster.master][INFO] 2019-01-10 11:19:49,538: +PARAM [/RosAria/RevCount] by /RosAria
[rosmaster.master][INFO] 2019-01-10 11:19:49,543: +SUB [/RosAria/cmd_vel] /RosAria http://onboardpc:42183/
[rosmaster.master][INFO] 2019-01-10 11:20:04,739: -PUB [/rosout] /RosAria http://onboardpc:42183/
[rosmaster.master][INFO] 2019-01-10 11:20:04,741: -PUB [/tf] /RosAria http://onboardpc:42183/
[rosmaster.master][INFO] 2019-01-10 11:20:04,742: -PUB [/RosAria/pose] /RosAria http://onboardpc:42183/
[rosmaster.master][INFO] 2019-01-10 11:20:04,743: -PUB [/RosAria/bumper_state] /RosAria http://onboardpc:42183/
[rosmaster.master][INFO] 2019-01-10 11:20:04,744: -PUB [/RosAria/sonar] /RosAria http://onboardpc:42183/
[rosmaster.master][INFO] 2019-01-10 11:20:04,745: -PUB [/RosAria/sonar_pointcloud2] /RosAria http://onboardpc:42183/
[rosmaster.master][INFO] 2019-01-10 11:20:04,745: -PUB [/RosAria/battery_voltage] /RosAria http://onboardpc:42183/
[rosmaster.master][INFO] 2019-01-10 11:20:04,746: publisherUpdate[/rosout] -> http://onboardpc:42839/ []
[rosmaster.master][INFO] 2019-01-10 11:20:04,746: publisherUpdate[/rosout] -> http://onboardpc:42839/ []: sec=0.00, result=[1, '', 0]
[rosmaster.master][INFO] 2019-01-10 11:20:04,747: -PUB [/RosAria/battery_recharge_state] /RosAria http://onboardpc:42183/
[rosmaster.master][INFO] 2019-01-10 11:20:04,748: -PUB [/RosAria/battery_state_of_charge] /RosAria http://onboardpc:42183/
[rosmaster.master][INFO] 2019-01-10 11:20:04,749: -PUB [/RosAria/motors_state] /RosAria http://onboardpc:42183/
[rosmaster.master][INFO] 2019-01-10 11:20:04,750: -PUB [/RosAria/parameter_descriptions] /RosAria http://onboardpc:42183/
[rosmaster.master][INFO] 2019-01-10 11:20:04,751: -PUB [/RosAria/parameter_updates] /RosAria http://onboardpc:42183/
[rosmaster.master][INFO] 2019-01-10 11:20:04,752: -SUB [/RosAria/cmd_vel] /RosAria http://onboardpc:42183/
[rosmaster.master][INFO] 2019-01-10 11:20:04,753: -SERVICE [/RosAria/get_loggers] /RosAria rosrpc://onboardpc:35193
[rosmaster.master][INFO] 2019-01-10 11:20:04,754: -SERVICE [/RosAria/set_logger_level] /RosAria rosrpc://onboardpc:35193
[rosmaster.master][INFO] 2019-01-10 11:20:04,755: -SERVICE [/RosAria/enable_motors] /RosAria rosrpc://onboardpc:35193
[rosmaster.master][INFO] 2019-01-10 11:20:04,756: -SERVICE [/RosAria/disable_motors] /RosAria rosrpc://onboardpc:35193
[rosmaster.master][INFO] 2019-01-10 11:20:04,757: -SERVICE [/RosAria/set_parameters] /RosAria rosrpc://onboardpc:35193
