[rosmaster.main][INFO] 2019-01-14 11:35:30,500: initialization complete, waiting for shutdown
[rosmaster.main][INFO] 2019-01-14 11:35:30,501: Starting ROS Master Node
[xmlrpc][INFO] 2019-01-14 11:35:30,502: XML-RPC server binding to 0.0.0.0:11311
[xmlrpc][INFO] 2019-01-14 11:35:30,502: Started XML-RPC server [http://onboardpc:11311/]
[xmlrpc][INFO] 2019-01-14 11:35:30,502: xml rpc node: starting XML-RPC server
[rosmaster.master][INFO] 2019-01-14 11:35:30,502: Master initialized: port[11311], uri[http://onboardpc:11311/]
[rosmaster.master][INFO] 2019-01-14 11:35:30,594: +PARAM [/run_id] by /roslaunch
[rosmaster.master][INFO] 2019-01-14 11:35:30,596: +PARAM [/roslaunch/uris/host_onboardpc__40583] by /roslaunch
[rosmaster.master][INFO] 2019-01-14 11:35:30,755: +PARAM [/rosversion] by /roslaunch
[rosmaster.master][INFO] 2019-01-14 11:35:30,755: +PARAM [/rosdistro] by /roslaunch
[rosmaster.master][INFO] 2019-01-14 11:35:30,800: +SERVICE [/rosout/get_loggers] /rosout http://onboardpc:39499/
[rosmaster.master][INFO] 2019-01-14 11:35:30,801: +SERVICE [/rosout/set_logger_level] /rosout http://onboardpc:39499/
[rosmaster.master][INFO] 2019-01-14 11:35:30,804: +PUB [/rosout_agg] /rosout http://onboardpc:39499/
[rosmaster.master][INFO] 2019-01-14 11:35:30,810: +SUB [/rosout] /rosout http://onboardpc:39499/
[rosmaster.master][INFO] 2019-01-14 11:35:41,341: +PARAM [/lms1xx/host] by /lms1xx
[rosmaster.master][INFO] 2019-01-14 11:35:41,344: +PUB [/rosout] /lms1xx http://onboardpc:33051/
[rosmaster.master][INFO] 2019-01-14 11:35:41,346: +SERVICE [/lms1xx/get_loggers] /lms1xx http://onboardpc:33051/
[rosmaster.master][INFO] 2019-01-14 11:35:41,346: +SERVICE [/lms1xx/set_logger_level] /lms1xx http://onboardpc:33051/
[rosmaster.master][INFO] 2019-01-14 11:35:41,349: +PUB [/scan] /lms1xx http://onboardpc:33051/
[rosmaster.master][INFO] 2019-01-14 11:35:41,423: publisherUpdate[/rosout] -> http://onboardpc:39499/ ['http://onboardpc:33051/']
[rosmaster.master][INFO] 2019-01-14 11:35:41,428: publisherUpdate[/rosout] -> http://onboardpc:39499/ ['http://onboardpc:33051/']: sec=0.00, result=[1, '', 0]
[rosmaster.master][INFO] 2019-01-14 11:35:43,737: -PUB [/rosout] /lms1xx http://onboardpc:33051/
[rosmaster.master][INFO] 2019-01-14 11:35:43,740: -PUB [/scan] /lms1xx http://onboardpc:33051/
[rosmaster.master][INFO] 2019-01-14 11:35:43,742: -SERVICE [/lms1xx/get_loggers] /lms1xx rosrpc://onboardpc:58709
[rosmaster.master][INFO] 2019-01-14 11:35:43,743: -SERVICE [/lms1xx/set_logger_level] /lms1xx rosrpc://onboardpc:58709
[rosmaster.master][INFO] 2019-01-14 11:35:43,827: publisherUpdate[/rosout] -> http://onboardpc:39499/ []
[rosmaster.master][INFO] 2019-01-14 11:35:43,829: publisherUpdate[/rosout] -> http://onboardpc:39499/ []: sec=0.00, result=[1, '', 0]
