[rosmaster.main][INFO] 2018-12-05 20:36:12,745: initialization complete, waiting for shutdown
[rosmaster.main][INFO] 2018-12-05 20:36:12,745: Starting ROS Master Node
[xmlrpc][INFO] 2018-12-05 20:36:12,746: XML-RPC server binding to 0.0.0.0:11311
[xmlrpc][INFO] 2018-12-05 20:36:12,747: Started XML-RPC server [http://onboardpc:11311/]
[rosmaster.master][INFO] 2018-12-05 20:36:12,747: Master initialized: port[11311], uri[http://onboardpc:11311/]
[xmlrpc][INFO] 2018-12-05 20:36:12,747: xml rpc node: starting XML-RPC server
[rosmaster.master][INFO] 2018-12-05 20:36:12,838: +PARAM [/run_id] by /roslaunch
[rosmaster.master][INFO] 2018-12-05 20:36:12,840: +PARAM [/roslaunch/uris/host_onboardpc__36265] by /roslaunch
[rosmaster.master][INFO] 2018-12-05 20:36:13,010: +PARAM [/rosversion] by /roslaunch
[rosmaster.master][INFO] 2018-12-05 20:36:13,010: +PARAM [/rosdistro] by /roslaunch
[rosmaster.master][INFO] 2018-12-05 20:36:13,019: +SERVICE [/rosout/get_loggers] /rosout http://onboardpc:45681/
[rosmaster.master][INFO] 2018-12-05 20:36:13,020: +SERVICE [/rosout/set_logger_level] /rosout http://onboardpc:45681/
[rosmaster.master][INFO] 2018-12-05 20:36:13,023: +PUB [/rosout_agg] /rosout http://onboardpc:45681/
[rosmaster.master][INFO] 2018-12-05 20:36:13,029: +SUB [/rosout] /rosout http://onboardpc:45681/
[rosmaster.master][INFO] 2018-12-05 20:36:13,518: +PARAM [/lms1xx/host] by /lms1xx
[rosmaster.master][INFO] 2018-12-05 20:36:13,521: +PUB [/rosout] /lms1xx http://onboardpc:40081/
[rosmaster.master][INFO] 2018-12-05 20:36:13,522: +SERVICE [/lms1xx/get_loggers] /lms1xx http://onboardpc:40081/
[rosmaster.master][INFO] 2018-12-05 20:36:13,523: +SERVICE [/lms1xx/set_logger_level] /lms1xx http://onboardpc:40081/
[rosmaster.master][INFO] 2018-12-05 20:36:13,525: +PUB [/scan] /lms1xx http://onboardpc:40081/
[rosmaster.master][INFO] 2018-12-05 20:36:13,549: publisherUpdate[/rosout] -> http://onboardpc:45681/ ['http://onboardpc:40081/']
[rosmaster.master][INFO] 2018-12-05 20:36:13,555: publisherUpdate[/rosout] -> http://onboardpc:45681/ ['http://onboardpc:40081/']: sec=0.01, result=[1, '', 0]
[rosmaster.master][INFO] 2018-12-05 20:36:15,362: -PUB [/rosout] /lms1xx http://onboardpc:40081/
[rosmaster.master][INFO] 2018-12-05 20:36:15,365: -PUB [/scan] /lms1xx http://onboardpc:40081/
[rosmaster.master][INFO] 2018-12-05 20:36:15,367: -SERVICE [/lms1xx/get_loggers] /lms1xx rosrpc://onboardpc:58175
[rosmaster.master][INFO] 2018-12-05 20:36:15,368: -SERVICE [/lms1xx/set_logger_level] /lms1xx rosrpc://onboardpc:58175
[rosmaster.master][INFO] 2018-12-05 20:36:15,453: publisherUpdate[/rosout] -> http://onboardpc:45681/ []
[rosmaster.master][INFO] 2018-12-05 20:36:15,455: publisherUpdate[/rosout] -> http://onboardpc:45681/ []: sec=0.00, result=[1, '', 0]
[rosmaster.master][INFO] 2018-12-05 20:36:16,163: +PARAM [/lms1xx/host] by /lms1xx
[rosmaster.master][INFO] 2018-12-05 20:36:16,166: +PUB [/rosout] /lms1xx http://onboardpc:39527/
[rosmaster.master][INFO] 2018-12-05 20:36:16,167: +SERVICE [/lms1xx/get_loggers] /lms1xx http://onboardpc:39527/
[rosmaster.master][INFO] 2018-12-05 20:36:16,168: +SERVICE [/lms1xx/set_logger_level] /lms1xx http://onboardpc:39527/
[rosmaster.master][INFO] 2018-12-05 20:36:16,170: +PUB [/scan] /lms1xx http://onboardpc:39527/
[rosmaster.master][INFO] 2018-12-05 20:36:16,257: publisherUpdate[/rosout] -> http://onboardpc:45681/ ['http://onboardpc:39527/']
[rosmaster.master][INFO] 2018-12-05 20:36:16,259: publisherUpdate[/rosout] -> http://onboardpc:45681/ ['http://onboardpc:39527/']: sec=0.00, result=[1, '', 0]
[rosmaster.master][INFO] 2018-12-05 20:36:17,365: -PUB [/rosout] /lms1xx http://onboardpc:39527/
[rosmaster.master][INFO] 2018-12-05 20:36:17,368: -PUB [/scan] /lms1xx http://onboardpc:39527/
[rosmaster.master][INFO] 2018-12-05 20:36:17,370: -SERVICE [/lms1xx/get_loggers] /lms1xx rosrpc://onboardpc:48627
[rosmaster.master][INFO] 2018-12-05 20:36:17,371: -SERVICE [/lms1xx/set_logger_level] /lms1xx rosrpc://onboardpc:48627
[rosmaster.master][INFO] 2018-12-05 20:36:17,460: publisherUpdate[/rosout] -> http://onboardpc:45681/ []
[rosmaster.master][INFO] 2018-12-05 20:36:17,462: publisherUpdate[/rosout] -> http://onboardpc:45681/ []: sec=0.00, result=[1, '', 0]
[rosmaster.master][INFO] 2018-12-05 20:36:19,166: -PUB [/rosout_agg] /rosout http://onboardpc:45681/
[rosmaster.master][INFO] 2018-12-05 20:36:19,168: -SUB [/rosout] /rosout http://onboardpc:45681/
[rosmaster.master][INFO] 2018-12-05 20:36:19,169: -SERVICE [/rosout/get_loggers] /rosout rosrpc://onboardpc:52397
[rosmaster.master][INFO] 2018-12-05 20:36:19,170: -SERVICE [/rosout/set_logger_level] /rosout rosrpc://onboardpc:52397
[rosmaster.main][INFO] 2018-12-05 20:36:19,200: keyboard interrupt, will exit
[rosmaster.main][INFO] 2018-12-05 20:36:19,200: stopping master...
[rospy.core][INFO] 2018-12-05 20:36:19,201: signal_shutdown [atexit]
