[rospy.client][INFO] 2018-12-05 17:55:02,104: init_node, name[/rosservice_10448_1544039702030], pid[10448]
[xmlrpc][INFO] 2018-12-05 17:55:02,104: XML-RPC server binding to 0.0.0.0:0
[xmlrpc][INFO] 2018-12-05 17:55:02,105: Started XML-RPC server [http://onboardpc:36705/]
[rospy.init][INFO] 2018-12-05 17:55:02,105: ROS Slave URI: [http://onboardpc:36705/]
[rospy.impl.masterslave][INFO] 2018-12-05 17:55:02,105: _ready: http://onboardpc:36705/
[rospy.registration][INFO] 2018-12-05 17:55:02,106: Registering with master node http://localhost:11311
[xmlrpc][INFO] 2018-12-05 17:55:02,106: xml rpc node: starting XML-RPC server
[rospy.init][INFO] 2018-12-05 17:55:02,205: registered with master
[rospy.rosout][INFO] 2018-12-05 17:55:02,206: initializing /rosout core topic
[rospy.rosout][INFO] 2018-12-05 17:55:02,210: connected to core topic /rosout
[rospy.simtime][INFO] 2018-12-05 17:55:02,218: /use_sim_time is not set, will not subscribe to simulated time [/clock] topic
[rospy.internal][INFO] 2018-12-05 17:55:02,414: topic[/rosout] adding connection to [/rosout], count 0
[rospy.core][INFO] 2018-12-05 17:55:11,144: signal_shutdown [signal-2]
[rospy.internal][INFO] 2018-12-05 17:55:11,153: topic[/rosout] removing connection to /rosout
[rospy.impl.masterslave][INFO] 2018-12-05 17:55:11,154: signal-2
[rospy.internal][ERROR] 2018-12-05 17:55:11,770: Traceback (most recent call last):
  File "/opt/ros/kinetic/lib/python2.7/dist-packages/rospy/impl/tcpros_base.py", line 729, in receive_once
    self.stat_bytes += recv_buff(sock, b, p.buff_size)
  File "/opt/ros/kinetic/lib/python2.7/dist-packages/rospy/impl/tcpros_base.py", line 103, in recv_buff
    d = sock.recv(buff_size)
error: [Errno 4] Interrupted system call

[rospy.core][INFO] 2018-12-05 17:55:11,770: signal_shutdown [atexit]
