[rospy.client][INFO] 2019-01-14 15:43:24,205: init_node, name[/rostopic_6394_1547487804125], pid[6394]
[xmlrpc][INFO] 2019-01-14 15:43:24,206: XML-RPC server binding to 0.0.0.0:0
[xmlrpc][INFO] 2019-01-14 15:43:24,207: Started XML-RPC server [http://onboardpc:39691/]
[rospy.impl.masterslave][INFO] 2019-01-14 15:43:24,207: _ready: http://onboardpc:39691/
[rospy.init][INFO] 2019-01-14 15:43:24,207: ROS Slave URI: [http://onboardpc:39691/]
[xmlrpc][INFO] 2019-01-14 15:43:24,212: xml rpc node: starting XML-RPC server
[rospy.registration][INFO] 2019-01-14 15:43:24,213: Registering with master node http://localhost:11311
[rospy.init][INFO] 2019-01-14 15:43:24,312: registered with master
[rospy.rosout][INFO] 2019-01-14 15:43:24,313: initializing /rosout core topic
[rospy.rosout][INFO] 2019-01-14 15:43:24,316: connected to core topic /rosout
[rospy.simtime][INFO] 2019-01-14 15:43:24,317: /use_sim_time is not set, will not subscribe to simulated time [/clock] topic
[rospy.internal][INFO] 2019-01-14 15:43:24,380: topic[/move_base_simple/goal] adding connection to [http://onboardpc:39819/], count 0
[rospy.internal][INFO] 2019-01-14 15:43:24,550: topic[/rosout] adding connection to [/rosout], count 0
[rospy.core][INFO] 2019-01-14 15:43:57,292: signal_shutdown [signal-2]
[rospy.internal][INFO] 2019-01-14 15:43:57,298: topic[/rosout] removing connection to /rosout
[rospy.internal][INFO] 2019-01-14 15:43:57,299: topic[/move_base_simple/goal] removing connection to http://onboardpc:39819/
[rospy.impl.masterslave][INFO] 2019-01-14 15:43:57,300: signal-2
[rospy.internal][WARNING] 2019-01-14 15:43:57,302: Unknown error initiating TCP/IP socket to onboardpc:47669 (http://onboardpc:39819/): Traceback (most recent call last):
  File "/opt/ros/kinetic/lib/python2.7/dist-packages/rospy/impl/tcpros_base.py", line 558, in connect
    self.local_endpoint = self.socket.getsockname()
AttributeError: 'NoneType' object has no attribute 'getsockname'

[rospy.core][INFO] 2019-01-14 15:43:57,417: signal_shutdown [atexit]
