[rospy.client][INFO] 2018-12-05 16:42:24,400: init_node, name[/rostopic_880_1544035344322], pid[880]
[xmlrpc][INFO] 2018-12-05 16:42:24,400: XML-RPC server binding to 0.0.0.0:0
[rospy.init][INFO] 2018-12-05 16:42:24,401: ROS Slave URI: [http://onboardpc:40349/]
[xmlrpc][INFO] 2018-12-05 16:42:24,401: Started XML-RPC server [http://onboardpc:40349/]
[rospy.impl.masterslave][INFO] 2018-12-05 16:42:24,402: _ready: http://onboardpc:40349/
[rospy.registration][INFO] 2018-12-05 16:42:24,405: Registering with master node http://localhost:11311
[xmlrpc][INFO] 2018-12-05 16:42:24,405: xml rpc node: starting XML-RPC server
[rospy.init][INFO] 2018-12-05 16:42:24,502: registered with master
[rospy.rosout][INFO] 2018-12-05 16:42:24,502: initializing /rosout core topic
[rospy.rosout][INFO] 2018-12-05 16:42:24,506: connected to core topic /rosout
[rospy.simtime][INFO] 2018-12-05 16:42:24,509: /use_sim_time is not set, will not subscribe to simulated time [/clock] topic
[rospy.internal][INFO] 2018-12-05 16:42:24,637: topic[/arm/joint_trajectory_controller/follow_joint_trajectory/goal] adding connection to [http://onboardpc:39253/], count 0
[rospy.internal][INFO] 2018-12-05 16:42:24,767: topic[/rosout] adding connection to [/rosout], count 0
[rospy.core][INFO] 2018-12-05 16:42:54,188: signal_shutdown [signal-2]
[rospy.internal][INFO] 2018-12-05 16:42:54,193: topic[/rosout] removing connection to /rosout
[rospy.internal][INFO] 2018-12-05 16:42:54,195: topic[/arm/joint_trajectory_controller/follow_joint_trajectory/goal] removing connection to http://onboardpc:39253/
[rospy.impl.masterslave][INFO] 2018-12-05 16:42:54,195: signal-2
[rospy.internal][WARNING] 2018-12-05 16:42:54,197: Unknown error initiating TCP/IP socket to onboardpc:47811 (http://onboardpc:39253/): Traceback (most recent call last):
  File "/opt/ros/kinetic/lib/python2.7/dist-packages/rospy/impl/tcpros_base.py", line 558, in connect
    self.local_endpoint = self.socket.getsockname()
AttributeError: 'NoneType' object has no attribute 'getsockname'

[rospy.core][INFO] 2018-12-05 16:42:54,329: signal_shutdown [atexit]
