[rospy.client][INFO] 2019-01-14 15:43:05,393: init_node, name[/rostopic_6367_1547487785316], pid[6367]
[xmlrpc][INFO] 2019-01-14 15:43:05,394: XML-RPC server binding to 0.0.0.0:0
[xmlrpc][INFO] 2019-01-14 15:43:05,395: Started XML-RPC server [http://onboardpc:40691/]
[rospy.init][INFO] 2019-01-14 15:43:05,395: ROS Slave URI: [http://onboardpc:40691/]
[rospy.impl.masterslave][INFO] 2019-01-14 15:43:05,395: _ready: http://onboardpc:40691/
[rospy.registration][INFO] 2019-01-14 15:43:05,396: Registering with master node http://localhost:11311
[xmlrpc][INFO] 2019-01-14 15:43:05,398: xml rpc node: starting XML-RPC server
[rospy.init][INFO] 2019-01-14 15:43:05,495: registered with master
[rospy.rosout][INFO] 2019-01-14 15:43:05,496: initializing /rosout core topic
[rospy.rosout][INFO] 2019-01-14 15:43:05,499: connected to core topic /rosout
[rospy.simtime][INFO] 2019-01-14 15:43:05,500: /use_sim_time is not set, will not subscribe to simulated time [/clock] topic
[rospy.internal][INFO] 2019-01-14 15:43:05,569: topic[/initialpose] adding connection to [http://onboardpc:39819/], count 0
[rospy.internal][INFO] 2019-01-14 15:43:05,712: topic[/rosout] adding connection to [/rosout], count 0
[rospy.core][INFO] 2019-01-14 15:43:12,011: signal_shutdown [signal-2]
[rospy.internal][INFO] 2019-01-14 15:43:12,017: topic[/rosout] removing connection to /rosout
[rospy.internal][INFO] 2019-01-14 15:43:12,018: topic[/initialpose] removing connection to http://onboardpc:39819/
[rospy.impl.masterslave][INFO] 2019-01-14 15:43:12,018: signal-2
[rospy.internal][WARNING] 2019-01-14 15:43:12,021: Unknown error initiating TCP/IP socket to onboardpc:47669 (http://onboardpc:39819/): Traceback (most recent call last):
  File "/opt/ros/kinetic/lib/python2.7/dist-packages/rospy/impl/tcpros_base.py", line 558, in connect
    self.local_endpoint = self.socket.getsockname()
AttributeError: 'NoneType' object has no attribute 'getsockname'

[rospy.core][INFO] 2019-01-14 15:43:12,152: signal_shutdown [atexit]
