[rospy.client][INFO] 2018-12-04 18:50:45,524: init_node, name[/command_gui/command_gui_node_onboardpc_21648_8310685412985712454], pid[21666]
[xmlrpc][INFO] 2018-12-04 18:50:45,525: XML-RPC server binding to 0.0.0.0:0
[xmlrpc][INFO] 2018-12-04 18:50:45,526: Started XML-RPC server [http://onboardpc:38599/]
[rospy.impl.masterslave][INFO] 2018-12-04 18:50:45,526: _ready: http://onboardpc:38599/
[rospy.init][INFO] 2018-12-04 18:50:45,526: ROS Slave URI: [http://onboardpc:38599/]
[xmlrpc][INFO] 2018-12-04 18:50:45,527: xml rpc node: starting XML-RPC server
[rospy.registration][INFO] 2018-12-04 18:50:45,528: Registering with master node http://localhost:11311
[rospy.init][INFO] 2018-12-04 18:50:45,627: registered with master
[rospy.rosout][INFO] 2018-12-04 18:50:45,627: initializing /rosout core topic
[rospy.rosout][INFO] 2018-12-04 18:50:45,632: connected to core topic /rosout
[rospy.simtime][INFO] 2018-12-04 18:50:45,635: /use_sim_time is not set, will not subscribe to simulated time [/clock] topic
[rospy.internal][INFO] 2018-12-04 18:50:45,889: topic[/rosout] adding connection to [/rosout], count 0
[rosout][INFO] 2018-12-04 18:50:50,236: <<init>> <<arm>>
[rosout][INFO] 2018-12-04 18:50:53,673: Move <<arm>> to <<home>>
[rospy.internal][INFO] 2018-12-04 18:50:53,707: topic[/arm/joint_states] adding connection to [http://onboardpc:43349/], count 0
[rospy.internal][INFO] 2018-12-04 18:50:53,730: topic impl's ref count is zero, deleting topic /arm/joint_states...
[rospy.internal][INFO] 2018-12-04 18:50:53,730: topic[/arm/joint_states] removing connection to http://onboardpc:43349/
[rospy.internal][INFO] 2018-12-04 18:50:53,772: topic[/arm/joint_trajectory_controller/follow_joint_trajectory/feedback] adding connection to [http://onboardpc:43349/], count 0
[rospy.internal][INFO] 2018-12-04 18:50:53,775: topic[/arm/joint_trajectory_controller/follow_joint_trajectory/result] adding connection to [http://onboardpc:43349/], count 0
[rospy.internal][INFO] 2018-12-04 18:50:53,776: topic[/arm/joint_trajectory_controller/follow_joint_trajectory/status] adding connection to [http://onboardpc:43349/], count 0
[rospy.internal][INFO] 2018-12-04 18:50:54,009: topic[/arm/joint_trajectory_controller/follow_joint_trajectory/cancel] adding connection to [/arm/driver], count 0
[rospy.internal][INFO] 2018-12-04 18:50:54,010: topic[/arm/joint_trajectory_controller/follow_joint_trajectory/goal] adding connection to [/arm/driver], count 0
[rosout][INFO] 2018-12-04 18:51:00,368: Move <<arm>> to <<home>>
[rospy.internal][INFO] 2018-12-04 18:51:00,443: topic[/arm/joint_states] adding connection to [http://onboardpc:43349/], count 0
[rospy.internal][INFO] 2018-12-04 18:51:00,463: topic impl's ref count is zero, deleting topic /arm/joint_states...
[rospy.internal][INFO] 2018-12-04 18:51:00,464: topic[/arm/joint_states] removing connection to http://onboardpc:43349/
[rosout][INFO] 2018-12-04 18:51:12,449: <<recover>> <<arm>>
[rosout][INFO] 2018-12-04 18:51:17,165: Move <<arm>> to <<home>>
[rospy.internal][INFO] 2018-12-04 18:51:17,221: topic[/arm/joint_states] adding connection to [http://onboardpc:43349/], count 0
[rospy.internal][INFO] 2018-12-04 18:51:17,245: topic impl's ref count is zero, deleting topic /arm/joint_states...
[rospy.internal][INFO] 2018-12-04 18:51:17,246: topic[/arm/joint_states] removing connection to http://onboardpc:43349/
[rosout][INFO] 2018-12-04 18:51:20,227: <<stop>> <<arm>>
[rosout][INFO] 2018-12-04 18:51:27,023: Move <<arm>> to <<wave>>
[rospy.internal][INFO] 2018-12-04 18:51:27,097: topic[/arm/joint_states] adding connection to [http://onboardpc:43349/], count 0
[rospy.internal][INFO] 2018-12-04 18:51:27,101: topic impl's ref count is zero, deleting topic /arm/joint_states...
[rospy.internal][INFO] 2018-12-04 18:51:27,102: topic[/arm/joint_states] removing connection to http://onboardpc:43349/
[rosout][INFO] 2018-12-04 18:51:28,162: <<stop>> <<arm>>
[rosout][INFO] 2018-12-04 18:51:38,441: Move <<arm>> to <<wave>>
[rospy.internal][INFO] 2018-12-04 18:51:38,519: topic[/arm/joint_states] adding connection to [http://onboardpc:43349/], count 0
[rospy.internal][INFO] 2018-12-04 18:51:38,531: topic impl's ref count is zero, deleting topic /arm/joint_states...
[rospy.internal][INFO] 2018-12-04 18:51:38,531: topic[/arm/joint_states] removing connection to http://onboardpc:43349/
[rosout][INFO] 2018-12-04 18:51:49,142: Move <<arm>> to <<wave>>
[rospy.internal][INFO] 2018-12-04 18:51:49,193: topic[/arm/joint_states] adding connection to [http://onboardpc:43349/], count 0
[rospy.internal][INFO] 2018-12-04 18:51:49,201: topic impl's ref count is zero, deleting topic /arm/joint_states...
[rospy.internal][INFO] 2018-12-04 18:51:49,202: topic[/arm/joint_states] removing connection to http://onboardpc:43349/
[rosout][INFO] 2018-12-04 18:51:59,858: <<stop>> <<arm>>
[rosout][INFO] 2018-12-04 18:52:02,409: Move <<arm>> to <<home>>
[rospy.internal][INFO] 2018-12-04 18:52:02,468: topic[/arm/joint_states] adding connection to [http://onboardpc:43349/], count 0
[rospy.internal][INFO] 2018-12-04 18:52:02,477: topic impl's ref count is zero, deleting topic /arm/joint_states...
[rospy.internal][INFO] 2018-12-04 18:52:02,478: topic[/arm/joint_states] removing connection to http://onboardpc:43349/
[rosout][INFO] 2018-12-04 18:52:06,202: Move <<arm>> to <<wave>>
[rospy.internal][INFO] 2018-12-04 18:52:06,287: topic[/arm/joint_states] adding connection to [http://onboardpc:43349/], count 0
[rospy.internal][INFO] 2018-12-04 18:52:06,308: topic impl's ref count is zero, deleting topic /arm/joint_states...
[rospy.internal][INFO] 2018-12-04 18:52:06,308: topic[/arm/joint_states] removing connection to http://onboardpc:43349/
[rosout][INFO] 2018-12-04 18:52:08,100: <<stop>> <<arm>>
[rosout][INFO] 2018-12-04 18:52:11,048: Move <<arm>> to <<home>>
[rospy.internal][INFO] 2018-12-04 18:52:11,109: topic[/arm/joint_states] adding connection to [http://onboardpc:43349/], count 0
[rospy.internal][INFO] 2018-12-04 18:52:11,136: topic impl's ref count is zero, deleting topic /arm/joint_states...
[rospy.internal][INFO] 2018-12-04 18:52:11,136: topic[/arm/joint_states] removing connection to http://onboardpc:43349/
[rospy.core][INFO] 2018-12-04 18:58:18,068: signal_shutdown [signal-2]
[rospy.internal][INFO] 2018-12-04 18:58:18,082: topic[/arm/joint_trajectory_controller/follow_joint_trajectory/cancel] removing connection to /arm/driver
[rospy.internal][INFO] 2018-12-04 18:58:18,083: topic[/arm/joint_trajectory_controller/follow_joint_trajectory/goal] removing connection to /arm/driver
[rospy.internal][INFO] 2018-12-04 18:58:18,084: topic[/rosout] removing connection to /rosout
[rospy.internal][INFO] 2018-12-04 18:58:18,084: topic[/arm/joint_trajectory_controller/follow_joint_trajectory/status] removing connection to http://onboardpc:43349/
[rospy.internal][INFO] 2018-12-04 18:58:18,085: topic[/arm/joint_trajectory_controller/follow_joint_trajectory/result] removing connection to http://onboardpc:43349/
[rospy.internal][INFO] 2018-12-04 18:58:18,086: topic[/arm/joint_trajectory_controller/follow_joint_trajectory/feedback] removing connection to http://onboardpc:43349/
[rospy.impl.masterslave][INFO] 2018-12-04 18:58:18,086: signal-2
[rospy.internal][WARNING] 2018-12-04 18:58:18,092: Unknown error initiating TCP/IP socket to onboardpc:51617 (http://onboardpc:43349/): Traceback (most recent call last):
  File "/opt/ros/kinetic/lib/python2.7/dist-packages/rospy/impl/tcpros_base.py", line 558, in connect
    self.local_endpoint = self.socket.getsockname()
AttributeError: 'NoneType' object has no attribute 'getsockname'

[rospy.core][INFO] 2018-12-04 18:58:18,703: signal_shutdown [atexit]
