[rospy.client][INFO] 2018-12-05 15:50:22,268: init_node, name[/dashboard_aggregator], pid[10055]
[xmlrpc][INFO] 2018-12-05 15:50:22,269: XML-RPC server binding to 0.0.0.0:0
[rospy.init][INFO] 2018-12-05 15:50:22,270: ROS Slave URI: [http://onboardpc:33455/]
[xmlrpc][INFO] 2018-12-05 15:50:22,270: Started XML-RPC server [http://onboardpc:33455/]
[rospy.impl.masterslave][INFO] 2018-12-05 15:50:22,270: _ready: http://onboardpc:33455/
[xmlrpc][INFO] 2018-12-05 15:50:22,271: xml rpc node: starting XML-RPC server
[rospy.registration][INFO] 2018-12-05 15:50:22,272: Registering with master node http://localhost:11311
[rospy.init][INFO] 2018-12-05 15:50:22,371: registered with master
[rospy.rosout][INFO] 2018-12-05 15:50:22,371: initializing /rosout core topic
[rospy.rosout][INFO] 2018-12-05 15:50:22,375: connected to core topic /rosout
[rospy.simtime][INFO] 2018-12-05 15:50:22,377: /use_sim_time is not set, will not subscribe to simulated time [/clock] topic
[rospy.internal][INFO] 2018-12-05 15:50:22,531: topic[/rosout] adding connection to [/rosout], count 0
[rospy.internal][INFO] 2018-12-05 15:50:23,439: topic[/diagnostics_toplevel_state] adding connection to [http://onboardpc:45539/], count 0
[rospy.internal][INFO] 2018-12-05 15:50:27,570: topic[/dashboard_agg] adding connection to [/dashboard_node_onboardpc_10030_1862415346945135911], count 0
[rospy.internal][INFO] 2018-12-05 16:03:03,939: topic[/rosout] removing connection to /rosout
[rospy.core][INFO] 2018-12-05 16:03:05,929: signal_shutdown [signal-2]
[rospy.registration][WARNING] 2018-12-05 16:03:05,930: cannot unregister with master due to network issues
[rospy.internal][INFO] 2018-12-05 16:03:05,931: topic[/dashboard_agg] removing connection to /dashboard_node_onboardpc_10030_1862415346945135911
[rospy.internal][INFO] 2018-12-05 16:03:05,931: topic[/diagnostics_toplevel_state] removing connection to http://onboardpc:45539/
[rospy.impl.masterslave][INFO] 2018-12-05 16:03:05,931: signal-2
[rospy.core][INFO] 2018-12-05 16:03:06,047: signal_shutdown [atexit]
