[rosmaster.main][INFO] 2018-12-05 16:49:23,762: initialization complete, waiting for shutdown
[rosmaster.main][INFO] 2018-12-05 16:49:23,763: Starting ROS Master Node
[xmlrpc][INFO] 2018-12-05 16:49:23,763: XML-RPC server binding to 0.0.0.0:11311
[xmlrpc][INFO] 2018-12-05 16:49:23,764: Started XML-RPC server [http://onboardpc:11311/]
[rosmaster.master][INFO] 2018-12-05 16:49:23,764: Master initialized: port[11311], uri[http://onboardpc:11311/]
[xmlrpc][INFO] 2018-12-05 16:49:23,764: xml rpc node: starting XML-RPC server
[rosmaster.master][INFO] 2018-12-05 16:49:23,848: +PARAM [/run_id] by /roslaunch
[rosmaster.master][INFO] 2018-12-05 16:49:23,850: +PARAM [/roslaunch/uris/host_onboardpc__38061] by /roslaunch
[rosmaster.master][INFO] 2018-12-05 16:49:24,044: +PARAM [/arm/arm_1_joint_velocity_controller/required_drive_mode] by /roslaunch
[rosmaster.master][INFO] 2018-12-05 16:49:24,045: +PARAM [/arm/arm_4_joint_position_controller/required_drive_mode] by /roslaunch
[rosmaster.master][INFO] 2018-12-05 16:49:24,045: +PARAM [/arm/joint_group_interpol_position_controller/joints] by /roslaunch
[rosmaster.master][INFO] 2018-12-05 16:49:24,046: +PARAM [/arm/joint_group_velocity_controller/type] by /roslaunch
[rosmaster.master][INFO] 2018-12-05 16:49:24,046: +PARAM [/arm/driver/sync/interval_ms] by /roslaunch
[rosmaster.master][INFO] 2018-12-05 16:49:24,046: +PARAM [/arm/arm_1_joint_position_controller/type] by /roslaunch
[rosmaster.master][INFO] 2018-12-05 16:49:24,046: +PARAM [/script_server/arm/default_vel] by /roslaunch
[rosmaster.master][INFO] 2018-12-05 16:49:24,046: +PARAM [/arm/arm_3_joint_position_controller/type] by /roslaunch
[rosmaster.master][INFO] 2018-12-05 16:49:24,047: +PARAM [/arm/arm_5_joint_position_controller/joint] by /roslaunch
[rosmaster.master][INFO] 2018-12-05 16:49:24,047: +PARAM [/script_server/arm/waveleft] by /roslaunch
[rosmaster.master][INFO] 2018-12-05 16:49:24,047: +PARAM [/arm/joint_trajectory_controller/constraints/arm_4_joint/goal] by /roslaunch
[rosmaster.master][INFO] 2018-12-05 16:49:24,047: +PARAM [/arm/joint_trajectory_controller/state_publish_rate] by /roslaunch
[rosmaster.master][INFO] 2018-12-05 16:49:24,048: +PARAM [/arm/driver/nodes/arm_4_joint/id] by /roslaunch
[rosmaster.master][INFO] 2018-12-05 16:49:24,048: +PARAM [/arm/arm_3_joint_velocity_controller/required_drive_mode] by /roslaunch
[rosmaster.master][INFO] 2018-12-05 16:49:24,048: +PARAM [/arm/arm_3_joint_velocity_controller/joint] by /roslaunch
[rosmaster.master][INFO] 2018-12-05 16:49:24,048: +PARAM [/arm/joint_trajectory_controller/constraints/arm_6_joint/trajectory] by /roslaunch
[rosmaster.master][INFO] 2018-12-05 16:49:24,048: +PARAM [/arm/robot_state_publisher/tf_prefix] by /roslaunch
[rosmaster.master][INFO] 2018-12-05 16:49:24,048: +PARAM [/arm/joint_group_position_controller/required_drive_mode] by /roslaunch
[rosmaster.master][INFO] 2018-12-05 16:49:24,049: +PARAM [/arm/arm_6_joint_velocity_controller/type] by /roslaunch
[rosmaster.master][INFO] 2018-12-05 16:49:24,049: +PARAM [/arm/arm_3_joint_velocity_controller/type] by /roslaunch
[rosmaster.master][INFO] 2018-12-05 16:49:24,049: +PARAM [/arm/joint_group_interpol_position_controller/type] by /roslaunch
[rosmaster.master][INFO] 2018-12-05 16:49:24,049: +PARAM [/arm/joint_trajectory_controller/constraints/arm_3_joint/trajectory] by /roslaunch
[rosmaster.master][INFO] 2018-12-05 16:49:24,049: +PARAM [/arm/joint_state_controller/type] by /roslaunch
[rosmaster.master][INFO] 2018-12-05 16:49:24,049: +PARAM [/script_server/arm/waveright] by /roslaunch
[rosmaster.master][INFO] 2018-12-05 16:49:24,050: +SERVICE [/rosout/get_loggers] /rosout http://onboardpc:33551/
[rosmaster.master][INFO] 2018-12-05 16:49:24,051: +PARAM [/arm/arm_1_joint_position_controller/joint] by /roslaunch
[rosmaster.master][INFO] 2018-12-05 16:49:24,051: +PARAM [/arm/driver/defaults/eds_pkg] by /roslaunch
[rosmaster.master][INFO] 2018-12-05 16:49:24,051: +PARAM [/arm/driver/name] by /roslaunch
[rosmaster.master][INFO] 2018-12-05 16:49:24,052: +PARAM [/script_server/arm/home] by /roslaunch
[rosmaster.master][INFO] 2018-12-05 16:49:24,052: +SERVICE [/rosout/set_logger_level] /rosout http://onboardpc:33551/
[rosmaster.master][INFO] 2018-12-05 16:49:24,052: +PARAM [/arm/driver/nodes/arm_2_joint/id] by /roslaunch
[rosmaster.master][INFO] 2018-12-05 16:49:24,053: +PARAM [/arm/joint_group_velocity_controller/joints] by /roslaunch
[rosmaster.master][INFO] 2018-12-05 16:49:24,053: +PARAM [/arm/arm_1_joint_velocity_controller/joint] by /roslaunch
[rosmaster.master][INFO] 2018-12-05 16:49:24,054: +PARAM [/arm/joint_trajectory_controller/type] by /roslaunch
[rosmaster.master][INFO] 2018-12-05 16:49:24,054: +PARAM [/arm/arm_6_joint_velocity_controller/joint] by /roslaunch
[rosmaster.master][INFO] 2018-12-05 16:49:24,054: +PARAM [/arm/joint_group_interpol_position_controller/required_drive_mode] by /roslaunch
[rosmaster.master][INFO] 2018-12-05 16:49:24,055: +PARAM [/rosdistro] by /roslaunch
[rosmaster.master][INFO] 2018-12-05 16:49:24,055: +PARAM [/arm/driver/nodes/arm_1_joint/id] by /roslaunch
[rosmaster.master][INFO] 2018-12-05 16:49:24,055: +PARAM [/arm/joint_trajectory_controller/constraints/arm_1_joint/trajectory] by /roslaunch
[rosmaster.master][INFO] 2018-12-05 16:49:24,055: +PARAM [/arm/driver/sync/overflow] by /roslaunch
[rosmaster.master][INFO] 2018-12-05 16:49:24,055: +PARAM [/arm/arm_2_joint_position_controller/required_drive_mode] by /roslaunch
[rosmaster.master][INFO] 2018-12-05 16:49:24,056: +PARAM [/arm/joint_trajectory_controller/constraints/arm_2_joint/trajectory] by /roslaunch
[rosmaster.master][INFO] 2018-12-05 16:49:24,056: +PARAM [/arm/arm_3_joint_position_controller/joint] by /roslaunch
[rosmaster.master][INFO] 2018-12-05 16:49:24,056: +PARAM [/arm/robot_state_publisher/publish_frequency] by /roslaunch
[rosmaster.master][INFO] 2018-12-05 16:49:24,056: +PARAM [/arm/arm_2_joint_position_controller/joint] by /roslaunch
[rosmaster.master][INFO] 2018-12-05 16:49:24,056: +PARAM [/arm/joint_trajectory_controller/stop_trajectory_duration] by /roslaunch
[rosmaster.master][INFO] 2018-12-05 16:49:24,057: +PARAM [/arm/joint_group_position_controller/type] by /roslaunch
[rosmaster.master][INFO] 2018-12-05 16:49:24,057: +PARAM [/arm/joint_trajectory_controller/constraints/arm_5_joint/trajectory] by /roslaunch
[rosmaster.master][INFO] 2018-12-05 16:49:24,057: +PARAM [/arm/joint_trajectory_controller/constraints/stopped_velocity_tolerance] by /roslaunch
[rosmaster.master][INFO] 2018-12-05 16:49:24,057: +PARAM [/arm/arm_1_joint_position_controller/required_drive_mode] by /roslaunch
[rosmaster.master][INFO] 2018-12-05 16:49:24,058: +PARAM [/arm/joint_trajectory_controller/action_monitor_rate] by /roslaunch
[rosmaster.master][INFO] 2018-12-05 16:49:24,058: +PARAM [/arm/joint_trajectory_controller/joints] by /roslaunch
[rosmaster.master][INFO] 2018-12-05 16:49:24,059: +PARAM [/arm/joint_trajectory_controller/constraints/arm_5_joint/goal] by /roslaunch
[rosmaster.master][INFO] 2018-12-05 16:49:24,059: +PARAM [/arm/driver/defaults/vel_to_device] by /roslaunch
[rosmaster.master][INFO] 2018-12-05 16:49:24,059: +PARAM [/arm/arm_3_joint_position_controller/required_drive_mode] by /roslaunch
[rosmaster.master][INFO] 2018-12-05 16:49:24,060: +PUB [/rosout_agg] /rosout http://onboardpc:33551/
[rosmaster.master][INFO] 2018-12-05 16:49:24,060: +PARAM [/script_server/arm/joint_names] by /roslaunch
[rosmaster.master][INFO] 2018-12-05 16:49:24,060: +PARAM [/arm/joint_trajectory_controller/constraints/arm_3_joint/goal] by /roslaunch
[rosmaster.master][INFO] 2018-12-05 16:49:24,061: +PARAM [/arm/arm_4_joint_position_controller/joint] by /roslaunch
[rosmaster.master][INFO] 2018-12-05 16:49:24,061: +PARAM [/arm/driver/nodes/arm_6_joint/id] by /roslaunch
[rosmaster.master][INFO] 2018-12-05 16:49:24,061: +PARAM [/arm/arm_4_joint_velocity_controller/joint] by /roslaunch
[rosmaster.master][INFO] 2018-12-05 16:49:24,061: +PARAM [/arm/arm_2_joint_position_controller/type] by /roslaunch
[rosmaster.master][INFO] 2018-12-05 16:49:24,062: +PARAM [/arm/arm_6_joint_position_controller/type] by /roslaunch
[rosmaster.master][INFO] 2018-12-05 16:49:24,062: +PARAM [/arm/driver/defaults/dcf_overlay/604Csub2] by /roslaunch
[rosmaster.master][INFO] 2018-12-05 16:49:24,062: +PARAM [/arm/driver/defaults/dcf_overlay/604Csub1] by /roslaunch
[rosmaster.master][INFO] 2018-12-05 16:49:24,062: +PARAM [/arm/driver/nodes/arm_3_joint/id] by /roslaunch
[rosmaster.master][INFO] 2018-12-05 16:49:24,062: +PARAM [/arm/arm_5_joint_velocity_controller/required_drive_mode] by /roslaunch
[rosmaster.master][INFO] 2018-12-05 16:49:24,063: +PARAM [/arm/joint_trajectory_controller/constraints/arm_1_joint/goal] by /roslaunch
[rosmaster.master][INFO] 2018-12-05 16:49:24,063: +PARAM [/robot_description] by /roslaunch
[rosmaster.master][INFO] 2018-12-05 16:49:24,063: +PARAM [/arm/joint_trajectory_controller/required_drive_mode] by /roslaunch
[rosmaster.master][INFO] 2018-12-05 16:49:24,063: +PARAM [/arm/joint_trajectory_controller/constraints/goal_time] by /roslaunch
[rosmaster.master][INFO] 2018-12-05 16:49:24,063: +PARAM [/arm/arm_1_joint_velocity_controller/type] by /roslaunch
[rosmaster.master][INFO] 2018-12-05 16:49:24,063: +PARAM [/arm/arm_6_joint_position_controller/joint] by /roslaunch
[rosmaster.master][INFO] 2018-12-05 16:49:24,063: +PARAM [/script_server/arm/wave] by /roslaunch
[rosmaster.master][INFO] 2018-12-05 16:49:24,064: +PARAM [/arm/driver/bus/device] by /roslaunch
[rosmaster.master][INFO] 2018-12-05 16:49:24,064: +PARAM [/arm/joint_trajectory_controller/constraints/arm_6_joint/goal] by /roslaunch
[rosmaster.master][INFO] 2018-12-05 16:49:24,064: +PARAM [/arm/arm_5_joint_position_controller/required_drive_mode] by /roslaunch
[rosmaster.master][INFO] 2018-12-05 16:49:24,064: +PARAM [/arm/joint_trajectory_controller/constraints/arm_4_joint/trajectory] by /roslaunch
[rosmaster.master][INFO] 2018-12-05 16:49:24,065: +PARAM [/arm/arm_4_joint_position_controller/type] by /roslaunch
[rosmaster.master][INFO] 2018-12-05 16:49:24,065: +PARAM [/script_server/arm/folded] by /roslaunch
[rosmaster.master][INFO] 2018-12-05 16:49:24,065: +PARAM [/arm/arm_4_joint_velocity_controller/required_drive_mode] by /roslaunch
[rosmaster.master][INFO] 2018-12-05 16:49:24,065: +PARAM [/arm/arm_6_joint_position_controller/required_drive_mode] by /roslaunch
[rosmaster.master][INFO] 2018-12-05 16:49:24,065: +PARAM [/script_server/arm/service_ns] by /roslaunch
[rosmaster.master][INFO] 2018-12-05 16:49:24,065: +PARAM [/script_server/arm/action_name] by /roslaunch
[rosmaster.master][INFO] 2018-12-05 16:49:24,066: +PARAM [/arm/arm_2_joint_velocity_controller/type] by /roslaunch
[rosmaster.master][INFO] 2018-12-05 16:49:24,066: +PARAM [/arm/arm_2_joint_velocity_controller/required_drive_mode] by /roslaunch
[rosmaster.master][INFO] 2018-12-05 16:49:24,066: +PARAM [/arm/arm_4_joint_velocity_controller/type] by /roslaunch
[rosmaster.master][INFO] 2018-12-05 16:49:24,067: +PARAM [/arm/joint_trajectory_controller/constraints/arm_2_joint/goal] by /roslaunch
[rosmaster.master][INFO] 2018-12-05 16:49:24,067: +PARAM [/arm/joint_group_velocity_controller/required_drive_mode] by /roslaunch
[rosmaster.master][INFO] 2018-12-05 16:49:24,068: +PARAM [/arm/arm_2_joint_velocity_controller/joint] by /roslaunch
[rosmaster.master][INFO] 2018-12-05 16:49:24,068: +PARAM [/arm/arm_5_joint_velocity_controller/type] by /roslaunch
[rosmaster.master][INFO] 2018-12-05 16:49:24,068: +PARAM [/arm/driver/defaults/eds_file] by /roslaunch
[rosmaster.master][INFO] 2018-12-05 16:49:24,069: +PARAM [/arm/joint_group_position_controller/joints] by /roslaunch
[rosmaster.master][INFO] 2018-12-05 16:49:24,069: +PARAM [/arm/joint_names] by /roslaunch
[rosmaster.master][INFO] 2018-12-05 16:49:24,069: +PARAM [/rosversion] by /roslaunch
[rosmaster.master][INFO] 2018-12-05 16:49:24,069: +PARAM [/arm/arm_5_joint_velocity_controller/joint] by /roslaunch
[rosmaster.master][INFO] 2018-12-05 16:49:24,070: +PARAM [/arm/max_command_silence] by /roslaunch
[rosmaster.master][INFO] 2018-12-05 16:49:24,071: +PARAM [/arm/joint_state_controller/publish_rate] by /roslaunch
[rosmaster.master][INFO] 2018-12-05 16:49:24,071: +PARAM [/arm/driver/nodes/arm_5_joint/id] by /roslaunch
[rosmaster.master][INFO] 2018-12-05 16:49:24,072: +PARAM [/arm/arm_6_joint_velocity_controller/required_drive_mode] by /roslaunch
[rosmaster.master][INFO] 2018-12-05 16:49:24,073: +PARAM [/arm/arm_5_joint_position_controller/type] by /roslaunch
[rosmaster.master][INFO] 2018-12-05 16:49:24,078: +SUB [/rosout] /rosout http://onboardpc:33551/
[rosmaster.master][INFO] 2018-12-05 16:49:24,129: +PUB [/rosout] /arm/robot_state_publisher http://onboardpc:44655/
[rosmaster.master][INFO] 2018-12-05 16:49:24,131: +SERVICE [/arm/robot_state_publisher/get_loggers] /arm/robot_state_publisher http://onboardpc:44655/
[rosmaster.master][INFO] 2018-12-05 16:49:24,132: +SERVICE [/arm/robot_state_publisher/set_logger_level] /arm/robot_state_publisher http://onboardpc:44655/
[rosmaster.master][INFO] 2018-12-05 16:49:24,149: +PUB [/tf] /arm/robot_state_publisher http://onboardpc:44655/
[rosmaster.master][INFO] 2018-12-05 16:49:24,151: +PUB [/tf_static] /arm/robot_state_publisher http://onboardpc:44655/
[rosmaster.master][INFO] 2018-12-05 16:49:24,164: publisherUpdate[/rosout] -> http://onboardpc:33551/ ['http://onboardpc:44655/']
[rosmaster.master][INFO] 2018-12-05 16:49:24,168: publisherUpdate[/rosout] -> http://onboardpc:33551/ ['http://onboardpc:44655/']: sec=0.00, result=[1, '', 0]
[rosmaster.master][INFO] 2018-12-05 16:49:24,175: +SUB [/arm/joint_states] /arm/robot_state_publisher http://onboardpc:44655/
[rosmaster.master][INFO] 2018-12-05 16:49:24,196: +PUB [/rosout] /arm/cob_control_mode_adapter_node http://onboardpc:46355/
[rosmaster.master][INFO] 2018-12-05 16:49:24,198: +SERVICE [/arm/cob_control_mode_adapter_node/get_loggers] /arm/cob_control_mode_adapter_node http://onboardpc:46355/
[rosmaster.master][INFO] 2018-12-05 16:49:24,205: +SERVICE [/arm/cob_control_mode_adapter_node/set_logger_level] /arm/cob_control_mode_adapter_node http://onboardpc:46355/
[rosmaster.master][INFO] 2018-12-05 16:49:24,207: +PUB [/rosout] /arm/driver http://onboardpc:41247/
[rosmaster.master][INFO] 2018-12-05 16:49:24,210: +SERVICE [/arm/driver/get_loggers] /arm/driver http://onboardpc:41247/
[rosmaster.master][INFO] 2018-12-05 16:49:24,212: +SERVICE [/arm/driver/set_logger_level] /arm/driver http://onboardpc:41247/
[rosmaster.master][INFO] 2018-12-05 16:49:24,230: +PUB [/rosout] /arm/joint_states_relay http://onboardpc:44193/
[rosmaster.master][INFO] 2018-12-05 16:49:24,231: +SERVICE [/arm/joint_states_relay/get_loggers] /arm/joint_states_relay http://onboardpc:44193/
[rosmaster.master][INFO] 2018-12-05 16:49:24,237: +SERVICE [/arm/joint_states_relay/set_logger_level] /arm/joint_states_relay http://onboardpc:44193/
[rosmaster.master][INFO] 2018-12-05 16:49:24,266: publisherUpdate[/rosout] -> http://onboardpc:33551/ ['http://onboardpc:44655/', 'http://onboardpc:46355/']
[rosmaster.master][INFO] 2018-12-05 16:49:24,267: +SUB [/arm/joint_states] /arm/joint_states_relay http://onboardpc:44193/
[rosmaster.master][INFO] 2018-12-05 16:49:24,268: publisherUpdate[/rosout] -> http://onboardpc:33551/ ['http://onboardpc:44655/', 'http://onboardpc:46355/']: sec=0.00, result=[1, '', 0]
[rosmaster.master][INFO] 2018-12-05 16:49:24,269: publisherUpdate[/rosout] -> http://onboardpc:33551/ ['http://onboardpc:44655/', 'http://onboardpc:46355/', 'http://onboardpc:41247/']
[rosmaster.master][INFO] 2018-12-05 16:49:24,270: publisherUpdate[/rosout] -> http://onboardpc:33551/ ['http://onboardpc:44655/', 'http://onboardpc:46355/', 'http://onboardpc:41247/']: sec=0.00, result=[1, '', 0]
[rosmaster.master][INFO] 2018-12-05 16:49:24,270: publisherUpdate[/rosout] -> http://onboardpc:33551/ ['http://onboardpc:44655/', 'http://onboardpc:46355/', 'http://onboardpc:41247/', 'http://onboardpc:44193/']
[rosmaster.master][INFO] 2018-12-05 16:49:24,272: publisherUpdate[/rosout] -> http://onboardpc:33551/ ['http://onboardpc:44655/', 'http://onboardpc:46355/', 'http://onboardpc:41247/', 'http://onboardpc:44193/']: sec=0.00, result=[1, '', 0]
[rosmaster.master][INFO] 2018-12-05 16:49:24,306: +PUB [/diagnostics] /arm/driver http://onboardpc:41247/
[rosmaster.master][INFO] 2018-12-05 16:49:24,326: +SERVICE [/arm/driver/init] /arm/driver http://onboardpc:41247/
[rosmaster.master][INFO] 2018-12-05 16:49:24,328: +SERVICE [/arm/driver/recover] /arm/driver http://onboardpc:41247/
[rosmaster.master][INFO] 2018-12-05 16:49:24,330: +SERVICE [/arm/driver/halt] /arm/driver http://onboardpc:41247/
[rosmaster.master][INFO] 2018-12-05 16:49:24,332: +SERVICE [/arm/driver/shutdown] /arm/driver http://onboardpc:41247/
[rosmaster.master][INFO] 2018-12-05 16:49:24,335: +SERVICE [/arm/driver/get_object] /arm/driver http://onboardpc:41247/
[rosmaster.master][INFO] 2018-12-05 16:49:24,337: +SERVICE [/arm/driver/set_object] /arm/driver http://onboardpc:41247/
[rosmaster.master][INFO] 2018-12-05 16:49:44,799: +PUB [/rosout] /rosservice_2784_1544035784623 http://onboardpc:40189/
[rosmaster.master][INFO] 2018-12-05 16:49:44,805: +SERVICE [/rosservice_2784_1544035784623/get_loggers] /rosservice_2784_1544035784623 http://onboardpc:40189/
[rosmaster.master][INFO] 2018-12-05 16:49:44,808: +SERVICE [/rosservice_2784_1544035784623/set_logger_level] /rosservice_2784_1544035784623 http://onboardpc:40189/
[rosmaster.master][INFO] 2018-12-05 16:49:44,816: publisherUpdate[/rosout] -> http://onboardpc:33551/ ['http://onboardpc:44655/', 'http://onboardpc:46355/', 'http://onboardpc:41247/', 'http://onboardpc:44193/', 'http://onboardpc:40189/']
[rosmaster.master][INFO] 2018-12-05 16:49:44,817: publisherUpdate[/rosout] -> http://onboardpc:33551/ ['http://onboardpc:44655/', 'http://onboardpc:46355/', 'http://onboardpc:41247/', 'http://onboardpc:44193/', 'http://onboardpc:40189/']: sec=0.00, result=[1, '', 0]
[rosmaster.master][INFO] 2018-12-05 16:49:46,018: +SERVICE [/arm/controller_manager/list_controllers] /arm/driver http://onboardpc:41247/
[rosmaster.master][INFO] 2018-12-05 16:49:46,019: +SERVICE [/arm/controller_manager/list_controller_types] /arm/driver http://onboardpc:41247/
[rosmaster.master][INFO] 2018-12-05 16:49:46,020: +SERVICE [/arm/controller_manager/load_controller] /arm/driver http://onboardpc:41247/
[rosmaster.master][INFO] 2018-12-05 16:49:46,021: +SERVICE [/arm/controller_manager/unload_controller] /arm/driver http://onboardpc:41247/
[rosmaster.master][INFO] 2018-12-05 16:49:46,022: +SERVICE [/arm/controller_manager/switch_controller] /arm/driver http://onboardpc:41247/
[rosmaster.master][INFO] 2018-12-05 16:49:46,023: +SERVICE [/arm/controller_manager/reload_controller_libraries] /arm/driver http://onboardpc:41247/
[rosmaster.master][INFO] 2018-12-05 16:49:46,043: +PUB [/arm/joint_states] /arm/driver http://onboardpc:41247/
[rosmaster.master][INFO] 2018-12-05 16:49:46,054: -PUB [/rosout] /rosservice_2784_1544035784623 http://onboardpc:40189/
[rosmaster.master][INFO] 2018-12-05 16:49:46,054: -SERVICE [/rosservice_2784_1544035784623/get_loggers] /rosservice_2784_1544035784623 rosrpc://onboardpc:39889
[rosmaster.master][INFO] 2018-12-05 16:49:46,055: -SERVICE [/rosservice_2784_1544035784623/set_logger_level] /rosservice_2784_1544035784623 rosrpc://onboardpc:39889
[rosmaster.master][INFO] 2018-12-05 16:49:46,119: publisherUpdate[/arm/joint_states] -> http://onboardpc:44655/ ['http://onboardpc:41247/']
[rosmaster.master][INFO] 2018-12-05 16:49:46,121: publisherUpdate[/arm/joint_states] -> http://onboardpc:44655/ ['http://onboardpc:41247/']: sec=0.00, result=[1, '', 0]
[rosmaster.master][INFO] 2018-12-05 16:49:46,121: publisherUpdate[/arm/joint_states] -> http://onboardpc:44193/ ['http://onboardpc:41247/']
[rosmaster.master][INFO] 2018-12-05 16:49:46,121: publisherUpdate[/rosout] -> http://onboardpc:33551/ ['http://onboardpc:44655/', 'http://onboardpc:46355/', 'http://onboardpc:41247/', 'http://onboardpc:44193/']
[rosmaster.master][INFO] 2018-12-05 16:49:46,123: publisherUpdate[/arm/joint_states] -> http://onboardpc:44193/ ['http://onboardpc:41247/']: sec=0.00, result=[1, '', 0]
[rosmaster.master][INFO] 2018-12-05 16:49:46,124: publisherUpdate[/rosout] -> http://onboardpc:33551/ ['http://onboardpc:44655/', 'http://onboardpc:46355/', 'http://onboardpc:41247/', 'http://onboardpc:44193/']: sec=0.00, result=[1, '', 0]
[rosmaster.master][INFO] 2018-12-05 16:49:46,129: +SUB [/arm/joint_trajectory_controller/command] /arm/driver http://onboardpc:41247/
[rosmaster.master][INFO] 2018-12-05 16:49:46,130: +PUB [/arm/joint_trajectory_controller/state] /arm/driver http://onboardpc:41247/
[rosmaster.master][INFO] 2018-12-05 16:49:46,133: +PUB [/arm/joint_trajectory_controller/follow_joint_trajectory/result] /arm/driver http://onboardpc:41247/
[rosmaster.master][INFO] 2018-12-05 16:49:46,134: +PUB [/arm/joint_trajectory_controller/follow_joint_trajectory/feedback] /arm/driver http://onboardpc:41247/
[rosmaster.master][INFO] 2018-12-05 16:49:46,135: +PUB [/arm/joint_trajectory_controller/follow_joint_trajectory/status] /arm/driver http://onboardpc:41247/
[rosmaster.master][INFO] 2018-12-05 16:49:46,147: +SUB [/arm/joint_trajectory_controller/follow_joint_trajectory/goal] /arm/driver http://onboardpc:41247/
[rosmaster.master][INFO] 2018-12-05 16:49:46,154: +SUB [/arm/joint_trajectory_controller/follow_joint_trajectory/cancel] /arm/driver http://onboardpc:41247/
[rosmaster.master][INFO] 2018-12-05 16:49:46,155: +SERVICE [/arm/joint_trajectory_controller/query_state] /arm/driver http://onboardpc:41247/
[rosmaster.master][INFO] 2018-12-05 16:49:46,202: +SUB [/arm/joint_group_position_controller/command] /arm/driver http://onboardpc:41247/
[rosmaster.master][INFO] 2018-12-05 16:49:46,218: +SUB [/arm/joint_group_position_controller/command] /arm/cob_control_mode_adapter_node http://onboardpc:46355/
[rosmaster.master][INFO] 2018-12-05 16:49:46,241: +SUB [/arm/joint_group_velocity_controller/command] /arm/driver http://onboardpc:41247/
[rosmaster.master][INFO] 2018-12-05 16:49:46,262: +SUB [/arm/joint_group_velocity_controller/command] /arm/cob_control_mode_adapter_node http://onboardpc:46355/
[rosmaster.master][INFO] 2018-12-05 16:49:46,333: +PUB [/joint_states] /arm/joint_states_relay http://onboardpc:44193/
[rosmaster.master][INFO] 2018-12-05 16:49:54,349: +PARAM [/roslaunch/uris/host_onboardpc__37827] by /roslaunch
[rosmaster.master][INFO] 2018-12-05 16:49:54,377: +PARAM [/move_group/planner_configs/RRTkConfigDefault/goal_bias] by /roslaunch
[rosmaster.master][INFO] 2018-12-05 16:49:54,378: +PARAM [/robot_description_semantic] by /roslaunch
[rosmaster.master][INFO] 2018-12-05 16:49:54,378: +PARAM [/robot_description_planning/joint_limits/arm_6_joint/has_acceleration_limits] by /roslaunch
[rosmaster.master][INFO] 2018-12-05 16:49:54,378: +PARAM [/move_group/planner_configs/RRTstarkConfigDefault/range] by /roslaunch
[rosmaster.master][INFO] 2018-12-05 16:49:54,378: +PARAM [/move_group/controller_list] by /roslaunch
[rosmaster.master][INFO] 2018-12-05 16:49:54,378: +PARAM [/move_group/max_safe_path_cost] by /roslaunch
[rosmaster.master][INFO] 2018-12-05 16:49:54,379: +PARAM [/robot_description_planning/joint_limits/arm_4_joint/has_acceleration_limits] by /roslaunch
[rosmaster.master][INFO] 2018-12-05 16:49:54,379: +PARAM [/move_group/planner_configs/RRTstarkConfigDefault/goal_bias] by /roslaunch
[rosmaster.master][INFO] 2018-12-05 16:49:54,379: +PARAM [/move_group/planning_scene_monitor/publish_planning_scene] by /roslaunch
[rosmaster.master][INFO] 2018-12-05 16:49:54,379: +PARAM [/robot_description_planning/joint_limits/arm_2_joint/has_velocity_limits] by /roslaunch
[rosmaster.master][INFO] 2018-12-05 16:49:54,379: +PARAM [/move_group/planner_configs/PRMkConfigDefault/type] by /roslaunch
[rosmaster.master][INFO] 2018-12-05 16:49:54,380: +PARAM [/move_group/planner_configs/KPIECEkConfigDefault/min_valid_path_fraction] by /roslaunch
[rosmaster.master][INFO] 2018-12-05 16:49:54,380: +PARAM [/move_group/planner_configs/BKPIECEkConfigDefault/border_fraction] by /roslaunch
[rosmaster.master][INFO] 2018-12-05 16:49:54,380: +PARAM [/rviz_onboardpc_3037_7166681010025088367/manipulator/kinematics_solver_timeout] by /roslaunch
[rosmaster.master][INFO] 2018-12-05 16:49:54,380: +PARAM [/move_group/planner_configs/PRMkConfigDefault/max_nearest_neighbors] by /roslaunch
[rosmaster.master][INFO] 2018-12-05 16:49:54,380: +PARAM [/move_group/planner_configs/TRRTkConfigDefault/goal_bias] by /roslaunch
[rosmaster.master][INFO] 2018-12-05 16:49:54,380: +PARAM [/move_group/planner_configs/BKPIECEkConfigDefault/min_valid_path_fraction] by /roslaunch
[rosmaster.master][INFO] 2018-12-05 16:49:54,381: +PARAM [/robot_description_planning/joint_limits/arm_5_joint/max_velocity] by /roslaunch
[rosmaster.master][INFO] 2018-12-05 16:49:54,381: +PARAM [/robot_description_planning/joint_limits/arm_1_joint/max_acceleration] by /roslaunch
[rosmaster.master][INFO] 2018-12-05 16:49:54,381: +PARAM [/robot_description_planning/joint_limits/arm_3_joint/max_velocity] by /roslaunch
[rosmaster.master][INFO] 2018-12-05 16:49:54,381: +PARAM [/move_group/planner_configs/SBLkConfigDefault/range] by /roslaunch
[rosmaster.master][INFO] 2018-12-05 16:49:54,382: +PARAM [/robot_description_planning/joint_limits/arm_4_joint/max_velocity] by /roslaunch
[rosmaster.master][INFO] 2018-12-05 16:49:54,382: +PARAM [/move_group/moveit_controller_manager] by /roslaunch
[rosmaster.master][INFO] 2018-12-05 16:49:54,382: +PARAM [/move_group/planning_plugin] by /roslaunch
[rosmaster.master][INFO] 2018-12-05 16:49:54,382: +PARAM [/robot_description_planning/joint_limits/arm_1_joint/max_velocity] by /roslaunch
[rosmaster.master][INFO] 2018-12-05 16:49:54,382: +PARAM [/move_group/planning_scene_monitor/publish_geometry_updates] by /roslaunch
[rosmaster.master][INFO] 2018-12-05 16:49:54,382: +PARAM [/robot_description_planning/joint_limits/arm_3_joint/max_acceleration] by /roslaunch
[rosmaster.master][INFO] 2018-12-05 16:49:54,383: +PARAM [/move_group/planner_configs/TRRTkConfigDefault/max_states_failed] by /roslaunch
[rosmaster.master][INFO] 2018-12-05 16:49:54,383: +PARAM [/move_group/planner_configs/ESTkConfigDefault/range] by /roslaunch
[rosmaster.master][INFO] 2018-12-05 16:49:54,383: +PARAM [/rosdistro] by /roslaunch
[rosmaster.master][INFO] 2018-12-05 16:49:54,383: +PARAM [/robot_description_planning/joint_limits/arm_1_joint/has_velocity_limits] by /roslaunch
[rosmaster.master][INFO] 2018-12-05 16:49:54,383: +PARAM [/move_group/planner_configs/PRMstarkConfigDefault/type] by /roslaunch
[rosmaster.master][INFO] 2018-12-05 16:49:54,383: +PARAM [/move_group/planner_configs/RRTkConfigDefault/range] by /roslaunch
[rosmaster.master][INFO] 2018-12-05 16:49:54,383: +PARAM [/move_group/allow_trajectory_execution] by /roslaunch
[rosmaster.master][INFO] 2018-12-05 16:49:54,384: +PARAM [/move_group/planner_configs/ESTkConfigDefault/type] by /roslaunch
[rosmaster.master][INFO] 2018-12-05 16:49:54,384: +PARAM [/move_group/start_state_max_bounds_error] by /roslaunch
[rosmaster.master][INFO] 2018-12-05 16:49:54,384: +PARAM [/robot_description_kinematics/manipulator/kinematics_solver_attempts] by /roslaunch
[rosmaster.master][INFO] 2018-12-05 16:49:54,384: +PARAM [/move_group/max_range] by /roslaunch
[rosmaster.master][INFO] 2018-12-05 16:49:54,384: +PARAM [/robot_description_planning/joint_limits/arm_4_joint/has_velocity_limits] by /roslaunch
[rosmaster.master][INFO] 2018-12-05 16:49:54,385: +PARAM [/move_group/planner_configs/TRRTkConfigDefault/init_temperature] by /roslaunch
[rosmaster.master][INFO] 2018-12-05 16:49:54,385: +PARAM [/move_group/planner_configs/BKPIECEkConfigDefault/type] by /roslaunch
[rosmaster.master][INFO] 2018-12-05 16:49:54,385: +PARAM [/robot_description_planning/joint_limits/arm_2_joint/has_acceleration_limits] by /roslaunch
[rosmaster.master][INFO] 2018-12-05 16:49:54,385: +PARAM [/move_group/planner_configs/KPIECEkConfigDefault/border_fraction] by /roslaunch
[rosmaster.master][INFO] 2018-12-05 16:49:54,385: +PARAM [/robot_description_planning/joint_limits/arm_3_joint/has_acceleration_limits] by /roslaunch
[rosmaster.master][INFO] 2018-12-05 16:49:54,385: +PARAM [/move_group/planner_configs/TRRTkConfigDefault/frountierNodeRatio] by /roslaunch
[rosmaster.master][INFO] 2018-12-05 16:49:54,386: +PARAM [/move_group/moveit_manage_controllers] by /roslaunch
[rosmaster.master][INFO] 2018-12-05 16:49:54,386: +PARAM [/robot_description_planning/joint_limits/arm_2_joint/max_acceleration] by /roslaunch
[rosmaster.master][INFO] 2018-12-05 16:49:54,386: +PARAM [/robot_description_kinematics/manipulator/kinematics_solver_search_resolution] by /roslaunch
[rosmaster.master][INFO] 2018-12-05 16:49:54,386: +PARAM [/rviz_onboardpc_3037_7166681010025088367/manipulator/kinematics_solver_attempts] by /roslaunch
[rosmaster.master][INFO] 2018-12-05 16:49:54,386: +PARAM [/move_group/planning_scene_monitor/publish_state_updates] by /roslaunch
[rosmaster.master][INFO] 2018-12-05 16:49:54,386: +PARAM [/rviz_onboardpc_3037_7166681010025088367/manipulator/kinematics_solver] by /roslaunch
[rosmaster.master][INFO] 2018-12-05 16:49:54,387: +PARAM [/move_group/planner_configs/ESTkConfigDefault/goal_bias] by /roslaunch
[rosmaster.master][INFO] 2018-12-05 16:49:54,387: +PARAM [/robot_description_planning/joint_limits/arm_5_joint/has_velocity_limits] by /roslaunch
[rosmaster.master][INFO] 2018-12-05 16:49:54,387: +PARAM [/move_group/planner_configs/LBKPIECEkConfigDefault/border_fraction] by /roslaunch
[rosmaster.master][INFO] 2018-12-05 16:49:54,387: +PARAM [/move_group/jiggle_fraction] by /roslaunch
[rosmaster.master][INFO] 2018-12-05 16:49:54,387: +PARAM [/move_group/planner_configs/TRRTkConfigDefault/range] by /roslaunch
[rosmaster.master][INFO] 2018-12-05 16:49:54,387: +PARAM [/robot_description_planning/joint_limits/arm_2_joint/max_velocity] by /roslaunch
[rosmaster.master][INFO] 2018-12-05 16:49:54,388: +PARAM [/robot_description_planning/joint_limits/arm_6_joint/has_velocity_limits] by /roslaunch
[rosmaster.master][INFO] 2018-12-05 16:49:54,388: +PARAM [/move_group/planner_configs/BKPIECEkConfigDefault/range] by /roslaunch
[rosmaster.master][INFO] 2018-12-05 16:49:54,388: +PARAM [/move_group/planner_configs/SBLkConfigDefault/type] by /roslaunch
[rosmaster.master][INFO] 2018-12-05 16:49:54,388: +PARAM [/rviz_onboardpc_3037_7166681010025088367/manipulator/kinematics_solver_search_resolution] by /roslaunch
[rosmaster.master][INFO] 2018-12-05 16:49:54,388: +PARAM [/robot_description_planning/joint_limits/arm_4_joint/max_acceleration] by /roslaunch
[rosmaster.master][INFO] 2018-12-05 16:49:54,388: +PARAM [/move_group/capabilities] by /roslaunch
[rosmaster.master][INFO] 2018-12-05 16:49:54,388: +PARAM [/move_group/planner_configs/LBKPIECEkConfigDefault/range] by /roslaunch
[rosmaster.master][INFO] 2018-12-05 16:49:54,389: +PARAM [/move_group/planner_configs/TRRTkConfigDefault/temp_change_factor] by /roslaunch
[rosmaster.master][INFO] 2018-12-05 16:49:54,389: +PARAM [/robot_description_planning/joint_limits/arm_5_joint/max_acceleration] by /roslaunch
[rosmaster.master][INFO] 2018-12-05 16:49:54,389: +PARAM [/robot_description_kinematics/manipulator/kinematics_solver_timeout] by /roslaunch
[rosmaster.master][INFO] 2018-12-05 16:49:54,389: +PARAM [/move_group/planner_configs/KPIECEkConfigDefault/range] by /roslaunch
[rosmaster.master][INFO] 2018-12-05 16:49:54,389: +PARAM [/move_group/allowed_execution_duration_scaling] by /roslaunch
[rosmaster.master][INFO] 2018-12-05 16:49:54,389: +PARAM [/move_group/planner_configs/TRRTkConfigDefault/type] by /roslaunch
[rosmaster.master][INFO] 2018-12-05 16:49:54,390: +PARAM [/move_group/planner_configs/KPIECEkConfigDefault/goal_bias] by /roslaunch
[rosmaster.master][INFO] 2018-12-05 16:49:54,390: +PARAM [/move_group/planner_configs/RRTConnectkConfigDefault/range] by /roslaunch
[rosmaster.master][INFO] 2018-12-05 16:49:54,390: +PARAM [/move_group/request_adapters] by /roslaunch
[rosmaster.master][INFO] 2018-12-05 16:49:54,390: +PARAM [/move_group/planner_configs/TRRTkConfigDefault/min_temperature] by /roslaunch
[rosmaster.master][INFO] 2018-12-05 16:49:54,390: +PARAM [/move_group/gripper/planner_configs] by /roslaunch
[rosmaster.master][INFO] 2018-12-05 16:49:54,390: +PARAM [/move_group/octomap_resolution] by /roslaunch
[rosmaster.master][INFO] 2018-12-05 16:49:54,391: +PARAM [/move_group/allowed_goal_duration_margin] by /roslaunch
[rosmaster.master][INFO] 2018-12-05 16:49:54,391: +PARAM [/robot_description_planning/joint_limits/arm_5_joint/has_acceleration_limits] by /roslaunch
[rosmaster.master][INFO] 2018-12-05 16:49:54,391: +PARAM [/move_group/planner_configs/KPIECEkConfigDefault/failed_expansion_score_factor] by /roslaunch
[rosmaster.master][INFO] 2018-12-05 16:49:54,391: +PARAM [/robot_description_planning/joint_limits/arm_1_joint/has_acceleration_limits] by /roslaunch
[rosmaster.master][INFO] 2018-12-05 16:49:54,391: +PARAM [/move_group/planning_scene_monitor/publish_transforms_updates] by /roslaunch
[rosmaster.master][INFO] 2018-12-05 16:49:54,391: +PARAM [/move_group/planner_configs/RRTstarkConfigDefault/type] by /roslaunch
[rosmaster.master][INFO] 2018-12-05 16:49:54,392: +PARAM [/robot_description_planning/joint_limits/arm_6_joint/max_acceleration] by /roslaunch
[rosmaster.master][INFO] 2018-12-05 16:49:54,392: +PARAM [/move_group/planner_configs/RRTstarkConfigDefault/delay_collision_checking] by /roslaunch
[rosmaster.master][INFO] 2018-12-05 16:49:54,392: +PARAM [/move_group/planner_configs/KPIECEkConfigDefault/type] by /roslaunch
[rosmaster.master][INFO] 2018-12-05 16:49:54,392: +PARAM [/move_group/planner_configs/RRTConnectkConfigDefault/type] by /roslaunch
[rosmaster.master][INFO] 2018-12-05 16:49:54,392: +PARAM [/move_group/manipulator/planner_configs] by /roslaunch
[rosmaster.master][INFO] 2018-12-05 16:49:54,392: +PARAM [/robot_description_kinematics/manipulator/kinematics_solver] by /roslaunch
[rosmaster.master][INFO] 2018-12-05 16:49:54,393: +PARAM [/move_group/planner_configs/BKPIECEkConfigDefault/failed_expansion_score_factor] by /roslaunch
[rosmaster.master][INFO] 2018-12-05 16:49:54,393: +PARAM [/move_group/planner_configs/LBKPIECEkConfigDefault/min_valid_path_fraction] by /roslaunch
[rosmaster.master][INFO] 2018-12-05 16:49:54,393: +PARAM [/rosversion] by /roslaunch
[rosmaster.master][INFO] 2018-12-05 16:49:54,393: +PARAM [/move_group/planner_configs/TRRTkConfigDefault/k_constant] by /roslaunch
[rosmaster.master][INFO] 2018-12-05 16:49:54,393: +PARAM [/move_group/planner_configs/TRRTkConfigDefault/frountier_threshold] by /roslaunch
[rosmaster.master][INFO] 2018-12-05 16:49:54,393: +PARAM [/move_group/planner_configs/LBKPIECEkConfigDefault/type] by /roslaunch
[rosmaster.master][INFO] 2018-12-05 16:49:54,394: +PARAM [/robot_description_planning/joint_limits/arm_6_joint/max_velocity] by /roslaunch
[rosmaster.master][INFO] 2018-12-05 16:49:54,394: +PARAM [/robot_description_planning/joint_limits/arm_3_joint/has_velocity_limits] by /roslaunch
[rosmaster.master][INFO] 2018-12-05 16:49:54,394: +PARAM [/move_group/planner_configs/RRTkConfigDefault/type] by /roslaunch
[rosmaster.master][INFO] 2018-12-05 16:49:54,615: +PUB [/rosout] /robot_state_publisher http://onboardpc:42807/
[rosmaster.master][INFO] 2018-12-05 16:49:54,618: +SERVICE [/robot_state_publisher/get_loggers] /robot_state_publisher http://onboardpc:42807/
[rosmaster.master][INFO] 2018-12-05 16:49:54,619: +SERVICE [/robot_state_publisher/set_logger_level] /robot_state_publisher http://onboardpc:42807/
[rosmaster.master][INFO] 2018-12-05 16:49:54,630: +PUB [/tf] /robot_state_publisher http://onboardpc:42807/
[rosmaster.master][INFO] 2018-12-05 16:49:54,640: publisherUpdate[/rosout] -> http://onboardpc:33551/ ['http://onboardpc:44655/', 'http://onboardpc:46355/', 'http://onboardpc:41247/', 'http://onboardpc:44193/', 'http://onboardpc:42807/']
[rosmaster.master][INFO] 2018-12-05 16:49:54,641: publisherUpdate[/rosout] -> http://onboardpc:33551/ ['http://onboardpc:44655/', 'http://onboardpc:46355/', 'http://onboardpc:41247/', 'http://onboardpc:44193/', 'http://onboardpc:42807/']: sec=0.00, result=[1, '', 0]
[rosmaster.master][INFO] 2018-12-05 16:49:54,642: +PUB [/tf_static] /robot_state_publisher http://onboardpc:42807/
[rosmaster.master][INFO] 2018-12-05 16:49:54,673: +SUB [/joint_states] /robot_state_publisher http://onboardpc:42807/
[rosmaster.master][INFO] 2018-12-05 16:49:54,709: +PUB [/rosout] /move_group http://onboardpc:39469/
[rosmaster.master][INFO] 2018-12-05 16:49:54,710: +SERVICE [/move_group/get_loggers] /move_group http://onboardpc:39469/
[rosmaster.master][INFO] 2018-12-05 16:49:54,712: +SERVICE [/move_group/set_logger_level] /move_group http://onboardpc:39469/
[rosmaster.master][INFO] 2018-12-05 16:49:54,720: +SUB [/tf] /move_group http://onboardpc:39469/
[rosmaster.master][INFO] 2018-12-05 16:49:54,733: +SUB [/tf_static] /move_group http://onboardpc:39469/
[rosmaster.master][INFO] 2018-12-05 16:49:54,741: publisherUpdate[/rosout] -> http://onboardpc:33551/ ['http://onboardpc:44655/', 'http://onboardpc:46355/', 'http://onboardpc:41247/', 'http://onboardpc:44193/', 'http://onboardpc:42807/', 'http://onboardpc:39469/']
[rosmaster.master][INFO] 2018-12-05 16:49:54,742: publisherUpdate[/rosout] -> http://onboardpc:33551/ ['http://onboardpc:44655/', 'http://onboardpc:46355/', 'http://onboardpc:41247/', 'http://onboardpc:44193/', 'http://onboardpc:42807/', 'http://onboardpc:39469/']: sec=0.00, result=[1, '', 0]
[rosmaster.master][INFO] 2018-12-05 16:49:54,879: +PUB [/rosout] /rviz_onboardpc_3037_7166681010025088367 http://onboardpc:45251/
[rosmaster.master][INFO] 2018-12-05 16:49:54,881: +SERVICE [/rviz_onboardpc_3037_7166681010025088367/get_loggers] /rviz_onboardpc_3037_7166681010025088367 http://onboardpc:45251/
[rosmaster.master][INFO] 2018-12-05 16:49:54,882: +SERVICE [/rviz_onboardpc_3037_7166681010025088367/set_logger_level] /rviz_onboardpc_3037_7166681010025088367 http://onboardpc:45251/
[rosmaster.master][INFO] 2018-12-05 16:49:54,943: publisherUpdate[/rosout] -> http://onboardpc:33551/ ['http://onboardpc:44655/', 'http://onboardpc:46355/', 'http://onboardpc:41247/', 'http://onboardpc:44193/', 'http://onboardpc:42807/', 'http://onboardpc:39469/', 'http://onboardpc:45251/']
[rosmaster.master][INFO] 2018-12-05 16:49:54,950: publisherUpdate[/rosout] -> http://onboardpc:33551/ ['http://onboardpc:44655/', 'http://onboardpc:46355/', 'http://onboardpc:41247/', 'http://onboardpc:44193/', 'http://onboardpc:42807/', 'http://onboardpc:39469/', 'http://onboardpc:45251/']: sec=0.00, result=[1, '', 0]
[rosmaster.master][INFO] 2018-12-05 16:49:55,354: +SERVICE [/move_group/planning_scene_monitor/set_parameters] /move_group http://onboardpc:39469/
[rosmaster.master][INFO] 2018-12-05 16:49:55,357: +PUB [/move_group/planning_scene_monitor/parameter_descriptions] /move_group http://onboardpc:39469/
[rosmaster.master][INFO] 2018-12-05 16:49:55,360: +PUB [/move_group/planning_scene_monitor/parameter_updates] /move_group http://onboardpc:39469/
[rosmaster.master][INFO] 2018-12-05 16:49:55,368: +PARAM [/move_group/planning_scene_monitor/publish_planning_scene] by /move_group
[rosmaster.master][INFO] 2018-12-05 16:49:55,370: +PARAM [/move_group/planning_scene_monitor/publish_planning_scene_hz] by /move_group
[rosmaster.master][INFO] 2018-12-05 16:49:55,373: +PARAM [/move_group/planning_scene_monitor/publish_geometry_updates] by /move_group
[rosmaster.master][INFO] 2018-12-05 16:49:55,375: +PARAM [/move_group/planning_scene_monitor/publish_state_updates] by /move_group
[rosmaster.master][INFO] 2018-12-05 16:49:55,377: +PARAM [/move_group/planning_scene_monitor/publish_transforms_updates] by /move_group
[rosmaster.master][INFO] 2018-12-05 16:49:55,379: +PUB [/move_group/monitored_planning_scene] /move_group http://onboardpc:39469/
[rosmaster.master][INFO] 2018-12-05 16:49:55,380: +PARAM [/move_group/planning_scene_monitor/publish_planning_scene] by /move_group
[rosmaster.master][INFO] 2018-12-05 16:49:55,382: +PARAM [/move_group/planning_scene_monitor/publish_planning_scene_hz] by /move_group
[rosmaster.master][INFO] 2018-12-05 16:49:55,385: +PARAM [/move_group/planning_scene_monitor/publish_geometry_updates] by /move_group
[rosmaster.master][INFO] 2018-12-05 16:49:55,388: +PARAM [/move_group/planning_scene_monitor/publish_state_updates] by /move_group
[rosmaster.master][INFO] 2018-12-05 16:49:55,389: +PARAM [/move_group/planning_scene_monitor/publish_transforms_updates] by /move_group
[rosmaster.master][INFO] 2018-12-05 16:49:55,390: +SUB [/tf] /rviz_onboardpc_3037_7166681010025088367 http://onboardpc:45251/
[rosmaster.master][INFO] 2018-12-05 16:49:55,402: +SUB [/planning_scene] /move_group http://onboardpc:39469/
[rosmaster.master][INFO] 2018-12-05 16:49:55,405: +SUB [/tf_static] /rviz_onboardpc_3037_7166681010025088367 http://onboardpc:45251/
[rosmaster.master][INFO] 2018-12-05 16:49:55,419: +SUB [/collision_object] /move_group http://onboardpc:39469/
[rosmaster.master][INFO] 2018-12-05 16:49:55,427: +SUB [/planning_scene_world] /move_group http://onboardpc:39469/
[rosmaster.master][INFO] 2018-12-05 16:49:55,435: +SERVICE [/move_group/save_map] /move_group http://onboardpc:39469/
[rosmaster.master][INFO] 2018-12-05 16:49:55,438: +SERVICE [/move_group/load_map] /move_group http://onboardpc:39469/
[rosmaster.master][INFO] 2018-12-05 16:49:55,503: +PUB [/initialpose] /rviz_onboardpc_3037_7166681010025088367 http://onboardpc:45251/
[rosmaster.master][INFO] 2018-12-05 16:49:55,506: +PUB [/goal] /rviz_onboardpc_3037_7166681010025088367 http://onboardpc:45251/
[rosmaster.master][INFO] 2018-12-05 16:49:55,658: +SUB [/joint_states] /move_group http://onboardpc:39469/
[rosmaster.master][INFO] 2018-12-05 16:49:55,665: +SUB [/attached_collision_object] /move_group http://onboardpc:39469/
[rosmaster.master][INFO] 2018-12-05 16:49:55,781: +SERVICE [/move_group/ompl/set_parameters] /move_group http://onboardpc:39469/
[rosmaster.master][INFO] 2018-12-05 16:49:55,782: +PUB [/planning_scene] /rviz_onboardpc_3037_7166681010025088367 http://onboardpc:45251/
[rosmaster.master][INFO] 2018-12-05 16:49:55,783: +PUB [/move_group/ompl/parameter_descriptions] /move_group http://onboardpc:39469/
[rosmaster.master][INFO] 2018-12-05 16:49:55,784: +PUB [/planning_scene_world] /rviz_onboardpc_3037_7166681010025088367 http://onboardpc:45251/
[rosmaster.master][INFO] 2018-12-05 16:49:55,785: +PUB [/move_group/ompl/parameter_updates] /move_group http://onboardpc:39469/
[rosmaster.master][INFO] 2018-12-05 16:49:55,796: +PARAM [/move_group/ompl/simplify_solutions] by /move_group
[rosmaster.master][INFO] 2018-12-05 16:49:55,799: +PARAM [/move_group/ompl/minimum_waypoint_count] by /move_group
[rosmaster.master][INFO] 2018-12-05 16:49:55,801: +SUB [/recognize_objects/status] /rviz_onboardpc_3037_7166681010025088367 http://onboardpc:45251/
[rosmaster.master][INFO] 2018-12-05 16:49:55,803: +PARAM [/move_group/ompl/maximum_waypoint_distance] by /move_group
[rosmaster.master][INFO] 2018-12-05 16:49:55,806: +PARAM [/move_group/ompl/link_for_exploration_tree] by /move_group
[rosmaster.master][INFO] 2018-12-05 16:49:55,808: +PARAM [/move_group/ompl/display_random_valid_states] by /move_group
[rosmaster.master][INFO] 2018-12-05 16:49:55,813: +PARAM [/move_group/ompl/simplify_solutions] by /move_group
[rosmaster.master][INFO] 2018-12-05 16:49:55,814: +PARAM [/move_group/ompl/minimum_waypoint_count] by /move_group
[rosmaster.master][INFO] 2018-12-05 16:49:55,815: +SUB [/recognize_objects/feedback] /rviz_onboardpc_3037_7166681010025088367 http://onboardpc:45251/
[rosmaster.master][INFO] 2018-12-05 16:49:55,817: +PARAM [/move_group/ompl/maximum_waypoint_distance] by /move_group
[rosmaster.master][INFO] 2018-12-05 16:49:55,820: +PARAM [/move_group/ompl/link_for_exploration_tree] by /move_group
[rosmaster.master][INFO] 2018-12-05 16:49:55,822: +PARAM [/move_group/ompl/display_random_valid_states] by /move_group
[rosmaster.master][INFO] 2018-12-05 16:49:55,833: +SUB [/recognize_objects/result] /rviz_onboardpc_3037_7166681010025088367 http://onboardpc:45251/
[rosmaster.master][INFO] 2018-12-05 16:49:55,834: +PUB [/recognize_objects/goal] /rviz_onboardpc_3037_7166681010025088367 http://onboardpc:45251/
[rosmaster.master][INFO] 2018-12-05 16:49:55,836: +PUB [/recognize_objects/cancel] /rviz_onboardpc_3037_7166681010025088367 http://onboardpc:45251/
[rosmaster.master][INFO] 2018-12-05 16:49:55,844: publisherUpdate[/planning_scene] -> http://onboardpc:39469/ ['http://onboardpc:45251/']
[rosmaster.master][INFO] 2018-12-05 16:49:55,846: publisherUpdate[/planning_scene] -> http://onboardpc:39469/ ['http://onboardpc:45251/']: sec=0.00, result=[1, '', 0]
[rosmaster.master][INFO] 2018-12-05 16:49:55,846: publisherUpdate[/planning_scene_world] -> http://onboardpc:39469/ ['http://onboardpc:45251/']
[rosmaster.master][INFO] 2018-12-05 16:49:55,849: publisherUpdate[/planning_scene_world] -> http://onboardpc:39469/ ['http://onboardpc:45251/']: sec=0.00, result=[1, '', 0]
[rosmaster.master][INFO] 2018-12-05 16:49:55,852: +SUB [/recognized_object_array] /rviz_onboardpc_3037_7166681010025088367 http://onboardpc:45251/
[rosmaster.master][INFO] 2018-12-05 16:49:55,858: +PUB [/move_group/display_planned_path] /move_group http://onboardpc:39469/
[rosmaster.master][INFO] 2018-12-05 16:49:55,859: +PUB [/move_group/display_contacts] /move_group http://onboardpc:39469/
[rosmaster.master][INFO] 2018-12-05 16:49:55,885: +SUB [/arm/joint_trajectory_controller/follow_joint_trajectory/status] /move_group http://onboardpc:39469/
[rosmaster.master][INFO] 2018-12-05 16:49:55,891: +SUB [/arm/joint_trajectory_controller/follow_joint_trajectory/feedback] /move_group http://onboardpc:39469/
[rosmaster.master][INFO] 2018-12-05 16:49:55,897: +SUB [/arm/joint_trajectory_controller/follow_joint_trajectory/result] /move_group http://onboardpc:39469/
[rosmaster.master][INFO] 2018-12-05 16:49:55,899: +PUB [/arm/joint_trajectory_controller/follow_joint_trajectory/goal] /move_group http://onboardpc:39469/
[rosmaster.master][INFO] 2018-12-05 16:49:55,900: +PUB [/arm/joint_trajectory_controller/follow_joint_trajectory/cancel] /move_group http://onboardpc:39469/
[rosmaster.master][INFO] 2018-12-05 16:49:55,949: publisherUpdate[/arm/joint_trajectory_controller/follow_joint_trajectory/goal] -> http://onboardpc:41247/ ['http://onboardpc:39469/']
[rosmaster.master][INFO] 2018-12-05 16:49:55,953: publisherUpdate[/arm/joint_trajectory_controller/follow_joint_trajectory/goal] -> http://onboardpc:41247/ ['http://onboardpc:39469/']: sec=0.00, result=[1, '', 0]
[rosmaster.master][INFO] 2018-12-05 16:49:55,954: publisherUpdate[/arm/joint_trajectory_controller/follow_joint_trajectory/cancel] -> http://onboardpc:41247/ ['http://onboardpc:39469/']
[rosmaster.master][INFO] 2018-12-05 16:49:55,955: publisherUpdate[/arm/joint_trajectory_controller/follow_joint_trajectory/cancel] -> http://onboardpc:41247/ ['http://onboardpc:39469/']: sec=0.00, result=[1, '', 0]
[rosmaster.master][INFO] 2018-12-05 16:49:56,168: +SUB [/trajectory_execution_event] /move_group http://onboardpc:39469/
[rosmaster.master][INFO] 2018-12-05 16:49:56,169: +SERVICE [/move_group/trajectory_execution/set_parameters] /move_group http://onboardpc:39469/
[rosmaster.master][INFO] 2018-12-05 16:49:56,170: +PUB [/move_group/trajectory_execution/parameter_descriptions] /move_group http://onboardpc:39469/
[rosmaster.master][INFO] 2018-12-05 16:49:56,171: +PUB [/move_group/trajectory_execution/parameter_updates] /move_group http://onboardpc:39469/
[rosmaster.master][INFO] 2018-12-05 16:49:56,179: +PARAM [/move_group/trajectory_execution/execution_duration_monitoring] by /move_group
[rosmaster.master][INFO] 2018-12-05 16:49:56,180: +PARAM [/move_group/trajectory_execution/allowed_execution_duration_scaling] by /move_group
[rosmaster.master][INFO] 2018-12-05 16:49:56,181: +PARAM [/move_group/trajectory_execution/allowed_goal_duration_margin] by /move_group
[rosmaster.master][INFO] 2018-12-05 16:49:56,182: +PARAM [/move_group/trajectory_execution/execution_velocity_scaling] by /move_group
[rosmaster.master][INFO] 2018-12-05 16:49:56,184: +PARAM [/move_group/trajectory_execution/allowed_start_tolerance] by /move_group
[rosmaster.master][INFO] 2018-12-05 16:49:56,185: +PARAM [/move_group/trajectory_execution/wait_for_trajectory_completion] by /move_group
[rosmaster.master][INFO] 2018-12-05 16:49:56,186: +PARAM [/move_group/trajectory_execution/execution_duration_monitoring] by /move_group
[rosmaster.master][INFO] 2018-12-05 16:49:56,188: +PARAM [/move_group/trajectory_execution/allowed_execution_duration_scaling] by /move_group
[rosmaster.master][INFO] 2018-12-05 16:49:56,189: +PARAM [/move_group/trajectory_execution/allowed_goal_duration_margin] by /move_group
[rosmaster.master][INFO] 2018-12-05 16:49:56,191: +PARAM [/move_group/trajectory_execution/execution_velocity_scaling] by /move_group
[rosmaster.master][INFO] 2018-12-05 16:49:56,192: +PARAM [/move_group/trajectory_execution/allowed_start_tolerance] by /move_group
[rosmaster.master][INFO] 2018-12-05 16:49:56,194: +PARAM [/move_group/trajectory_execution/wait_for_trajectory_completion] by /move_group
[rosmaster.master][INFO] 2018-12-05 16:49:56,195: +SERVICE [/move_group/plan_execution/set_parameters] /move_group http://onboardpc:39469/
[rosmaster.master][INFO] 2018-12-05 16:49:56,196: +PUB [/move_group/plan_execution/parameter_descriptions] /move_group http://onboardpc:39469/
[rosmaster.master][INFO] 2018-12-05 16:49:56,198: +PUB [/move_group/plan_execution/parameter_updates] /move_group http://onboardpc:39469/
[rosmaster.master][INFO] 2018-12-05 16:49:56,201: +PARAM [/move_group/plan_execution/max_replan_attempts] by /move_group
[rosmaster.master][INFO] 2018-12-05 16:49:56,202: +PARAM [/move_group/plan_execution/record_trajectory_state_frequency] by /move_group
[rosmaster.master][INFO] 2018-12-05 16:49:56,204: +PARAM [/move_group/plan_execution/max_replan_attempts] by /move_group
[rosmaster.master][INFO] 2018-12-05 16:49:56,205: +PARAM [/move_group/plan_execution/record_trajectory_state_frequency] by /move_group
[rosmaster.master][INFO] 2018-12-05 16:49:56,207: +SERVICE [/move_group/sense_for_plan/set_parameters] /move_group http://onboardpc:39469/
[rosmaster.master][INFO] 2018-12-05 16:49:56,210: +PUB [/move_group/sense_for_plan/parameter_descriptions] /move_group http://onboardpc:39469/
[rosmaster.master][INFO] 2018-12-05 16:49:56,212: +PUB [/move_group/sense_for_plan/parameter_updates] /move_group http://onboardpc:39469/
[rosmaster.master][INFO] 2018-12-05 16:49:56,217: +PARAM [/move_group/sense_for_plan/max_safe_path_cost] by /move_group
[rosmaster.master][INFO] 2018-12-05 16:49:56,218: +PARAM [/move_group/sense_for_plan/max_look_attempts] by /move_group
[rosmaster.master][INFO] 2018-12-05 16:49:56,220: +PARAM [/move_group/sense_for_plan/max_cost_sources] by /move_group
[rosmaster.master][INFO] 2018-12-05 16:49:56,221: +PARAM [/move_group/sense_for_plan/discard_overlapping_cost_sources] by /move_group
[rosmaster.master][INFO] 2018-12-05 16:49:56,222: +PARAM [/move_group/sense_for_plan/max_safe_path_cost] by /move_group
[rosmaster.master][INFO] 2018-12-05 16:49:56,224: +PARAM [/move_group/sense_for_plan/max_look_attempts] by /move_group
[rosmaster.master][INFO] 2018-12-05 16:49:56,225: +PARAM [/move_group/sense_for_plan/max_cost_sources] by /move_group
[rosmaster.master][INFO] 2018-12-05 16:49:56,226: +PARAM [/move_group/sense_for_plan/discard_overlapping_cost_sources] by /move_group
[rosmaster.master][INFO] 2018-12-05 16:49:56,244: +SERVICE [/apply_planning_scene] /move_group http://onboardpc:39469/
[rosmaster.master][INFO] 2018-12-05 16:49:56,246: +SERVICE [/clear_octomap] /move_group http://onboardpc:39469/
[rosmaster.master][INFO] 2018-12-05 16:49:56,247: +SERVICE [/compute_cartesian_path] /move_group http://onboardpc:39469/
[rosmaster.master][INFO] 2018-12-05 16:49:56,248: +SERVICE [/execute_kinematic_path] /move_group http://onboardpc:39469/
[rosmaster.master][INFO] 2018-12-05 16:49:56,253: +PUB [/execute_trajectory/result] /move_group http://onboardpc:39469/
[rosmaster.master][INFO] 2018-12-05 16:49:56,254: +PUB [/execute_trajectory/feedback] /move_group http://onboardpc:39469/
[rosmaster.master][INFO] 2018-12-05 16:49:56,256: +PUB [/execute_trajectory/status] /move_group http://onboardpc:39469/
[rosmaster.master][INFO] 2018-12-05 16:49:56,266: +SUB [/execute_trajectory/goal] /move_group http://onboardpc:39469/
[rosmaster.master][INFO] 2018-12-05 16:49:56,271: +SUB [/execute_trajectory/cancel] /move_group http://onboardpc:39469/
[rosmaster.master][INFO] 2018-12-05 16:49:56,273: +SERVICE [/get_planning_scene] /move_group http://onboardpc:39469/
[rosmaster.master][INFO] 2018-12-05 16:49:56,274: +SERVICE [/compute_fk] /move_group http://onboardpc:39469/
[rosmaster.master][INFO] 2018-12-05 16:49:56,276: +SERVICE [/compute_ik] /move_group http://onboardpc:39469/
[rosmaster.master][INFO] 2018-12-05 16:49:56,280: +PUB [/move_group/result] /move_group http://onboardpc:39469/
[rosmaster.master][INFO] 2018-12-05 16:49:56,284: +PUB [/move_group/feedback] /move_group http://onboardpc:39469/
[rosmaster.master][INFO] 2018-12-05 16:49:56,286: +PUB [/move_group/status] /move_group http://onboardpc:39469/
[rosmaster.master][INFO] 2018-12-05 16:49:56,296: +SUB [/move_group/goal] /move_group http://onboardpc:39469/
[rosmaster.master][INFO] 2018-12-05 16:49:56,301: +SUB [/move_group/cancel] /move_group http://onboardpc:39469/
[rosmaster.master][INFO] 2018-12-05 16:49:56,316: +PUB [/pickup/result] /move_group http://onboardpc:39469/
[rosmaster.master][INFO] 2018-12-05 16:49:56,317: +PUB [/pickup/feedback] /move_group http://onboardpc:39469/
[rosmaster.master][INFO] 2018-12-05 16:49:56,319: +PUB [/pickup/status] /move_group http://onboardpc:39469/
[rosmaster.master][INFO] 2018-12-05 16:49:56,328: +SUB [/pickup/goal] /move_group http://onboardpc:39469/
[rosmaster.master][INFO] 2018-12-05 16:49:56,334: +SUB [/pickup/cancel] /move_group http://onboardpc:39469/
[rosmaster.master][INFO] 2018-12-05 16:49:56,338: +PUB [/place/result] /move_group http://onboardpc:39469/
[rosmaster.master][INFO] 2018-12-05 16:49:56,339: +PUB [/place/feedback] /move_group http://onboardpc:39469/
[rosmaster.master][INFO] 2018-12-05 16:49:56,340: +PUB [/place/status] /move_group http://onboardpc:39469/
[rosmaster.master][INFO] 2018-12-05 16:49:56,350: +SUB [/place/goal] /move_group http://onboardpc:39469/
[rosmaster.master][INFO] 2018-12-05 16:49:56,356: +SUB [/place/cancel] /move_group http://onboardpc:39469/
[rosmaster.master][INFO] 2018-12-05 16:49:56,358: +SERVICE [/plan_kinematic_path] /move_group http://onboardpc:39469/
[rosmaster.master][INFO] 2018-12-05 16:49:56,359: +SERVICE [/query_planner_interface] /move_group http://onboardpc:39469/
[rosmaster.master][INFO] 2018-12-05 16:49:56,360: +SERVICE [/get_planner_params] /move_group http://onboardpc:39469/
[rosmaster.master][INFO] 2018-12-05 16:49:56,362: +SERVICE [/set_planner_params] /move_group http://onboardpc:39469/
[rosmaster.master][INFO] 2018-12-05 16:49:56,363: +SERVICE [/check_state_validity] /move_group http://onboardpc:39469/
[rosmaster.master][INFO] 2018-12-05 16:49:58,872: -SUB [/recognize_objects/status] /rviz_onboardpc_3037_7166681010025088367 http://onboardpc:45251/
[rosmaster.master][INFO] 2018-12-05 16:49:58,875: -PUB [/recognize_objects/cancel] /rviz_onboardpc_3037_7166681010025088367 http://onboardpc:45251/
[rosmaster.master][INFO] 2018-12-05 16:49:58,877: -PUB [/recognize_objects/goal] /rviz_onboardpc_3037_7166681010025088367 http://onboardpc:45251/
[rosmaster.master][INFO] 2018-12-05 16:49:58,878: -SUB [/recognize_objects/feedback] /rviz_onboardpc_3037_7166681010025088367 http://onboardpc:45251/
[rosmaster.master][INFO] 2018-12-05 16:49:58,879: -SUB [/recognize_objects/result] /rviz_onboardpc_3037_7166681010025088367 http://onboardpc:45251/
[rosmaster.master][INFO] 2018-12-05 16:49:58,900: +SUB [/move_group/display_planned_path] /rviz_onboardpc_3037_7166681010025088367 http://onboardpc:45251/
[rosmaster.master][INFO] 2018-12-05 16:49:58,902: +PUB [/feedback] /rviz_onboardpc_3037_7166681010025088367 http://onboardpc:45251/
[rosmaster.master][INFO] 2018-12-05 16:49:58,903: -PUB [/feedback] /rviz_onboardpc_3037_7166681010025088367 http://onboardpc:45251/
[rosmaster.master][INFO] 2018-12-05 16:49:58,904: +PUB [/feedback] /rviz_onboardpc_3037_7166681010025088367 http://onboardpc:45251/
[rosmaster.master][INFO] 2018-12-05 16:49:58,909: -PUB [/goal] /rviz_onboardpc_3037_7166681010025088367 http://onboardpc:45251/
[rosmaster.master][INFO] 2018-12-05 16:49:58,911: -PUB [/initialpose] /rviz_onboardpc_3037_7166681010025088367 http://onboardpc:45251/
[rosmaster.master][INFO] 2018-12-05 16:49:58,919: +PUB [/initialpose] /rviz_onboardpc_3037_7166681010025088367 http://onboardpc:45251/
[rosmaster.master][INFO] 2018-12-05 16:49:58,921: +PUB [/goal] /rviz_onboardpc_3037_7166681010025088367 http://onboardpc:45251/
[rosmaster.master][INFO] 2018-12-05 16:49:58,923: +PUB [/move_base_simple/goal] /rviz_onboardpc_3037_7166681010025088367 http://onboardpc:45251/
[rosmaster.master][INFO] 2018-12-05 16:49:58,924: -PUB [/goal] /rviz_onboardpc_3037_7166681010025088367 http://onboardpc:45251/
[rosmaster.master][INFO] 2018-12-05 16:49:58,925: +PUB [/clicked_point] /rviz_onboardpc_3037_7166681010025088367 http://onboardpc:45251/
[rosmaster.master][INFO] 2018-12-05 16:49:59,020: +SERVICE [/rviz_onboardpc_3037_7166681010025088367/reload_shaders] /rviz_onboardpc_3037_7166681010025088367 http://onboardpc:45251/
[rosmaster.master][INFO] 2018-12-05 16:49:59,544: +SERVICE [/rviz_onboardpc_3037_7166681010025088367/motionplanning_planning_scene_monitor/set_parameters] /rviz_onboardpc_3037_7166681010025088367 http://onboardpc:45251/
[rosmaster.master][INFO] 2018-12-05 16:49:59,546: +PUB [/rviz_onboardpc_3037_7166681010025088367/motionplanning_planning_scene_monitor/parameter_descriptions] /rviz_onboardpc_3037_7166681010025088367 http://onboardpc:45251/
[rosmaster.master][INFO] 2018-12-05 16:49:59,548: +PUB [/rviz_onboardpc_3037_7166681010025088367/motionplanning_planning_scene_monitor/parameter_updates] /rviz_onboardpc_3037_7166681010025088367 http://onboardpc:45251/
[rosmaster.master][INFO] 2018-12-05 16:49:59,554: +PARAM [/rviz_onboardpc_3037_7166681010025088367/motionplanning_planning_scene_monitor/publish_planning_scene] by /rviz_onboardpc_3037_7166681010025088367
[rosmaster.master][INFO] 2018-12-05 16:49:59,555: +PARAM [/rviz_onboardpc_3037_7166681010025088367/motionplanning_planning_scene_monitor/publish_planning_scene_hz] by /rviz_onboardpc_3037_7166681010025088367
[rosmaster.master][INFO] 2018-12-05 16:49:59,557: +PARAM [/rviz_onboardpc_3037_7166681010025088367/motionplanning_planning_scene_monitor/publish_geometry_updates] by /rviz_onboardpc_3037_7166681010025088367
[rosmaster.master][INFO] 2018-12-05 16:49:59,558: +PARAM [/rviz_onboardpc_3037_7166681010025088367/motionplanning_planning_scene_monitor/publish_state_updates] by /rviz_onboardpc_3037_7166681010025088367
[rosmaster.master][INFO] 2018-12-05 16:49:59,560: +PARAM [/rviz_onboardpc_3037_7166681010025088367/motionplanning_planning_scene_monitor/publish_transforms_updates] by /rviz_onboardpc_3037_7166681010025088367
[rosmaster.master][INFO] 2018-12-05 16:49:59,561: +PARAM [/rviz_onboardpc_3037_7166681010025088367/motionplanning_planning_scene_monitor/publish_planning_scene] by /rviz_onboardpc_3037_7166681010025088367
[rosmaster.master][INFO] 2018-12-05 16:49:59,562: +PARAM [/rviz_onboardpc_3037_7166681010025088367/motionplanning_planning_scene_monitor/publish_planning_scene_hz] by /rviz_onboardpc_3037_7166681010025088367
[rosmaster.master][INFO] 2018-12-05 16:49:59,563: +PARAM [/rviz_onboardpc_3037_7166681010025088367/motionplanning_planning_scene_monitor/publish_geometry_updates] by /rviz_onboardpc_3037_7166681010025088367
[rosmaster.master][INFO] 2018-12-05 16:49:59,566: +PARAM [/rviz_onboardpc_3037_7166681010025088367/motionplanning_planning_scene_monitor/publish_state_updates] by /rviz_onboardpc_3037_7166681010025088367
[rosmaster.master][INFO] 2018-12-05 16:49:59,568: +PARAM [/rviz_onboardpc_3037_7166681010025088367/motionplanning_planning_scene_monitor/publish_transforms_updates] by /rviz_onboardpc_3037_7166681010025088367
[rosmaster.master][INFO] 2018-12-05 16:49:59,607: +SUB [/move_group/monitored_planning_scene] /rviz_onboardpc_3037_7166681010025088367 http://onboardpc:45251/
[rosmaster.master][INFO] 2018-12-05 16:49:59,791: +PUB [/rviz_moveit_motion_planning_display/robot_interaction_interactive_marker_topic/update_full] /rviz_onboardpc_3037_7166681010025088367 http://onboardpc:45251/
[rosmaster.master][INFO] 2018-12-05 16:49:59,792: +PUB [/rviz_moveit_motion_planning_display/robot_interaction_interactive_marker_topic/update] /rviz_onboardpc_3037_7166681010025088367 http://onboardpc:45251/
[rosmaster.master][INFO] 2018-12-05 16:49:59,799: +SUB [/rviz_moveit_motion_planning_display/robot_interaction_interactive_marker_topic/feedback] /rviz_onboardpc_3037_7166681010025088367 http://onboardpc:45251/
[rosmaster.master][INFO] 2018-12-05 16:49:59,801: -PUB [/feedback] /rviz_onboardpc_3037_7166681010025088367 http://onboardpc:45251/
[rosmaster.master][INFO] 2018-12-05 16:49:59,806: +SUB [/rviz_moveit_motion_planning_display/robot_interaction_interactive_marker_topic/update] /rviz_onboardpc_3037_7166681010025088367 http://onboardpc:45251/
[rosmaster.master][INFO] 2018-12-05 16:49:59,824: +SUB [/rviz_moveit_motion_planning_display/robot_interaction_interactive_marker_topic/update_full] /rviz_onboardpc_3037_7166681010025088367 http://onboardpc:45251/
[rosmaster.master][INFO] 2018-12-05 16:49:59,826: +PUB [/rviz_moveit_motion_planning_display/robot_interaction_interactive_marker_topic/feedback] /rviz_onboardpc_3037_7166681010025088367 http://onboardpc:45251/
[rosmaster.master][INFO] 2018-12-05 16:49:59,849: +PUB [/trajectory_execution_event] /rviz_onboardpc_3037_7166681010025088367 http://onboardpc:45251/
[rosmaster.master][INFO] 2018-12-05 16:49:59,852: +PUB [/attached_collision_object] /rviz_onboardpc_3037_7166681010025088367 http://onboardpc:45251/
[rosmaster.master][INFO] 2018-12-05 16:49:59,861: publisherUpdate[/rviz_moveit_motion_planning_display/robot_interaction_interactive_marker_topic/feedback] -> http://onboardpc:45251/ ['http://onboardpc:45251/']
[rosmaster.master][INFO] 2018-12-05 16:49:59,861: publisherUpdate[/trajectory_execution_event] -> http://onboardpc:39469/ ['http://onboardpc:45251/']
[rosmaster.master][INFO] 2018-12-05 16:49:59,863: publisherUpdate[/trajectory_execution_event] -> http://onboardpc:39469/ ['http://onboardpc:45251/']: sec=0.00, result=[1, '', 0]
[rosmaster.master][INFO] 2018-12-05 16:49:59,866: publisherUpdate[/attached_collision_object] -> http://onboardpc:39469/ ['http://onboardpc:45251/']
[rosmaster.master][INFO] 2018-12-05 16:49:59,869: publisherUpdate[/attached_collision_object] -> http://onboardpc:39469/ ['http://onboardpc:45251/']: sec=0.00, result=[1, '', 0]
[rosmaster.master][INFO] 2018-12-05 16:49:59,870: +SUB [/move_group/status] /rviz_onboardpc_3037_7166681010025088367 http://onboardpc:45251/
[rosmaster.master][INFO] 2018-12-05 16:49:59,873: publisherUpdate[/rviz_moveit_motion_planning_display/robot_interaction_interactive_marker_topic/feedback] -> http://onboardpc:45251/ ['http://onboardpc:45251/']: sec=0.01, result=[1, '', 0]
[rosmaster.master][INFO] 2018-12-05 16:49:59,879: +SUB [/move_group/feedback] /rviz_onboardpc_3037_7166681010025088367 http://onboardpc:45251/
[rosmaster.master][INFO] 2018-12-05 16:49:59,884: +SUB [/move_group/result] /rviz_onboardpc_3037_7166681010025088367 http://onboardpc:45251/
[rosmaster.master][INFO] 2018-12-05 16:49:59,887: +PUB [/move_group/goal] /rviz_onboardpc_3037_7166681010025088367 http://onboardpc:45251/
[rosmaster.master][INFO] 2018-12-05 16:49:59,892: +PUB [/move_group/cancel] /rviz_onboardpc_3037_7166681010025088367 http://onboardpc:45251/
[rosmaster.master][INFO] 2018-12-05 16:49:59,962: publisherUpdate[/move_group/goal] -> http://onboardpc:39469/ ['http://onboardpc:45251/']
[rosmaster.master][INFO] 2018-12-05 16:49:59,963: publisherUpdate[/move_group/goal] -> http://onboardpc:39469/ ['http://onboardpc:45251/']: sec=0.00, result=[1, '', 0]
[rosmaster.master][INFO] 2018-12-05 16:49:59,964: publisherUpdate[/move_group/cancel] -> http://onboardpc:39469/ ['http://onboardpc:45251/']
[rosmaster.master][INFO] 2018-12-05 16:49:59,965: publisherUpdate[/move_group/cancel] -> http://onboardpc:39469/ ['http://onboardpc:45251/']: sec=0.00, result=[1, '', 0]
[rosmaster.master][INFO] 2018-12-05 16:50:00,186: +SUB [/pickup/status] /rviz_onboardpc_3037_7166681010025088367 http://onboardpc:45251/
[rosmaster.master][INFO] 2018-12-05 16:50:00,193: +SUB [/pickup/feedback] /rviz_onboardpc_3037_7166681010025088367 http://onboardpc:45251/
[rosmaster.master][INFO] 2018-12-05 16:50:00,200: +SUB [/pickup/result] /rviz_onboardpc_3037_7166681010025088367 http://onboardpc:45251/
[rosmaster.master][INFO] 2018-12-05 16:50:00,201: +PUB [/pickup/goal] /rviz_onboardpc_3037_7166681010025088367 http://onboardpc:45251/
[rosmaster.master][INFO] 2018-12-05 16:50:00,203: +PUB [/pickup/cancel] /rviz_onboardpc_3037_7166681010025088367 http://onboardpc:45251/
[rosmaster.master][INFO] 2018-12-05 16:50:00,267: publisherUpdate[/pickup/goal] -> http://onboardpc:39469/ ['http://onboardpc:45251/']
[rosmaster.master][INFO] 2018-12-05 16:50:00,269: publisherUpdate[/pickup/goal] -> http://onboardpc:39469/ ['http://onboardpc:45251/']: sec=0.00, result=[1, '', 0]
[rosmaster.master][INFO] 2018-12-05 16:50:00,269: publisherUpdate[/pickup/cancel] -> http://onboardpc:39469/ ['http://onboardpc:45251/']
[rosmaster.master][INFO] 2018-12-05 16:50:00,270: publisherUpdate[/pickup/cancel] -> http://onboardpc:39469/ ['http://onboardpc:45251/']: sec=0.00, result=[1, '', 0]
[rosmaster.master][INFO] 2018-12-05 16:50:00,328: -SUB [/rviz_moveit_motion_planning_display/robot_interaction_interactive_marker_topic/update_full] /rviz_onboardpc_3037_7166681010025088367 http://onboardpc:45251/
[rosmaster.master][INFO] 2018-12-05 16:50:00,488: +SUB [/place/status] /rviz_onboardpc_3037_7166681010025088367 http://onboardpc:45251/
[rosmaster.master][INFO] 2018-12-05 16:50:00,495: +SUB [/place/feedback] /rviz_onboardpc_3037_7166681010025088367 http://onboardpc:45251/
[rosmaster.master][INFO] 2018-12-05 16:50:00,500: +SUB [/place/result] /rviz_onboardpc_3037_7166681010025088367 http://onboardpc:45251/
[rosmaster.master][INFO] 2018-12-05 16:50:00,501: +PUB [/place/goal] /rviz_onboardpc_3037_7166681010025088367 http://onboardpc:45251/
[rosmaster.master][INFO] 2018-12-05 16:50:00,504: +PUB [/place/cancel] /rviz_onboardpc_3037_7166681010025088367 http://onboardpc:45251/
[rosmaster.master][INFO] 2018-12-05 16:50:00,571: publisherUpdate[/place/goal] -> http://onboardpc:39469/ ['http://onboardpc:45251/']
[rosmaster.master][INFO] 2018-12-05 16:50:00,572: publisherUpdate[/place/goal] -> http://onboardpc:39469/ ['http://onboardpc:45251/']: sec=0.00, result=[1, '', 0]
[rosmaster.master][INFO] 2018-12-05 16:50:00,573: publisherUpdate[/place/cancel] -> http://onboardpc:39469/ ['http://onboardpc:45251/']
[rosmaster.master][INFO] 2018-12-05 16:50:00,574: publisherUpdate[/place/cancel] -> http://onboardpc:39469/ ['http://onboardpc:45251/']: sec=0.00, result=[1, '', 0]
[rosmaster.master][INFO] 2018-12-05 16:50:00,791: +SUB [/execute_trajectory/status] /rviz_onboardpc_3037_7166681010025088367 http://onboardpc:45251/
[rosmaster.master][INFO] 2018-12-05 16:50:00,798: +SUB [/execute_trajectory/feedback] /rviz_onboardpc_3037_7166681010025088367 http://onboardpc:45251/
[rosmaster.master][INFO] 2018-12-05 16:50:00,804: +SUB [/execute_trajectory/result] /rviz_onboardpc_3037_7166681010025088367 http://onboardpc:45251/
[rosmaster.master][INFO] 2018-12-05 16:50:00,805: +PUB [/execute_trajectory/goal] /rviz_onboardpc_3037_7166681010025088367 http://onboardpc:45251/
[rosmaster.master][INFO] 2018-12-05 16:50:00,807: +PUB [/execute_trajectory/cancel] /rviz_onboardpc_3037_7166681010025088367 http://onboardpc:45251/
[rosmaster.master][INFO] 2018-12-05 16:50:00,816: -SUB [/execute_trajectory/status] /rviz_onboardpc_3037_7166681010025088367 http://onboardpc:45251/
[rosmaster.master][INFO] 2018-12-05 16:50:00,818: -PUB [/execute_trajectory/cancel] /rviz_onboardpc_3037_7166681010025088367 http://onboardpc:45251/
[rosmaster.master][INFO] 2018-12-05 16:50:00,819: -PUB [/execute_trajectory/goal] /rviz_onboardpc_3037_7166681010025088367 http://onboardpc:45251/
[rosmaster.master][INFO] 2018-12-05 16:50:00,820: -SUB [/execute_trajectory/feedback] /rviz_onboardpc_3037_7166681010025088367 http://onboardpc:45251/
[rosmaster.master][INFO] 2018-12-05 16:50:00,822: -SUB [/execute_trajectory/result] /rviz_onboardpc_3037_7166681010025088367 http://onboardpc:45251/
[rosmaster.master][INFO] 2018-12-05 16:50:00,873: publisherUpdate[/execute_trajectory/goal] -> http://onboardpc:39469/ ['http://onboardpc:45251/']
[rosmaster.master][INFO] 2018-12-05 16:50:00,875: publisherUpdate[/execute_trajectory/goal] -> http://onboardpc:39469/ ['http://onboardpc:45251/']: sec=0.00, result=[1, '', 0]
[rosmaster.master][INFO] 2018-12-05 16:50:00,875: publisherUpdate[/execute_trajectory/cancel] -> http://onboardpc:39469/ ['http://onboardpc:45251/']
[rosmaster.master][INFO] 2018-12-05 16:50:00,877: publisherUpdate[/execute_trajectory/cancel] -> http://onboardpc:39469/ ['http://onboardpc:45251/']: sec=0.00, result=[1, '', 0]
[rosmaster.master][INFO] 2018-12-05 16:50:00,877: publisherUpdate[/execute_trajectory/cancel] -> http://onboardpc:39469/ []
[rosmaster.master][INFO] 2018-12-05 16:50:00,878: publisherUpdate[/execute_trajectory/cancel] -> http://onboardpc:39469/ []: sec=0.00, result=[1, '', 0]
[rosmaster.master][INFO] 2018-12-05 16:50:00,879: publisherUpdate[/execute_trajectory/goal] -> http://onboardpc:39469/ []
[rosmaster.master][INFO] 2018-12-05 16:50:00,879: publisherUpdate[/execute_trajectory/goal] -> http://onboardpc:39469/ []: sec=0.00, result=[1, '', 0]
