[rosmaster.main][INFO] 2019-01-14 09:38:24,485: initialization complete, waiting for shutdown
[rosmaster.main][INFO] 2019-01-14 09:38:24,486: Starting ROS Master Node
[xmlrpc][INFO] 2019-01-14 09:38:24,487: XML-RPC server binding to 0.0.0.0:11311
[xmlrpc][INFO] 2019-01-14 09:38:24,487: Started XML-RPC server [http://onboardpc:11311/]
[xmlrpc][INFO] 2019-01-14 09:38:24,487: xml rpc node: starting XML-RPC server
[rosmaster.master][INFO] 2019-01-14 09:38:24,487: Master initialized: port[11311], uri[http://onboardpc:11311/]
[rosmaster.master][INFO] 2019-01-14 09:38:24,579: +PARAM [/run_id] by /roslaunch
[rosmaster.master][INFO] 2019-01-14 09:38:24,581: +PARAM [/roslaunch/uris/host_onboardpc__40371] by /roslaunch
[rosmaster.master][INFO] 2019-01-14 09:38:24,740: +PARAM [/rosversion] by /roslaunch
[rosmaster.master][INFO] 2019-01-14 09:38:24,741: +PARAM [/rosdistro] by /roslaunch
[rosmaster.master][INFO] 2019-01-14 09:38:24,786: +SERVICE [/rosout/get_loggers] /rosout http://onboardpc:37839/
[rosmaster.master][INFO] 2019-01-14 09:38:24,787: +SERVICE [/rosout/set_logger_level] /rosout http://onboardpc:37839/
[rosmaster.master][INFO] 2019-01-14 09:38:24,790: +PUB [/rosout_agg] /rosout http://onboardpc:37839/
[rosmaster.master][INFO] 2019-01-14 09:38:24,797: +SUB [/rosout] /rosout http://onboardpc:37839/
[rosmaster.master][INFO] 2019-01-14 09:42:44,800: +PUB [/rosout] /rosarnl_node http://onboardpc:38781/
[rosmaster.master][INFO] 2019-01-14 09:42:44,801: +SERVICE [/rosarnl_node/get_loggers] /rosarnl_node http://onboardpc:38781/
[rosmaster.master][INFO] 2019-01-14 09:42:44,802: +SERVICE [/rosarnl_node/set_logger_level] /rosarnl_node http://onboardpc:38781/
[rosmaster.master][INFO] 2019-01-14 09:42:44,804: +PUB [/tf] /rosarnl_node http://onboardpc:38781/
[rosmaster.master][INFO] 2019-01-14 09:42:44,806: +PUB [/rosarnl_node/motors_state] /rosarnl_node http://onboardpc:38781/
[rosmaster.master][INFO] 2019-01-14 09:42:44,807: +PUB [/rosarnl_node/amcl_pose] /rosarnl_node http://onboardpc:38781/
[rosmaster.master][INFO] 2019-01-14 09:42:44,808: +SERVICE [/rosarnl_node/enable_motors] /rosarnl_node http://onboardpc:38781/
[rosmaster.master][INFO] 2019-01-14 09:42:44,809: +SERVICE [/rosarnl_node/disable_motors] /rosarnl_node http://onboardpc:38781/
[rosmaster.master][INFO] 2019-01-14 09:42:44,810: +SERVICE [/rosarnl_node/wander] /rosarnl_node http://onboardpc:38781/
[rosmaster.master][INFO] 2019-01-14 09:42:44,811: +SERVICE [/rosarnl_node/stop] /rosarnl_node http://onboardpc:38781/
[rosmaster.master][INFO] 2019-01-14 09:42:44,812: +SERVICE [/rosarnl_node/dock] /rosarnl_node http://onboardpc:38781/
[rosmaster.master][INFO] 2019-01-14 09:42:44,813: +SERVICE [/rosarnl_node/make_plan] /rosarnl_node http://onboardpc:38781/
[rosmaster.master][INFO] 2019-01-14 09:42:44,814: +SERVICE [/rosarnl_node/global_localization] /rosarnl_node http://onboardpc:38781/
[rosmaster.master][INFO] 2019-01-14 09:42:44,815: +SERVICE [/rosarnl_node/load_map_file] /rosarnl_node http://onboardpc:38781/
[rosmaster.master][INFO] 2019-01-14 09:42:44,820: +SUB [/rosarnl_node/initialpose] /rosarnl_node http://onboardpc:38781/
[rosmaster.master][INFO] 2019-01-14 09:42:44,821: +PUB [/rosarnl_node/arnl_server_mode] /rosarnl_node http://onboardpc:38781/
[rosmaster.master][INFO] 2019-01-14 09:42:44,822: +PUB [/rosarnl_node/arnl_server_status] /rosarnl_node http://onboardpc:38781/
[rosmaster.master][INFO] 2019-01-14 09:42:44,823: +PUB [/rosarnl_node/arnl_path_state] /rosarnl_node http://onboardpc:38781/
[rosmaster.master][INFO] 2019-01-14 09:42:44,824: +PUB [/rosarnl_node/bumper_state] /rosarnl_node http://onboardpc:38781/
[rosmaster.master][INFO] 2019-01-14 09:42:44,825: +PUB [/rosarnl_node/battery_status] /rosarnl_node http://onboardpc:38781/
[rosmaster.master][INFO] 2019-01-14 09:42:44,826: publisherUpdate[/rosout] -> http://onboardpc:37839/ ['http://onboardpc:38781/']
[rosmaster.master][INFO] 2019-01-14 09:42:44,829: publisherUpdate[/rosout] -> http://onboardpc:37839/ ['http://onboardpc:38781/']: sec=0.00, result=[1, '', 0]
[rosmaster.master][INFO] 2019-01-14 09:42:44,832: +SUB [/rosarnl_node/move_base_simple/goal] /rosarnl_node http://onboardpc:38781/
[rosmaster.master][INFO] 2019-01-14 09:42:44,837: +SUB [/rosarnl_node/goalname] /rosarnl_node http://onboardpc:38781/
[rosmaster.master][INFO] 2019-01-14 09:42:44,838: +PUB [/rosarnl_node/current_goal] /rosarnl_node http://onboardpc:38781/
[rosmaster.master][INFO] 2019-01-14 09:42:44,844: +SUB [/rosarnl_node/jog_position_simple/goal] /rosarnl_node http://onboardpc:38781/
[rosmaster.master][INFO] 2019-01-14 09:42:44,848: +PUB [/rosarnl_node/move_base/result] /rosarnl_node http://onboardpc:38781/
[rosmaster.master][INFO] 2019-01-14 09:42:44,849: +PUB [/rosarnl_node/move_base/feedback] /rosarnl_node http://onboardpc:38781/
[rosmaster.master][INFO] 2019-01-14 09:42:44,850: +PUB [/rosarnl_node/move_base/status] /rosarnl_node http://onboardpc:38781/
[rosmaster.master][INFO] 2019-01-14 09:42:44,864: +SUB [/rosarnl_node/move_base/goal] /rosarnl_node http://onboardpc:38781/
[rosmaster.master][INFO] 2019-01-14 09:42:44,870: +SUB [/rosarnl_node/move_base/cancel] /rosarnl_node http://onboardpc:38781/
[rosmaster.master][INFO] 2019-01-14 09:42:44,873: +PUB [/rosarnl_node/jog_position/result] /rosarnl_node http://onboardpc:38781/
[rosmaster.master][INFO] 2019-01-14 09:42:44,874: +PUB [/rosarnl_node/jog_position/feedback] /rosarnl_node http://onboardpc:38781/
[rosmaster.master][INFO] 2019-01-14 09:42:44,875: +PUB [/rosarnl_node/jog_position/status] /rosarnl_node http://onboardpc:38781/
[rosmaster.master][INFO] 2019-01-14 09:42:44,887: +SUB [/rosarnl_node/jog_position/goal] /rosarnl_node http://onboardpc:38781/
[rosmaster.master][INFO] 2019-01-14 09:42:44,893: +SUB [/rosarnl_node/jog_position/cancel] /rosarnl_node http://onboardpc:38781/
[rosmaster.master][INFO] 2019-01-14 09:42:44,903: +PUB [/rosarnl_node/lms1xx_1_laserscan] /rosarnl_node http://onboardpc:38781/
[rosmaster.master][INFO] 2019-01-14 09:42:44,904: +PUB [/rosarnl_node/lms1xx_1_pointcloud] /rosarnl_node http://onboardpc:38781/
[rosmaster.master][INFO] 2019-01-14 09:43:16,537: +PUB [/rosout] /rviz_1547466196532229182 http://onboardpc:34113/
[rosmaster.master][INFO] 2019-01-14 09:43:16,538: +SERVICE [/rviz_1547466196532229182/get_loggers] /rviz_1547466196532229182 http://onboardpc:34113/
[rosmaster.master][INFO] 2019-01-14 09:43:16,540: +SERVICE [/rviz_1547466196532229182/set_logger_level] /rviz_1547466196532229182 http://onboardpc:34113/
[rosmaster.master][INFO] 2019-01-14 09:43:16,588: publisherUpdate[/rosout] -> http://onboardpc:37839/ ['http://onboardpc:38781/', 'http://onboardpc:34113/']
[rosmaster.master][INFO] 2019-01-14 09:43:16,589: publisherUpdate[/rosout] -> http://onboardpc:37839/ ['http://onboardpc:38781/', 'http://onboardpc:34113/']: sec=0.00, result=[1, '', 0]
[rosmaster.master][INFO] 2019-01-14 09:43:17,012: +SUB [/tf] /rviz_1547466196532229182 http://onboardpc:34113/
[rosmaster.master][INFO] 2019-01-14 09:43:17,017: +SUB [/tf_static] /rviz_1547466196532229182 http://onboardpc:34113/
[rosmaster.master][INFO] 2019-01-14 09:43:17,136: +PUB [/initialpose] /rviz_1547466196532229182 http://onboardpc:34113/
[rosmaster.master][INFO] 2019-01-14 09:43:17,139: +PUB [/goal] /rviz_1547466196532229182 http://onboardpc:34113/
[rosmaster.master][INFO] 2019-01-14 09:43:17,506: +PUB [/planning_scene] /rviz_1547466196532229182 http://onboardpc:34113/
[rosmaster.master][INFO] 2019-01-14 09:43:17,507: +PUB [/planning_scene_world] /rviz_1547466196532229182 http://onboardpc:34113/
[rosmaster.master][INFO] 2019-01-14 09:43:17,513: +SUB [/recognize_objects/status] /rviz_1547466196532229182 http://onboardpc:34113/
[rosmaster.master][INFO] 2019-01-14 09:43:17,518: +SUB [/recognize_objects/feedback] /rviz_1547466196532229182 http://onboardpc:34113/
[rosmaster.master][INFO] 2019-01-14 09:43:17,523: +SUB [/recognize_objects/result] /rviz_1547466196532229182 http://onboardpc:34113/
[rosmaster.master][INFO] 2019-01-14 09:43:17,524: +PUB [/recognize_objects/goal] /rviz_1547466196532229182 http://onboardpc:34113/
[rosmaster.master][INFO] 2019-01-14 09:43:17,525: +PUB [/recognize_objects/cancel] /rviz_1547466196532229182 http://onboardpc:34113/
[rosmaster.master][INFO] 2019-01-14 09:43:17,530: +SUB [/recognized_object_array] /rviz_1547466196532229182 http://onboardpc:34113/
[rosmaster.master][INFO] 2019-01-14 09:43:20,549: -SUB [/recognize_objects/status] /rviz_1547466196532229182 http://onboardpc:34113/
[rosmaster.master][INFO] 2019-01-14 09:43:20,551: -PUB [/recognize_objects/cancel] /rviz_1547466196532229182 http://onboardpc:34113/
[rosmaster.master][INFO] 2019-01-14 09:43:20,552: -PUB [/recognize_objects/goal] /rviz_1547466196532229182 http://onboardpc:34113/
[rosmaster.master][INFO] 2019-01-14 09:43:20,553: -SUB [/recognize_objects/feedback] /rviz_1547466196532229182 http://onboardpc:34113/
[rosmaster.master][INFO] 2019-01-14 09:43:20,555: -SUB [/recognize_objects/result] /rviz_1547466196532229182 http://onboardpc:34113/
[rosmaster.master][INFO] 2019-01-14 09:43:20,581: +SUB [/move_group/display_planned_path] /rviz_1547466196532229182 http://onboardpc:34113/
[rosmaster.master][INFO] 2019-01-14 09:43:20,582: +PUB [/feedback] /rviz_1547466196532229182 http://onboardpc:34113/
[rosmaster.master][INFO] 2019-01-14 09:43:20,583: -PUB [/feedback] /rviz_1547466196532229182 http://onboardpc:34113/
[rosmaster.master][INFO] 2019-01-14 09:43:20,585: +PUB [/feedback] /rviz_1547466196532229182 http://onboardpc:34113/
[rosmaster.master][INFO] 2019-01-14 09:43:20,589: -PUB [/goal] /rviz_1547466196532229182 http://onboardpc:34113/
[rosmaster.master][INFO] 2019-01-14 09:43:20,591: -PUB [/initialpose] /rviz_1547466196532229182 http://onboardpc:34113/
[rosmaster.master][INFO] 2019-01-14 09:43:20,609: +PUB [/initialpose] /rviz_1547466196532229182 http://onboardpc:34113/
[rosmaster.master][INFO] 2019-01-14 09:43:20,610: +PUB [/goal] /rviz_1547466196532229182 http://onboardpc:34113/
[rosmaster.master][INFO] 2019-01-14 09:43:20,612: +PUB [/move_base_simple/goal] /rviz_1547466196532229182 http://onboardpc:34113/
[rosmaster.master][INFO] 2019-01-14 09:43:20,613: -PUB [/goal] /rviz_1547466196532229182 http://onboardpc:34113/
[rosmaster.master][INFO] 2019-01-14 09:43:20,614: +PUB [/clicked_point] /rviz_1547466196532229182 http://onboardpc:34113/
[rosmaster.master][INFO] 2019-01-14 09:43:20,674: +SERVICE [/rviz_1547466196532229182/motionplanning_planning_scene_monitor/set_parameters] /rviz_1547466196532229182 http://onboardpc:34113/
[rosmaster.master][INFO] 2019-01-14 09:43:20,676: +PUB [/rviz_1547466196532229182/motionplanning_planning_scene_monitor/parameter_descriptions] /rviz_1547466196532229182 http://onboardpc:34113/
[rosmaster.master][INFO] 2019-01-14 09:43:20,677: +PUB [/rviz_1547466196532229182/motionplanning_planning_scene_monitor/parameter_updates] /rviz_1547466196532229182 http://onboardpc:34113/
[rosmaster.master][INFO] 2019-01-14 09:43:20,683: +PARAM [/rviz_1547466196532229182/motionplanning_planning_scene_monitor/publish_planning_scene] by /rviz_1547466196532229182
[rosmaster.master][INFO] 2019-01-14 09:43:20,688: +SERVICE [/rviz_1547466196532229182/reload_shaders] /rviz_1547466196532229182 http://onboardpc:34113/
[rosmaster.master][INFO] 2019-01-14 09:43:20,695: +PARAM [/rviz_1547466196532229182/motionplanning_planning_scene_monitor/publish_planning_scene_hz] by /rviz_1547466196532229182
[rosmaster.master][INFO] 2019-01-14 09:43:20,706: +PARAM [/rviz_1547466196532229182/motionplanning_planning_scene_monitor/publish_geometry_updates] by /rviz_1547466196532229182
[rosmaster.master][INFO] 2019-01-14 09:43:20,712: +PARAM [/rviz_1547466196532229182/motionplanning_planning_scene_monitor/publish_state_updates] by /rviz_1547466196532229182
[rosmaster.master][INFO] 2019-01-14 09:43:20,714: +PARAM [/rviz_1547466196532229182/motionplanning_planning_scene_monitor/publish_transforms_updates] by /rviz_1547466196532229182
[rosmaster.master][INFO] 2019-01-14 09:43:20,717: +PARAM [/rviz_1547466196532229182/motionplanning_planning_scene_monitor/publish_planning_scene] by /rviz_1547466196532229182
[rosmaster.master][INFO] 2019-01-14 09:43:20,719: +PARAM [/rviz_1547466196532229182/motionplanning_planning_scene_monitor/publish_planning_scene_hz] by /rviz_1547466196532229182
[rosmaster.master][INFO] 2019-01-14 09:43:20,721: +PARAM [/rviz_1547466196532229182/motionplanning_planning_scene_monitor/publish_geometry_updates] by /rviz_1547466196532229182
[rosmaster.master][INFO] 2019-01-14 09:43:20,722: +PARAM [/rviz_1547466196532229182/motionplanning_planning_scene_monitor/publish_state_updates] by /rviz_1547466196532229182
[rosmaster.master][INFO] 2019-01-14 09:43:20,723: +PARAM [/rviz_1547466196532229182/motionplanning_planning_scene_monitor/publish_transforms_updates] by /rviz_1547466196532229182
[rosmaster.master][INFO] 2019-01-14 09:43:20,773: -PUB [/rviz_1547466196532229182/motionplanning_planning_scene_monitor/parameter_descriptions] /rviz_1547466196532229182 http://onboardpc:34113/
[rosmaster.master][INFO] 2019-01-14 09:43:20,774: -PUB [/rviz_1547466196532229182/motionplanning_planning_scene_monitor/parameter_updates] /rviz_1547466196532229182 http://onboardpc:34113/
[rosmaster.master][INFO] 2019-01-14 09:43:20,776: -SERVICE [/rviz_1547466196532229182/motionplanning_planning_scene_monitor/set_parameters] /rviz_1547466196532229182 rosrpc://onboardpc:50385
[rosmaster.master][INFO] 2019-01-14 09:43:48,181: +SUB [/rosarnl_node/lms1xx_1_laserscan] /rviz_1547466196532229182 http://onboardpc:34113/
[rosmaster.master][INFO] 2019-01-14 09:48:07,230: -SUB [/rosarnl_node/lms1xx_1_laserscan] /rviz_1547466196532229182 http://onboardpc:34113/
[rosmaster.master][INFO] 2019-01-14 09:48:07,233: -PUB [/feedback] /rviz_1547466196532229182 http://onboardpc:34113/
[rosmaster.master][INFO] 2019-01-14 09:48:07,236: -PUB [/planning_scene_world] /rviz_1547466196532229182 http://onboardpc:34113/
[rosmaster.master][INFO] 2019-01-14 09:48:07,238: -SUB [/recognized_object_array] /rviz_1547466196532229182 http://onboardpc:34113/
[rosmaster.master][INFO] 2019-01-14 09:48:07,239: -PUB [/planning_scene] /rviz_1547466196532229182 http://onboardpc:34113/
[rosmaster.master][INFO] 2019-01-14 09:48:07,247: -SUB [/move_group/display_planned_path] /rviz_1547466196532229182 http://onboardpc:34113/
[rosmaster.master][INFO] 2019-01-14 09:48:07,250: -PUB [/clicked_point] /rviz_1547466196532229182 http://onboardpc:34113/
[rosmaster.master][INFO] 2019-01-14 09:48:07,252: -PUB [/move_base_simple/goal] /rviz_1547466196532229182 http://onboardpc:34113/
[rosmaster.master][INFO] 2019-01-14 09:48:07,253: -PUB [/initialpose] /rviz_1547466196532229182 http://onboardpc:34113/
[rosmaster.master][INFO] 2019-01-14 09:48:07,260: -SUB [/tf_static] /rviz_1547466196532229182 http://onboardpc:34113/
[rosmaster.master][INFO] 2019-01-14 09:48:07,261: -SUB [/tf] /rviz_1547466196532229182 http://onboardpc:34113/
[rosmaster.master][INFO] 2019-01-14 09:48:07,271: -SERVICE [/rviz_1547466196532229182/reload_shaders] /rviz_1547466196532229182 rosrpc://onboardpc:50385
[rosmaster.master][INFO] 2019-01-14 09:48:07,440: -PUB [/rosout] /rviz_1547466196532229182 http://onboardpc:34113/
[rosmaster.master][INFO] 2019-01-14 09:48:07,441: -SERVICE [/rviz_1547466196532229182/get_loggers] /rviz_1547466196532229182 rosrpc://onboardpc:50385
[rosmaster.master][INFO] 2019-01-14 09:48:07,442: -SERVICE [/rviz_1547466196532229182/set_logger_level] /rviz_1547466196532229182 rosrpc://onboardpc:50385
[rosmaster.master][INFO] 2019-01-14 09:48:07,474: publisherUpdate[/rosout] -> http://onboardpc:37839/ ['http://onboardpc:38781/']
[rosmaster.master][INFO] 2019-01-14 09:48:07,475: publisherUpdate[/rosout] -> http://onboardpc:37839/ ['http://onboardpc:38781/']: sec=0.00, result=[1, '', 0]
[rosmaster.master][INFO] 2019-01-14 09:48:23,356: -SERVICE [/rosarnl_node/get_loggers] /rosarnl_node rosrpc://onboardpc:41813
[rosmaster.master][INFO] 2019-01-14 09:48:23,357: -SERVICE [/rosarnl_node/set_logger_level] /rosarnl_node rosrpc://onboardpc:41813
[rosmaster.master][INFO] 2019-01-14 09:48:23,359: -SERVICE [/rosarnl_node/enable_motors] /rosarnl_node rosrpc://onboardpc:41813
[rosmaster.master][INFO] 2019-01-14 09:48:23,361: -SERVICE [/rosarnl_node/disable_motors] /rosarnl_node rosrpc://onboardpc:41813
[rosmaster.master][INFO] 2019-01-14 09:48:23,362: -SERVICE [/rosarnl_node/wander] /rosarnl_node rosrpc://onboardpc:41813
[rosmaster.master][INFO] 2019-01-14 09:48:23,363: -SERVICE [/rosarnl_node/stop] /rosarnl_node rosrpc://onboardpc:41813
[rosmaster.master][INFO] 2019-01-14 09:48:23,364: -SERVICE [/rosarnl_node/dock] /rosarnl_node rosrpc://onboardpc:41813
[rosmaster.master][INFO] 2019-01-14 09:48:23,366: -SERVICE [/rosarnl_node/make_plan] /rosarnl_node rosrpc://onboardpc:41813
[rosmaster.master][INFO] 2019-01-14 09:48:23,367: -SERVICE [/rosarnl_node/global_localization] /rosarnl_node rosrpc://onboardpc:41813
[rosmaster.master][INFO] 2019-01-14 09:48:23,368: -SERVICE [/rosarnl_node/load_map_file] /rosarnl_node rosrpc://onboardpc:41813
[rosmaster.master][INFO] 2019-01-14 09:48:23,533: -PUB [/rosout] /rosarnl_node http://onboardpc:38781/
[rosmaster.master][INFO] 2019-01-14 09:48:23,536: -PUB [/tf] /rosarnl_node http://onboardpc:38781/
[rosmaster.master][INFO] 2019-01-14 09:48:23,538: -PUB [/rosarnl_node/motors_state] /rosarnl_node http://onboardpc:38781/
[rosmaster.master][INFO] 2019-01-14 09:48:23,540: -PUB [/rosarnl_node/amcl_pose] /rosarnl_node http://onboardpc:38781/
[rosmaster.master][INFO] 2019-01-14 09:48:23,541: -PUB [/rosarnl_node/arnl_server_mode] /rosarnl_node http://onboardpc:38781/
[rosmaster.master][INFO] 2019-01-14 09:48:23,542: -PUB [/rosarnl_node/arnl_server_status] /rosarnl_node http://onboardpc:38781/
[rosmaster.master][INFO] 2019-01-14 09:48:23,543: -PUB [/rosarnl_node/arnl_path_state] /rosarnl_node http://onboardpc:38781/
[rosmaster.master][INFO] 2019-01-14 09:48:23,544: -PUB [/rosarnl_node/bumper_state] /rosarnl_node http://onboardpc:38781/
[rosmaster.master][INFO] 2019-01-14 09:48:23,546: -PUB [/rosarnl_node/battery_status] /rosarnl_node http://onboardpc:38781/
[rosmaster.master][INFO] 2019-01-14 09:48:23,547: -PUB [/rosarnl_node/current_goal] /rosarnl_node http://onboardpc:38781/
[rosmaster.master][INFO] 2019-01-14 09:48:23,548: -PUB [/rosarnl_node/move_base/result] /rosarnl_node http://onboardpc:38781/
[rosmaster.master][INFO] 2019-01-14 09:48:23,549: -PUB [/rosarnl_node/move_base/feedback] /rosarnl_node http://onboardpc:38781/
[rosmaster.master][INFO] 2019-01-14 09:48:23,550: -PUB [/rosarnl_node/move_base/status] /rosarnl_node http://onboardpc:38781/
[rosmaster.master][INFO] 2019-01-14 09:48:23,551: -PUB [/rosarnl_node/jog_position/result] /rosarnl_node http://onboardpc:38781/
[rosmaster.master][INFO] 2019-01-14 09:48:23,552: -PUB [/rosarnl_node/jog_position/feedback] /rosarnl_node http://onboardpc:38781/
[rosmaster.master][INFO] 2019-01-14 09:48:23,552: -PUB [/rosarnl_node/jog_position/status] /rosarnl_node http://onboardpc:38781/
[rosmaster.master][INFO] 2019-01-14 09:48:23,553: -PUB [/rosarnl_node/lms1xx_1_laserscan] /rosarnl_node http://onboardpc:38781/
[rosmaster.master][INFO] 2019-01-14 09:48:23,554: -PUB [/rosarnl_node/lms1xx_1_pointcloud] /rosarnl_node http://onboardpc:38781/
[rosmaster.master][INFO] 2019-01-14 09:48:23,555: -SUB [/rosarnl_node/initialpose] /rosarnl_node http://onboardpc:38781/
[rosmaster.master][INFO] 2019-01-14 09:48:23,556: -SUB [/rosarnl_node/move_base_simple/goal] /rosarnl_node http://onboardpc:38781/
[rosmaster.master][INFO] 2019-01-14 09:48:23,557: -SUB [/rosarnl_node/goalname] /rosarnl_node http://onboardpc:38781/
[rosmaster.master][INFO] 2019-01-14 09:48:23,558: -SUB [/rosarnl_node/jog_position_simple/goal] /rosarnl_node http://onboardpc:38781/
[rosmaster.master][INFO] 2019-01-14 09:48:23,559: -SUB [/rosarnl_node/move_base/goal] /rosarnl_node http://onboardpc:38781/
[rosmaster.master][INFO] 2019-01-14 09:48:23,560: -SUB [/rosarnl_node/move_base/cancel] /rosarnl_node http://onboardpc:38781/
[rosmaster.master][INFO] 2019-01-14 09:48:23,561: -SUB [/rosarnl_node/jog_position/goal] /rosarnl_node http://onboardpc:38781/
[rosmaster.master][INFO] 2019-01-14 09:48:23,562: -SUB [/rosarnl_node/jog_position/cancel] /rosarnl_node http://onboardpc:38781/
[rosmaster.master][INFO] 2019-01-14 09:48:23,603: publisherUpdate[/rosout] -> http://onboardpc:37839/ []
[rosmaster.master][INFO] 2019-01-14 09:48:23,604: publisherUpdate[/rosout] -> http://onboardpc:37839/ []: sec=0.00, result=[1, '', 0]
[rosmaster.master][INFO] 2019-01-14 09:48:47,474: +PARAM [/RosAria/port] by /RosAria
[rosmaster.master][INFO] 2019-01-14 09:48:47,477: +PUB [/rosout] /RosAria http://onboardpc:44841/
[rosmaster.master][INFO] 2019-01-14 09:48:47,478: +SERVICE [/RosAria/get_loggers] /RosAria http://onboardpc:44841/
[rosmaster.master][INFO] 2019-01-14 09:48:47,479: +SERVICE [/RosAria/set_logger_level] /RosAria http://onboardpc:44841/
[rosmaster.master][INFO] 2019-01-14 09:48:47,482: +PUB [/tf] /RosAria http://onboardpc:44841/
[rosmaster.master][INFO] 2019-01-14 09:48:47,495: +PUB [/RosAria/pose] /RosAria http://onboardpc:44841/
[rosmaster.master][INFO] 2019-01-14 09:48:47,496: +PUB [/RosAria/bumper_state] /RosAria http://onboardpc:44841/
[rosmaster.master][INFO] 2019-01-14 09:48:47,496: +PUB [/RosAria/sonar] /RosAria http://onboardpc:44841/
[rosmaster.master][INFO] 2019-01-14 09:48:47,497: +PUB [/RosAria/sonar_pointcloud2] /RosAria http://onboardpc:44841/
[rosmaster.master][INFO] 2019-01-14 09:48:47,498: +PUB [/RosAria/battery_voltage] /RosAria http://onboardpc:44841/
[rosmaster.master][INFO] 2019-01-14 09:48:47,499: +PUB [/RosAria/battery_recharge_state] /RosAria http://onboardpc:44841/
[rosmaster.master][INFO] 2019-01-14 09:48:47,500: +PUB [/RosAria/battery_state_of_charge] /RosAria http://onboardpc:44841/
[rosmaster.master][INFO] 2019-01-14 09:48:47,501: +PUB [/RosAria/motors_state] /RosAria http://onboardpc:44841/
[rosmaster.master][INFO] 2019-01-14 09:48:47,502: +SERVICE [/RosAria/enable_motors] /RosAria http://onboardpc:44841/
[rosmaster.master][INFO] 2019-01-14 09:48:47,503: +SERVICE [/RosAria/disable_motors] /RosAria http://onboardpc:44841/
[rosmaster.master][INFO] 2019-01-14 09:48:47,558: publisherUpdate[/rosout] -> http://onboardpc:37839/ ['http://onboardpc:44841/']
[rosmaster.master][INFO] 2019-01-14 09:48:47,561: publisherUpdate[/rosout] -> http://onboardpc:37839/ ['http://onboardpc:44841/']: sec=0.00, result=[1, '', 0]
[rosmaster.master][INFO] 2019-01-14 09:48:48,465: +SERVICE [/RosAria/set_parameters] /RosAria http://onboardpc:44841/
[rosmaster.master][INFO] 2019-01-14 09:48:48,467: +PUB [/RosAria/parameter_descriptions] /RosAria http://onboardpc:44841/
[rosmaster.master][INFO] 2019-01-14 09:48:48,468: +PUB [/RosAria/parameter_updates] /RosAria http://onboardpc:44841/
[rosmaster.master][INFO] 2019-01-14 09:48:48,477: +PARAM [/RosAria/trans_accel] by /RosAria
[rosmaster.master][INFO] 2019-01-14 09:48:48,478: +PARAM [/RosAria/trans_decel] by /RosAria
[rosmaster.master][INFO] 2019-01-14 09:48:48,479: +PARAM [/RosAria/lat_accel] by /RosAria
[rosmaster.master][INFO] 2019-01-14 09:48:48,480: +PARAM [/RosAria/lat_decel] by /RosAria
[rosmaster.master][INFO] 2019-01-14 09:48:48,481: +PARAM [/RosAria/rot_accel] by /RosAria
[rosmaster.master][INFO] 2019-01-14 09:48:48,482: +PARAM [/RosAria/rot_decel] by /RosAria
[rosmaster.master][INFO] 2019-01-14 09:48:48,483: +PARAM [/RosAria/TicksMM] by /RosAria
[rosmaster.master][INFO] 2019-01-14 09:48:48,484: +PARAM [/RosAria/DriftFactor] by /RosAria
[rosmaster.master][INFO] 2019-01-14 09:48:48,485: +PARAM [/RosAria/RevCount] by /RosAria
[rosmaster.master][INFO] 2019-01-14 09:48:48,487: +PARAM [/RosAria/trans_accel] by /RosAria
[rosmaster.master][INFO] 2019-01-14 09:48:48,488: +PARAM [/RosAria/trans_decel] by /RosAria
[rosmaster.master][INFO] 2019-01-14 09:48:48,490: +PARAM [/RosAria/lat_accel] by /RosAria
[rosmaster.master][INFO] 2019-01-14 09:48:48,491: +PARAM [/RosAria/lat_decel] by /RosAria
[rosmaster.master][INFO] 2019-01-14 09:48:48,492: +PARAM [/RosAria/rot_accel] by /RosAria
[rosmaster.master][INFO] 2019-01-14 09:48:48,494: +PARAM [/RosAria/rot_decel] by /RosAria
[rosmaster.master][INFO] 2019-01-14 09:48:48,495: +PARAM [/RosAria/TicksMM] by /RosAria
[rosmaster.master][INFO] 2019-01-14 09:48:48,496: +PARAM [/RosAria/DriftFactor] by /RosAria
[rosmaster.master][INFO] 2019-01-14 09:48:48,497: +PARAM [/RosAria/RevCount] by /RosAria
[rosmaster.master][INFO] 2019-01-14 09:48:48,501: +SUB [/RosAria/cmd_vel] /RosAria http://onboardpc:44841/
[rosmaster.master][INFO] 2019-01-14 09:49:11,973: +PARAM [/lms1xx/host] by /lms1xx
[rosmaster.master][INFO] 2019-01-14 09:49:11,976: +PUB [/rosout] /lms1xx http://onboardpc:46343/
[rosmaster.master][INFO] 2019-01-14 09:49:11,977: +SERVICE [/lms1xx/get_loggers] /lms1xx http://onboardpc:46343/
[rosmaster.master][INFO] 2019-01-14 09:49:11,978: +SERVICE [/lms1xx/set_logger_level] /lms1xx http://onboardpc:46343/
[rosmaster.master][INFO] 2019-01-14 09:49:11,980: +PUB [/scan] /lms1xx http://onboardpc:46343/
[rosmaster.master][INFO] 2019-01-14 09:49:12,006: publisherUpdate[/rosout] -> http://onboardpc:37839/ ['http://onboardpc:44841/', 'http://onboardpc:46343/']
[rosmaster.master][INFO] 2019-01-14 09:49:12,007: publisherUpdate[/rosout] -> http://onboardpc:37839/ ['http://onboardpc:44841/', 'http://onboardpc:46343/']: sec=0.00, result=[1, '', 0]
[rosmaster.master][INFO] 2019-01-14 09:49:20,103: +PUB [/rosout] /rviz_1547466560099124095 http://onboardpc:41313/
[rosmaster.master][INFO] 2019-01-14 09:49:20,104: +SERVICE [/rviz_1547466560099124095/get_loggers] /rviz_1547466560099124095 http://onboardpc:41313/
[rosmaster.master][INFO] 2019-01-14 09:49:20,105: +SERVICE [/rviz_1547466560099124095/set_logger_level] /rviz_1547466560099124095 http://onboardpc:41313/
[rosmaster.master][INFO] 2019-01-14 09:49:20,120: publisherUpdate[/rosout] -> http://onboardpc:37839/ ['http://onboardpc:44841/', 'http://onboardpc:46343/', 'http://onboardpc:41313/']
[rosmaster.master][INFO] 2019-01-14 09:49:20,121: publisherUpdate[/rosout] -> http://onboardpc:37839/ ['http://onboardpc:44841/', 'http://onboardpc:46343/', 'http://onboardpc:41313/']: sec=0.00, result=[1, '', 0]
[rosmaster.master][INFO] 2019-01-14 09:49:20,502: +SUB [/tf] /rviz_1547466560099124095 http://onboardpc:41313/
[rosmaster.master][INFO] 2019-01-14 09:49:20,509: +SUB [/tf_static] /rviz_1547466560099124095 http://onboardpc:41313/
[rosmaster.master][INFO] 2019-01-14 09:49:20,576: +PUB [/initialpose] /rviz_1547466560099124095 http://onboardpc:41313/
[rosmaster.master][INFO] 2019-01-14 09:49:20,579: +PUB [/goal] /rviz_1547466560099124095 http://onboardpc:41313/
[rosmaster.master][INFO] 2019-01-14 09:49:20,782: +PUB [/planning_scene] /rviz_1547466560099124095 http://onboardpc:41313/
[rosmaster.master][INFO] 2019-01-14 09:49:20,783: +PUB [/planning_scene_world] /rviz_1547466560099124095 http://onboardpc:41313/
[rosmaster.master][INFO] 2019-01-14 09:49:20,789: +SUB [/recognize_objects/status] /rviz_1547466560099124095 http://onboardpc:41313/
[rosmaster.master][INFO] 2019-01-14 09:49:20,796: +SUB [/recognize_objects/feedback] /rviz_1547466560099124095 http://onboardpc:41313/
[rosmaster.master][INFO] 2019-01-14 09:49:20,800: +SUB [/recognize_objects/result] /rviz_1547466560099124095 http://onboardpc:41313/
[rosmaster.master][INFO] 2019-01-14 09:49:20,802: +PUB [/recognize_objects/goal] /rviz_1547466560099124095 http://onboardpc:41313/
[rosmaster.master][INFO] 2019-01-14 09:49:20,803: +PUB [/recognize_objects/cancel] /rviz_1547466560099124095 http://onboardpc:41313/
[rosmaster.master][INFO] 2019-01-14 09:49:20,808: +SUB [/recognized_object_array] /rviz_1547466560099124095 http://onboardpc:41313/
[rosmaster.master][INFO] 2019-01-14 09:49:23,830: -SUB [/recognize_objects/status] /rviz_1547466560099124095 http://onboardpc:41313/
[rosmaster.master][INFO] 2019-01-14 09:49:23,833: -PUB [/recognize_objects/cancel] /rviz_1547466560099124095 http://onboardpc:41313/
[rosmaster.master][INFO] 2019-01-14 09:49:23,835: -PUB [/recognize_objects/goal] /rviz_1547466560099124095 http://onboardpc:41313/
[rosmaster.master][INFO] 2019-01-14 09:49:23,837: -SUB [/recognize_objects/feedback] /rviz_1547466560099124095 http://onboardpc:41313/
[rosmaster.master][INFO] 2019-01-14 09:49:23,838: -SUB [/recognize_objects/result] /rviz_1547466560099124095 http://onboardpc:41313/
[rosmaster.master][INFO] 2019-01-14 09:49:23,861: +SUB [/move_group/display_planned_path] /rviz_1547466560099124095 http://onboardpc:41313/
[rosmaster.master][INFO] 2019-01-14 09:49:23,862: +PUB [/feedback] /rviz_1547466560099124095 http://onboardpc:41313/
[rosmaster.master][INFO] 2019-01-14 09:49:23,864: -PUB [/feedback] /rviz_1547466560099124095 http://onboardpc:41313/
[rosmaster.master][INFO] 2019-01-14 09:49:23,865: +PUB [/feedback] /rviz_1547466560099124095 http://onboardpc:41313/
[rosmaster.master][INFO] 2019-01-14 09:49:23,869: -PUB [/goal] /rviz_1547466560099124095 http://onboardpc:41313/
[rosmaster.master][INFO] 2019-01-14 09:49:23,870: -PUB [/initialpose] /rviz_1547466560099124095 http://onboardpc:41313/
[rosmaster.master][INFO] 2019-01-14 09:49:23,877: +PUB [/initialpose] /rviz_1547466560099124095 http://onboardpc:41313/
[rosmaster.master][INFO] 2019-01-14 09:49:23,879: +PUB [/goal] /rviz_1547466560099124095 http://onboardpc:41313/
[rosmaster.master][INFO] 2019-01-14 09:49:23,881: +PUB [/move_base_simple/goal] /rviz_1547466560099124095 http://onboardpc:41313/
[rosmaster.master][INFO] 2019-01-14 09:49:23,882: -PUB [/goal] /rviz_1547466560099124095 http://onboardpc:41313/
[rosmaster.master][INFO] 2019-01-14 09:49:23,884: +PUB [/clicked_point] /rviz_1547466560099124095 http://onboardpc:41313/
[rosmaster.master][INFO] 2019-01-14 09:49:23,938: +SERVICE [/rviz_1547466560099124095/reload_shaders] /rviz_1547466560099124095 http://onboardpc:41313/
[rosmaster.master][INFO] 2019-01-14 09:49:24,196: +SERVICE [/rviz_1547466560099124095/motionplanning_planning_scene_monitor/set_parameters] /rviz_1547466560099124095 http://onboardpc:41313/
[rosmaster.master][INFO] 2019-01-14 09:49:24,198: +PUB [/rviz_1547466560099124095/motionplanning_planning_scene_monitor/parameter_descriptions] /rviz_1547466560099124095 http://onboardpc:41313/
[rosmaster.master][INFO] 2019-01-14 09:49:24,200: +PUB [/rviz_1547466560099124095/motionplanning_planning_scene_monitor/parameter_updates] /rviz_1547466560099124095 http://onboardpc:41313/
[rosmaster.master][INFO] 2019-01-14 09:49:24,207: +PARAM [/rviz_1547466560099124095/motionplanning_planning_scene_monitor/publish_planning_scene] by /rviz_1547466560099124095
[rosmaster.master][INFO] 2019-01-14 09:49:24,209: +PARAM [/rviz_1547466560099124095/motionplanning_planning_scene_monitor/publish_planning_scene_hz] by /rviz_1547466560099124095
[rosmaster.master][INFO] 2019-01-14 09:49:24,210: +PARAM [/rviz_1547466560099124095/motionplanning_planning_scene_monitor/publish_geometry_updates] by /rviz_1547466560099124095
[rosmaster.master][INFO] 2019-01-14 09:49:24,212: +PARAM [/rviz_1547466560099124095/motionplanning_planning_scene_monitor/publish_state_updates] by /rviz_1547466560099124095
[rosmaster.master][INFO] 2019-01-14 09:49:24,213: +PARAM [/rviz_1547466560099124095/motionplanning_planning_scene_monitor/publish_transforms_updates] by /rviz_1547466560099124095
[rosmaster.master][INFO] 2019-01-14 09:49:24,215: +PARAM [/rviz_1547466560099124095/motionplanning_planning_scene_monitor/publish_planning_scene] by /rviz_1547466560099124095
[rosmaster.master][INFO] 2019-01-14 09:49:24,216: +PARAM [/rviz_1547466560099124095/motionplanning_planning_scene_monitor/publish_planning_scene_hz] by /rviz_1547466560099124095
[rosmaster.master][INFO] 2019-01-14 09:49:24,218: +PARAM [/rviz_1547466560099124095/motionplanning_planning_scene_monitor/publish_geometry_updates] by /rviz_1547466560099124095
[rosmaster.master][INFO] 2019-01-14 09:49:24,220: +PARAM [/rviz_1547466560099124095/motionplanning_planning_scene_monitor/publish_state_updates] by /rviz_1547466560099124095
[rosmaster.master][INFO] 2019-01-14 09:49:24,221: +PARAM [/rviz_1547466560099124095/motionplanning_planning_scene_monitor/publish_transforms_updates] by /rviz_1547466560099124095
[rosmaster.master][INFO] 2019-01-14 09:49:24,296: -PUB [/rviz_1547466560099124095/motionplanning_planning_scene_monitor/parameter_descriptions] /rviz_1547466560099124095 http://onboardpc:41313/
[rosmaster.master][INFO] 2019-01-14 09:49:24,297: -PUB [/rviz_1547466560099124095/motionplanning_planning_scene_monitor/parameter_updates] /rviz_1547466560099124095 http://onboardpc:41313/
[rosmaster.master][INFO] 2019-01-14 09:49:24,299: -SERVICE [/rviz_1547466560099124095/motionplanning_planning_scene_monitor/set_parameters] /rviz_1547466560099124095 rosrpc://onboardpc:34517
[rosmaster.master][INFO] 2019-01-14 09:49:31,200: -PUB [/feedback] /rviz_1547466560099124095 http://onboardpc:41313/
[rosmaster.master][INFO] 2019-01-14 09:49:39,363: +SUB [/display_robot_state] /rviz_1547466560099124095 http://onboardpc:41313/
[rosmaster.master][INFO] 2019-01-14 09:49:47,437: -SUB [/display_robot_state] /rviz_1547466560099124095 http://onboardpc:41313/
[rosmaster.master][INFO] 2019-01-14 09:49:59,123: +SUB [/display_robot_state] /rviz_1547466560099124095 http://onboardpc:41313/
[rosmaster.master][INFO] 2019-01-14 09:50:09,963: -SUB [/display_robot_state] /rviz_1547466560099124095 http://onboardpc:41313/
[rosmaster.master][INFO] 2019-01-14 09:50:20,310: +SUB [/scan] /rviz_1547466560099124095 http://onboardpc:41313/
[rosmaster.master][INFO] 2019-01-14 09:50:46,063: -SUB [/scan] /rviz_1547466560099124095 http://onboardpc:41313/
[rosmaster.master][INFO] 2019-01-14 09:51:03,453: -PUB [/planning_scene_world] /rviz_1547466560099124095 http://onboardpc:41313/
[rosmaster.master][INFO] 2019-01-14 09:51:03,454: -SUB [/recognized_object_array] /rviz_1547466560099124095 http://onboardpc:41313/
[rosmaster.master][INFO] 2019-01-14 09:51:03,455: -PUB [/planning_scene] /rviz_1547466560099124095 http://onboardpc:41313/
[rosmaster.master][INFO] 2019-01-14 09:51:03,459: -SUB [/move_group/display_planned_path] /rviz_1547466560099124095 http://onboardpc:41313/
[rosmaster.master][INFO] 2019-01-14 09:51:03,461: -PUB [/clicked_point] /rviz_1547466560099124095 http://onboardpc:41313/
[rosmaster.master][INFO] 2019-01-14 09:51:03,462: -PUB [/move_base_simple/goal] /rviz_1547466560099124095 http://onboardpc:41313/
[rosmaster.master][INFO] 2019-01-14 09:51:03,464: -PUB [/initialpose] /rviz_1547466560099124095 http://onboardpc:41313/
[rosmaster.master][INFO] 2019-01-14 09:51:03,474: -SUB [/tf_static] /rviz_1547466560099124095 http://onboardpc:41313/
[rosmaster.master][INFO] 2019-01-14 09:51:03,476: -SUB [/tf] /rviz_1547466560099124095 http://onboardpc:41313/
[rosmaster.master][INFO] 2019-01-14 09:51:03,489: -SERVICE [/rviz_1547466560099124095/reload_shaders] /rviz_1547466560099124095 rosrpc://onboardpc:34517
[rosmaster.master][INFO] 2019-01-14 09:51:03,604: -PUB [/rosout] /rviz_1547466560099124095 http://onboardpc:41313/
[rosmaster.master][INFO] 2019-01-14 09:51:03,606: -SERVICE [/rviz_1547466560099124095/get_loggers] /rviz_1547466560099124095 rosrpc://onboardpc:34517
[rosmaster.master][INFO] 2019-01-14 09:51:03,608: -SERVICE [/rviz_1547466560099124095/set_logger_level] /rviz_1547466560099124095 rosrpc://onboardpc:34517
[rosmaster.master][INFO] 2019-01-14 09:51:03,634: publisherUpdate[/rosout] -> http://onboardpc:37839/ ['http://onboardpc:44841/', 'http://onboardpc:46343/']
[rosmaster.master][INFO] 2019-01-14 09:51:03,637: publisherUpdate[/rosout] -> http://onboardpc:37839/ ['http://onboardpc:44841/', 'http://onboardpc:46343/']: sec=0.00, result=[1, '', 0]
[rosmaster.master][INFO] 2019-01-14 09:54:32,830: +PUB [/rosout] /rviz_1547466872826068406 http://onboardpc:40589/
[rosmaster.master][INFO] 2019-01-14 09:54:32,831: +SERVICE [/rviz_1547466872826068406/get_loggers] /rviz_1547466872826068406 http://onboardpc:40589/
[rosmaster.master][INFO] 2019-01-14 09:54:32,832: +SERVICE [/rviz_1547466872826068406/set_logger_level] /rviz_1547466872826068406 http://onboardpc:40589/
[rosmaster.master][INFO] 2019-01-14 09:54:32,835: publisherUpdate[/rosout] -> http://onboardpc:37839/ ['http://onboardpc:44841/', 'http://onboardpc:46343/', 'http://onboardpc:40589/']
[rosmaster.master][INFO] 2019-01-14 09:54:32,837: publisherUpdate[/rosout] -> http://onboardpc:37839/ ['http://onboardpc:44841/', 'http://onboardpc:46343/', 'http://onboardpc:40589/']: sec=0.00, result=[1, '', 0]
[rosmaster.master][INFO] 2019-01-14 09:54:33,231: +SUB [/tf] /rviz_1547466872826068406 http://onboardpc:40589/
[rosmaster.master][INFO] 2019-01-14 09:54:33,236: +SUB [/tf_static] /rviz_1547466872826068406 http://onboardpc:40589/
[rosmaster.master][INFO] 2019-01-14 09:54:33,302: +PUB [/initialpose] /rviz_1547466872826068406 http://onboardpc:40589/
[rosmaster.master][INFO] 2019-01-14 09:54:33,304: +PUB [/goal] /rviz_1547466872826068406 http://onboardpc:40589/
[rosmaster.master][INFO] 2019-01-14 09:54:33,504: +PUB [/planning_scene] /rviz_1547466872826068406 http://onboardpc:40589/
[rosmaster.master][INFO] 2019-01-14 09:54:33,505: +PUB [/planning_scene_world] /rviz_1547466872826068406 http://onboardpc:40589/
[rosmaster.master][INFO] 2019-01-14 09:54:33,512: +SUB [/recognize_objects/status] /rviz_1547466872826068406 http://onboardpc:40589/
[rosmaster.master][INFO] 2019-01-14 09:54:33,519: +SUB [/recognize_objects/feedback] /rviz_1547466872826068406 http://onboardpc:40589/
[rosmaster.master][INFO] 2019-01-14 09:54:33,524: +SUB [/recognize_objects/result] /rviz_1547466872826068406 http://onboardpc:40589/
[rosmaster.master][INFO] 2019-01-14 09:54:33,525: +PUB [/recognize_objects/goal] /rviz_1547466872826068406 http://onboardpc:40589/
[rosmaster.master][INFO] 2019-01-14 09:54:33,526: +PUB [/recognize_objects/cancel] /rviz_1547466872826068406 http://onboardpc:40589/
[rosmaster.master][INFO] 2019-01-14 09:54:33,530: +SUB [/recognized_object_array] /rviz_1547466872826068406 http://onboardpc:40589/
[rosmaster.master][INFO] 2019-01-14 09:54:36,535: -SUB [/recognize_objects/status] /rviz_1547466872826068406 http://onboardpc:40589/
[rosmaster.master][INFO] 2019-01-14 09:54:36,538: -PUB [/recognize_objects/cancel] /rviz_1547466872826068406 http://onboardpc:40589/
[rosmaster.master][INFO] 2019-01-14 09:54:36,540: -PUB [/recognize_objects/goal] /rviz_1547466872826068406 http://onboardpc:40589/
[rosmaster.master][INFO] 2019-01-14 09:54:36,543: -SUB [/recognize_objects/feedback] /rviz_1547466872826068406 http://onboardpc:40589/
[rosmaster.master][INFO] 2019-01-14 09:54:36,544: -SUB [/recognize_objects/result] /rviz_1547466872826068406 http://onboardpc:40589/
[rosmaster.master][INFO] 2019-01-14 09:54:36,564: +SUB [/move_group/display_planned_path] /rviz_1547466872826068406 http://onboardpc:40589/
[rosmaster.master][INFO] 2019-01-14 09:54:36,566: +PUB [/feedback] /rviz_1547466872826068406 http://onboardpc:40589/
[rosmaster.master][INFO] 2019-01-14 09:54:36,567: -PUB [/feedback] /rviz_1547466872826068406 http://onboardpc:40589/
[rosmaster.master][INFO] 2019-01-14 09:54:36,568: +PUB [/feedback] /rviz_1547466872826068406 http://onboardpc:40589/
[rosmaster.master][INFO] 2019-01-14 09:54:36,573: -PUB [/goal] /rviz_1547466872826068406 http://onboardpc:40589/
[rosmaster.master][INFO] 2019-01-14 09:54:36,574: -PUB [/initialpose] /rviz_1547466872826068406 http://onboardpc:40589/
[rosmaster.master][INFO] 2019-01-14 09:54:36,581: +PUB [/initialpose] /rviz_1547466872826068406 http://onboardpc:40589/
[rosmaster.master][INFO] 2019-01-14 09:54:36,583: +PUB [/goal] /rviz_1547466872826068406 http://onboardpc:40589/
[rosmaster.master][INFO] 2019-01-14 09:54:36,584: +PUB [/move_base_simple/goal] /rviz_1547466872826068406 http://onboardpc:40589/
[rosmaster.master][INFO] 2019-01-14 09:54:36,585: -PUB [/goal] /rviz_1547466872826068406 http://onboardpc:40589/
[rosmaster.master][INFO] 2019-01-14 09:54:36,586: +PUB [/clicked_point] /rviz_1547466872826068406 http://onboardpc:40589/
[rosmaster.master][INFO] 2019-01-14 09:54:36,638: +SERVICE [/rviz_1547466872826068406/reload_shaders] /rviz_1547466872826068406 http://onboardpc:40589/
[rosmaster.master][INFO] 2019-01-14 09:54:36,896: +SERVICE [/rviz_1547466872826068406/motionplanning_planning_scene_monitor/set_parameters] /rviz_1547466872826068406 http://onboardpc:40589/
[rosmaster.master][INFO] 2019-01-14 09:54:36,897: +PUB [/rviz_1547466872826068406/motionplanning_planning_scene_monitor/parameter_descriptions] /rviz_1547466872826068406 http://onboardpc:40589/
[rosmaster.master][INFO] 2019-01-14 09:54:36,899: +PUB [/rviz_1547466872826068406/motionplanning_planning_scene_monitor/parameter_updates] /rviz_1547466872826068406 http://onboardpc:40589/
[rosmaster.master][INFO] 2019-01-14 09:54:36,906: +PARAM [/rviz_1547466872826068406/motionplanning_planning_scene_monitor/publish_planning_scene] by /rviz_1547466872826068406
[rosmaster.master][INFO] 2019-01-14 09:54:36,908: +PARAM [/rviz_1547466872826068406/motionplanning_planning_scene_monitor/publish_planning_scene_hz] by /rviz_1547466872826068406
[rosmaster.master][INFO] 2019-01-14 09:54:36,909: +PARAM [/rviz_1547466872826068406/motionplanning_planning_scene_monitor/publish_geometry_updates] by /rviz_1547466872826068406
[rosmaster.master][INFO] 2019-01-14 09:54:36,912: +PARAM [/rviz_1547466872826068406/motionplanning_planning_scene_monitor/publish_state_updates] by /rviz_1547466872826068406
[rosmaster.master][INFO] 2019-01-14 09:54:36,913: +PARAM [/rviz_1547466872826068406/motionplanning_planning_scene_monitor/publish_transforms_updates] by /rviz_1547466872826068406
[rosmaster.master][INFO] 2019-01-14 09:54:36,914: +PARAM [/rviz_1547466872826068406/motionplanning_planning_scene_monitor/publish_planning_scene] by /rviz_1547466872826068406
[rosmaster.master][INFO] 2019-01-14 09:54:36,915: +PARAM [/rviz_1547466872826068406/motionplanning_planning_scene_monitor/publish_planning_scene_hz] by /rviz_1547466872826068406
[rosmaster.master][INFO] 2019-01-14 09:54:36,920: +PARAM [/rviz_1547466872826068406/motionplanning_planning_scene_monitor/publish_geometry_updates] by /rviz_1547466872826068406
[rosmaster.master][INFO] 2019-01-14 09:54:36,923: +PARAM [/rviz_1547466872826068406/motionplanning_planning_scene_monitor/publish_state_updates] by /rviz_1547466872826068406
[rosmaster.master][INFO] 2019-01-14 09:54:36,924: +PARAM [/rviz_1547466872826068406/motionplanning_planning_scene_monitor/publish_transforms_updates] by /rviz_1547466872826068406
[rosmaster.master][INFO] 2019-01-14 09:54:36,996: -PUB [/rviz_1547466872826068406/motionplanning_planning_scene_monitor/parameter_descriptions] /rviz_1547466872826068406 http://onboardpc:40589/
[rosmaster.master][INFO] 2019-01-14 09:54:36,997: -PUB [/rviz_1547466872826068406/motionplanning_planning_scene_monitor/parameter_updates] /rviz_1547466872826068406 http://onboardpc:40589/
[rosmaster.master][INFO] 2019-01-14 09:54:36,999: -SERVICE [/rviz_1547466872826068406/motionplanning_planning_scene_monitor/set_parameters] /rviz_1547466872826068406 rosrpc://onboardpc:50393
[rosmaster.master][INFO] 2019-01-14 09:54:53,598: +SUB [/initialpose] /rviz_1547466872826068406 http://onboardpc:40589/
[rosmaster.master][INFO] 2019-01-14 09:55:22,366: +SUB [/scan] /rviz_1547466872826068406 http://onboardpc:40589/
[rosmaster.master][INFO] 2019-01-14 09:56:08,546: +PUB [/rosout] /rostopic_4656_1547466968366 http://onboardpc:33349/
[rosmaster.master][INFO] 2019-01-14 09:56:08,552: +SERVICE [/rostopic_4656_1547466968366/get_loggers] /rostopic_4656_1547466968366 http://onboardpc:33349/
[rosmaster.master][INFO] 2019-01-14 09:56:08,554: +SERVICE [/rostopic_4656_1547466968366/set_logger_level] /rostopic_4656_1547466968366 http://onboardpc:33349/
[rosmaster.master][INFO] 2019-01-14 09:56:08,595: +SUB [/tf] /rostopic_4656_1547466968366 http://onboardpc:33349/
[rosmaster.master][INFO] 2019-01-14 09:56:08,623: publisherUpdate[/rosout] -> http://onboardpc:37839/ ['http://onboardpc:44841/', 'http://onboardpc:46343/', 'http://onboardpc:40589/', 'http://onboardpc:33349/']
[rosmaster.master][INFO] 2019-01-14 09:56:08,625: publisherUpdate[/rosout] -> http://onboardpc:37839/ ['http://onboardpc:44841/', 'http://onboardpc:46343/', 'http://onboardpc:40589/', 'http://onboardpc:33349/']: sec=0.00, result=[1, '', 0]
[rosmaster.master][INFO] 2019-01-14 09:56:15,216: -SUB [/tf] /rostopic_4656_1547466968366 http://onboardpc:33349/
[rosmaster.master][INFO] 2019-01-14 09:56:15,217: -PUB [/rosout] /rostopic_4656_1547466968366 http://onboardpc:33349/
[rosmaster.master][INFO] 2019-01-14 09:56:15,217: -SERVICE [/rostopic_4656_1547466968366/set_logger_level] /rostopic_4656_1547466968366 rosrpc://onboardpc:33019
[rosmaster.master][INFO] 2019-01-14 09:56:15,217: -SERVICE [/rostopic_4656_1547466968366/get_loggers] /rostopic_4656_1547466968366 rosrpc://onboardpc:33019
[rosmaster.master][INFO] 2019-01-14 09:56:15,239: publisherUpdate[/rosout] -> http://onboardpc:37839/ ['http://onboardpc:44841/', 'http://onboardpc:46343/', 'http://onboardpc:40589/']
[rosmaster.master][INFO] 2019-01-14 09:56:15,241: publisherUpdate[/rosout] -> http://onboardpc:37839/ ['http://onboardpc:44841/', 'http://onboardpc:46343/', 'http://onboardpc:40589/']: sec=0.00, result=[1, '', 0]
[rosmaster.master][INFO] 2019-01-14 09:56:42,470: -PUB [/rosout] /rviz_1547466872826068406 http://onboardpc:40589/
[rosmaster.master][INFO] 2019-01-14 09:56:42,474: -PUB [/planning_scene] /rviz_1547466872826068406 http://onboardpc:40589/
[rosmaster.master][INFO] 2019-01-14 09:56:42,475: -PUB [/planning_scene_world] /rviz_1547466872826068406 http://onboardpc:40589/
[rosmaster.master][INFO] 2019-01-14 09:56:42,476: -PUB [/feedback] /rviz_1547466872826068406 http://onboardpc:40589/
[rosmaster.master][INFO] 2019-01-14 09:56:42,477: -PUB [/initialpose] /rviz_1547466872826068406 http://onboardpc:40589/
[rosmaster.master][INFO] 2019-01-14 09:56:42,478: -PUB [/move_base_simple/goal] /rviz_1547466872826068406 http://onboardpc:40589/
[rosmaster.master][INFO] 2019-01-14 09:56:42,479: -PUB [/clicked_point] /rviz_1547466872826068406 http://onboardpc:40589/
[rosmaster.master][INFO] 2019-01-14 09:56:42,480: -SUB [/tf] /rviz_1547466872826068406 http://onboardpc:40589/
[rosmaster.master][INFO] 2019-01-14 09:56:42,481: -SUB [/tf_static] /rviz_1547466872826068406 http://onboardpc:40589/
[rosmaster.master][INFO] 2019-01-14 09:56:42,482: -SUB [/recognized_object_array] /rviz_1547466872826068406 http://onboardpc:40589/
[rosmaster.master][INFO] 2019-01-14 09:56:42,483: -SUB [/move_group/display_planned_path] /rviz_1547466872826068406 http://onboardpc:40589/
[rosmaster.master][INFO] 2019-01-14 09:56:42,484: -SUB [/initialpose] /rviz_1547466872826068406 http://onboardpc:40589/
[rosmaster.master][INFO] 2019-01-14 09:56:42,485: -SUB [/scan] /rviz_1547466872826068406 http://onboardpc:40589/
[rosmaster.master][INFO] 2019-01-14 09:56:42,486: -SERVICE [/rviz_1547466872826068406/get_loggers] /rviz_1547466872826068406 rosrpc://onboardpc:50393
[rosmaster.master][INFO] 2019-01-14 09:56:42,487: -SERVICE [/rviz_1547466872826068406/set_logger_level] /rviz_1547466872826068406 rosrpc://onboardpc:50393
[rosmaster.master][INFO] 2019-01-14 09:56:42,488: -SERVICE [/rviz_1547466872826068406/reload_shaders] /rviz_1547466872826068406 rosrpc://onboardpc:50393
[rosmaster.master][INFO] 2019-01-14 09:56:42,500: publisherUpdate[/rosout] -> http://onboardpc:37839/ ['http://onboardpc:44841/', 'http://onboardpc:46343/']
[rosmaster.master][INFO] 2019-01-14 09:56:42,500: publisherUpdate[/initialpose] -> http://onboardpc:40589/ []
[rosmaster.master][INFO] 2019-01-14 09:56:42,504: publisherUpdate[/initialpose] -> http://onboardpc:40589/ []: sec=0.00, exception=<Fault -1: 'publisherUpdate: unknown method name'>
[rosmaster.master][INFO] 2019-01-14 09:56:42,505: publisherUpdate[/rosout] -> http://onboardpc:37839/ ['http://onboardpc:44841/', 'http://onboardpc:46343/']: sec=0.00, result=[1, '', 0]
[rosmaster.threadpool][ERROR] 2019-01-14 09:56:42,508: Traceback (most recent call last):
  File "/opt/ros/kinetic/lib/python2.7/dist-packages/rosmaster/threadpool.py", line 218, in run
    result = cmd(*args)
  File "/opt/ros/kinetic/lib/python2.7/dist-packages/rosmaster/master_api.py", line 210, in publisher_update_task
    ret = xmlrpcapi(api).publisherUpdate('/master', topic, pub_uris)
  File "/usr/lib/python2.7/xmlrpclib.py", line 1243, in __call__
    return self.__send(self.__name, args)
  File "/usr/lib/python2.7/xmlrpclib.py", line 1602, in __request
    verbose=self.__verbose
  File "/usr/lib/python2.7/xmlrpclib.py", line 1283, in request
    return self.single_request(host, handler, request_body, verbose)
  File "/usr/lib/python2.7/xmlrpclib.py", line 1316, in single_request
    return self.parse_response(response)
  File "/usr/lib/python2.7/xmlrpclib.py", line 1493, in parse_response
    return u.close()
  File "/usr/lib/python2.7/xmlrpclib.py", line 800, in close
    raise Fault(**self._stack[0])
Fault: <Fault -1: 'publisherUpdate: unknown method name'>

[rosmaster.master][INFO] 2019-01-14 09:58:02,756: -PUB [/rosout_agg] /rosout http://onboardpc:37839/
[rosmaster.master][INFO] 2019-01-14 09:58:02,757: -SUB [/rosout] /rosout http://onboardpc:37839/
[rosmaster.master][INFO] 2019-01-14 09:58:02,758: -SERVICE [/rosout/get_loggers] /rosout rosrpc://onboardpc:57219
[rosmaster.master][INFO] 2019-01-14 09:58:02,759: -SERVICE [/rosout/set_logger_level] /rosout rosrpc://onboardpc:57219
[rosmaster.main][INFO] 2019-01-14 09:58:02,902: keyboard interrupt, will exit
[rosmaster.main][INFO] 2019-01-14 09:58:02,902: stopping master...
[rospy.core][INFO] 2019-01-14 09:58:02,903: signal_shutdown [atexit]
