[rosmaster.main][INFO] 2018-12-05 20:33:49,456: initialization complete, waiting for shutdown
[rosmaster.main][INFO] 2018-12-05 20:33:49,457: Starting ROS Master Node
[xmlrpc][INFO] 2018-12-05 20:33:49,458: XML-RPC server binding to 0.0.0.0:11311
[xmlrpc][INFO] 2018-12-05 20:33:49,458: Started XML-RPC server [http://onboardpc:11311/]
[rosmaster.master][INFO] 2018-12-05 20:33:49,458: Master initialized: port[11311], uri[http://onboardpc:11311/]
[xmlrpc][INFO] 2018-12-05 20:33:49,458: xml rpc node: starting XML-RPC server
[rosmaster.master][INFO] 2018-12-05 20:33:49,543: +PARAM [/run_id] by /roslaunch
[rosmaster.master][INFO] 2018-12-05 20:33:49,545: +PARAM [/roslaunch/uris/host_onboardpc__36003] by /roslaunch
[rosmaster.master][INFO] 2018-12-05 20:33:49,735: +PARAM [/rosversion] by /roslaunch
[rosmaster.master][INFO] 2018-12-05 20:33:49,736: +PARAM [/rosdistro] by /roslaunch
[rosmaster.master][INFO] 2018-12-05 20:33:49,742: +SERVICE [/rosout/get_loggers] /rosout http://onboardpc:34879/
[rosmaster.master][INFO] 2018-12-05 20:33:49,744: +SERVICE [/rosout/set_logger_level] /rosout http://onboardpc:34879/
[rosmaster.master][INFO] 2018-12-05 20:33:49,746: +PUB [/rosout_agg] /rosout http://onboardpc:34879/
[rosmaster.master][INFO] 2018-12-05 20:33:49,752: +SUB [/rosout] /rosout http://onboardpc:34879/
[rosmaster.master][INFO] 2018-12-05 20:33:49,777: +PARAM [/lms1xx/host] by /lms1xx
[rosmaster.master][INFO] 2018-12-05 20:33:49,780: +PUB [/rosout] /lms1xx http://onboardpc:40329/
[rosmaster.master][INFO] 2018-12-05 20:33:49,781: +SERVICE [/lms1xx/get_loggers] /lms1xx http://onboardpc:40329/
[rosmaster.master][INFO] 2018-12-05 20:33:49,782: +SERVICE [/lms1xx/set_logger_level] /lms1xx http://onboardpc:40329/
[rosmaster.master][INFO] 2018-12-05 20:33:49,785: +PUB [/scan] /lms1xx http://onboardpc:40329/
[rosmaster.master][INFO] 2018-12-05 20:33:49,868: publisherUpdate[/rosout] -> http://onboardpc:34879/ ['http://onboardpc:40329/']
[rosmaster.master][INFO] 2018-12-05 20:33:49,874: publisherUpdate[/rosout] -> http://onboardpc:34879/ ['http://onboardpc:40329/']: sec=0.01, result=[1, '', 0]
[rosmaster.master][INFO] 2018-12-05 20:33:53,085: -PUB [/rosout] /lms1xx http://onboardpc:40329/
[rosmaster.master][INFO] 2018-12-05 20:33:53,088: -PUB [/scan] /lms1xx http://onboardpc:40329/
[rosmaster.master][INFO] 2018-12-05 20:33:53,090: -SERVICE [/lms1xx/get_loggers] /lms1xx rosrpc://onboardpc:53433
[rosmaster.master][INFO] 2018-12-05 20:33:53,091: -SERVICE [/lms1xx/set_logger_level] /lms1xx rosrpc://onboardpc:53433
[rosmaster.master][INFO] 2018-12-05 20:33:53,177: publisherUpdate[/rosout] -> http://onboardpc:34879/ []
[rosmaster.master][INFO] 2018-12-05 20:33:53,179: publisherUpdate[/rosout] -> http://onboardpc:34879/ []: sec=0.00, result=[1, '', 0]
[rosmaster.master][INFO] 2018-12-05 20:34:01,073: +PARAM [/lms1xx/host] by /lms1xx
[rosmaster.master][INFO] 2018-12-05 20:34:01,076: +PUB [/rosout] /lms1xx http://onboardpc:37503/
[rosmaster.master][INFO] 2018-12-05 20:34:01,078: +SERVICE [/lms1xx/get_loggers] /lms1xx http://onboardpc:37503/
[rosmaster.master][INFO] 2018-12-05 20:34:01,079: +SERVICE [/lms1xx/set_logger_level] /lms1xx http://onboardpc:37503/
[rosmaster.master][INFO] 2018-12-05 20:34:01,080: +PUB [/scan] /lms1xx http://onboardpc:37503/
[rosmaster.master][INFO] 2018-12-05 20:34:01,093: publisherUpdate[/rosout] -> http://onboardpc:34879/ ['http://onboardpc:37503/']
[rosmaster.master][INFO] 2018-12-05 20:34:01,095: publisherUpdate[/rosout] -> http://onboardpc:34879/ ['http://onboardpc:37503/']: sec=0.00, result=[1, '', 0]
[rosmaster.master][INFO] 2018-12-05 20:34:06,107: -PUB [/rosout] /lms1xx http://onboardpc:37503/
[rosmaster.master][INFO] 2018-12-05 20:34:06,111: -PUB [/scan] /lms1xx http://onboardpc:37503/
[rosmaster.master][INFO] 2018-12-05 20:34:06,112: -SERVICE [/lms1xx/get_loggers] /lms1xx rosrpc://onboardpc:45375
[rosmaster.master][INFO] 2018-12-05 20:34:06,113: -SERVICE [/lms1xx/set_logger_level] /lms1xx rosrpc://onboardpc:45375
[rosmaster.master][INFO] 2018-12-05 20:34:06,205: publisherUpdate[/rosout] -> http://onboardpc:34879/ []
[rosmaster.master][INFO] 2018-12-05 20:34:06,206: publisherUpdate[/rosout] -> http://onboardpc:34879/ []: sec=0.00, result=[1, '', 0]
[rosmaster.master][INFO] 2018-12-05 20:34:07,089: +PARAM [/lms1xx/host] by /lms1xx
[rosmaster.master][INFO] 2018-12-05 20:34:07,093: +PUB [/rosout] /lms1xx http://onboardpc:40509/
[rosmaster.master][INFO] 2018-12-05 20:34:07,094: +SERVICE [/lms1xx/get_loggers] /lms1xx http://onboardpc:40509/
[rosmaster.master][INFO] 2018-12-05 20:34:07,095: +SERVICE [/lms1xx/set_logger_level] /lms1xx http://onboardpc:40509/
[rosmaster.master][INFO] 2018-12-05 20:34:07,097: +PUB [/scan] /lms1xx http://onboardpc:40509/
[rosmaster.master][INFO] 2018-12-05 20:34:07,107: publisherUpdate[/rosout] -> http://onboardpc:34879/ ['http://onboardpc:40509/']
[rosmaster.master][INFO] 2018-12-05 20:34:07,108: publisherUpdate[/rosout] -> http://onboardpc:34879/ ['http://onboardpc:40509/']: sec=0.00, result=[1, '', 0]
[rosmaster.master][INFO] 2018-12-05 20:34:07,913: -PUB [/rosout] /lms1xx http://onboardpc:40509/
[rosmaster.master][INFO] 2018-12-05 20:34:07,916: -PUB [/scan] /lms1xx http://onboardpc:40509/
[rosmaster.master][INFO] 2018-12-05 20:34:07,919: -SERVICE [/lms1xx/get_loggers] /lms1xx rosrpc://onboardpc:49135
[rosmaster.master][INFO] 2018-12-05 20:34:07,921: -SERVICE [/lms1xx/set_logger_level] /lms1xx rosrpc://onboardpc:49135
[rosmaster.master][INFO] 2018-12-05 20:34:08,011: publisherUpdate[/rosout] -> http://onboardpc:34879/ []
[rosmaster.master][INFO] 2018-12-05 20:34:08,013: publisherUpdate[/rosout] -> http://onboardpc:34879/ []: sec=0.00, result=[1, '', 0]
[rosmaster.master][INFO] 2018-12-05 20:34:13,506: +PARAM [/lms1xx/host] by /lms1xx
[rosmaster.master][INFO] 2018-12-05 20:34:13,509: +PUB [/rosout] /lms1xx http://onboardpc:33397/
[rosmaster.master][INFO] 2018-12-05 20:34:13,510: +SERVICE [/lms1xx/get_loggers] /lms1xx http://onboardpc:33397/
[rosmaster.master][INFO] 2018-12-05 20:34:13,512: +SERVICE [/lms1xx/set_logger_level] /lms1xx http://onboardpc:33397/
[rosmaster.master][INFO] 2018-12-05 20:34:13,514: +PUB [/scan] /lms1xx http://onboardpc:33397/
[rosmaster.master][INFO] 2018-12-05 20:34:13,521: publisherUpdate[/rosout] -> http://onboardpc:34879/ ['http://onboardpc:33397/']
[rosmaster.master][INFO] 2018-12-05 20:34:13,522: publisherUpdate[/rosout] -> http://onboardpc:34879/ ['http://onboardpc:33397/']: sec=0.00, result=[1, '', 0]
[rosmaster.master][INFO] 2018-12-05 20:34:14,828: -PUB [/rosout] /lms1xx http://onboardpc:33397/
[rosmaster.master][INFO] 2018-12-05 20:34:14,831: -PUB [/scan] /lms1xx http://onboardpc:33397/
[rosmaster.master][INFO] 2018-12-05 20:34:14,832: -SERVICE [/lms1xx/get_loggers] /lms1xx rosrpc://onboardpc:39929
[rosmaster.master][INFO] 2018-12-05 20:34:14,833: -SERVICE [/lms1xx/set_logger_level] /lms1xx rosrpc://onboardpc:39929
[rosmaster.master][INFO] 2018-12-05 20:34:14,925: publisherUpdate[/rosout] -> http://onboardpc:34879/ []
[rosmaster.master][INFO] 2018-12-05 20:34:14,927: publisherUpdate[/rosout] -> http://onboardpc:34879/ []: sec=0.00, result=[1, '', 0]
[rosmaster.master][INFO] 2018-12-05 20:34:18,516: +PARAM [/lms1xx/host] by /lms1xx
[rosmaster.master][INFO] 2018-12-05 20:34:18,519: +PUB [/rosout] /lms1xx http://onboardpc:33711/
[rosmaster.master][INFO] 2018-12-05 20:34:18,520: +SERVICE [/lms1xx/get_loggers] /lms1xx http://onboardpc:33711/
[rosmaster.master][INFO] 2018-12-05 20:34:18,521: +SERVICE [/lms1xx/set_logger_level] /lms1xx http://onboardpc:33711/
[rosmaster.master][INFO] 2018-12-05 20:34:18,523: +PUB [/scan] /lms1xx http://onboardpc:33711/
[rosmaster.master][INFO] 2018-12-05 20:34:18,533: publisherUpdate[/rosout] -> http://onboardpc:34879/ ['http://onboardpc:33711/']
[rosmaster.master][INFO] 2018-12-05 20:34:18,534: publisherUpdate[/rosout] -> http://onboardpc:34879/ ['http://onboardpc:33711/']: sec=0.00, result=[1, '', 0]
[rosmaster.master][INFO] 2018-12-05 20:34:19,640: -PUB [/rosout] /lms1xx http://onboardpc:33711/
[rosmaster.master][INFO] 2018-12-05 20:34:19,642: -PUB [/scan] /lms1xx http://onboardpc:33711/
[rosmaster.master][INFO] 2018-12-05 20:34:19,643: -SERVICE [/lms1xx/get_loggers] /lms1xx rosrpc://onboardpc:50239
[rosmaster.master][INFO] 2018-12-05 20:34:19,645: -SERVICE [/lms1xx/set_logger_level] /lms1xx rosrpc://onboardpc:50239
[rosmaster.master][INFO] 2018-12-05 20:34:19,736: publisherUpdate[/rosout] -> http://onboardpc:34879/ []
[rosmaster.master][INFO] 2018-12-05 20:34:19,738: publisherUpdate[/rosout] -> http://onboardpc:34879/ []: sec=0.00, result=[1, '', 0]
[rosmaster.master][INFO] 2018-12-05 20:34:37,134: +PARAM [/lms1xx/host] by /lms1xx
[rosmaster.master][INFO] 2018-12-05 20:34:37,137: +PUB [/rosout] /lms1xx http://onboardpc:39849/
[rosmaster.master][INFO] 2018-12-05 20:34:37,138: +SERVICE [/lms1xx/get_loggers] /lms1xx http://onboardpc:39849/
[rosmaster.master][INFO] 2018-12-05 20:34:37,139: +SERVICE [/lms1xx/set_logger_level] /lms1xx http://onboardpc:39849/
[rosmaster.master][INFO] 2018-12-05 20:34:37,141: +PUB [/scan] /lms1xx http://onboardpc:39849/
[rosmaster.master][INFO] 2018-12-05 20:34:37,169: publisherUpdate[/rosout] -> http://onboardpc:34879/ ['http://onboardpc:39849/']
[rosmaster.master][INFO] 2018-12-05 20:34:37,172: publisherUpdate[/rosout] -> http://onboardpc:34879/ ['http://onboardpc:39849/']: sec=0.00, result=[1, '', 0]
[rosmaster.master][INFO] 2018-12-05 20:34:37,976: -PUB [/rosout] /lms1xx http://onboardpc:39849/
[rosmaster.master][INFO] 2018-12-05 20:34:37,979: -PUB [/scan] /lms1xx http://onboardpc:39849/
[rosmaster.master][INFO] 2018-12-05 20:34:37,980: -SERVICE [/lms1xx/get_loggers] /lms1xx rosrpc://onboardpc:43699
[rosmaster.master][INFO] 2018-12-05 20:34:37,981: -SERVICE [/lms1xx/set_logger_level] /lms1xx rosrpc://onboardpc:43699
[rosmaster.master][INFO] 2018-12-05 20:34:38,071: publisherUpdate[/rosout] -> http://onboardpc:34879/ []
[rosmaster.master][INFO] 2018-12-05 20:34:38,073: publisherUpdate[/rosout] -> http://onboardpc:34879/ []: sec=0.00, result=[1, '', 0]
[rosmaster.master][INFO] 2018-12-05 20:34:46,461: +PARAM [/lms1xx/host] by /lms1xx
[rosmaster.master][INFO] 2018-12-05 20:34:46,464: +PUB [/rosout] /lms1xx http://onboardpc:44227/
[rosmaster.master][INFO] 2018-12-05 20:34:46,465: +SERVICE [/lms1xx/get_loggers] /lms1xx http://onboardpc:44227/
[rosmaster.master][INFO] 2018-12-05 20:34:46,466: +SERVICE [/lms1xx/set_logger_level] /lms1xx http://onboardpc:44227/
[rosmaster.master][INFO] 2018-12-05 20:34:46,468: +PUB [/scan] /lms1xx http://onboardpc:44227/
[rosmaster.master][INFO] 2018-12-05 20:34:46,490: publisherUpdate[/rosout] -> http://onboardpc:34879/ ['http://onboardpc:44227/']
[rosmaster.master][INFO] 2018-12-05 20:34:46,492: publisherUpdate[/rosout] -> http://onboardpc:34879/ ['http://onboardpc:44227/']: sec=0.00, result=[1, '', 0]
[rosmaster.master][INFO] 2018-12-05 20:34:48,199: -PUB [/rosout] /lms1xx http://onboardpc:44227/
[rosmaster.master][INFO] 2018-12-05 20:34:48,202: -PUB [/scan] /lms1xx http://onboardpc:44227/
[rosmaster.master][INFO] 2018-12-05 20:34:48,204: -SERVICE [/lms1xx/get_loggers] /lms1xx rosrpc://onboardpc:51007
[rosmaster.master][INFO] 2018-12-05 20:34:48,206: -SERVICE [/lms1xx/set_logger_level] /lms1xx rosrpc://onboardpc:51007
[rosmaster.master][INFO] 2018-12-05 20:34:48,295: publisherUpdate[/rosout] -> http://onboardpc:34879/ []
[rosmaster.master][INFO] 2018-12-05 20:34:48,297: publisherUpdate[/rosout] -> http://onboardpc:34879/ []: sec=0.00, result=[1, '', 0]
[rosmaster.master][INFO] 2018-12-05 20:34:51,602: -PUB [/rosout_agg] /rosout http://onboardpc:34879/
[rosmaster.master][INFO] 2018-12-05 20:34:51,603: -SUB [/rosout] /rosout http://onboardpc:34879/
[rosmaster.master][INFO] 2018-12-05 20:34:51,604: -SERVICE [/rosout/get_loggers] /rosout rosrpc://onboardpc:49267
[rosmaster.master][INFO] 2018-12-05 20:34:51,605: -SERVICE [/rosout/set_logger_level] /rosout rosrpc://onboardpc:49267
[rosmaster.main][INFO] 2018-12-05 20:34:51,693: keyboard interrupt, will exit
[rosmaster.main][INFO] 2018-12-05 20:34:51,694: stopping master...
[rospy.core][INFO] 2018-12-05 20:34:51,694: signal_shutdown [atexit]
