[rosmaster.main][INFO] 2019-01-14 11:21:12,905: initialization complete, waiting for shutdown
[rosmaster.main][INFO] 2019-01-14 11:21:12,906: Starting ROS Master Node
[xmlrpc][INFO] 2019-01-14 11:21:12,907: XML-RPC server binding to 0.0.0.0:11311
[xmlrpc][INFO] 2019-01-14 11:21:12,907: Started XML-RPC server [http://onboardpc:11311/]
[rosmaster.master][INFO] 2019-01-14 11:21:12,907: Master initialized: port[11311], uri[http://onboardpc:11311/]
[xmlrpc][INFO] 2019-01-14 11:21:12,907: xml rpc node: starting XML-RPC server
[rosmaster.master][INFO] 2019-01-14 11:21:12,999: +PARAM [/run_id] by /roslaunch
[rosmaster.master][INFO] 2019-01-14 11:21:13,000: +PARAM [/roslaunch/uris/host_onboardpc__37631] by /roslaunch
[rosmaster.master][INFO] 2019-01-14 11:21:13,165: +PARAM [/rosversion] by /roslaunch
[rosmaster.master][INFO] 2019-01-14 11:21:13,165: +PARAM [/rosdistro] by /roslaunch
[rosmaster.master][INFO] 2019-01-14 11:21:13,173: +SERVICE [/rosout/get_loggers] /rosout http://onboardpc:38653/
[rosmaster.master][INFO] 2019-01-14 11:21:13,174: +SERVICE [/rosout/set_logger_level] /rosout http://onboardpc:38653/
[rosmaster.master][INFO] 2019-01-14 11:21:13,176: +PUB [/rosout_agg] /rosout http://onboardpc:38653/
[rosmaster.master][INFO] 2019-01-14 11:21:13,183: +SUB [/rosout] /rosout http://onboardpc:38653/
[rosmaster.master][INFO] 2019-01-14 11:21:16,854: +PARAM [/lms1xx/host] by /lms1xx
[rosmaster.master][INFO] 2019-01-14 11:21:16,857: +PUB [/rosout] /lms1xx http://onboardpc:32931/
[rosmaster.master][INFO] 2019-01-14 11:21:16,858: +SERVICE [/lms1xx/get_loggers] /lms1xx http://onboardpc:32931/
[rosmaster.master][INFO] 2019-01-14 11:21:16,859: +SERVICE [/lms1xx/set_logger_level] /lms1xx http://onboardpc:32931/
[rosmaster.master][INFO] 2019-01-14 11:21:16,861: +PUB [/scan] /lms1xx http://onboardpc:32931/
[rosmaster.master][INFO] 2019-01-14 11:21:16,920: publisherUpdate[/rosout] -> http://onboardpc:38653/ ['http://onboardpc:32931/']
[rosmaster.master][INFO] 2019-01-14 11:21:16,926: publisherUpdate[/rosout] -> http://onboardpc:38653/ ['http://onboardpc:32931/']: sec=0.00, result=[1, '', 0]
[rosmaster.master][INFO] 2019-01-14 11:21:21,747: -PUB [/rosout] /lms1xx http://onboardpc:32931/
[rosmaster.master][INFO] 2019-01-14 11:21:21,751: -PUB [/scan] /lms1xx http://onboardpc:32931/
[rosmaster.master][INFO] 2019-01-14 11:21:21,753: -SERVICE [/lms1xx/get_loggers] /lms1xx rosrpc://onboardpc:43859
[rosmaster.master][INFO] 2019-01-14 11:21:21,755: -SERVICE [/lms1xx/set_logger_level] /lms1xx rosrpc://onboardpc:43859
[rosmaster.master][INFO] 2019-01-14 11:21:21,832: publisherUpdate[/rosout] -> http://onboardpc:38653/ []
[rosmaster.master][INFO] 2019-01-14 11:21:21,835: publisherUpdate[/rosout] -> http://onboardpc:38653/ []: sec=0.00, result=[1, '', 0]
[rosmaster.master][INFO] 2019-01-14 11:21:31,142: +PUB [/rosout] /lms1xx http://onboardpc:43167/
[rosmaster.master][INFO] 2019-01-14 11:21:31,143: +SERVICE [/lms1xx/get_loggers] /lms1xx http://onboardpc:43167/
[rosmaster.master][INFO] 2019-01-14 11:21:31,144: +SERVICE [/lms1xx/set_logger_level] /lms1xx http://onboardpc:43167/
[rosmaster.master][INFO] 2019-01-14 11:21:31,146: +PUB [/scan] /lms1xx http://onboardpc:43167/
[rosmaster.master][INFO] 2019-01-14 11:21:31,153: publisherUpdate[/rosout] -> http://onboardpc:38653/ ['http://onboardpc:43167/']
[rosmaster.master][INFO] 2019-01-14 11:21:31,154: publisherUpdate[/rosout] -> http://onboardpc:38653/ ['http://onboardpc:43167/']: sec=0.00, result=[1, '', 0]
[rosmaster.master][INFO] 2019-01-14 11:21:36,167: -PUB [/rosout] /lms1xx http://onboardpc:43167/
[rosmaster.master][INFO] 2019-01-14 11:21:36,167: publisherUpdate[/rosout] -> http://onboardpc:38653/ []
[rosmaster.master][INFO] 2019-01-14 11:21:36,170: publisherUpdate[/rosout] -> http://onboardpc:38653/ []: sec=0.00, result=[1, '', 0]
[rosmaster.master][INFO] 2019-01-14 11:21:36,172: -PUB [/scan] /lms1xx http://onboardpc:43167/
[rosmaster.master][INFO] 2019-01-14 11:21:36,175: -SERVICE [/lms1xx/get_loggers] /lms1xx rosrpc://onboardpc:42609
[rosmaster.master][INFO] 2019-01-14 11:21:36,177: -SERVICE [/lms1xx/set_logger_level] /lms1xx rosrpc://onboardpc:42609
[rosmaster.master][INFO] 2019-01-14 11:22:14,772: +PARAM [/lms1xx/host] by /lms1xx
[rosmaster.master][INFO] 2019-01-14 11:22:14,775: +PUB [/rosout] /lms1xx http://onboardpc:34217/
[rosmaster.master][INFO] 2019-01-14 11:22:14,776: +SERVICE [/lms1xx/get_loggers] /lms1xx http://onboardpc:34217/
[rosmaster.master][INFO] 2019-01-14 11:22:14,777: +SERVICE [/lms1xx/set_logger_level] /lms1xx http://onboardpc:34217/
[rosmaster.master][INFO] 2019-01-14 11:22:14,779: +PUB [/scan] /lms1xx http://onboardpc:34217/
[rosmaster.master][INFO] 2019-01-14 11:22:14,840: publisherUpdate[/rosout] -> http://onboardpc:38653/ ['http://onboardpc:34217/']
[rosmaster.master][INFO] 2019-01-14 11:22:14,843: publisherUpdate[/rosout] -> http://onboardpc:38653/ ['http://onboardpc:34217/']: sec=0.00, result=[1, '', 0]
[rosmaster.master][INFO] 2019-01-14 11:22:26,467: -PUB [/rosout] /lms1xx http://onboardpc:34217/
[rosmaster.master][INFO] 2019-01-14 11:22:26,470: -PUB [/scan] /lms1xx http://onboardpc:34217/
[rosmaster.master][INFO] 2019-01-14 11:22:26,473: -SERVICE [/lms1xx/get_loggers] /lms1xx rosrpc://onboardpc:37873
[rosmaster.master][INFO] 2019-01-14 11:22:26,474: publisherUpdate[/rosout] -> http://onboardpc:38653/ []
[rosmaster.master][INFO] 2019-01-14 11:22:26,475: -SERVICE [/lms1xx/set_logger_level] /lms1xx rosrpc://onboardpc:37873
[rosmaster.master][INFO] 2019-01-14 11:22:26,476: publisherUpdate[/rosout] -> http://onboardpc:38653/ []: sec=0.00, result=[1, '', 0]
[rosmaster.master][INFO] 2019-01-14 11:22:33,091: -PUB [/rosout_agg] /rosout http://onboardpc:38653/
[rosmaster.master][INFO] 2019-01-14 11:22:33,092: -SUB [/rosout] /rosout http://onboardpc:38653/
[rosmaster.master][INFO] 2019-01-14 11:22:33,093: -SERVICE [/rosout/get_loggers] /rosout rosrpc://onboardpc:48513
[rosmaster.master][INFO] 2019-01-14 11:22:33,094: -SERVICE [/rosout/set_logger_level] /rosout rosrpc://onboardpc:48513
[rosmaster.main][INFO] 2019-01-14 11:22:33,193: keyboard interrupt, will exit
[rosmaster.main][INFO] 2019-01-14 11:22:33,193: stopping master...
[rospy.core][INFO] 2019-01-14 11:22:33,194: signal_shutdown [atexit]
