[rosmaster.main][INFO] 2018-12-05 20:30:08,007: initialization complete, waiting for shutdown
[rosmaster.main][INFO] 2018-12-05 20:30:08,008: Starting ROS Master Node
[xmlrpc][INFO] 2018-12-05 20:30:08,008: XML-RPC server binding to 0.0.0.0:11311
[xmlrpc][INFO] 2018-12-05 20:30:08,009: Started XML-RPC server [http://onboardpc:11311/]
[rosmaster.master][INFO] 2018-12-05 20:30:08,009: Master initialized: port[11311], uri[http://onboardpc:11311/]
[xmlrpc][INFO] 2018-12-05 20:30:08,009: xml rpc node: starting XML-RPC server
[rosmaster.master][INFO] 2018-12-05 20:30:08,058: +PARAM [/lms1xx/host] by /lms1xx
[rosmaster.master][INFO] 2018-12-05 20:30:08,066: +PUB [/rosout] /lms1xx http://onboardpc:42109/
[rosmaster.master][INFO] 2018-12-05 20:30:08,067: +SERVICE [/lms1xx/get_loggers] /lms1xx http://onboardpc:42109/
[rosmaster.master][INFO] 2018-12-05 20:30:08,068: +SERVICE [/lms1xx/set_logger_level] /lms1xx http://onboardpc:42109/
[rosmaster.master][INFO] 2018-12-05 20:30:08,070: +PUB [/scan] /lms1xx http://onboardpc:42109/
[rosmaster.master][INFO] 2018-12-05 20:30:08,084: +PARAM [/run_id] by /roslaunch
[rosmaster.master][INFO] 2018-12-05 20:30:08,087: +PARAM [/roslaunch/uris/host_onboardpc__45195] by /roslaunch
[rosmaster.master][INFO] 2018-12-05 20:30:08,259: +PARAM [/rosversion] by /roslaunch
[rosmaster.master][INFO] 2018-12-05 20:30:08,259: +PARAM [/rosdistro] by /roslaunch
[rosmaster.master][INFO] 2018-12-05 20:30:08,268: +SERVICE [/rosout/get_loggers] /rosout http://onboardpc:37335/
[rosmaster.master][INFO] 2018-12-05 20:30:08,269: +SERVICE [/rosout/set_logger_level] /rosout http://onboardpc:37335/
[rosmaster.master][INFO] 2018-12-05 20:30:08,271: +PUB [/rosout_agg] /rosout http://onboardpc:37335/
[rosmaster.master][INFO] 2018-12-05 20:30:08,277: +SUB [/rosout] /rosout http://onboardpc:37335/
[rosmaster.master][INFO] 2018-12-05 20:30:44,242: -PUB [/rosout] /lms1xx http://onboardpc:42109/
[rosmaster.master][INFO] 2018-12-05 20:30:44,246: -PUB [/scan] /lms1xx http://onboardpc:42109/
[rosmaster.master][INFO] 2018-12-05 20:30:44,249: -SERVICE [/lms1xx/get_loggers] /lms1xx rosrpc://onboardpc:58187
[rosmaster.master][INFO] 2018-12-05 20:30:44,251: -SERVICE [/lms1xx/set_logger_level] /lms1xx rosrpc://onboardpc:58187
[rosmaster.master][INFO] 2018-12-05 20:30:44,290: publisherUpdate[/rosout] -> http://onboardpc:37335/ []
[rosmaster.master][INFO] 2018-12-05 20:30:44,293: publisherUpdate[/rosout] -> http://onboardpc:37335/ []: sec=0.00, result=[1, '', 0]
[rosmaster.master][INFO] 2018-12-05 20:31:01,629: +PARAM [/lms1xx/host] by /lms1xx
[rosmaster.master][INFO] 2018-12-05 20:31:01,632: +PUB [/rosout] /lms1xx http://onboardpc:40605/
[rosmaster.master][INFO] 2018-12-05 20:31:01,633: +SERVICE [/lms1xx/get_loggers] /lms1xx http://onboardpc:40605/
[rosmaster.master][INFO] 2018-12-05 20:31:01,634: +SERVICE [/lms1xx/set_logger_level] /lms1xx http://onboardpc:40605/
[rosmaster.master][INFO] 2018-12-05 20:31:01,636: +PUB [/scan] /lms1xx http://onboardpc:40605/
[rosmaster.master][INFO] 2018-12-05 20:31:01,727: publisherUpdate[/rosout] -> http://onboardpc:37335/ ['http://onboardpc:40605/']
[rosmaster.master][INFO] 2018-12-05 20:31:01,730: publisherUpdate[/rosout] -> http://onboardpc:37335/ ['http://onboardpc:40605/']: sec=0.00, result=[1, '', 0]
[rosmaster.master][INFO] 2018-12-05 20:31:06,443: -PUB [/rosout] /lms1xx http://onboardpc:40605/
[rosmaster.master][INFO] 2018-12-05 20:31:06,444: publisherUpdate[/rosout] -> http://onboardpc:37335/ []
[rosmaster.master][INFO] 2018-12-05 20:31:06,448: publisherUpdate[/rosout] -> http://onboardpc:37335/ []: sec=0.00, result=[1, '', 0]
[rosmaster.master][INFO] 2018-12-05 20:31:06,448: -PUB [/scan] /lms1xx http://onboardpc:40605/
[rosmaster.master][INFO] 2018-12-05 20:31:06,450: -SERVICE [/lms1xx/get_loggers] /lms1xx rosrpc://onboardpc:45125
[rosmaster.master][INFO] 2018-12-05 20:31:06,451: -SERVICE [/lms1xx/set_logger_level] /lms1xx rosrpc://onboardpc:45125
[rosmaster.master][INFO] 2018-12-05 20:31:13,124: +PARAM [/lms1xx/host] by /lms1xx
[rosmaster.master][INFO] 2018-12-05 20:31:13,127: +PUB [/rosout] /lms1xx http://onboardpc:42831/
[rosmaster.master][INFO] 2018-12-05 20:31:13,128: +SERVICE [/lms1xx/get_loggers] /lms1xx http://onboardpc:42831/
[rosmaster.master][INFO] 2018-12-05 20:31:13,129: +SERVICE [/lms1xx/set_logger_level] /lms1xx http://onboardpc:42831/
[rosmaster.master][INFO] 2018-12-05 20:31:13,131: +PUB [/scan] /lms1xx http://onboardpc:42831/
[rosmaster.master][INFO] 2018-12-05 20:31:13,156: publisherUpdate[/rosout] -> http://onboardpc:37335/ ['http://onboardpc:42831/']
[rosmaster.master][INFO] 2018-12-05 20:31:13,159: publisherUpdate[/rosout] -> http://onboardpc:37335/ ['http://onboardpc:42831/']: sec=0.00, result=[1, '', 0]
[rosmaster.master][INFO] 2018-12-05 20:31:13,964: -PUB [/rosout] /lms1xx http://onboardpc:42831/
[rosmaster.master][INFO] 2018-12-05 20:31:13,967: -PUB [/scan] /lms1xx http://onboardpc:42831/
[rosmaster.master][INFO] 2018-12-05 20:31:13,970: -SERVICE [/lms1xx/get_loggers] /lms1xx rosrpc://onboardpc:49753
[rosmaster.master][INFO] 2018-12-05 20:31:13,972: -SERVICE [/lms1xx/set_logger_level] /lms1xx rosrpc://onboardpc:49753
[rosmaster.master][INFO] 2018-12-05 20:31:14,058: publisherUpdate[/rosout] -> http://onboardpc:37335/ []
[rosmaster.master][INFO] 2018-12-05 20:31:14,061: publisherUpdate[/rosout] -> http://onboardpc:37335/ []: sec=0.00, result=[1, '', 0]
[rosmaster.master][INFO] 2018-12-05 20:31:21,941: +PARAM [/lms1xx/host] by /lms1xx
[rosmaster.master][INFO] 2018-12-05 20:31:21,944: +PUB [/rosout] /lms1xx http://onboardpc:39799/
[rosmaster.master][INFO] 2018-12-05 20:31:21,946: +SERVICE [/lms1xx/get_loggers] /lms1xx http://onboardpc:39799/
[rosmaster.master][INFO] 2018-12-05 20:31:21,946: +SERVICE [/lms1xx/set_logger_level] /lms1xx http://onboardpc:39799/
[rosmaster.master][INFO] 2018-12-05 20:31:21,948: +PUB [/scan] /lms1xx http://onboardpc:39799/
[rosmaster.master][INFO] 2018-12-05 20:31:21,978: publisherUpdate[/rosout] -> http://onboardpc:37335/ ['http://onboardpc:39799/']
[rosmaster.master][INFO] 2018-12-05 20:31:21,981: publisherUpdate[/rosout] -> http://onboardpc:37335/ ['http://onboardpc:39799/']: sec=0.00, result=[1, '', 0]
[rosmaster.master][INFO] 2018-12-05 20:31:24,688: -PUB [/rosout] /lms1xx http://onboardpc:39799/
[rosmaster.master][INFO] 2018-12-05 20:31:24,691: -PUB [/scan] /lms1xx http://onboardpc:39799/
[rosmaster.master][INFO] 2018-12-05 20:31:24,692: -SERVICE [/lms1xx/get_loggers] /lms1xx rosrpc://onboardpc:49065
[rosmaster.master][INFO] 2018-12-05 20:31:24,693: -SERVICE [/lms1xx/set_logger_level] /lms1xx rosrpc://onboardpc:49065
[rosmaster.master][INFO] 2018-12-05 20:31:24,785: publisherUpdate[/rosout] -> http://onboardpc:37335/ []
[rosmaster.master][INFO] 2018-12-05 20:31:24,788: publisherUpdate[/rosout] -> http://onboardpc:37335/ []: sec=0.00, result=[1, '', 0]
[rosmaster.master][INFO] 2018-12-05 20:32:50,531: +PARAM [/lms1xx/host] by /lms1xx
[rosmaster.master][INFO] 2018-12-05 20:32:50,534: +PUB [/rosout] /lms1xx http://onboardpc:45819/
[rosmaster.master][INFO] 2018-12-05 20:32:50,535: +SERVICE [/lms1xx/get_loggers] /lms1xx http://onboardpc:45819/
[rosmaster.master][INFO] 2018-12-05 20:32:50,536: +SERVICE [/lms1xx/set_logger_level] /lms1xx http://onboardpc:45819/
[rosmaster.master][INFO] 2018-12-05 20:32:50,538: +PUB [/scan] /lms1xx http://onboardpc:45819/
[rosmaster.master][INFO] 2018-12-05 20:32:50,569: publisherUpdate[/rosout] -> http://onboardpc:37335/ ['http://onboardpc:45819/']
[rosmaster.master][INFO] 2018-12-05 20:32:50,572: publisherUpdate[/rosout] -> http://onboardpc:37335/ ['http://onboardpc:45819/']: sec=0.00, result=[1, '', 0]
[rosmaster.master][INFO] 2018-12-05 20:32:52,479: -PUB [/rosout] /lms1xx http://onboardpc:45819/
[rosmaster.master][INFO] 2018-12-05 20:32:52,482: -PUB [/scan] /lms1xx http://onboardpc:45819/
[rosmaster.master][INFO] 2018-12-05 20:32:52,485: -SERVICE [/lms1xx/get_loggers] /lms1xx rosrpc://onboardpc:34389
[rosmaster.master][INFO] 2018-12-05 20:32:52,486: -SERVICE [/lms1xx/set_logger_level] /lms1xx rosrpc://onboardpc:34389
[rosmaster.master][INFO] 2018-12-05 20:32:52,576: publisherUpdate[/rosout] -> http://onboardpc:37335/ []
[rosmaster.master][INFO] 2018-12-05 20:32:52,578: publisherUpdate[/rosout] -> http://onboardpc:37335/ []: sec=0.00, result=[1, '', 0]
[rosmaster.master][INFO] 2018-12-05 20:33:04,022: +PARAM [/lms1xx/host] by /lms1xx
[rosmaster.master][INFO] 2018-12-05 20:33:04,025: +PUB [/rosout] /lms1xx http://onboardpc:44865/
[rosmaster.master][INFO] 2018-12-05 20:33:04,026: +SERVICE [/lms1xx/get_loggers] /lms1xx http://onboardpc:44865/
[rosmaster.master][INFO] 2018-12-05 20:33:04,027: +SERVICE [/lms1xx/set_logger_level] /lms1xx http://onboardpc:44865/
[rosmaster.master][INFO] 2018-12-05 20:33:04,029: +PUB [/scan] /lms1xx http://onboardpc:44865/
[rosmaster.master][INFO] 2018-12-05 20:33:04,099: publisherUpdate[/rosout] -> http://onboardpc:37335/ ['http://onboardpc:44865/']
[rosmaster.master][INFO] 2018-12-05 20:33:04,101: publisherUpdate[/rosout] -> http://onboardpc:37335/ ['http://onboardpc:44865/']: sec=0.00, result=[1, '', 0]
[rosmaster.master][INFO] 2018-12-05 20:33:19,331: -PUB [/rosout] /lms1xx http://onboardpc:44865/
[rosmaster.master][INFO] 2018-12-05 20:33:19,334: -PUB [/scan] /lms1xx http://onboardpc:44865/
[rosmaster.master][INFO] 2018-12-05 20:33:19,336: -SERVICE [/lms1xx/get_loggers] /lms1xx rosrpc://onboardpc:43845
[rosmaster.master][INFO] 2018-12-05 20:33:19,337: -SERVICE [/lms1xx/set_logger_level] /lms1xx rosrpc://onboardpc:43845
[rosmaster.master][INFO] 2018-12-05 20:33:19,429: publisherUpdate[/rosout] -> http://onboardpc:37335/ []
[rosmaster.master][INFO] 2018-12-05 20:33:19,431: publisherUpdate[/rosout] -> http://onboardpc:37335/ []: sec=0.00, result=[1, '', 0]
[rosmaster.master][INFO] 2018-12-05 20:33:22,838: -PUB [/rosout_agg] /rosout http://onboardpc:37335/
[rosmaster.master][INFO] 2018-12-05 20:33:22,839: -SUB [/rosout] /rosout http://onboardpc:37335/
[rosmaster.master][INFO] 2018-12-05 20:33:22,840: -SERVICE [/rosout/get_loggers] /rosout rosrpc://onboardpc:47803
[rosmaster.master][INFO] 2018-12-05 20:33:22,841: -SERVICE [/rosout/set_logger_level] /rosout rosrpc://onboardpc:47803
[rosmaster.main][INFO] 2018-12-05 20:33:23,015: keyboard interrupt, will exit
[rosmaster.main][INFO] 2018-12-05 20:33:23,015: stopping master...
[rospy.core][INFO] 2018-12-05 20:33:23,015: signal_shutdown [atexit]
