[rosmaster.main][INFO] 2019-01-10 10:06:43,497: initialization complete, waiting for shutdown
[rosmaster.main][INFO] 2019-01-10 10:06:43,497: Starting ROS Master Node
[xmlrpc][INFO] 2019-01-10 10:06:43,498: XML-RPC server binding to 0.0.0.0:11311
[xmlrpc][INFO] 2019-01-10 10:06:43,498: Started XML-RPC server [http://onboardpc:11311/]
[rosmaster.master][INFO] 2019-01-10 10:06:43,499: Master initialized: port[11311], uri[http://onboardpc:11311/]
[xmlrpc][INFO] 2019-01-10 10:06:43,499: xml rpc node: starting XML-RPC server
[rosmaster.master][INFO] 2019-01-10 10:06:43,584: +PARAM [/run_id] by /roslaunch
[rosmaster.master][INFO] 2019-01-10 10:06:43,586: +PARAM [/roslaunch/uris/host_onboardpc__40685] by /roslaunch
[rosmaster.master][INFO] 2019-01-10 10:06:43,744: +PARAM [/rosversion] by /roslaunch
[rosmaster.master][INFO] 2019-01-10 10:06:43,744: +PARAM [/rosdistro] by /roslaunch
[rosmaster.master][INFO] 2019-01-10 10:06:43,752: +SERVICE [/rosout/get_loggers] /rosout http://onboardpc:41465/
[rosmaster.master][INFO] 2019-01-10 10:06:43,753: +SERVICE [/rosout/set_logger_level] /rosout http://onboardpc:41465/
[rosmaster.master][INFO] 2019-01-10 10:06:43,755: +PUB [/rosout_agg] /rosout http://onboardpc:41465/
[rosmaster.master][INFO] 2019-01-10 10:06:43,762: +SUB [/rosout] /rosout http://onboardpc:41465/
[rosmaster.master][INFO] 2019-01-10 10:06:48,066: +PARAM [/RosAria/port] by /RosAria
[rosmaster.master][INFO] 2019-01-10 10:06:48,069: +PUB [/rosout] /RosAria http://onboardpc:36943/
[rosmaster.master][INFO] 2019-01-10 10:06:48,070: +SERVICE [/RosAria/get_loggers] /RosAria http://onboardpc:36943/
[rosmaster.master][INFO] 2019-01-10 10:06:48,071: +SERVICE [/RosAria/set_logger_level] /RosAria http://onboardpc:36943/
[rosmaster.master][INFO] 2019-01-10 10:06:48,074: +PUB [/tf] /RosAria http://onboardpc:36943/
[rosmaster.master][INFO] 2019-01-10 10:06:48,085: +PUB [/RosAria/pose] /RosAria http://onboardpc:36943/
[rosmaster.master][INFO] 2019-01-10 10:06:48,086: +PUB [/RosAria/bumper_state] /RosAria http://onboardpc:36943/
[rosmaster.master][INFO] 2019-01-10 10:06:48,087: +PUB [/RosAria/sonar] /RosAria http://onboardpc:36943/
[rosmaster.master][INFO] 2019-01-10 10:06:48,088: +PUB [/RosAria/sonar_pointcloud2] /RosAria http://onboardpc:36943/
[rosmaster.master][INFO] 2019-01-10 10:06:48,089: +PUB [/RosAria/battery_voltage] /RosAria http://onboardpc:36943/
[rosmaster.master][INFO] 2019-01-10 10:06:48,090: +PUB [/RosAria/battery_recharge_state] /RosAria http://onboardpc:36943/
[rosmaster.master][INFO] 2019-01-10 10:06:48,091: +PUB [/RosAria/battery_state_of_charge] /RosAria http://onboardpc:36943/
[rosmaster.master][INFO] 2019-01-10 10:06:48,092: +PUB [/RosAria/motors_state] /RosAria http://onboardpc:36943/
[rosmaster.master][INFO] 2019-01-10 10:06:48,093: +SERVICE [/RosAria/enable_motors] /RosAria http://onboardpc:36943/
[rosmaster.master][INFO] 2019-01-10 10:06:48,094: +SERVICE [/RosAria/disable_motors] /RosAria http://onboardpc:36943/
[rosmaster.master][INFO] 2019-01-10 10:06:48,107: publisherUpdate[/rosout] -> http://onboardpc:41465/ ['http://onboardpc:36943/']
[rosmaster.master][INFO] 2019-01-10 10:06:48,110: publisherUpdate[/rosout] -> http://onboardpc:41465/ ['http://onboardpc:36943/']: sec=0.00, result=[1, '', 0]
[rosmaster.master][INFO] 2019-01-10 10:06:48,698: +SERVICE [/RosAria/set_parameters] /RosAria http://onboardpc:36943/
[rosmaster.master][INFO] 2019-01-10 10:06:48,700: +PUB [/RosAria/parameter_descriptions] /RosAria http://onboardpc:36943/
[rosmaster.master][INFO] 2019-01-10 10:06:48,701: +PUB [/RosAria/parameter_updates] /RosAria http://onboardpc:36943/
[rosmaster.master][INFO] 2019-01-10 10:06:48,709: +PARAM [/RosAria/trans_accel] by /RosAria
[rosmaster.master][INFO] 2019-01-10 10:06:48,710: +PARAM [/RosAria/trans_decel] by /RosAria
[rosmaster.master][INFO] 2019-01-10 10:06:48,711: +PARAM [/RosAria/lat_accel] by /RosAria
[rosmaster.master][INFO] 2019-01-10 10:06:48,712: +PARAM [/RosAria/lat_decel] by /RosAria
[rosmaster.master][INFO] 2019-01-10 10:06:48,713: +PARAM [/RosAria/rot_accel] by /RosAria
[rosmaster.master][INFO] 2019-01-10 10:06:48,714: +PARAM [/RosAria/rot_decel] by /RosAria
[rosmaster.master][INFO] 2019-01-10 10:06:48,715: +PARAM [/RosAria/TicksMM] by /RosAria
[rosmaster.master][INFO] 2019-01-10 10:06:48,716: +PARAM [/RosAria/DriftFactor] by /RosAria
[rosmaster.master][INFO] 2019-01-10 10:06:48,717: +PARAM [/RosAria/RevCount] by /RosAria
[rosmaster.master][INFO] 2019-01-10 10:06:48,718: +PARAM [/RosAria/trans_accel] by /RosAria
[rosmaster.master][INFO] 2019-01-10 10:06:48,719: +PARAM [/RosAria/trans_decel] by /RosAria
[rosmaster.master][INFO] 2019-01-10 10:06:48,720: +PARAM [/RosAria/lat_accel] by /RosAria
[rosmaster.master][INFO] 2019-01-10 10:06:48,721: +PARAM [/RosAria/lat_decel] by /RosAria
[rosmaster.master][INFO] 2019-01-10 10:06:48,722: +PARAM [/RosAria/rot_accel] by /RosAria
[rosmaster.master][INFO] 2019-01-10 10:06:48,723: +PARAM [/RosAria/rot_decel] by /RosAria
[rosmaster.master][INFO] 2019-01-10 10:06:48,724: +PARAM [/RosAria/TicksMM] by /RosAria
[rosmaster.master][INFO] 2019-01-10 10:06:48,726: +PARAM [/RosAria/DriftFactor] by /RosAria
[rosmaster.master][INFO] 2019-01-10 10:06:48,727: +PARAM [/RosAria/RevCount] by /RosAria
[rosmaster.master][INFO] 2019-01-10 10:06:48,733: +SUB [/RosAria/cmd_vel] /RosAria http://onboardpc:36943/
[rosmaster.master][INFO] 2019-01-10 10:10:52,007: +PUB [/rosout] /rostopic_2917_1547122251830 http://onboardpc:38133/
[rosmaster.master][INFO] 2019-01-10 10:10:52,012: +SERVICE [/rostopic_2917_1547122251830/get_loggers] /rostopic_2917_1547122251830 http://onboardpc:38133/
[rosmaster.master][INFO] 2019-01-10 10:10:52,014: +SERVICE [/rostopic_2917_1547122251830/set_logger_level] /rostopic_2917_1547122251830 http://onboardpc:38133/
[rosmaster.master][INFO] 2019-01-10 10:10:52,039: +SUB [/RosAria/cmd_vel] /rostopic_2917_1547122251830 http://onboardpc:38133/
[rosmaster.master][INFO] 2019-01-10 10:10:52,074: publisherUpdate[/rosout] -> http://onboardpc:41465/ ['http://onboardpc:36943/', 'http://onboardpc:38133/']
[rosmaster.master][INFO] 2019-01-10 10:10:52,075: publisherUpdate[/rosout] -> http://onboardpc:41465/ ['http://onboardpc:36943/', 'http://onboardpc:38133/']: sec=0.00, result=[1, '', 0]
[rosmaster.master][INFO] 2019-01-10 10:11:00,720: -SUB [/RosAria/cmd_vel] /rostopic_2917_1547122251830 http://onboardpc:38133/
[rosmaster.master][INFO] 2019-01-10 10:11:00,720: -PUB [/rosout] /rostopic_2917_1547122251830 http://onboardpc:38133/
[rosmaster.master][INFO] 2019-01-10 10:11:00,720: -SERVICE [/rostopic_2917_1547122251830/get_loggers] /rostopic_2917_1547122251830 rosrpc://onboardpc:39219
[rosmaster.master][INFO] 2019-01-10 10:11:00,720: -SERVICE [/rostopic_2917_1547122251830/set_logger_level] /rostopic_2917_1547122251830 rosrpc://onboardpc:39219
[rosmaster.master][INFO] 2019-01-10 10:11:00,791: publisherUpdate[/rosout] -> http://onboardpc:41465/ ['http://onboardpc:36943/']
[rosmaster.master][INFO] 2019-01-10 10:11:00,793: publisherUpdate[/rosout] -> http://onboardpc:41465/ ['http://onboardpc:36943/']: sec=0.00, result=[1, '', 0]
[rosmaster.master][INFO] 2019-01-10 10:11:09,859: +PUB [/rosout] /rostopic_2953_1547122269682 http://onboardpc:46121/
[rosmaster.master][INFO] 2019-01-10 10:11:09,868: +SERVICE [/rostopic_2953_1547122269682/get_loggers] /rostopic_2953_1547122269682 http://onboardpc:46121/
[rosmaster.master][INFO] 2019-01-10 10:11:09,870: +SERVICE [/rostopic_2953_1547122269682/set_logger_level] /rostopic_2953_1547122269682 http://onboardpc:46121/
[rosmaster.master][INFO] 2019-01-10 10:11:09,879: +SUB [/RosAria/motors_state] /rostopic_2953_1547122269682 http://onboardpc:46121/
[rosmaster.master][INFO] 2019-01-10 10:11:09,908: publisherUpdate[/rosout] -> http://onboardpc:41465/ ['http://onboardpc:36943/', 'http://onboardpc:46121/']
[rosmaster.master][INFO] 2019-01-10 10:11:09,911: publisherUpdate[/rosout] -> http://onboardpc:41465/ ['http://onboardpc:36943/', 'http://onboardpc:46121/']: sec=0.00, result=[1, '', 0]
[rosmaster.master][INFO] 2019-01-10 10:11:48,536: -SUB [/RosAria/motors_state] /rostopic_2953_1547122269682 http://onboardpc:46121/
[rosmaster.master][INFO] 2019-01-10 10:11:48,537: -PUB [/rosout] /rostopic_2953_1547122269682 http://onboardpc:46121/
[rosmaster.master][INFO] 2019-01-10 10:11:48,538: -SERVICE [/rostopic_2953_1547122269682/get_loggers] /rostopic_2953_1547122269682 rosrpc://onboardpc:45223
[rosmaster.master][INFO] 2019-01-10 10:11:48,538: -SERVICE [/rostopic_2953_1547122269682/set_logger_level] /rostopic_2953_1547122269682 rosrpc://onboardpc:45223
[rosmaster.master][INFO] 2019-01-10 10:11:48,583: publisherUpdate[/rosout] -> http://onboardpc:41465/ ['http://onboardpc:36943/']
[rosmaster.master][INFO] 2019-01-10 10:11:48,585: publisherUpdate[/rosout] -> http://onboardpc:41465/ ['http://onboardpc:36943/']: sec=0.00, result=[1, '', 0]
[rosmaster.master][INFO] 2019-01-10 10:11:51,812: +PUB [/rosout] /rostopic_2974_1547122311634 http://onboardpc:37631/
[rosmaster.master][INFO] 2019-01-10 10:11:51,817: +SERVICE [/rostopic_2974_1547122311634/get_loggers] /rostopic_2974_1547122311634 http://onboardpc:37631/
[rosmaster.master][INFO] 2019-01-10 10:11:51,820: +SERVICE [/rostopic_2974_1547122311634/set_logger_level] /rostopic_2974_1547122311634 http://onboardpc:37631/
[rosmaster.master][INFO] 2019-01-10 10:11:51,829: +SUB [/RosAria/motors_state] /rostopic_2974_1547122311634 http://onboardpc:37631/
[rosmaster.master][INFO] 2019-01-10 10:11:51,890: publisherUpdate[/rosout] -> http://onboardpc:41465/ ['http://onboardpc:36943/', 'http://onboardpc:37631/']
[rosmaster.master][INFO] 2019-01-10 10:11:51,892: publisherUpdate[/rosout] -> http://onboardpc:41465/ ['http://onboardpc:36943/', 'http://onboardpc:37631/']: sec=0.00, result=[1, '', 0]
[rosmaster.master][INFO] 2019-01-10 10:11:56,745: -SUB [/RosAria/motors_state] /rostopic_2974_1547122311634 http://onboardpc:37631/
[rosmaster.master][INFO] 2019-01-10 10:11:56,746: -PUB [/rosout] /rostopic_2974_1547122311634 http://onboardpc:37631/
[rosmaster.master][INFO] 2019-01-10 10:11:56,746: -SERVICE [/rostopic_2974_1547122311634/set_logger_level] /rostopic_2974_1547122311634 rosrpc://onboardpc:38083
[rosmaster.master][INFO] 2019-01-10 10:11:56,746: -SERVICE [/rostopic_2974_1547122311634/get_loggers] /rostopic_2974_1547122311634 rosrpc://onboardpc:38083
[rosmaster.master][INFO] 2019-01-10 10:11:56,801: publisherUpdate[/rosout] -> http://onboardpc:41465/ ['http://onboardpc:36943/']
[rosmaster.master][INFO] 2019-01-10 10:11:56,803: publisherUpdate[/rosout] -> http://onboardpc:41465/ ['http://onboardpc:36943/']: sec=0.00, result=[1, '', 0]
[rosmaster.master][INFO] 2019-01-10 10:12:05,643: +PUB [/rosout] /rostopic_2997_1547122325466 http://onboardpc:46767/
[rosmaster.master][INFO] 2019-01-10 10:12:05,648: +SERVICE [/rostopic_2997_1547122325466/get_loggers] /rostopic_2997_1547122325466 http://onboardpc:46767/
[rosmaster.master][INFO] 2019-01-10 10:12:05,650: +SERVICE [/rostopic_2997_1547122325466/set_logger_level] /rostopic_2997_1547122325466 http://onboardpc:46767/
[rosmaster.master][INFO] 2019-01-10 10:12:05,660: +SUB [/RosAria/motors_state] /rostopic_2997_1547122325466 http://onboardpc:46767/
[rosmaster.master][INFO] 2019-01-10 10:12:05,718: publisherUpdate[/rosout] -> http://onboardpc:41465/ ['http://onboardpc:36943/', 'http://onboardpc:46767/']
[rosmaster.master][INFO] 2019-01-10 10:12:05,719: publisherUpdate[/rosout] -> http://onboardpc:41465/ ['http://onboardpc:36943/', 'http://onboardpc:46767/']: sec=0.00, result=[1, '', 0]
[rosmaster.master][INFO] 2019-01-10 10:12:07,543: -SUB [/RosAria/motors_state] /rostopic_2997_1547122325466 http://onboardpc:46767/
[rosmaster.master][INFO] 2019-01-10 10:12:07,544: -PUB [/rosout] /rostopic_2997_1547122325466 http://onboardpc:46767/
[rosmaster.master][INFO] 2019-01-10 10:12:07,544: -SERVICE [/rostopic_2997_1547122325466/set_logger_level] /rostopic_2997_1547122325466 rosrpc://onboardpc:36773
[rosmaster.master][INFO] 2019-01-10 10:12:07,545: -SERVICE [/rostopic_2997_1547122325466/get_loggers] /rostopic_2997_1547122325466 rosrpc://onboardpc:36773
[rosmaster.master][INFO] 2019-01-10 10:12:07,624: publisherUpdate[/rosout] -> http://onboardpc:41465/ ['http://onboardpc:36943/']
[rosmaster.master][INFO] 2019-01-10 10:12:07,626: publisherUpdate[/rosout] -> http://onboardpc:41465/ ['http://onboardpc:36943/']: sec=0.00, result=[1, '', 0]
[rosmaster.master][INFO] 2019-01-10 10:20:45,827: +PUB [/rosout] /rostopic_3042_1547122845650 http://onboardpc:44253/
[rosmaster.master][INFO] 2019-01-10 10:20:45,833: publisherUpdate[/rosout] -> http://onboardpc:41465/ ['http://onboardpc:36943/', 'http://onboardpc:44253/']
[rosmaster.master][INFO] 2019-01-10 10:20:45,834: publisherUpdate[/rosout] -> http://onboardpc:41465/ ['http://onboardpc:36943/', 'http://onboardpc:44253/']: sec=0.00, result=[1, '', 0]
[rosmaster.master][INFO] 2019-01-10 10:20:45,836: +SERVICE [/rostopic_3042_1547122845650/get_loggers] /rostopic_3042_1547122845650 http://onboardpc:44253/
[rosmaster.master][INFO] 2019-01-10 10:20:45,838: +SERVICE [/rostopic_3042_1547122845650/set_logger_level] /rostopic_3042_1547122845650 http://onboardpc:44253/
[rosmaster.master][INFO] 2019-01-10 10:20:45,844: +SUB [/RosAria/motors_state] /rostopic_3042_1547122845650 http://onboardpc:44253/
[rosmaster.master][INFO] 2019-01-10 10:20:52,856: -SUB [/RosAria/motors_state] /rostopic_3042_1547122845650 http://onboardpc:44253/
[rosmaster.master][INFO] 2019-01-10 10:20:52,856: -PUB [/rosout] /rostopic_3042_1547122845650 http://onboardpc:44253/
[rosmaster.master][INFO] 2019-01-10 10:20:52,857: -SERVICE [/rostopic_3042_1547122845650/set_logger_level] /rostopic_3042_1547122845650 rosrpc://onboardpc:44135
[rosmaster.master][INFO] 2019-01-10 10:20:52,857: -SERVICE [/rostopic_3042_1547122845650/get_loggers] /rostopic_3042_1547122845650 rosrpc://onboardpc:44135
[rosmaster.master][INFO] 2019-01-10 10:20:52,889: publisherUpdate[/rosout] -> http://onboardpc:41465/ ['http://onboardpc:36943/']
[rosmaster.master][INFO] 2019-01-10 10:20:52,890: publisherUpdate[/rosout] -> http://onboardpc:41465/ ['http://onboardpc:36943/']: sec=0.00, result=[1, '', 0]
[rosmaster.master][INFO] 2019-01-10 10:21:14,802: +PUB [/rosout] /rostopic_3091_1547122874623 http://onboardpc:35105/
[rosmaster.master][INFO] 2019-01-10 10:21:14,807: +SERVICE [/rostopic_3091_1547122874623/get_loggers] /rostopic_3091_1547122874623 http://onboardpc:35105/
[rosmaster.master][INFO] 2019-01-10 10:21:14,809: +SERVICE [/rostopic_3091_1547122874623/set_logger_level] /rostopic_3091_1547122874623 http://onboardpc:35105/
[rosmaster.master][INFO] 2019-01-10 10:21:14,826: +SUB [/RosAria/cmd_vel] /rostopic_3091_1547122874623 http://onboardpc:35105/
[rosmaster.master][INFO] 2019-01-10 10:21:14,835: publisherUpdate[/rosout] -> http://onboardpc:41465/ ['http://onboardpc:36943/', 'http://onboardpc:35105/']
[rosmaster.master][INFO] 2019-01-10 10:21:14,836: publisherUpdate[/rosout] -> http://onboardpc:41465/ ['http://onboardpc:36943/', 'http://onboardpc:35105/']: sec=0.00, result=[1, '', 0]
[rosmaster.master][INFO] 2019-01-10 10:21:30,733: -SUB [/RosAria/cmd_vel] /rostopic_3091_1547122874623 http://onboardpc:35105/
[rosmaster.master][INFO] 2019-01-10 10:21:30,733: -PUB [/rosout] /rostopic_3091_1547122874623 http://onboardpc:35105/
[rosmaster.master][INFO] 2019-01-10 10:21:30,734: -SERVICE [/rostopic_3091_1547122874623/set_logger_level] /rostopic_3091_1547122874623 rosrpc://onboardpc:40533
[rosmaster.master][INFO] 2019-01-10 10:21:30,734: -SERVICE [/rostopic_3091_1547122874623/get_loggers] /rostopic_3091_1547122874623 rosrpc://onboardpc:40533
[rosmaster.master][INFO] 2019-01-10 10:21:30,768: publisherUpdate[/rosout] -> http://onboardpc:41465/ ['http://onboardpc:36943/']
[rosmaster.master][INFO] 2019-01-10 10:21:30,770: publisherUpdate[/rosout] -> http://onboardpc:41465/ ['http://onboardpc:36943/']: sec=0.00, result=[1, '', 0]
[rosmaster.master][INFO] 2019-01-10 10:21:45,415: +PUB [/rosout] /rostopic_3127_1547122905238 http://onboardpc:33379/
[rosmaster.master][INFO] 2019-01-10 10:21:45,422: +SERVICE [/rostopic_3127_1547122905238/get_loggers] /rostopic_3127_1547122905238 http://onboardpc:33379/
[rosmaster.master][INFO] 2019-01-10 10:21:45,424: +SERVICE [/rostopic_3127_1547122905238/set_logger_level] /rostopic_3127_1547122905238 http://onboardpc:33379/
[rosmaster.master][INFO] 2019-01-10 10:21:45,441: +SUB [/RosAria/parameter_descriptions] /rostopic_3127_1547122905238 http://onboardpc:33379/
[rosmaster.master][INFO] 2019-01-10 10:21:45,457: publisherUpdate[/rosout] -> http://onboardpc:41465/ ['http://onboardpc:36943/', 'http://onboardpc:33379/']
[rosmaster.master][INFO] 2019-01-10 10:21:45,458: publisherUpdate[/rosout] -> http://onboardpc:41465/ ['http://onboardpc:36943/', 'http://onboardpc:33379/']: sec=0.00, result=[1, '', 0]
[rosmaster.master][INFO] 2019-01-10 10:22:01,434: -SUB [/RosAria/parameter_descriptions] /rostopic_3127_1547122905238 http://onboardpc:33379/
[rosmaster.master][INFO] 2019-01-10 10:22:01,435: -PUB [/rosout] /rostopic_3127_1547122905238 http://onboardpc:33379/
[rosmaster.master][INFO] 2019-01-10 10:22:01,435: -SERVICE [/rostopic_3127_1547122905238/set_logger_level] /rostopic_3127_1547122905238 rosrpc://onboardpc:37699
[rosmaster.master][INFO] 2019-01-10 10:22:01,435: -SERVICE [/rostopic_3127_1547122905238/get_loggers] /rostopic_3127_1547122905238 rosrpc://onboardpc:37699
[rosmaster.master][INFO] 2019-01-10 10:22:01,492: publisherUpdate[/rosout] -> http://onboardpc:41465/ ['http://onboardpc:36943/']
[rosmaster.master][INFO] 2019-01-10 10:22:01,494: publisherUpdate[/rosout] -> http://onboardpc:41465/ ['http://onboardpc:36943/']: sec=0.00, result=[1, '', 0]
[rosmaster.master][INFO] 2019-01-10 10:24:53,474: +PUB [/rosout] /rviz_1547123093305218038 http://andre-Inspiron-15-7000-Gaming:37385/
[rosmaster.master][INFO] 2019-01-10 10:24:53,483: +SERVICE [/rviz_1547123093305218038/get_loggers] /rviz_1547123093305218038 http://andre-Inspiron-15-7000-Gaming:37385/
[rosmaster.master][INFO] 2019-01-10 10:24:53,492: +SERVICE [/rviz_1547123093305218038/set_logger_level] /rviz_1547123093305218038 http://andre-Inspiron-15-7000-Gaming:37385/
[rosmaster.master][INFO] 2019-01-10 10:24:53,545: publisherUpdate[/rosout] -> http://onboardpc:41465/ ['http://onboardpc:36943/', 'http://andre-Inspiron-15-7000-Gaming:37385/']
[rosmaster.master][INFO] 2019-01-10 10:24:53,605: publisherUpdate[/rosout] -> http://onboardpc:41465/ ['http://onboardpc:36943/', 'http://andre-Inspiron-15-7000-Gaming:37385/']: sec=0.06, result=[0, 'Unknown Error', 0]
[rosmaster.master][INFO] 2019-01-10 10:24:54,719: +SUB [/tf] /rviz_1547123093305218038 http://andre-Inspiron-15-7000-Gaming:37385/
[rosmaster.master][INFO] 2019-01-10 10:24:54,825: +SUB [/tf_static] /rviz_1547123093305218038 http://andre-Inspiron-15-7000-Gaming:37385/
[rosmaster.master][INFO] 2019-01-10 10:24:55,277: +PUB [/initialpose] /rviz_1547123093305218038 http://andre-Inspiron-15-7000-Gaming:37385/
[rosmaster.master][INFO] 2019-01-10 10:24:55,291: +PUB [/goal] /rviz_1547123093305218038 http://andre-Inspiron-15-7000-Gaming:37385/
[rosmaster.master][INFO] 2019-01-10 10:24:56,304: -PUB [/goal] /rviz_1547123093305218038 http://andre-Inspiron-15-7000-Gaming:37385/
[rosmaster.master][INFO] 2019-01-10 10:24:56,319: -PUB [/initialpose] /rviz_1547123093305218038 http://andre-Inspiron-15-7000-Gaming:37385/
[rosmaster.master][INFO] 2019-01-10 10:24:56,421: +PUB [/initialpose] /rviz_1547123093305218038 http://andre-Inspiron-15-7000-Gaming:37385/
[rosmaster.master][INFO] 2019-01-10 10:24:56,427: +PUB [/goal] /rviz_1547123093305218038 http://andre-Inspiron-15-7000-Gaming:37385/
[rosmaster.master][INFO] 2019-01-10 10:24:56,435: +PUB [/move_base_simple/goal] /rviz_1547123093305218038 http://andre-Inspiron-15-7000-Gaming:37385/
[rosmaster.master][INFO] 2019-01-10 10:24:56,443: -PUB [/goal] /rviz_1547123093305218038 http://andre-Inspiron-15-7000-Gaming:37385/
[rosmaster.master][INFO] 2019-01-10 10:24:56,450: +PUB [/clicked_point] /rviz_1547123093305218038 http://andre-Inspiron-15-7000-Gaming:37385/
[rosmaster.master][INFO] 2019-01-10 10:24:56,683: +SERVICE [/rviz_1547123093305218038/reload_shaders] /rviz_1547123093305218038 http://andre-Inspiron-15-7000-Gaming:37385/
[rosmaster.master][INFO] 2019-01-10 10:25:19,262: +SUB [/RosAria/sonar] /rviz_1547123093305218038 http://andre-Inspiron-15-7000-Gaming:37385/
[rosmaster.master][INFO] 2019-01-10 10:25:57,427: -SUB [/RosAria/sonar] /rviz_1547123093305218038 http://andre-Inspiron-15-7000-Gaming:37385/
[rosmaster.master][INFO] 2019-01-10 10:26:08,207: -PUB [/clicked_point] /rviz_1547123093305218038 http://andre-Inspiron-15-7000-Gaming:37385/
[rosmaster.master][INFO] 2019-01-10 10:26:10,044: -PUB [/initialpose] /rviz_1547123093305218038 http://andre-Inspiron-15-7000-Gaming:37385/
[rosmaster.master][INFO] 2019-01-10 10:26:10,053: -SUB [/tf_static] /rviz_1547123093305218038 http://andre-Inspiron-15-7000-Gaming:37385/
[rosmaster.master][INFO] 2019-01-10 10:26:10,066: -SUB [/tf] /rviz_1547123093305218038 http://andre-Inspiron-15-7000-Gaming:37385/
[rosmaster.master][INFO] 2019-01-10 10:26:10,073: -SERVICE [/rviz_1547123093305218038/reload_shaders] /rviz_1547123093305218038 rosrpc://andre-Inspiron-15-7000-Gaming:59531
[rosmaster.master][INFO] 2019-01-10 10:26:10,204: -PUB [/rosout] /rviz_1547123093305218038 http://andre-Inspiron-15-7000-Gaming:37385/
[rosmaster.master][INFO] 2019-01-10 10:26:10,210: -SERVICE [/rviz_1547123093305218038/get_loggers] /rviz_1547123093305218038 rosrpc://andre-Inspiron-15-7000-Gaming:59531
[rosmaster.master][INFO] 2019-01-10 10:26:10,221: -SERVICE [/rviz_1547123093305218038/set_logger_level] /rviz_1547123093305218038 rosrpc://andre-Inspiron-15-7000-Gaming:59531
[rosmaster.master][INFO] 2019-01-10 10:26:10,224: publisherUpdate[/rosout] -> http://onboardpc:41465/ ['http://onboardpc:36943/']
[rosmaster.master][INFO] 2019-01-10 10:26:10,225: publisherUpdate[/rosout] -> http://onboardpc:41465/ ['http://onboardpc:36943/']: sec=0.00, result=[1, '', 0]
[rosmaster.master][INFO] 2019-01-10 10:26:25,301: +PUB [/cmd_vel] /teleop_twist_keyboard http://andre-Inspiron-15-7000-Gaming:33313/
[rosmaster.master][INFO] 2019-01-10 10:26:25,384: +PUB [/rosout] /teleop_twist_keyboard http://andre-Inspiron-15-7000-Gaming:33313/
[rosmaster.master][INFO] 2019-01-10 10:26:25,391: publisherUpdate[/rosout] -> http://onboardpc:41465/ ['http://onboardpc:36943/', 'http://andre-Inspiron-15-7000-Gaming:33313/']
[rosmaster.master][INFO] 2019-01-10 10:26:25,405: publisherUpdate[/rosout] -> http://onboardpc:41465/ ['http://onboardpc:36943/', 'http://andre-Inspiron-15-7000-Gaming:33313/']: sec=0.01, result=[0, 'Unknown Error', 0]
[rosmaster.master][INFO] 2019-01-10 10:26:28,440: +SERVICE [/teleop_twist_keyboard/get_loggers] /teleop_twist_keyboard http://andre-Inspiron-15-7000-Gaming:33313/
[rosmaster.master][INFO] 2019-01-10 10:26:28,446: +SERVICE [/teleop_twist_keyboard/set_logger_level] /teleop_twist_keyboard http://andre-Inspiron-15-7000-Gaming:33313/
[rosmaster.master][INFO] 2019-01-10 10:29:10,277: -PUB [/rosout] /teleop_twist_keyboard http://andre-Inspiron-15-7000-Gaming:33313/
[rosmaster.master][INFO] 2019-01-10 10:29:10,278: -PUB [/cmd_vel] /teleop_twist_keyboard http://andre-Inspiron-15-7000-Gaming:33313/
[rosmaster.master][INFO] 2019-01-10 10:29:10,278: -SERVICE [/teleop_twist_keyboard/set_logger_level] /teleop_twist_keyboard rosrpc://andre-Inspiron-15-7000-Gaming:42655
[rosmaster.master][INFO] 2019-01-10 10:29:10,279: -SERVICE [/teleop_twist_keyboard/get_loggers] /teleop_twist_keyboard rosrpc://andre-Inspiron-15-7000-Gaming:42655
[rosmaster.master][INFO] 2019-01-10 10:29:10,282: publisherUpdate[/rosout] -> http://onboardpc:41465/ ['http://onboardpc:36943/']
[rosmaster.master][INFO] 2019-01-10 10:29:10,284: publisherUpdate[/rosout] -> http://onboardpc:41465/ ['http://onboardpc:36943/']: sec=0.00, result=[1, '', 0]
[rosmaster.master][INFO] 2019-01-10 10:29:22,841: +PUB [/RosAria/cmd_vel] /teleop_twist_keyboard http://andre-Inspiron-15-7000-Gaming:45087/
[rosmaster.master][INFO] 2019-01-10 10:29:22,861: publisherUpdate[/RosAria/cmd_vel] -> http://onboardpc:36943/ ['http://andre-Inspiron-15-7000-Gaming:45087/']
[rosmaster.master][INFO] 2019-01-10 10:29:22,876: publisherUpdate[/RosAria/cmd_vel] -> http://onboardpc:36943/ ['http://andre-Inspiron-15-7000-Gaming:45087/']: sec=0.02, result=[0, 'Unknown Error', 0]
[rosmaster.master][INFO] 2019-01-10 10:29:23,968: +PUB [/rosout] /teleop_twist_keyboard http://andre-Inspiron-15-7000-Gaming:45087/
[rosmaster.master][INFO] 2019-01-10 10:29:23,978: publisherUpdate[/rosout] -> http://onboardpc:41465/ ['http://onboardpc:36943/', 'http://andre-Inspiron-15-7000-Gaming:45087/']
[rosmaster.master][INFO] 2019-01-10 10:29:23,992: publisherUpdate[/rosout] -> http://onboardpc:41465/ ['http://onboardpc:36943/', 'http://andre-Inspiron-15-7000-Gaming:45087/']: sec=0.01, result=[0, 'Unknown Error', 0]
[rosmaster.master][INFO] 2019-01-10 10:29:23,995: +SERVICE [/teleop_twist_keyboard/get_loggers] /teleop_twist_keyboard http://andre-Inspiron-15-7000-Gaming:45087/
[rosmaster.master][INFO] 2019-01-10 10:29:24,210: +SERVICE [/teleop_twist_keyboard/set_logger_level] /teleop_twist_keyboard http://andre-Inspiron-15-7000-Gaming:45087/
[rosmaster.master][INFO] 2019-01-10 10:30:49,702: +PUB [/rosout] /rostopic_3281_1547123449521 http://onboardpc:38625/
[rosmaster.master][INFO] 2019-01-10 10:30:49,711: +SERVICE [/rostopic_3281_1547123449521/get_loggers] /rostopic_3281_1547123449521 http://onboardpc:38625/
[rosmaster.master][INFO] 2019-01-10 10:30:49,713: +SERVICE [/rostopic_3281_1547123449521/set_logger_level] /rostopic_3281_1547123449521 http://onboardpc:38625/
[rosmaster.master][INFO] 2019-01-10 10:30:49,729: +SUB [/RosAria/cmd_vel] /rostopic_3281_1547123449521 http://onboardpc:38625/
[rosmaster.master][INFO] 2019-01-10 10:30:49,752: publisherUpdate[/rosout] -> http://onboardpc:41465/ ['http://onboardpc:36943/', 'http://andre-Inspiron-15-7000-Gaming:45087/', 'http://onboardpc:38625/']
[rosmaster.master][INFO] 2019-01-10 10:30:49,766: publisherUpdate[/rosout] -> http://onboardpc:41465/ ['http://onboardpc:36943/', 'http://andre-Inspiron-15-7000-Gaming:45087/', 'http://onboardpc:38625/']: sec=0.01, result=[0, 'Unknown Error', 0]
[rosmaster.master][INFO] 2019-01-10 10:31:08,227: -SUB [/RosAria/cmd_vel] /rostopic_3281_1547123449521 http://onboardpc:38625/
[rosmaster.master][INFO] 2019-01-10 10:31:08,227: -PUB [/rosout] /rostopic_3281_1547123449521 http://onboardpc:38625/
[rosmaster.master][INFO] 2019-01-10 10:31:08,227: -SERVICE [/rostopic_3281_1547123449521/get_loggers] /rostopic_3281_1547123449521 rosrpc://onboardpc:33305
[rosmaster.master][INFO] 2019-01-10 10:31:08,228: -SERVICE [/rostopic_3281_1547123449521/set_logger_level] /rostopic_3281_1547123449521 rosrpc://onboardpc:33305
[rosmaster.master][INFO] 2019-01-10 10:31:08,234: publisherUpdate[/rosout] -> http://onboardpc:41465/ ['http://onboardpc:36943/', 'http://andre-Inspiron-15-7000-Gaming:45087/']
[rosmaster.master][INFO] 2019-01-10 10:31:08,247: publisherUpdate[/rosout] -> http://onboardpc:41465/ ['http://onboardpc:36943/', 'http://andre-Inspiron-15-7000-Gaming:45087/']: sec=0.01, result=[0, 'Unknown Error', 0]
[rosmaster.master][INFO] 2019-01-10 10:33:31,180: -PUB [/rosout] /teleop_twist_keyboard http://andre-Inspiron-15-7000-Gaming:45087/
[rosmaster.master][INFO] 2019-01-10 10:33:31,180: -PUB [/RosAria/cmd_vel] /teleop_twist_keyboard http://andre-Inspiron-15-7000-Gaming:45087/
[rosmaster.master][INFO] 2019-01-10 10:33:31,181: -SERVICE [/teleop_twist_keyboard/set_logger_level] /teleop_twist_keyboard rosrpc://andre-Inspiron-15-7000-Gaming:38457
[rosmaster.master][INFO] 2019-01-10 10:33:31,181: -SERVICE [/teleop_twist_keyboard/get_loggers] /teleop_twist_keyboard rosrpc://andre-Inspiron-15-7000-Gaming:38457
[rosmaster.master][INFO] 2019-01-10 10:33:31,186: publisherUpdate[/rosout] -> http://onboardpc:41465/ ['http://onboardpc:36943/']
[rosmaster.master][INFO] 2019-01-10 10:33:31,187: publisherUpdate[/rosout] -> http://onboardpc:41465/ ['http://onboardpc:36943/']: sec=0.00, result=[1, '', 0]
[rosmaster.master][INFO] 2019-01-10 10:33:31,187: publisherUpdate[/RosAria/cmd_vel] -> http://onboardpc:36943/ []
[rosmaster.master][INFO] 2019-01-10 10:33:31,188: publisherUpdate[/RosAria/cmd_vel] -> http://onboardpc:36943/ []: sec=0.00, result=[1, '', 0]
[rosmaster.master][INFO] 2019-01-10 10:39:45,162: +PUB [/RosAria/cmd_vel] /teleop_twist_keyboard http://andre-Inspiron-15-7000-Gaming:34849/
[rosmaster.master][INFO] 2019-01-10 10:39:45,168: publisherUpdate[/RosAria/cmd_vel] -> http://onboardpc:36943/ ['http://andre-Inspiron-15-7000-Gaming:34849/']
[rosmaster.master][INFO] 2019-01-10 10:39:45,231: publisherUpdate[/RosAria/cmd_vel] -> http://onboardpc:36943/ ['http://andre-Inspiron-15-7000-Gaming:34849/']: sec=0.06, result=[0, 'Unknown Error', 0]
[rosmaster.master][INFO] 2019-01-10 10:39:45,247: +PUB [/rosout] /teleop_twist_keyboard http://andre-Inspiron-15-7000-Gaming:34849/
[rosmaster.master][INFO] 2019-01-10 10:39:45,259: +SERVICE [/teleop_twist_keyboard/get_loggers] /teleop_twist_keyboard http://andre-Inspiron-15-7000-Gaming:34849/
[rosmaster.master][INFO] 2019-01-10 10:39:45,266: +SERVICE [/teleop_twist_keyboard/set_logger_level] /teleop_twist_keyboard http://andre-Inspiron-15-7000-Gaming:34849/
[rosmaster.master][INFO] 2019-01-10 10:39:45,327: publisherUpdate[/rosout] -> http://onboardpc:41465/ ['http://onboardpc:36943/', 'http://andre-Inspiron-15-7000-Gaming:34849/']
[rosmaster.master][INFO] 2019-01-10 10:39:45,341: publisherUpdate[/rosout] -> http://onboardpc:41465/ ['http://onboardpc:36943/', 'http://andre-Inspiron-15-7000-Gaming:34849/']: sec=0.01, result=[0, 'Unknown Error', 0]
[rosmaster.master][INFO] 2019-01-10 10:40:49,916: +PUB [/rosout] /rostopic_3330_1547124049739 http://onboardpc:35881/
[rosmaster.master][INFO] 2019-01-10 10:40:49,922: +SERVICE [/rostopic_3330_1547124049739/get_loggers] /rostopic_3330_1547124049739 http://onboardpc:35881/
[rosmaster.master][INFO] 2019-01-10 10:40:49,924: +SERVICE [/rostopic_3330_1547124049739/set_logger_level] /rostopic_3330_1547124049739 http://onboardpc:35881/
[rosmaster.master][INFO] 2019-01-10 10:40:49,942: +SUB [/RosAria/cmd_vel] /rostopic_3330_1547124049739 http://onboardpc:35881/
[rosmaster.master][INFO] 2019-01-10 10:40:49,960: publisherUpdate[/rosout] -> http://onboardpc:41465/ ['http://onboardpc:36943/', 'http://andre-Inspiron-15-7000-Gaming:34849/', 'http://onboardpc:35881/']
[rosmaster.master][INFO] 2019-01-10 10:40:49,975: publisherUpdate[/rosout] -> http://onboardpc:41465/ ['http://onboardpc:36943/', 'http://andre-Inspiron-15-7000-Gaming:34849/', 'http://onboardpc:35881/']: sec=0.01, result=[0, 'Unknown Error', 0]
[rosmaster.master][INFO] 2019-01-10 10:40:51,699: -SUB [/RosAria/cmd_vel] /rostopic_3330_1547124049739 http://onboardpc:35881/
[rosmaster.master][INFO] 2019-01-10 10:40:51,700: -PUB [/rosout] /rostopic_3330_1547124049739 http://onboardpc:35881/
[rosmaster.master][INFO] 2019-01-10 10:40:51,701: -SERVICE [/rostopic_3330_1547124049739/get_loggers] /rostopic_3330_1547124049739 rosrpc://onboardpc:44863
[rosmaster.master][INFO] 2019-01-10 10:40:51,701: -SERVICE [/rostopic_3330_1547124049739/set_logger_level] /rostopic_3330_1547124049739 rosrpc://onboardpc:44863
[rosmaster.master][INFO] 2019-01-10 10:40:51,773: publisherUpdate[/rosout] -> http://onboardpc:41465/ ['http://onboardpc:36943/', 'http://andre-Inspiron-15-7000-Gaming:34849/']
[rosmaster.master][INFO] 2019-01-10 10:40:51,788: publisherUpdate[/rosout] -> http://onboardpc:41465/ ['http://onboardpc:36943/', 'http://andre-Inspiron-15-7000-Gaming:34849/']: sec=0.01, result=[0, 'Unknown Error', 0]
